[0.080s] Invoking command in '/home/hars22/rosws/build/mobilebot_controller': CMAKE_PREFIX_PATH=${CMAKE_PREFIX_PATH}:/home/hars22/rosws/install/robot:/opt/ros/humble /usr/bin/cmake /home/hars22/rosws/src/mobilebot_controller -DCMAKE_INSTALL_PREFIX=/home/hars22/rosws/install/mobilebot_controller
[0.275s] -- The C compiler identification is GNU 11.4.0
[0.388s] -- The CXX compiler identification is GNU 11.4.0
[0.435s] -- Detecting C compiler ABI info
[0.712s] -- Detecting C compiler ABI info - done
[0.720s] -- Check for working C compiler: /usr/bin/cc - skipped
[0.720s] -- Detecting C compile features
[0.721s] -- Detecting C compile features - done
[0.784s] -- Detecting CXX compiler ABI info
[1.285s] -- Detecting CXX compiler ABI info - done
[1.293s] -- Check for working CXX compiler: /usr/bin/c++ - skipped
[1.293s] -- Detecting CXX compile features
[1.294s] -- Detecting CXX compile features - done
[1.307s] -- Found ament_cmake: 1.3.12 (/opt/ros/humble/share/ament_cmake/cmake)
[1.613s] -- Found Python3: /usr/bin/python3 (found version "3.10.12") found components: Interpreter 
[1.721s] -- Found ament_lint_auto: 0.12.14 (/opt/ros/humble/share/ament_lint_auto/cmake)
[1.788s] -- Added test 'flake8' to check Python code syntax and style conventions
[1.789s] -- Added test 'lint_cmake' to check CMake code style
[1.790s] -- Added test 'pep257' to check Python code against some of the docstring style conventions in PEP 257
[1.791s] -- Added test 'xmllint' to check XML markup files
[1.792s] -- Configuring done
[1.797s] -- Generating done
[1.799s] -- Build files have been written to: /home/hars22/rosws/build/mobilebot_controller
[1.814s] Invoked command in '/home/hars22/rosws/build/mobilebot_controller' returned '0': CMAKE_PREFIX_PATH=${CMAKE_PREFIX_PATH}:/home/hars22/rosws/install/robot:/opt/ros/humble /usr/bin/cmake /home/hars22/rosws/src/mobilebot_controller -DCMAKE_INSTALL_PREFIX=/home/hars22/rosws/install/mobilebot_controller
[1.816s] Invoking command in '/home/hars22/rosws/build/mobilebot_controller': CMAKE_PREFIX_PATH=${CMAKE_PREFIX_PATH}:/home/hars22/rosws/install/robot:/opt/ros/humble /usr/bin/cmake --build /home/hars22/rosws/build/mobilebot_controller -- -j4 -l4
[1.890s] Invoked command in '/home/hars22/rosws/build/mobilebot_controller' returned '0': CMAKE_PREFIX_PATH=${CMAKE_PREFIX_PATH}:/home/hars22/rosws/install/robot:/opt/ros/humble /usr/bin/cmake --build /home/hars22/rosws/build/mobilebot_controller -- -j4 -l4
[1.891s] Invoking command in '/home/hars22/rosws/build/mobilebot_controller': CMAKE_PREFIX_PATH=${CMAKE_PREFIX_PATH}:/home/hars22/rosws/install/robot:/opt/ros/humble /usr/bin/cmake --install /home/hars22/rosws/build/mobilebot_controller
[1.896s] -- Install configuration: ""
[1.896s] -- Installing: /home/hars22/rosws/install/mobilebot_controller/share/mobilebot_controller/config
[1.896s] -- Installing: /home/hars22/rosws/install/mobilebot_controller/share/mobilebot_controller/config/mobilebot_controller.yaml
[1.897s] -- Installing: /home/hars22/rosws/install/mobilebot_controller/share/mobilebot_controller/config/manipulator_controller.yaml
[1.897s] -- Up-to-date: /home/hars22/rosws/install/mobilebot_controller/share/mobilebot_controller/config
[1.897s] -- Installing: /home/hars22/rosws/install/mobilebot_controller/share/mobilebot_controller/config/chat_controller.launch.py
[1.897s] -- Installing: /home/hars22/rosws/install/mobilebot_controller/share/mobilebot_controller/config/controller.launch.py
[1.897s] -- Installing: /home/hars22/rosws/install/mobilebot_controller/share/ament_index/resource_index/package_run_dependencies/mobilebot_controller
[1.898s] -- Installing: /home/hars22/rosws/install/mobilebot_controller/share/ament_index/resource_index/parent_prefix_path/mobilebot_controller
[1.898s] -- Installing: /home/hars22/rosws/install/mobilebot_controller/share/mobilebot_controller/environment/ament_prefix_path.sh
[1.898s] -- Installing: /home/hars22/rosws/install/mobilebot_controller/share/mobilebot_controller/environment/ament_prefix_path.dsv
[1.898s] -- Installing: /home/hars22/rosws/install/mobilebot_controller/share/mobilebot_controller/environment/path.sh
[1.898s] -- Installing: /home/hars22/rosws/install/mobilebot_controller/share/mobilebot_controller/environment/path.dsv
[1.898s] -- Installing: /home/hars22/rosws/install/mobilebot_controller/share/mobilebot_controller/local_setup.bash
[1.899s] -- Installing: /home/hars22/rosws/install/mobilebot_controller/share/mobilebot_controller/local_setup.sh
[1.899s] -- Installing: /home/hars22/rosws/install/mobilebot_controller/share/mobilebot_controller/local_setup.zsh
[1.899s] -- Installing: /home/hars22/rosws/install/mobilebot_controller/share/mobilebot_controller/local_setup.dsv
[1.899s] -- Installing: /home/hars22/rosws/install/mobilebot_controller/share/mobilebot_controller/package.dsv
[1.899s] -- Installing: /home/hars22/rosws/install/mobilebot_controller/share/ament_index/resource_index/packages/mobilebot_controller
[1.899s] -- Installing: /home/hars22/rosws/install/mobilebot_controller/share/mobilebot_controller/cmake/mobilebot_controllerConfig.cmake
[1.899s] -- Installing: /home/hars22/rosws/install/mobilebot_controller/share/mobilebot_controller/cmake/mobilebot_controllerConfig-version.cmake
[1.899s] -- Installing: /home/hars22/rosws/install/mobilebot_controller/share/mobilebot_controller/package.xml
[1.901s] Invoked command in '/home/hars22/rosws/build/mobilebot_controller' returned '0': CMAKE_PREFIX_PATH=${CMAKE_PREFIX_PATH}:/home/hars22/rosws/install/robot:/opt/ros/humble /usr/bin/cmake --install /home/hars22/rosws/build/mobilebot_controller
