-- Install configuration: ""
-- Execute custom install script
-- Up-to-date symlink: /home/hars22/rosws/install/mobilebot/share/mobilebot/meshes/Base.mtl
-- Up-to-date symlink: /home/hars22/rosws/install/mobilebot/share/mobilebot/meshes/Base.obj
-- Up-to-date symlink: /home/hars22/rosws/install/mobilebot/share/mobilebot/meshes/Base.stl
-- Up-to-date symlink: /home/hars22/rosws/install/mobilebot/share/mobilebot/meshes/Elbow.mtl
-- Up-to-date symlink: /home/hars22/rosws/install/mobilebot/share/mobilebot/meshes/Elbow.obj
-- Up-to-date symlink: /home/hars22/rosws/install/mobilebot/share/mobilebot/meshes/Elbow.stl
-- Up-to-date symlink: /home/hars22/rosws/install/mobilebot/share/mobilebot/meshes/Gripper.mtl
-- Up-to-date symlink: /home/hars22/rosws/install/mobilebot/share/mobilebot/meshes/Gripper.obj
-- Up-to-date symlink: /home/hars22/rosws/install/mobilebot/share/mobilebot/meshes/Gripper.stl
-- Up-to-date symlink: /home/hars22/rosws/install/mobilebot/share/mobilebot/meshes/Link.mtl
-- Up-to-date symlink: /home/hars22/rosws/install/mobilebot/share/mobilebot/meshes/Link.obj
-- Up-to-date symlink: /home/hars22/rosws/install/mobilebot/share/mobilebot/meshes/Link.stl
-- Up-to-date symlink: /home/hars22/rosws/install/mobilebot/share/mobilebot/meshes/Shoulder.mtl
-- Up-to-date symlink: /home/hars22/rosws/install/mobilebot/share/mobilebot/meshes/Shoulder.obj
-- Up-to-date symlink: /home/hars22/rosws/install/mobilebot/share/mobilebot/meshes/Shoulder.stl
-- Up-to-date symlink: /home/hars22/rosws/install/mobilebot/share/mobilebot/meshes/Wrist.mtl
-- Up-to-date symlink: /home/hars22/rosws/install/mobilebot/share/mobilebot/meshes/Wrist.obj
-- Up-to-date symlink: /home/hars22/rosws/install/mobilebot/share/mobilebot/meshes/Wrist.stl
-- Up-to-date symlink: /home/hars22/rosws/install/mobilebot/share/mobilebot/meshes/body.mtl
-- Up-to-date symlink: /home/hars22/rosws/install/mobilebot/share/mobilebot/meshes/body.obj
-- Up-to-date symlink: /home/hars22/rosws/install/mobilebot/share/mobilebot/meshes/body.stl
-- Up-to-date symlink: /home/hars22/rosws/install/mobilebot/share/mobilebot/meshes/wheel_left_side.mtl
-- Up-to-date symlink: /home/hars22/rosws/install/mobilebot/share/mobilebot/meshes/wheel_left_side.obj
-- Up-to-date symlink: /home/hars22/rosws/install/mobilebot/share/mobilebot/meshes/wheel_left_side.stl
-- Up-to-date symlink: /home/hars22/rosws/install/mobilebot/share/mobilebot/meshes/wheel_right_side.mtl
-- Up-to-date symlink: /home/hars22/rosws/install/mobilebot/share/mobilebot/meshes/wheel_right_side.obj
-- Up-to-date symlink: /home/hars22/rosws/install/mobilebot/share/mobilebot/meshes/wheel_right_side.stl
-- Up-to-date symlink: /home/hars22/rosws/install/mobilebot/share/mobilebot/urdf/robot.urdf
-- Up-to-date symlink: /home/hars22/rosws/install/mobilebot/share/mobilebot/launch/gazebo.launch.py
-- Up-to-date symlink: /home/hars22/rosws/install/mobilebot/share/ament_index/resource_index/package_run_dependencies/mobilebot
-- Up-to-date symlink: /home/hars22/rosws/install/mobilebot/share/ament_index/resource_index/parent_prefix_path/mobilebot
-- Up-to-date symlink: /home/hars22/rosws/install/mobilebot/share/mobilebot/environment/ament_prefix_path.sh
-- Up-to-date symlink: /home/hars22/rosws/install/mobilebot/share/mobilebot/environment/ament_prefix_path.dsv
-- Up-to-date symlink: /home/hars22/rosws/install/mobilebot/share/mobilebot/environment/path.sh
-- Up-to-date symlink: /home/hars22/rosws/install/mobilebot/share/mobilebot/environment/path.dsv
-- Up-to-date symlink: /home/hars22/rosws/install/mobilebot/share/mobilebot/local_setup.bash
-- Up-to-date symlink: /home/hars22/rosws/install/mobilebot/share/mobilebot/local_setup.sh
-- Up-to-date symlink: /home/hars22/rosws/install/mobilebot/share/mobilebot/local_setup.zsh
-- Up-to-date symlink: /home/hars22/rosws/install/mobilebot/share/mobilebot/local_setup.dsv
-- Symlinking: /home/hars22/rosws/install/mobilebot/share/mobilebot/package.dsv
-- Up-to-date symlink: /home/hars22/rosws/install/mobilebot/share/ament_index/resource_index/packages/mobilebot
-- Up-to-date symlink: /home/hars22/rosws/install/mobilebot/share/mobilebot/cmake/mobilebotConfig.cmake
-- Up-to-date symlink: /home/hars22/rosws/install/mobilebot/share/mobilebot/cmake/mobilebotConfig-version.cmake
-- Up-to-date symlink: /home/hars22/rosws/install/mobilebot/share/mobilebot/package.xml
