[0.622s] Invoking command in '/home/hars22/rosws/src/robot': PYTHONPATH=/home/hars22/rosws/build/robot/prefix_override:/usr/lib/python3/dist-packages/colcon_core/task/python/colcon_distutils_commands:/home/hars22/rosws/install/robot/lib/python3.10/site-packages:${PYTHONPATH} /usr/bin/python3 -W ignore:setup.py install is deprecated -W ignore:easy_install command is deprecated setup.py egg_info --egg-base ../../build/robot build --build-base /home/hars22/rosws/build/robot/build install --record /home/hars22/rosws/build/robot/install.log --single-version-externally-managed install_data
[0.759s] running egg_info
[0.759s] writing ../../build/robot/robot.egg-info/PKG-INFO
[0.760s] writing dependency_links to ../../build/robot/robot.egg-info/dependency_links.txt
[0.760s] writing entry points to ../../build/robot/robot.egg-info/entry_points.txt
[0.760s] writing requirements to ../../build/robot/robot.egg-info/requires.txt
[0.760s] writing top-level names to ../../build/robot/robot.egg-info/top_level.txt
[0.762s] reading manifest file '../../build/robot/robot.egg-info/SOURCES.txt'
[0.762s] writing manifest file '../../build/robot/robot.egg-info/SOURCES.txt'
[0.762s] running build
[0.762s] running build_py
[0.762s] running install
[0.763s] running install_lib
[0.763s] running install_data
[0.764s] running install_egg_info
[0.765s] removing '/home/hars22/rosws/install/robot/lib/python3.10/site-packages/robot-0.0.0-py3.10.egg-info' (and everything under it)
[0.765s] Copying ../../build/robot/robot.egg-info to /home/hars22/rosws/install/robot/lib/python3.10/site-packages/robot-0.0.0-py3.10.egg-info
[0.765s] running install_scripts
[0.777s] writing list of installed files to '/home/hars22/rosws/build/robot/install.log'
[0.789s] Invoked command in '/home/hars22/rosws/src/robot' returned '0': PYTHONPATH=/home/hars22/rosws/build/robot/prefix_override:/usr/lib/python3/dist-packages/colcon_core/task/python/colcon_distutils_commands:/home/hars22/rosws/install/robot/lib/python3.10/site-packages:${PYTHONPATH} /usr/bin/python3 -W ignore:setup.py install is deprecated -W ignore:easy_install command is deprecated setup.py egg_info --egg-base ../../build/robot build --build-base /home/hars22/rosws/build/robot/build install --record /home/hars22/rosws/build/robot/install.log --single-version-externally-managed install_data
