[2.991s] Invoking command in '/home/hars22/rosws/src/robot': PYTHONPATH=/home/hars22/rosws/build/robot/prefix_override:/usr/lib/python3/dist-packages/colcon_core/task/python/colcon_distutils_commands:/home/hars22/rosws/install/robot/lib/python3.10/site-packages:${PYTHONPATH} /usr/bin/python3 -W ignore:setup.py install is deprecated -W ignore:easy_install command is deprecated setup.py egg_info --egg-base ../../build/robot build --build-base /home/hars22/rosws/build/robot/build install --record /home/hars22/rosws/build/robot/install.log --single-version-externally-managed install_data
[3.192s] running egg_info
[3.192s] writing ../../build/robot/robot.egg-info/PKG-INFO
[3.193s] writing dependency_links to ../../build/robot/robot.egg-info/dependency_links.txt
[3.193s] writing entry points to ../../build/robot/robot.egg-info/entry_points.txt
[3.193s] writing requirements to ../../build/robot/robot.egg-info/requires.txt
[3.193s] writing top-level names to ../../build/robot/robot.egg-info/top_level.txt
[3.195s] reading manifest file '../../build/robot/robot.egg-info/SOURCES.txt'
[3.196s] writing manifest file '../../build/robot/robot.egg-info/SOURCES.txt'
[3.196s] running build
[3.196s] running build_py
[3.196s] running install
[3.197s] running install_lib
[3.197s] running install_data
[3.198s] running install_egg_info
[3.199s] removing '/home/hars22/rosws/install/robot/lib/python3.10/site-packages/robot-0.0.0-py3.10.egg-info' (and everything under it)
[3.199s] Copying ../../build/robot/robot.egg-info to /home/hars22/rosws/install/robot/lib/python3.10/site-packages/robot-0.0.0-py3.10.egg-info
[3.200s] running install_scripts
[3.215s] writing list of installed files to '/home/hars22/rosws/build/robot/install.log'
[3.242s] Invoked command in '/home/hars22/rosws/src/robot' returned '0': PYTHONPATH=/home/hars22/rosws/build/robot/prefix_override:/usr/lib/python3/dist-packages/colcon_core/task/python/colcon_distutils_commands:/home/hars22/rosws/install/robot/lib/python3.10/site-packages:${PYTHONPATH} /usr/bin/python3 -W ignore:setup.py install is deprecated -W ignore:easy_install command is deprecated setup.py egg_info --egg-base ../../build/robot build --build-base /home/hars22/rosws/build/robot/build install --record /home/hars22/rosws/build/robot/install.log --single-version-externally-managed install_data
