-- Install configuration: ""
-- Up-to-date: /home/hars22/rosws/install/robot_description/share/robot_description/meshes
-- Up-to-date: /home/hars22/rosws/install/robot_description/share/robot_description/meshes/Base.stl
-- Up-to-date: /home/hars22/rosws/install/robot_description/share/robot_description/meshes/Wrist.stl
-- Up-to-date: /home/hars22/rosws/install/robot_description/share/robot_description/meshes/body.obj
-- Up-to-date: /home/hars22/rosws/install/robot_description/share/robot_description/meshes/wheel_right_side.stl
-- Up-to-date: /home/hars22/rosws/install/robot_description/share/robot_description/meshes/Link.stl
-- Up-to-date: /home/hars22/rosws/install/robot_description/share/robot_description/meshes/wheel_left_side.stl
-- Up-to-date: /home/hars22/rosws/install/robot_description/share/robot_description/meshes/Gripper.stl
-- Up-to-date: /home/hars22/rosws/install/robot_description/share/robot_description/meshes/body.stl
-- Up-to-date: /home/hars22/rosws/install/robot_description/share/robot_description/meshes/Elbow.stl
-- Up-to-date: /home/hars22/rosws/install/robot_description/share/robot_description/meshes/Shoulder.stl
-- Up-to-date: /home/hars22/rosws/install/robot_description/share/robot_description/urdf
-- Up-to-date: /home/hars22/rosws/install/robot_description/share/robot_description/urdf/joints.xacro
-- Up-to-date: /home/hars22/rosws/install/robot_description/share/robot_description/urdf/ros2_control.xacro
-- Up-to-date: /home/hars22/rosws/install/robot_description/share/robot_description/urdf/links.xacro
-- Up-to-date: /home/hars22/rosws/install/robot_description/share/robot_description/urdf/gazebo.xacro
-- Up-to-date: /home/hars22/rosws/install/robot_description/share/robot_description/urdf/transmission.xacro
-- Up-to-date: /home/hars22/rosws/install/robot_description/share/robot_description/urdf/robot.urdf.xacro
-- Up-to-date: /home/hars22/rosws/install/robot_description/share/robot_description/launch
-- Up-to-date: /home/hars22/rosws/install/robot_description/share/robot_description/launch/gazebo.launch.py
-- Up-to-date: /home/hars22/rosws/install/robot_description/share/robot_description/launch/rviz.launch.py
-- Up-to-date: /home/hars22/rosws/install/robot_description/share/robot_description/worlds
-- Up-to-date: /home/hars22/rosws/install/robot_description/share/robot_description/worlds/hospital.world
-- Up-to-date: /home/hars22/rosws/install/robot_description/share/robot_description/worlds/agriculture.world
-- Up-to-date: /home/hars22/rosws/install/robot_description/share/robot_description/worlds/empty.sdf
-- Up-to-date: /home/hars22/rosws/install/robot_description/share/robot_description/rviz
-- Up-to-date: /home/hars22/rosws/install/robot_description/share/ament_index/resource_index/package_run_dependencies/robot_description
-- Up-to-date: /home/hars22/rosws/install/robot_description/share/ament_index/resource_index/parent_prefix_path/robot_description
-- Up-to-date: /home/hars22/rosws/install/robot_description/share/robot_description/environment/ament_prefix_path.sh
-- Up-to-date: /home/hars22/rosws/install/robot_description/share/robot_description/environment/ament_prefix_path.dsv
-- Up-to-date: /home/hars22/rosws/install/robot_description/share/robot_description/environment/path.sh
-- Up-to-date: /home/hars22/rosws/install/robot_description/share/robot_description/environment/path.dsv
-- Up-to-date: /home/hars22/rosws/install/robot_description/share/robot_description/local_setup.bash
-- Up-to-date: /home/hars22/rosws/install/robot_description/share/robot_description/local_setup.sh
-- Up-to-date: /home/hars22/rosws/install/robot_description/share/robot_description/local_setup.zsh
-- Up-to-date: /home/hars22/rosws/install/robot_description/share/robot_description/local_setup.dsv
-- Installing: /home/hars22/rosws/install/robot_description/share/robot_description/package.dsv
-- Up-to-date: /home/hars22/rosws/install/robot_description/share/ament_index/resource_index/packages/robot_description
-- Up-to-date: /home/hars22/rosws/install/robot_description/share/robot_description/cmake/robot_descriptionConfig.cmake
-- Up-to-date: /home/hars22/rosws/install/robot_description/share/robot_description/cmake/robot_descriptionConfig-version.cmake
-- Up-to-date: /home/hars22/rosws/install/robot_description/share/robot_description/package.xml
