-- Install configuration: ""
-- Up-to-date: /home/hars22/rosws/install/diffdrive_bot/share/diffdrive_bot/meshes
-- Up-to-date: /home/hars22/rosws/install/diffdrive_bot/share/diffdrive_bot/meshes/body.obj
-- Up-to-date: /home/hars22/rosws/install/diffdrive_bot/share/diffdrive_bot/meshes/wheel_right_side.stl
-- Up-to-date: /home/hars22/rosws/install/diffdrive_bot/share/diffdrive_bot/meshes/wheel_left_side.stl
-- Up-to-date: /home/hars22/rosws/install/diffdrive_bot/share/diffdrive_bot/meshes/wheel_right_side.obj
-- Up-to-date: /home/hars22/rosws/install/diffdrive_bot/share/diffdrive_bot/meshes/wheel_left_side.mtl
-- Up-to-date: /home/hars22/rosws/install/diffdrive_bot/share/diffdrive_bot/meshes/wheel_right_side.mtl
-- Up-to-date: /home/hars22/rosws/install/diffdrive_bot/share/diffdrive_bot/meshes/body.stl
-- Up-to-date: /home/hars22/rosws/install/diffdrive_bot/share/diffdrive_bot/meshes/body.mtl
-- Up-to-date: /home/hars22/rosws/install/diffdrive_bot/share/diffdrive_bot/meshes/wheel_left_side.obj
-- Up-to-date: /home/hars22/rosws/install/diffdrive_bot/share/diffdrive_bot/config
-- Up-to-date: /home/hars22/rosws/install/diffdrive_bot/share/diffdrive_bot/config/diffdrive_bot_controller.yaml
-- Up-to-date: /home/hars22/rosws/install/diffdrive_bot/share/diffdrive_bot/urdf
-- Up-to-date: /home/hars22/rosws/install/diffdrive_bot/share/diffdrive_bot/urdf/joints.xacro
-- Up-to-date: /home/hars22/rosws/install/diffdrive_bot/share/diffdrive_bot/urdf/ros2_control.xacro
-- Installing: /home/hars22/rosws/install/diffdrive_bot/share/diffdrive_bot/urdf/links.xacro
-- Up-to-date: /home/hars22/rosws/install/diffdrive_bot/share/diffdrive_bot/urdf/gazebo.xacro
-- Up-to-date: /home/hars22/rosws/install/diffdrive_bot/share/diffdrive_bot/urdf/transmission.xacro
-- Up-to-date: /home/hars22/rosws/install/diffdrive_bot/share/diffdrive_bot/urdf/diff_bot.urdf.xacro
-- Up-to-date: /home/hars22/rosws/install/diffdrive_bot/share/diffdrive_bot/launch
-- Up-to-date: /home/hars22/rosws/install/diffdrive_bot/share/diffdrive_bot/launch/gazebo.launch.py
-- Up-to-date: /home/hars22/rosws/install/diffdrive_bot/share/ament_index/resource_index/package_run_dependencies/diffdrive_bot
-- Up-to-date: /home/hars22/rosws/install/diffdrive_bot/share/ament_index/resource_index/parent_prefix_path/diffdrive_bot
-- Up-to-date: /home/hars22/rosws/install/diffdrive_bot/share/diffdrive_bot/environment/ament_prefix_path.sh
-- Up-to-date: /home/hars22/rosws/install/diffdrive_bot/share/diffdrive_bot/environment/ament_prefix_path.dsv
-- Up-to-date: /home/hars22/rosws/install/diffdrive_bot/share/diffdrive_bot/environment/path.sh
-- Up-to-date: /home/hars22/rosws/install/diffdrive_bot/share/diffdrive_bot/environment/path.dsv
-- Up-to-date: /home/hars22/rosws/install/diffdrive_bot/share/diffdrive_bot/local_setup.bash
-- Up-to-date: /home/hars22/rosws/install/diffdrive_bot/share/diffdrive_bot/local_setup.sh
-- Up-to-date: /home/hars22/rosws/install/diffdrive_bot/share/diffdrive_bot/local_setup.zsh
-- Up-to-date: /home/hars22/rosws/install/diffdrive_bot/share/diffdrive_bot/local_setup.dsv
-- Installing: /home/hars22/rosws/install/diffdrive_bot/share/diffdrive_bot/package.dsv
-- Up-to-date: /home/hars22/rosws/install/diffdrive_bot/share/ament_index/resource_index/packages/diffdrive_bot
-- Up-to-date: /home/hars22/rosws/install/diffdrive_bot/share/diffdrive_bot/cmake/diffdrive_botConfig.cmake
-- Up-to-date: /home/hars22/rosws/install/diffdrive_bot/share/diffdrive_bot/cmake/diffdrive_botConfig-version.cmake
-- Up-to-date: /home/hars22/rosws/install/diffdrive_bot/share/diffdrive_bot/package.xml
