[0.205s] DEBUG:colcon:Command line arguments: ['/usr/bin/colcon', 'build']
[0.205s] DEBUG:colcon:Parsed command line arguments: Namespace(log_base=None, log_level=None, verb_name='build', build_base='build', install_base='install', merge_install=False, symlink_install=False, test_result_base=None, continue_on_error=False, executor='parallel', parallel_workers=4, event_handlers=None, ignore_user_meta=False, metas=['./colcon.meta'], base_paths=['.'], packages_ignore=None, packages_ignore_regex=None, paths=None, packages_up_to=None, packages_up_to_regex=None, packages_above=None, packages_above_and_dependencies=None, packages_above_depth=None, packages_select_by_dep=None, packages_skip_by_dep=None, packages_skip_up_to=None, packages_select_build_failed=False, packages_skip_build_finished=False, packages_select_test_failures=False, packages_skip_test_passed=False, packages_select=None, packages_skip=None, packages_select_regex=None, packages_skip_regex=None, packages_start=None, packages_end=None, allow_overriding=[], cmake_args=None, cmake_target=None, cmake_target_skip_unavailable=False, cmake_clean_cache=False, cmake_clean_first=False, cmake_force_configure=False, ament_cmake_args=None, catkin_cmake_args=None, catkin_skip_building_tests=False, verb_parser=<colcon_defaults.argument_parser.defaults.DefaultArgumentsDecorator object at 0xffffa0b20d00>, verb_extension=<colcon_core.verb.build.BuildVerb object at 0xffffa0b20790>, main=<bound method BuildVerb.main of <colcon_core.verb.build.BuildVerb object at 0xffffa0b20790>>)
[0.532s] Level 1:colcon.colcon_core.package_discovery:discover_packages(colcon_meta) check parameters
[0.532s] Level 1:colcon.colcon_core.package_discovery:discover_packages(recursive) check parameters
[0.532s] Level 1:colcon.colcon_core.package_discovery:discover_packages(ignore) check parameters
[0.532s] Level 1:colcon.colcon_core.package_discovery:discover_packages(path) check parameters
[0.532s] Level 1:colcon.colcon_core.package_discovery:discover_packages(colcon_meta) discover
[0.532s] Level 1:colcon.colcon_core.package_discovery:discover_packages(recursive) discover
[0.532s] INFO:colcon.colcon_core.package_discovery:Crawling recursively for packages in '/home/hars22/rosws'
[0.532s] Level 1:colcon.colcon_core.package_identification:_identify(.) by extensions ['ignore', 'ignore_ament_install']
[0.533s] Level 1:colcon.colcon_core.package_identification:_identify(.) by extension 'ignore'
[0.533s] Level 1:colcon.colcon_core.package_identification:_identify(.) by extension 'ignore_ament_install'
[0.533s] Level 1:colcon.colcon_core.package_identification:_identify(.) by extensions ['colcon_pkg']
[0.533s] Level 1:colcon.colcon_core.package_identification:_identify(.) by extension 'colcon_pkg'
[0.533s] Level 1:colcon.colcon_core.package_identification:_identify(.) by extensions ['colcon_meta']
[0.533s] Level 1:colcon.colcon_core.package_identification:_identify(.) by extension 'colcon_meta'
[0.533s] Level 1:colcon.colcon_core.package_identification:_identify(.) by extensions ['ros']
[0.533s] Level 1:colcon.colcon_core.package_identification:_identify(.) by extension 'ros'
[0.552s] Level 1:colcon.colcon_core.package_identification:_identify(.) by extensions ['cmake', 'python']
[0.552s] Level 1:colcon.colcon_core.package_identification:_identify(.) by extension 'cmake'
[0.552s] Level 1:colcon.colcon_core.package_identification:_identify(.) by extension 'python'
[0.552s] Level 1:colcon.colcon_core.package_identification:_identify(.) by extensions ['python_setup_py']
[0.552s] Level 1:colcon.colcon_core.package_identification:_identify(.) by extension 'python_setup_py'
[0.552s] Level 1:colcon.colcon_core.package_identification:_identify(build) by extensions ['ignore', 'ignore_ament_install']
[0.552s] Level 1:colcon.colcon_core.package_identification:_identify(build) by extension 'ignore'
[0.552s] Level 1:colcon.colcon_core.package_identification:_identify(build) ignored
[0.553s] Level 1:colcon.colcon_core.package_identification:_identify(install) by extensions ['ignore', 'ignore_ament_install']
[0.553s] Level 1:colcon.colcon_core.package_identification:_identify(install) by extension 'ignore'
[0.553s] Level 1:colcon.colcon_core.package_identification:_identify(install) ignored
[0.553s] Level 1:colcon.colcon_core.package_identification:_identify(log) by extensions ['ignore', 'ignore_ament_install']
[0.553s] Level 1:colcon.colcon_core.package_identification:_identify(log) by extension 'ignore'
[0.553s] Level 1:colcon.colcon_core.package_identification:_identify(log) ignored
[0.553s] Level 1:colcon.colcon_core.package_identification:_identify(src) by extensions ['ignore', 'ignore_ament_install']
[0.553s] Level 1:colcon.colcon_core.package_identification:_identify(src) by extension 'ignore'
[0.553s] Level 1:colcon.colcon_core.package_identification:_identify(src) by extension 'ignore_ament_install'
[0.553s] Level 1:colcon.colcon_core.package_identification:_identify(src) by extensions ['colcon_pkg']
[0.553s] Level 1:colcon.colcon_core.package_identification:_identify(src) by extension 'colcon_pkg'
[0.553s] Level 1:colcon.colcon_core.package_identification:_identify(src) by extensions ['colcon_meta']
[0.553s] Level 1:colcon.colcon_core.package_identification:_identify(src) by extension 'colcon_meta'
[0.553s] Level 1:colcon.colcon_core.package_identification:_identify(src) by extensions ['ros']
[0.553s] Level 1:colcon.colcon_core.package_identification:_identify(src) by extension 'ros'
[0.553s] Level 1:colcon.colcon_core.package_identification:_identify(src) by extensions ['cmake', 'python']
[0.553s] Level 1:colcon.colcon_core.package_identification:_identify(src) by extension 'cmake'
[0.553s] Level 1:colcon.colcon_core.package_identification:_identify(src) by extension 'python'
[0.553s] Level 1:colcon.colcon_core.package_identification:_identify(src) by extensions ['python_setup_py']
[0.553s] Level 1:colcon.colcon_core.package_identification:_identify(src) by extension 'python_setup_py'
[0.553s] Level 1:colcon.colcon_core.package_identification:_identify(src/diffdrive_bot) by extensions ['ignore', 'ignore_ament_install']
[0.553s] Level 1:colcon.colcon_core.package_identification:_identify(src/diffdrive_bot) by extension 'ignore'
[0.554s] Level 1:colcon.colcon_core.package_identification:_identify(src/diffdrive_bot) by extension 'ignore_ament_install'
[0.554s] Level 1:colcon.colcon_core.package_identification:_identify(src/diffdrive_bot) by extensions ['colcon_pkg']
[0.554s] Level 1:colcon.colcon_core.package_identification:_identify(src/diffdrive_bot) by extension 'colcon_pkg'
[0.554s] Level 1:colcon.colcon_core.package_identification:_identify(src/diffdrive_bot) by extensions ['colcon_meta']
[0.554s] Level 1:colcon.colcon_core.package_identification:_identify(src/diffdrive_bot) by extension 'colcon_meta'
[0.554s] Level 1:colcon.colcon_core.package_identification:_identify(src/diffdrive_bot) by extensions ['ros']
[0.554s] Level 1:colcon.colcon_core.package_identification:_identify(src/diffdrive_bot) by extension 'ros'
[0.560s] DEBUG:colcon.colcon_core.package_identification:Package 'src/diffdrive_bot' with type 'ros.ament_cmake' and name 'diffdrive_bot'
[0.560s] Level 1:colcon.colcon_core.package_identification:_identify(src/mobilebot) by extensions ['ignore', 'ignore_ament_install']
[0.560s] Level 1:colcon.colcon_core.package_identification:_identify(src/mobilebot) by extension 'ignore'
[0.560s] Level 1:colcon.colcon_core.package_identification:_identify(src/mobilebot) by extension 'ignore_ament_install'
[0.560s] Level 1:colcon.colcon_core.package_identification:_identify(src/mobilebot) by extensions ['colcon_pkg']
[0.560s] Level 1:colcon.colcon_core.package_identification:_identify(src/mobilebot) by extension 'colcon_pkg'
[0.560s] Level 1:colcon.colcon_core.package_identification:_identify(src/mobilebot) by extensions ['colcon_meta']
[0.560s] Level 1:colcon.colcon_core.package_identification:_identify(src/mobilebot) by extension 'colcon_meta'
[0.560s] Level 1:colcon.colcon_core.package_identification:_identify(src/mobilebot) by extensions ['ros']
[0.560s] Level 1:colcon.colcon_core.package_identification:_identify(src/mobilebot) by extension 'ros'
[0.562s] DEBUG:colcon.colcon_core.package_identification:Package 'src/mobilebot' with type 'ros.ament_cmake' and name 'mobilebot'
[0.563s] Level 1:colcon.colcon_core.package_identification:_identify(src/mobilebot_controller) by extensions ['ignore', 'ignore_ament_install']
[0.564s] Level 1:colcon.colcon_core.package_identification:_identify(src/mobilebot_controller) by extension 'ignore'
[0.564s] Level 1:colcon.colcon_core.package_identification:_identify(src/mobilebot_controller) by extension 'ignore_ament_install'
[0.565s] Level 1:colcon.colcon_core.package_identification:_identify(src/mobilebot_controller) by extensions ['colcon_pkg']
[0.565s] Level 1:colcon.colcon_core.package_identification:_identify(src/mobilebot_controller) by extension 'colcon_pkg'
[0.566s] Level 1:colcon.colcon_core.package_identification:_identify(src/mobilebot_controller) by extensions ['colcon_meta']
[0.566s] Level 1:colcon.colcon_core.package_identification:_identify(src/mobilebot_controller) by extension 'colcon_meta'
[0.566s] Level 1:colcon.colcon_core.package_identification:_identify(src/mobilebot_controller) by extensions ['ros']
[0.566s] Level 1:colcon.colcon_core.package_identification:_identify(src/mobilebot_controller) by extension 'ros'
[0.569s] DEBUG:colcon.colcon_core.package_identification:Package 'src/mobilebot_controller' with type 'ros.ament_cmake' and name 'mobilebot_controller'
[0.570s] Level 1:colcon.colcon_core.package_identification:_identify(src/robot) by extensions ['ignore', 'ignore_ament_install']
[0.571s] Level 1:colcon.colcon_core.package_identification:_identify(src/robot) by extension 'ignore'
[0.571s] Level 1:colcon.colcon_core.package_identification:_identify(src/robot) by extension 'ignore_ament_install'
[0.572s] Level 1:colcon.colcon_core.package_identification:_identify(src/robot) by extensions ['colcon_pkg']
[0.572s] Level 1:colcon.colcon_core.package_identification:_identify(src/robot) by extension 'colcon_pkg'
[0.576s] Level 1:colcon.colcon_core.package_identification:_identify(src/robot) by extensions ['colcon_meta']
[0.578s] Level 1:colcon.colcon_core.package_identification:_identify(src/robot) by extension 'colcon_meta'
[0.580s] Level 1:colcon.colcon_core.package_identification:_identify(src/robot) by extensions ['ros']
[0.580s] Level 1:colcon.colcon_core.package_identification:_identify(src/robot) by extension 'ros'
[0.597s] DEBUG:colcon.colcon_core.package_identification:Package 'src/robot' with type 'ros.ament_python' and name 'robot'
[0.598s] Level 1:colcon.colcon_core.package_identification:_identify(src/robot_description) by extensions ['ignore', 'ignore_ament_install']
[0.599s] Level 1:colcon.colcon_core.package_identification:_identify(src/robot_description) by extension 'ignore'
[0.599s] Level 1:colcon.colcon_core.package_identification:_identify(src/robot_description) by extension 'ignore_ament_install'
[0.599s] Level 1:colcon.colcon_core.package_identification:_identify(src/robot_description) by extensions ['colcon_pkg']
[0.600s] Level 1:colcon.colcon_core.package_identification:_identify(src/robot_description) by extension 'colcon_pkg'
[0.600s] Level 1:colcon.colcon_core.package_identification:_identify(src/robot_description) by extensions ['colcon_meta']
[0.600s] Level 1:colcon.colcon_core.package_identification:_identify(src/robot_description) by extension 'colcon_meta'
[0.600s] Level 1:colcon.colcon_core.package_identification:_identify(src/robot_description) by extensions ['ros']
[0.600s] Level 1:colcon.colcon_core.package_identification:_identify(src/robot_description) by extension 'ros'
[0.601s] DEBUG:colcon.colcon_core.package_identification:Package 'src/robot_description' with type 'ros.ament_cmake' and name 'robot_description'
[0.602s] Level 1:colcon.colcon_core.package_identification:_identify(world_meshes) by extensions ['ignore', 'ignore_ament_install']
[0.602s] Level 1:colcon.colcon_core.package_identification:_identify(world_meshes) by extension 'ignore'
[0.602s] Level 1:colcon.colcon_core.package_identification:_identify(world_meshes) by extension 'ignore_ament_install'
[0.602s] Level 1:colcon.colcon_core.package_identification:_identify(world_meshes) by extensions ['colcon_pkg']
[0.602s] Level 1:colcon.colcon_core.package_identification:_identify(world_meshes) by extension 'colcon_pkg'
[0.602s] Level 1:colcon.colcon_core.package_identification:_identify(world_meshes) by extensions ['colcon_meta']
[0.603s] Level 1:colcon.colcon_core.package_identification:_identify(world_meshes) by extension 'colcon_meta'
[0.603s] Level 1:colcon.colcon_core.package_identification:_identify(world_meshes) by extensions ['ros']
[0.603s] Level 1:colcon.colcon_core.package_identification:_identify(world_meshes) by extension 'ros'
[0.603s] Level 1:colcon.colcon_core.package_identification:_identify(world_meshes) by extensions ['cmake', 'python']
[0.603s] Level 1:colcon.colcon_core.package_identification:_identify(world_meshes) by extension 'cmake'
[0.603s] Level 1:colcon.colcon_core.package_identification:_identify(world_meshes) by extension 'python'
[0.603s] Level 1:colcon.colcon_core.package_identification:_identify(world_meshes) by extensions ['python_setup_py']
[0.603s] Level 1:colcon.colcon_core.package_identification:_identify(world_meshes) by extension 'python_setup_py'
[0.603s] Level 1:colcon.colcon_core.package_identification:_identify(world_meshes/construction_barrel) by extensions ['ignore', 'ignore_ament_install']
[0.604s] Level 1:colcon.colcon_core.package_identification:_identify(world_meshes/construction_barrel) by extension 'ignore'
[0.604s] Level 1:colcon.colcon_core.package_identification:_identify(world_meshes/construction_barrel) by extension 'ignore_ament_install'
[0.605s] Level 1:colcon.colcon_core.package_identification:_identify(world_meshes/construction_barrel) by extensions ['colcon_pkg']
[0.605s] Level 1:colcon.colcon_core.package_identification:_identify(world_meshes/construction_barrel) by extension 'colcon_pkg'
[0.605s] Level 1:colcon.colcon_core.package_identification:_identify(world_meshes/construction_barrel) by extensions ['colcon_meta']
[0.605s] Level 1:colcon.colcon_core.package_identification:_identify(world_meshes/construction_barrel) by extension 'colcon_meta'
[0.606s] Level 1:colcon.colcon_core.package_identification:_identify(world_meshes/construction_barrel) by extensions ['ros']
[0.606s] Level 1:colcon.colcon_core.package_identification:_identify(world_meshes/construction_barrel) by extension 'ros'
[0.606s] Level 1:colcon.colcon_core.package_identification:_identify(world_meshes/construction_barrel) by extensions ['cmake', 'python']
[0.606s] Level 1:colcon.colcon_core.package_identification:_identify(world_meshes/construction_barrel) by extension 'cmake'
[0.606s] Level 1:colcon.colcon_core.package_identification:_identify(world_meshes/construction_barrel) by extension 'python'
[0.606s] Level 1:colcon.colcon_core.package_identification:_identify(world_meshes/construction_barrel) by extensions ['python_setup_py']
[0.606s] Level 1:colcon.colcon_core.package_identification:_identify(world_meshes/construction_barrel) by extension 'python_setup_py'
[0.606s] Level 1:colcon.colcon_core.package_identification:_identify(world_meshes/construction_barrel/materials) by extensions ['ignore', 'ignore_ament_install']
[0.606s] Level 1:colcon.colcon_core.package_identification:_identify(world_meshes/construction_barrel/materials) by extension 'ignore'
[0.607s] Level 1:colcon.colcon_core.package_identification:_identify(world_meshes/construction_barrel/materials) by extension 'ignore_ament_install'
[0.607s] Level 1:colcon.colcon_core.package_identification:_identify(world_meshes/construction_barrel/materials) by extensions ['colcon_pkg']
[0.607s] Level 1:colcon.colcon_core.package_identification:_identify(world_meshes/construction_barrel/materials) by extension 'colcon_pkg'
[0.607s] Level 1:colcon.colcon_core.package_identification:_identify(world_meshes/construction_barrel/materials) by extensions ['colcon_meta']
[0.607s] Level 1:colcon.colcon_core.package_identification:_identify(world_meshes/construction_barrel/materials) by extension 'colcon_meta'
[0.607s] Level 1:colcon.colcon_core.package_identification:_identify(world_meshes/construction_barrel/materials) by extensions ['ros']
[0.607s] Level 1:colcon.colcon_core.package_identification:_identify(world_meshes/construction_barrel/materials) by extension 'ros'
[0.607s] Level 1:colcon.colcon_core.package_identification:_identify(world_meshes/construction_barrel/materials) by extensions ['cmake', 'python']
[0.607s] Level 1:colcon.colcon_core.package_identification:_identify(world_meshes/construction_barrel/materials) by extension 'cmake'
[0.607s] Level 1:colcon.colcon_core.package_identification:_identify(world_meshes/construction_barrel/materials) by extension 'python'
[0.607s] Level 1:colcon.colcon_core.package_identification:_identify(world_meshes/construction_barrel/materials) by extensions ['python_setup_py']
[0.607s] Level 1:colcon.colcon_core.package_identification:_identify(world_meshes/construction_barrel/materials) by extension 'python_setup_py'
[0.608s] Level 1:colcon.colcon_core.package_identification:_identify(world_meshes/construction_barrel/materials/textures) by extensions ['ignore', 'ignore_ament_install']
[0.608s] Level 1:colcon.colcon_core.package_identification:_identify(world_meshes/construction_barrel/materials/textures) by extension 'ignore'
[0.608s] Level 1:colcon.colcon_core.package_identification:_identify(world_meshes/construction_barrel/materials/textures) by extension 'ignore_ament_install'
[0.608s] Level 1:colcon.colcon_core.package_identification:_identify(world_meshes/construction_barrel/materials/textures) by extensions ['colcon_pkg']
[0.608s] Level 1:colcon.colcon_core.package_identification:_identify(world_meshes/construction_barrel/materials/textures) by extension 'colcon_pkg'
[0.608s] Level 1:colcon.colcon_core.package_identification:_identify(world_meshes/construction_barrel/materials/textures) by extensions ['colcon_meta']
[0.608s] Level 1:colcon.colcon_core.package_identification:_identify(world_meshes/construction_barrel/materials/textures) by extension 'colcon_meta'
[0.608s] Level 1:colcon.colcon_core.package_identification:_identify(world_meshes/construction_barrel/materials/textures) by extensions ['ros']
[0.608s] Level 1:colcon.colcon_core.package_identification:_identify(world_meshes/construction_barrel/materials/textures) by extension 'ros'
[0.608s] Level 1:colcon.colcon_core.package_identification:_identify(world_meshes/construction_barrel/materials/textures) by extensions ['cmake', 'python']
[0.608s] Level 1:colcon.colcon_core.package_identification:_identify(world_meshes/construction_barrel/materials/textures) by extension 'cmake'
[0.608s] Level 1:colcon.colcon_core.package_identification:_identify(world_meshes/construction_barrel/materials/textures) by extension 'python'
[0.608s] Level 1:colcon.colcon_core.package_identification:_identify(world_meshes/construction_barrel/materials/textures) by extensions ['python_setup_py']
[0.608s] Level 1:colcon.colcon_core.package_identification:_identify(world_meshes/construction_barrel/materials/textures) by extension 'python_setup_py'
[0.609s] Level 1:colcon.colcon_core.package_identification:_identify(world_meshes/construction_barrel/meshes) by extensions ['ignore', 'ignore_ament_install']
[0.609s] Level 1:colcon.colcon_core.package_identification:_identify(world_meshes/construction_barrel/meshes) by extension 'ignore'
[0.609s] Level 1:colcon.colcon_core.package_identification:_identify(world_meshes/construction_barrel/meshes) by extension 'ignore_ament_install'
[0.609s] Level 1:colcon.colcon_core.package_identification:_identify(world_meshes/construction_barrel/meshes) by extensions ['colcon_pkg']
[0.609s] Level 1:colcon.colcon_core.package_identification:_identify(world_meshes/construction_barrel/meshes) by extension 'colcon_pkg'
[0.609s] Level 1:colcon.colcon_core.package_identification:_identify(world_meshes/construction_barrel/meshes) by extensions ['colcon_meta']
[0.609s] Level 1:colcon.colcon_core.package_identification:_identify(world_meshes/construction_barrel/meshes) by extension 'colcon_meta'
[0.609s] Level 1:colcon.colcon_core.package_identification:_identify(world_meshes/construction_barrel/meshes) by extensions ['ros']
[0.609s] Level 1:colcon.colcon_core.package_identification:_identify(world_meshes/construction_barrel/meshes) by extension 'ros'
[0.610s] Level 1:colcon.colcon_core.package_identification:_identify(world_meshes/construction_barrel/meshes) by extensions ['cmake', 'python']
[0.610s] Level 1:colcon.colcon_core.package_identification:_identify(world_meshes/construction_barrel/meshes) by extension 'cmake'
[0.610s] Level 1:colcon.colcon_core.package_identification:_identify(world_meshes/construction_barrel/meshes) by extension 'python'
[0.610s] Level 1:colcon.colcon_core.package_identification:_identify(world_meshes/construction_barrel/meshes) by extensions ['python_setup_py']
[0.610s] Level 1:colcon.colcon_core.package_identification:_identify(world_meshes/construction_barrel/meshes) by extension 'python_setup_py'
[0.610s] Level 1:colcon.colcon_core.package_identification:_identify(world_meshes/construction_barrel/thumbnails) by extensions ['ignore', 'ignore_ament_install']
[0.610s] Level 1:colcon.colcon_core.package_identification:_identify(world_meshes/construction_barrel/thumbnails) by extension 'ignore'
[0.610s] Level 1:colcon.colcon_core.package_identification:_identify(world_meshes/construction_barrel/thumbnails) by extension 'ignore_ament_install'
[0.610s] Level 1:colcon.colcon_core.package_identification:_identify(world_meshes/construction_barrel/thumbnails) by extensions ['colcon_pkg']
[0.610s] Level 1:colcon.colcon_core.package_identification:_identify(world_meshes/construction_barrel/thumbnails) by extension 'colcon_pkg'
[0.610s] Level 1:colcon.colcon_core.package_identification:_identify(world_meshes/construction_barrel/thumbnails) by extensions ['colcon_meta']
[0.611s] Level 1:colcon.colcon_core.package_identification:_identify(world_meshes/construction_barrel/thumbnails) by extension 'colcon_meta'
[0.611s] Level 1:colcon.colcon_core.package_identification:_identify(world_meshes/construction_barrel/thumbnails) by extensions ['ros']
[0.611s] Level 1:colcon.colcon_core.package_identification:_identify(world_meshes/construction_barrel/thumbnails) by extension 'ros'
[0.611s] Level 1:colcon.colcon_core.package_identification:_identify(world_meshes/construction_barrel/thumbnails) by extensions ['cmake', 'python']
[0.611s] Level 1:colcon.colcon_core.package_identification:_identify(world_meshes/construction_barrel/thumbnails) by extension 'cmake'
[0.611s] Level 1:colcon.colcon_core.package_identification:_identify(world_meshes/construction_barrel/thumbnails) by extension 'python'
[0.611s] Level 1:colcon.colcon_core.package_identification:_identify(world_meshes/construction_barrel/thumbnails) by extensions ['python_setup_py']
[0.611s] Level 1:colcon.colcon_core.package_identification:_identify(world_meshes/construction_barrel/thumbnails) by extension 'python_setup_py'
[0.611s] Level 1:colcon.colcon_core.package_identification:_identify(world_meshes/construction_cone) by extensions ['ignore', 'ignore_ament_install']
[0.611s] Level 1:colcon.colcon_core.package_identification:_identify(world_meshes/construction_cone) by extension 'ignore'
[0.611s] Level 1:colcon.colcon_core.package_identification:_identify(world_meshes/construction_cone) by extension 'ignore_ament_install'
[0.611s] Level 1:colcon.colcon_core.package_identification:_identify(world_meshes/construction_cone) by extensions ['colcon_pkg']
[0.611s] Level 1:colcon.colcon_core.package_identification:_identify(world_meshes/construction_cone) by extension 'colcon_pkg'
[0.611s] Level 1:colcon.colcon_core.package_identification:_identify(world_meshes/construction_cone) by extensions ['colcon_meta']
[0.612s] Level 1:colcon.colcon_core.package_identification:_identify(world_meshes/construction_cone) by extension 'colcon_meta'
[0.612s] Level 1:colcon.colcon_core.package_identification:_identify(world_meshes/construction_cone) by extensions ['ros']
[0.612s] Level 1:colcon.colcon_core.package_identification:_identify(world_meshes/construction_cone) by extension 'ros'
[0.612s] Level 1:colcon.colcon_core.package_identification:_identify(world_meshes/construction_cone) by extensions ['cmake', 'python']
[0.612s] Level 1:colcon.colcon_core.package_identification:_identify(world_meshes/construction_cone) by extension 'cmake'
[0.612s] Level 1:colcon.colcon_core.package_identification:_identify(world_meshes/construction_cone) by extension 'python'
[0.612s] Level 1:colcon.colcon_core.package_identification:_identify(world_meshes/construction_cone) by extensions ['python_setup_py']
[0.612s] Level 1:colcon.colcon_core.package_identification:_identify(world_meshes/construction_cone) by extension 'python_setup_py'
[0.612s] Level 1:colcon.colcon_core.package_identification:_identify(world_meshes/construction_cone/materials) by extensions ['ignore', 'ignore_ament_install']
[0.612s] Level 1:colcon.colcon_core.package_identification:_identify(world_meshes/construction_cone/materials) by extension 'ignore'
[0.612s] Level 1:colcon.colcon_core.package_identification:_identify(world_meshes/construction_cone/materials) by extension 'ignore_ament_install'
[0.612s] Level 1:colcon.colcon_core.package_identification:_identify(world_meshes/construction_cone/materials) by extensions ['colcon_pkg']
[0.612s] Level 1:colcon.colcon_core.package_identification:_identify(world_meshes/construction_cone/materials) by extension 'colcon_pkg'
[0.613s] Level 1:colcon.colcon_core.package_identification:_identify(world_meshes/construction_cone/materials) by extensions ['colcon_meta']
[0.613s] Level 1:colcon.colcon_core.package_identification:_identify(world_meshes/construction_cone/materials) by extension 'colcon_meta'
[0.613s] Level 1:colcon.colcon_core.package_identification:_identify(world_meshes/construction_cone/materials) by extensions ['ros']
[0.613s] Level 1:colcon.colcon_core.package_identification:_identify(world_meshes/construction_cone/materials) by extension 'ros'
[0.613s] Level 1:colcon.colcon_core.package_identification:_identify(world_meshes/construction_cone/materials) by extensions ['cmake', 'python']
[0.613s] Level 1:colcon.colcon_core.package_identification:_identify(world_meshes/construction_cone/materials) by extension 'cmake'
[0.613s] Level 1:colcon.colcon_core.package_identification:_identify(world_meshes/construction_cone/materials) by extension 'python'
[0.613s] Level 1:colcon.colcon_core.package_identification:_identify(world_meshes/construction_cone/materials) by extensions ['python_setup_py']
[0.613s] Level 1:colcon.colcon_core.package_identification:_identify(world_meshes/construction_cone/materials) by extension 'python_setup_py'
[0.613s] Level 1:colcon.colcon_core.package_identification:_identify(world_meshes/construction_cone/materials/textures) by extensions ['ignore', 'ignore_ament_install']
[0.613s] Level 1:colcon.colcon_core.package_identification:_identify(world_meshes/construction_cone/materials/textures) by extension 'ignore'
[0.613s] Level 1:colcon.colcon_core.package_identification:_identify(world_meshes/construction_cone/materials/textures) by extension 'ignore_ament_install'
[0.613s] Level 1:colcon.colcon_core.package_identification:_identify(world_meshes/construction_cone/materials/textures) by extensions ['colcon_pkg']
[0.613s] Level 1:colcon.colcon_core.package_identification:_identify(world_meshes/construction_cone/materials/textures) by extension 'colcon_pkg'
[0.613s] Level 1:colcon.colcon_core.package_identification:_identify(world_meshes/construction_cone/materials/textures) by extensions ['colcon_meta']
[0.614s] Level 1:colcon.colcon_core.package_identification:_identify(world_meshes/construction_cone/materials/textures) by extension 'colcon_meta'
[0.614s] Level 1:colcon.colcon_core.package_identification:_identify(world_meshes/construction_cone/materials/textures) by extensions ['ros']
[0.614s] Level 1:colcon.colcon_core.package_identification:_identify(world_meshes/construction_cone/materials/textures) by extension 'ros'
[0.614s] Level 1:colcon.colcon_core.package_identification:_identify(world_meshes/construction_cone/materials/textures) by extensions ['cmake', 'python']
[0.614s] Level 1:colcon.colcon_core.package_identification:_identify(world_meshes/construction_cone/materials/textures) by extension 'cmake'
[0.614s] Level 1:colcon.colcon_core.package_identification:_identify(world_meshes/construction_cone/materials/textures) by extension 'python'
[0.614s] Level 1:colcon.colcon_core.package_identification:_identify(world_meshes/construction_cone/materials/textures) by extensions ['python_setup_py']
[0.614s] Level 1:colcon.colcon_core.package_identification:_identify(world_meshes/construction_cone/materials/textures) by extension 'python_setup_py'
[0.614s] Level 1:colcon.colcon_core.package_identification:_identify(world_meshes/construction_cone/meshes) by extensions ['ignore', 'ignore_ament_install']
[0.614s] Level 1:colcon.colcon_core.package_identification:_identify(world_meshes/construction_cone/meshes) by extension 'ignore'
[0.614s] Level 1:colcon.colcon_core.package_identification:_identify(world_meshes/construction_cone/meshes) by extension 'ignore_ament_install'
[0.614s] Level 1:colcon.colcon_core.package_identification:_identify(world_meshes/construction_cone/meshes) by extensions ['colcon_pkg']
[0.615s] Level 1:colcon.colcon_core.package_identification:_identify(world_meshes/construction_cone/meshes) by extension 'colcon_pkg'
[0.615s] Level 1:colcon.colcon_core.package_identification:_identify(world_meshes/construction_cone/meshes) by extensions ['colcon_meta']
[0.615s] Level 1:colcon.colcon_core.package_identification:_identify(world_meshes/construction_cone/meshes) by extension 'colcon_meta'
[0.615s] Level 1:colcon.colcon_core.package_identification:_identify(world_meshes/construction_cone/meshes) by extensions ['ros']
[0.615s] Level 1:colcon.colcon_core.package_identification:_identify(world_meshes/construction_cone/meshes) by extension 'ros'
[0.615s] Level 1:colcon.colcon_core.package_identification:_identify(world_meshes/construction_cone/meshes) by extensions ['cmake', 'python']
[0.615s] Level 1:colcon.colcon_core.package_identification:_identify(world_meshes/construction_cone/meshes) by extension 'cmake'
[0.615s] Level 1:colcon.colcon_core.package_identification:_identify(world_meshes/construction_cone/meshes) by extension 'python'
[0.615s] Level 1:colcon.colcon_core.package_identification:_identify(world_meshes/construction_cone/meshes) by extensions ['python_setup_py']
[0.615s] Level 1:colcon.colcon_core.package_identification:_identify(world_meshes/construction_cone/meshes) by extension 'python_setup_py'
[0.615s] Level 1:colcon.colcon_core.package_identification:_identify(world_meshes/construction_cone/thumbnails) by extensions ['ignore', 'ignore_ament_install']
[0.615s] Level 1:colcon.colcon_core.package_identification:_identify(world_meshes/construction_cone/thumbnails) by extension 'ignore'
[0.615s] Level 1:colcon.colcon_core.package_identification:_identify(world_meshes/construction_cone/thumbnails) by extension 'ignore_ament_install'
[0.615s] Level 1:colcon.colcon_core.package_identification:_identify(world_meshes/construction_cone/thumbnails) by extensions ['colcon_pkg']
[0.616s] Level 1:colcon.colcon_core.package_identification:_identify(world_meshes/construction_cone/thumbnails) by extension 'colcon_pkg'
[0.616s] Level 1:colcon.colcon_core.package_identification:_identify(world_meshes/construction_cone/thumbnails) by extensions ['colcon_meta']
[0.616s] Level 1:colcon.colcon_core.package_identification:_identify(world_meshes/construction_cone/thumbnails) by extension 'colcon_meta'
[0.616s] Level 1:colcon.colcon_core.package_identification:_identify(world_meshes/construction_cone/thumbnails) by extensions ['ros']
[0.616s] Level 1:colcon.colcon_core.package_identification:_identify(world_meshes/construction_cone/thumbnails) by extension 'ros'
[0.616s] Level 1:colcon.colcon_core.package_identification:_identify(world_meshes/construction_cone/thumbnails) by extensions ['cmake', 'python']
[0.616s] Level 1:colcon.colcon_core.package_identification:_identify(world_meshes/construction_cone/thumbnails) by extension 'cmake'
[0.616s] Level 1:colcon.colcon_core.package_identification:_identify(world_meshes/construction_cone/thumbnails) by extension 'python'
[0.616s] Level 1:colcon.colcon_core.package_identification:_identify(world_meshes/construction_cone/thumbnails) by extensions ['python_setup_py']
[0.616s] Level 1:colcon.colcon_core.package_identification:_identify(world_meshes/construction_cone/thumbnails) by extension 'python_setup_py'
[0.616s] Level 1:colcon.colcon_core.package_discovery:discover_packages(recursive) using defaults
[0.616s] Level 1:colcon.colcon_core.package_discovery:discover_packages(ignore) discover
[0.617s] Level 1:colcon.colcon_core.package_discovery:discover_packages(ignore) using defaults
[0.617s] Level 1:colcon.colcon_core.package_discovery:discover_packages(path) discover
[0.617s] Level 1:colcon.colcon_core.package_discovery:discover_packages(path) using defaults
[0.652s] Level 1:colcon.colcon_core.package_discovery:discover_packages(prefix_path) check parameters
[0.652s] Level 1:colcon.colcon_core.package_discovery:discover_packages(prefix_path) discover
[0.653s] WARNING:colcon.colcon_ros.prefix_path.ament:The path '/home/hars22/rosws/install/ros_ign_interfaces' in the environment variable AMENT_PREFIX_PATH doesn't exist
[0.653s] WARNING:colcon.colcon_ros.prefix_path.ament:The path '/home/hars22/rosws/install/ros_ign_gazebo' in the environment variable AMENT_PREFIX_PATH doesn't exist
[0.653s] WARNING:colcon.colcon_ros.prefix_path.ament:The path '/home/hars22/rosws/install/ros_gz_sim' in the environment variable AMENT_PREFIX_PATH doesn't exist
[0.653s] WARNING:colcon.colcon_ros.prefix_path.ament:The path '/home/hars22/rosws/install/ros_gz_interfaces' in the environment variable AMENT_PREFIX_PATH doesn't exist
[0.654s] WARNING:colcon.colcon_ros.prefix_path.catkin:The path '/home/hars22/rosws/install/ros_ign_interfaces' in the environment variable CMAKE_PREFIX_PATH doesn't exist
[0.654s] WARNING:colcon.colcon_ros.prefix_path.catkin:The path '/home/hars22/rosws/install/ros_ign_gazebo' in the environment variable CMAKE_PREFIX_PATH doesn't exist
[0.654s] WARNING:colcon.colcon_ros.prefix_path.catkin:The path '/home/hars22/rosws/install/ros_gz_sim' in the environment variable CMAKE_PREFIX_PATH doesn't exist
[0.654s] WARNING:colcon.colcon_ros.prefix_path.catkin:The path '/home/hars22/rosws/install/ros_gz_interfaces' in the environment variable CMAKE_PREFIX_PATH doesn't exist
[0.656s] DEBUG:colcon.colcon_installed_package_information.package_discovery:Found 5 installed packages in /home/hars22/rosws/install
[0.657s] DEBUG:colcon.colcon_installed_package_information.package_discovery:Found 333 installed packages in /opt/ros/humble
[0.658s] Level 1:colcon.colcon_core.package_discovery:discover_packages(prefix_path) using defaults
[0.727s] Level 5:colcon.colcon_core.verb:set package 'diffdrive_bot' build argument 'cmake_args' from command line to 'None'
[0.727s] Level 5:colcon.colcon_core.verb:set package 'diffdrive_bot' build argument 'cmake_target' from command line to 'None'
[0.727s] Level 5:colcon.colcon_core.verb:set package 'diffdrive_bot' build argument 'cmake_target_skip_unavailable' from command line to 'False'
[0.727s] Level 5:colcon.colcon_core.verb:set package 'diffdrive_bot' build argument 'cmake_clean_cache' from command line to 'False'
[0.727s] Level 5:colcon.colcon_core.verb:set package 'diffdrive_bot' build argument 'cmake_clean_first' from command line to 'False'
[0.727s] Level 5:colcon.colcon_core.verb:set package 'diffdrive_bot' build argument 'cmake_force_configure' from command line to 'False'
[0.728s] Level 5:colcon.colcon_core.verb:set package 'diffdrive_bot' build argument 'ament_cmake_args' from command line to 'None'
[0.728s] Level 5:colcon.colcon_core.verb:set package 'diffdrive_bot' build argument 'catkin_cmake_args' from command line to 'None'
[0.728s] Level 5:colcon.colcon_core.verb:set package 'diffdrive_bot' build argument 'catkin_skip_building_tests' from command line to 'False'
[0.728s] DEBUG:colcon.colcon_core.verb:Building package 'diffdrive_bot' with the following arguments: {'ament_cmake_args': None, 'build_base': '/home/hars22/rosws/build/diffdrive_bot', 'catkin_cmake_args': None, 'catkin_skip_building_tests': False, 'cmake_args': None, 'cmake_clean_cache': False, 'cmake_clean_first': False, 'cmake_force_configure': False, 'cmake_target': None, 'cmake_target_skip_unavailable': False, 'install_base': '/home/hars22/rosws/install/diffdrive_bot', 'merge_install': False, 'path': '/home/hars22/rosws/src/diffdrive_bot', 'symlink_install': False, 'test_result_base': None}
[0.728s] Level 5:colcon.colcon_core.verb:set package 'mobilebot' build argument 'cmake_args' from command line to 'None'
[0.728s] Level 5:colcon.colcon_core.verb:set package 'mobilebot' build argument 'cmake_target' from command line to 'None'
[0.728s] Level 5:colcon.colcon_core.verb:set package 'mobilebot' build argument 'cmake_target_skip_unavailable' from command line to 'False'
[0.728s] Level 5:colcon.colcon_core.verb:set package 'mobilebot' build argument 'cmake_clean_cache' from command line to 'False'
[0.728s] Level 5:colcon.colcon_core.verb:set package 'mobilebot' build argument 'cmake_clean_first' from command line to 'False'
[0.728s] Level 5:colcon.colcon_core.verb:set package 'mobilebot' build argument 'cmake_force_configure' from command line to 'False'
[0.728s] Level 5:colcon.colcon_core.verb:set package 'mobilebot' build argument 'ament_cmake_args' from command line to 'None'
[0.729s] Level 5:colcon.colcon_core.verb:set package 'mobilebot' build argument 'catkin_cmake_args' from command line to 'None'
[0.729s] Level 5:colcon.colcon_core.verb:set package 'mobilebot' build argument 'catkin_skip_building_tests' from command line to 'False'
[0.729s] DEBUG:colcon.colcon_core.verb:Building package 'mobilebot' with the following arguments: {'ament_cmake_args': None, 'build_base': '/home/hars22/rosws/build/mobilebot', 'catkin_cmake_args': None, 'catkin_skip_building_tests': False, 'cmake_args': None, 'cmake_clean_cache': False, 'cmake_clean_first': False, 'cmake_force_configure': False, 'cmake_target': None, 'cmake_target_skip_unavailable': False, 'install_base': '/home/hars22/rosws/install/mobilebot', 'merge_install': False, 'path': '/home/hars22/rosws/src/mobilebot', 'symlink_install': False, 'test_result_base': None}
[0.729s] Level 5:colcon.colcon_core.verb:set package 'mobilebot_controller' build argument 'cmake_args' from command line to 'None'
[0.729s] Level 5:colcon.colcon_core.verb:set package 'mobilebot_controller' build argument 'cmake_target' from command line to 'None'
[0.729s] Level 5:colcon.colcon_core.verb:set package 'mobilebot_controller' build argument 'cmake_target_skip_unavailable' from command line to 'False'
[0.729s] Level 5:colcon.colcon_core.verb:set package 'mobilebot_controller' build argument 'cmake_clean_cache' from command line to 'False'
[0.729s] Level 5:colcon.colcon_core.verb:set package 'mobilebot_controller' build argument 'cmake_clean_first' from command line to 'False'
[0.729s] Level 5:colcon.colcon_core.verb:set package 'mobilebot_controller' build argument 'cmake_force_configure' from command line to 'False'
[0.729s] Level 5:colcon.colcon_core.verb:set package 'mobilebot_controller' build argument 'ament_cmake_args' from command line to 'None'
[0.729s] Level 5:colcon.colcon_core.verb:set package 'mobilebot_controller' build argument 'catkin_cmake_args' from command line to 'None'
[0.729s] Level 5:colcon.colcon_core.verb:set package 'mobilebot_controller' build argument 'catkin_skip_building_tests' from command line to 'False'
[0.729s] DEBUG:colcon.colcon_core.verb:Building package 'mobilebot_controller' with the following arguments: {'ament_cmake_args': None, 'build_base': '/home/hars22/rosws/build/mobilebot_controller', 'catkin_cmake_args': None, 'catkin_skip_building_tests': False, 'cmake_args': None, 'cmake_clean_cache': False, 'cmake_clean_first': False, 'cmake_force_configure': False, 'cmake_target': None, 'cmake_target_skip_unavailable': False, 'install_base': '/home/hars22/rosws/install/mobilebot_controller', 'merge_install': False, 'path': '/home/hars22/rosws/src/mobilebot_controller', 'symlink_install': False, 'test_result_base': None}
[0.729s] Level 5:colcon.colcon_core.verb:set package 'robot' build argument 'cmake_args' from command line to 'None'
[0.730s] Level 5:colcon.colcon_core.verb:set package 'robot' build argument 'cmake_target' from command line to 'None'
[0.730s] Level 5:colcon.colcon_core.verb:set package 'robot' build argument 'cmake_target_skip_unavailable' from command line to 'False'
[0.730s] Level 5:colcon.colcon_core.verb:set package 'robot' build argument 'cmake_clean_cache' from command line to 'False'
[0.730s] Level 5:colcon.colcon_core.verb:set package 'robot' build argument 'cmake_clean_first' from command line to 'False'
[0.730s] Level 5:colcon.colcon_core.verb:set package 'robot' build argument 'cmake_force_configure' from command line to 'False'
[0.730s] Level 5:colcon.colcon_core.verb:set package 'robot' build argument 'ament_cmake_args' from command line to 'None'
[0.730s] Level 5:colcon.colcon_core.verb:set package 'robot' build argument 'catkin_cmake_args' from command line to 'None'
[0.730s] Level 5:colcon.colcon_core.verb:set package 'robot' build argument 'catkin_skip_building_tests' from command line to 'False'
[0.730s] DEBUG:colcon.colcon_core.verb:Building package 'robot' with the following arguments: {'ament_cmake_args': None, 'build_base': '/home/hars22/rosws/build/robot', 'catkin_cmake_args': None, 'catkin_skip_building_tests': False, 'cmake_args': None, 'cmake_clean_cache': False, 'cmake_clean_first': False, 'cmake_force_configure': False, 'cmake_target': None, 'cmake_target_skip_unavailable': False, 'install_base': '/home/hars22/rosws/install/robot', 'merge_install': False, 'path': '/home/hars22/rosws/src/robot', 'symlink_install': False, 'test_result_base': None}
[0.730s] Level 5:colcon.colcon_core.verb:set package 'robot_description' build argument 'cmake_args' from command line to 'None'
[0.730s] Level 5:colcon.colcon_core.verb:set package 'robot_description' build argument 'cmake_target' from command line to 'None'
[0.730s] Level 5:colcon.colcon_core.verb:set package 'robot_description' build argument 'cmake_target_skip_unavailable' from command line to 'False'
[0.730s] Level 5:colcon.colcon_core.verb:set package 'robot_description' build argument 'cmake_clean_cache' from command line to 'False'
[0.730s] Level 5:colcon.colcon_core.verb:set package 'robot_description' build argument 'cmake_clean_first' from command line to 'False'
[0.730s] Level 5:colcon.colcon_core.verb:set package 'robot_description' build argument 'cmake_force_configure' from command line to 'False'
[0.730s] Level 5:colcon.colcon_core.verb:set package 'robot_description' build argument 'ament_cmake_args' from command line to 'None'
[0.731s] Level 5:colcon.colcon_core.verb:set package 'robot_description' build argument 'catkin_cmake_args' from command line to 'None'
[0.731s] Level 5:colcon.colcon_core.verb:set package 'robot_description' build argument 'catkin_skip_building_tests' from command line to 'False'
[0.731s] DEBUG:colcon.colcon_core.verb:Building package 'robot_description' with the following arguments: {'ament_cmake_args': None, 'build_base': '/home/hars22/rosws/build/robot_description', 'catkin_cmake_args': None, 'catkin_skip_building_tests': False, 'cmake_args': None, 'cmake_clean_cache': False, 'cmake_clean_first': False, 'cmake_force_configure': False, 'cmake_target': None, 'cmake_target_skip_unavailable': False, 'install_base': '/home/hars22/rosws/install/robot_description', 'merge_install': False, 'path': '/home/hars22/rosws/src/robot_description', 'symlink_install': False, 'test_result_base': None}
[0.731s] INFO:colcon.colcon_core.executor:Executing jobs using 'parallel' executor
[0.732s] DEBUG:colcon.colcon_parallel_executor.executor.parallel:run_until_complete
[0.732s] INFO:colcon.colcon_ros.task.ament_cmake.build:Building ROS package in '/home/hars22/rosws/src/diffdrive_bot' with build type 'ament_cmake'
[0.732s] INFO:colcon.colcon_cmake.task.cmake.build:Building CMake package in '/home/hars22/rosws/src/diffdrive_bot'
[0.735s] INFO:colcon.colcon_core.plugin_system:Skipping extension 'colcon_core.shell.bat': Not used on non-Windows systems
[0.736s] INFO:colcon.colcon_core.shell:Skip shell extension 'powershell' for command environment: Not usable outside of PowerShell
[0.736s] DEBUG:colcon.colcon_core.shell:Skip shell extension 'dsv' for command environment
[0.739s] INFO:colcon.colcon_ros.task.ament_cmake.build:Building ROS package in '/home/hars22/rosws/src/mobilebot' with build type 'ament_cmake'
[0.739s] INFO:colcon.colcon_cmake.task.cmake.build:Building CMake package in '/home/hars22/rosws/src/mobilebot'
[0.739s] INFO:colcon.colcon_core.shell:Skip shell extension 'powershell' for command environment: Not usable outside of PowerShell
[0.739s] DEBUG:colcon.colcon_core.shell:Skip shell extension 'dsv' for command environment
[0.742s] INFO:colcon.colcon_ros.task.ament_cmake.build:Building ROS package in '/home/hars22/rosws/src/mobilebot_controller' with build type 'ament_cmake'
[0.742s] INFO:colcon.colcon_cmake.task.cmake.build:Building CMake package in '/home/hars22/rosws/src/mobilebot_controller'
[0.743s] INFO:colcon.colcon_core.shell:Skip shell extension 'powershell' for command environment: Not usable outside of PowerShell
[0.743s] DEBUG:colcon.colcon_core.shell:Skip shell extension 'dsv' for command environment
[0.746s] INFO:colcon.colcon_ros.task.ament_python.build:Building ROS package in '/home/hars22/rosws/src/robot' with build type 'ament_python'
[0.746s] Level 1:colcon.colcon_core.shell:create_environment_hook('robot', 'ament_prefix_path')
[0.754s] INFO:colcon.colcon_core.shell:Creating environment hook '/home/hars22/rosws/install/robot/share/robot/hook/ament_prefix_path.ps1'
[0.756s] INFO:colcon.colcon_core.shell:Creating environment descriptor '/home/hars22/rosws/install/robot/share/robot/hook/ament_prefix_path.dsv'
[0.758s] INFO:colcon.colcon_core.shell:Creating environment hook '/home/hars22/rosws/install/robot/share/robot/hook/ament_prefix_path.sh'
[0.764s] INFO:colcon.colcon_core.shell:Skip shell extension 'powershell' for command environment: Not usable outside of PowerShell
[0.764s] DEBUG:colcon.colcon_core.shell:Skip shell extension 'dsv' for command environment
[0.778s] DEBUG:colcon.colcon_core.event_handler.log_command:Invoking command in '/home/hars22/rosws/build/diffdrive_bot': CMAKE_PREFIX_PATH=${CMAKE_PREFIX_PATH}:/home/hars22/rosws/install/robot:/opt/ros/humble /usr/bin/cmake --build /home/hars22/rosws/build/diffdrive_bot -- -j4 -l4
[0.790s] DEBUG:colcon.colcon_core.event_handler.log_command:Invoking command in '/home/hars22/rosws/build/mobilebot': CMAKE_PREFIX_PATH=${CMAKE_PREFIX_PATH}:/home/hars22/rosws/install/robot:/opt/ros/humble /usr/bin/cmake --build /home/hars22/rosws/build/mobilebot -- -j4 -l4
[0.796s] DEBUG:colcon.colcon_core.event_handler.log_command:Invoking command in '/home/hars22/rosws/build/mobilebot_controller': CMAKE_PREFIX_PATH=${CMAKE_PREFIX_PATH}:/home/hars22/rosws/install/robot:/opt/ros/humble /usr/bin/cmake --build /home/hars22/rosws/build/mobilebot_controller -- -j4 -l4
[1.254s] INFO:colcon.colcon_core.task.python.build:Building Python package in '/home/hars22/rosws/src/robot'
[1.255s] INFO:colcon.colcon_core.shell:Skip shell extension 'powershell' for command environment: Not usable outside of PowerShell
[1.255s] DEBUG:colcon.colcon_core.shell:Skip shell extension 'dsv' for command environment
[1.263s] DEBUG:colcon.colcon_core.event_handler.log_command:Invoked command in '/home/hars22/rosws/build/mobilebot' returned '0': CMAKE_PREFIX_PATH=${CMAKE_PREFIX_PATH}:/home/hars22/rosws/install/robot:/opt/ros/humble /usr/bin/cmake --build /home/hars22/rosws/build/mobilebot -- -j4 -l4
[1.281s] DEBUG:colcon.colcon_core.event_handler.log_command:Invoking command in '/home/hars22/rosws/build/mobilebot': CMAKE_PREFIX_PATH=${CMAKE_PREFIX_PATH}:/home/hars22/rosws/install/robot:/opt/ros/humble /usr/bin/cmake --install /home/hars22/rosws/build/mobilebot
[1.282s] DEBUG:colcon.colcon_core.event_handler.log_command:Invoked command in '/home/hars22/rosws/build/diffdrive_bot' returned '0': CMAKE_PREFIX_PATH=${CMAKE_PREFIX_PATH}:/home/hars22/rosws/install/robot:/opt/ros/humble /usr/bin/cmake --build /home/hars22/rosws/build/diffdrive_bot -- -j4 -l4
[1.283s] DEBUG:colcon.colcon_core.event_handler.log_command:Invoking command in '/home/hars22/rosws/build/diffdrive_bot': CMAKE_PREFIX_PATH=${CMAKE_PREFIX_PATH}:/home/hars22/rosws/install/robot:/opt/ros/humble /usr/bin/cmake --install /home/hars22/rosws/build/diffdrive_bot
[1.285s] DEBUG:colcon.colcon_core.event_handler.log_command:Invoked command in '/home/hars22/rosws/build/mobilebot_controller' returned '0': CMAKE_PREFIX_PATH=${CMAKE_PREFIX_PATH}:/home/hars22/rosws/install/robot:/opt/ros/humble /usr/bin/cmake --build /home/hars22/rosws/build/mobilebot_controller -- -j4 -l4
[1.286s] DEBUG:colcon.colcon_core.event_handler.log_command:Invoking command in '/home/hars22/rosws/build/mobilebot_controller': CMAKE_PREFIX_PATH=${CMAKE_PREFIX_PATH}:/home/hars22/rosws/install/robot:/opt/ros/humble /usr/bin/cmake --install /home/hars22/rosws/build/mobilebot_controller
[1.292s] Level 1:colcon.colcon_core.environment:create_environment_scripts_only(mobilebot)
[1.293s] DEBUG:colcon.colcon_core.event_handler.log_command:Invoked command in '/home/hars22/rosws/build/mobilebot' returned '0': CMAKE_PREFIX_PATH=${CMAKE_PREFIX_PATH}:/home/hars22/rosws/install/robot:/opt/ros/humble /usr/bin/cmake --install /home/hars22/rosws/build/mobilebot
[1.298s] Level 1:colcon.colcon_core.environment:checking '/home/hars22/rosws/install/mobilebot' for CMake module files
[1.299s] Level 1:colcon.colcon_core.environment:checking '/home/hars22/rosws/install/mobilebot' for CMake config files
[1.299s] Level 1:colcon.colcon_core.shell:create_environment_hook('mobilebot', 'cmake_prefix_path')
[1.299s] INFO:colcon.colcon_core.shell:Creating environment hook '/home/hars22/rosws/install/mobilebot/share/mobilebot/hook/cmake_prefix_path.ps1'
[1.300s] INFO:colcon.colcon_core.shell:Creating environment descriptor '/home/hars22/rosws/install/mobilebot/share/mobilebot/hook/cmake_prefix_path.dsv'
[1.300s] INFO:colcon.colcon_core.shell:Creating environment hook '/home/hars22/rosws/install/mobilebot/share/mobilebot/hook/cmake_prefix_path.sh'
[1.301s] Level 1:colcon.colcon_core.environment:checking '/home/hars22/rosws/install/mobilebot/bin'
[1.301s] Level 1:colcon.colcon_core.environment:checking '/home/hars22/rosws/install/mobilebot/lib/pkgconfig/mobilebot.pc'
[1.301s] Level 1:colcon.colcon_core.environment:checking '/home/hars22/rosws/install/mobilebot/lib/python3.10/site-packages'
[1.301s] Level 1:colcon.colcon_core.environment:checking '/home/hars22/rosws/install/mobilebot/bin'
[1.302s] INFO:colcon.colcon_core.shell:Creating package script '/home/hars22/rosws/install/mobilebot/share/mobilebot/package.ps1'
[1.302s] INFO:colcon.colcon_core.shell:Creating package descriptor '/home/hars22/rosws/install/mobilebot/share/mobilebot/package.dsv'
[1.304s] INFO:colcon.colcon_core.shell:Creating package script '/home/hars22/rosws/install/mobilebot/share/mobilebot/package.sh'
[1.304s] INFO:colcon.colcon_core.shell:Creating package script '/home/hars22/rosws/install/mobilebot/share/mobilebot/package.bash'
[1.307s] INFO:colcon.colcon_core.shell:Creating package script '/home/hars22/rosws/install/mobilebot/share/mobilebot/package.zsh'
[1.309s] Level 1:colcon.colcon_core.environment:create_file_with_runtime_dependencies(/home/hars22/rosws/install/mobilebot/share/colcon-core/packages/mobilebot)
[1.310s] Level 1:colcon.colcon_core.environment:create_environment_scripts_only(mobilebot)
[1.310s] Level 1:colcon.colcon_core.environment:checking '/home/hars22/rosws/install/mobilebot' for CMake module files
[1.312s] Level 1:colcon.colcon_core.environment:checking '/home/hars22/rosws/install/mobilebot' for CMake config files
[1.312s] Level 1:colcon.colcon_core.shell:create_environment_hook('mobilebot', 'cmake_prefix_path')
[1.312s] INFO:colcon.colcon_core.shell:Creating environment hook '/home/hars22/rosws/install/mobilebot/share/mobilebot/hook/cmake_prefix_path.ps1'
[1.313s] INFO:colcon.colcon_core.shell:Creating environment descriptor '/home/hars22/rosws/install/mobilebot/share/mobilebot/hook/cmake_prefix_path.dsv'
[1.313s] INFO:colcon.colcon_core.shell:Creating environment hook '/home/hars22/rosws/install/mobilebot/share/mobilebot/hook/cmake_prefix_path.sh'
[1.313s] Level 1:colcon.colcon_core.environment:checking '/home/hars22/rosws/install/mobilebot/bin'
[1.314s] Level 1:colcon.colcon_core.environment:checking '/home/hars22/rosws/install/mobilebot/lib/pkgconfig/mobilebot.pc'
[1.314s] Level 1:colcon.colcon_core.environment:checking '/home/hars22/rosws/install/mobilebot/lib/python3.10/site-packages'
[1.314s] Level 1:colcon.colcon_core.environment:checking '/home/hars22/rosws/install/mobilebot/bin'
[1.314s] INFO:colcon.colcon_core.shell:Creating package script '/home/hars22/rosws/install/mobilebot/share/mobilebot/package.ps1'
[1.314s] INFO:colcon.colcon_core.shell:Creating package descriptor '/home/hars22/rosws/install/mobilebot/share/mobilebot/package.dsv'
[1.315s] INFO:colcon.colcon_core.shell:Creating package script '/home/hars22/rosws/install/mobilebot/share/mobilebot/package.sh'
[1.315s] INFO:colcon.colcon_core.shell:Creating package script '/home/hars22/rosws/install/mobilebot/share/mobilebot/package.bash'
[1.316s] INFO:colcon.colcon_core.shell:Creating package script '/home/hars22/rosws/install/mobilebot/share/mobilebot/package.zsh'
[1.316s] Level 1:colcon.colcon_core.environment:create_file_with_runtime_dependencies(/home/hars22/rosws/install/mobilebot/share/colcon-core/packages/mobilebot)
[1.317s] INFO:colcon.colcon_ros.task.ament_cmake.build:Building ROS package in '/home/hars22/rosws/src/robot_description' with build type 'ament_cmake'
[1.317s] INFO:colcon.colcon_cmake.task.cmake.build:Building CMake package in '/home/hars22/rosws/src/robot_description'
[1.317s] INFO:colcon.colcon_core.shell:Skip shell extension 'powershell' for command environment: Not usable outside of PowerShell
[1.317s] DEBUG:colcon.colcon_core.shell:Skip shell extension 'dsv' for command environment
[1.322s] Level 1:colcon.colcon_core.environment:create_environment_scripts_only(diffdrive_bot)
[1.322s] Level 1:colcon.colcon_core.environment:checking '/home/hars22/rosws/install/diffdrive_bot' for CMake module files
[1.323s] DEBUG:colcon.colcon_core.event_handler.log_command:Invoked command in '/home/hars22/rosws/build/diffdrive_bot' returned '0': CMAKE_PREFIX_PATH=${CMAKE_PREFIX_PATH}:/home/hars22/rosws/install/robot:/opt/ros/humble /usr/bin/cmake --install /home/hars22/rosws/build/diffdrive_bot
[1.324s] Level 1:colcon.colcon_core.environment:checking '/home/hars22/rosws/install/diffdrive_bot' for CMake config files
[1.324s] Level 1:colcon.colcon_core.shell:create_environment_hook('diffdrive_bot', 'cmake_prefix_path')
[1.324s] INFO:colcon.colcon_core.shell:Creating environment hook '/home/hars22/rosws/install/diffdrive_bot/share/diffdrive_bot/hook/cmake_prefix_path.ps1'
[1.324s] INFO:colcon.colcon_core.shell:Creating environment descriptor '/home/hars22/rosws/install/diffdrive_bot/share/diffdrive_bot/hook/cmake_prefix_path.dsv'
[1.325s] INFO:colcon.colcon_core.shell:Creating environment hook '/home/hars22/rosws/install/diffdrive_bot/share/diffdrive_bot/hook/cmake_prefix_path.sh'
[1.325s] Level 1:colcon.colcon_core.environment:checking '/home/hars22/rosws/install/diffdrive_bot/bin'
[1.325s] Level 1:colcon.colcon_core.environment:checking '/home/hars22/rosws/install/diffdrive_bot/lib/pkgconfig/diffdrive_bot.pc'
[1.325s] Level 1:colcon.colcon_core.environment:checking '/home/hars22/rosws/install/diffdrive_bot/lib/python3.10/site-packages'
[1.325s] Level 1:colcon.colcon_core.environment:checking '/home/hars22/rosws/install/diffdrive_bot/bin'
[1.326s] INFO:colcon.colcon_core.shell:Creating package script '/home/hars22/rosws/install/diffdrive_bot/share/diffdrive_bot/package.ps1'
[1.326s] INFO:colcon.colcon_core.shell:Creating package descriptor '/home/hars22/rosws/install/diffdrive_bot/share/diffdrive_bot/package.dsv'
[1.326s] INFO:colcon.colcon_core.shell:Creating package script '/home/hars22/rosws/install/diffdrive_bot/share/diffdrive_bot/package.sh'
[1.326s] INFO:colcon.colcon_core.shell:Creating package script '/home/hars22/rosws/install/diffdrive_bot/share/diffdrive_bot/package.bash'
[1.327s] INFO:colcon.colcon_core.shell:Creating package script '/home/hars22/rosws/install/diffdrive_bot/share/diffdrive_bot/package.zsh'
[1.327s] Level 1:colcon.colcon_core.environment:create_file_with_runtime_dependencies(/home/hars22/rosws/install/diffdrive_bot/share/colcon-core/packages/diffdrive_bot)
[1.327s] Level 1:colcon.colcon_core.environment:create_environment_scripts_only(diffdrive_bot)
[1.327s] Level 1:colcon.colcon_core.environment:checking '/home/hars22/rosws/install/diffdrive_bot' for CMake module files
[1.328s] Level 1:colcon.colcon_core.environment:checking '/home/hars22/rosws/install/diffdrive_bot' for CMake config files
[1.328s] Level 1:colcon.colcon_core.shell:create_environment_hook('diffdrive_bot', 'cmake_prefix_path')
[1.328s] INFO:colcon.colcon_core.shell:Creating environment hook '/home/hars22/rosws/install/diffdrive_bot/share/diffdrive_bot/hook/cmake_prefix_path.ps1'
[1.329s] INFO:colcon.colcon_core.shell:Creating environment descriptor '/home/hars22/rosws/install/diffdrive_bot/share/diffdrive_bot/hook/cmake_prefix_path.dsv'
[1.329s] INFO:colcon.colcon_core.shell:Creating environment hook '/home/hars22/rosws/install/diffdrive_bot/share/diffdrive_bot/hook/cmake_prefix_path.sh'
[1.329s] Level 1:colcon.colcon_core.environment:checking '/home/hars22/rosws/install/diffdrive_bot/bin'
[1.330s] Level 1:colcon.colcon_core.environment:checking '/home/hars22/rosws/install/diffdrive_bot/lib/pkgconfig/diffdrive_bot.pc'
[1.330s] Level 1:colcon.colcon_core.environment:checking '/home/hars22/rosws/install/diffdrive_bot/lib/python3.10/site-packages'
[1.330s] Level 1:colcon.colcon_core.environment:checking '/home/hars22/rosws/install/diffdrive_bot/bin'
[1.330s] INFO:colcon.colcon_core.shell:Creating package script '/home/hars22/rosws/install/diffdrive_bot/share/diffdrive_bot/package.ps1'
[1.331s] INFO:colcon.colcon_core.shell:Creating package descriptor '/home/hars22/rosws/install/diffdrive_bot/share/diffdrive_bot/package.dsv'
[1.331s] INFO:colcon.colcon_core.shell:Creating package script '/home/hars22/rosws/install/diffdrive_bot/share/diffdrive_bot/package.sh'
[1.331s] INFO:colcon.colcon_core.shell:Creating package script '/home/hars22/rosws/install/diffdrive_bot/share/diffdrive_bot/package.bash'
[1.332s] INFO:colcon.colcon_core.shell:Creating package script '/home/hars22/rosws/install/diffdrive_bot/share/diffdrive_bot/package.zsh'
[1.332s] Level 1:colcon.colcon_core.environment:create_file_with_runtime_dependencies(/home/hars22/rosws/install/diffdrive_bot/share/colcon-core/packages/diffdrive_bot)
[1.333s] Level 1:colcon.colcon_core.environment:create_environment_scripts_only(mobilebot_controller)
[1.333s] Level 1:colcon.colcon_core.environment:checking '/home/hars22/rosws/install/mobilebot_controller' for CMake module files
[1.340s] Level 1:colcon.colcon_core.environment:checking '/home/hars22/rosws/install/mobilebot_controller' for CMake config files
[1.341s] Level 1:colcon.colcon_core.shell:create_environment_hook('mobilebot_controller', 'cmake_prefix_path')
[1.341s] INFO:colcon.colcon_core.shell:Creating environment hook '/home/hars22/rosws/install/mobilebot_controller/share/mobilebot_controller/hook/cmake_prefix_path.ps1'
[1.341s] INFO:colcon.colcon_core.shell:Creating environment descriptor '/home/hars22/rosws/install/mobilebot_controller/share/mobilebot_controller/hook/cmake_prefix_path.dsv'
[1.340s] DEBUG:colcon.colcon_core.event_handler.log_command:Invoked command in '/home/hars22/rosws/build/mobilebot_controller' returned '0': CMAKE_PREFIX_PATH=${CMAKE_PREFIX_PATH}:/home/hars22/rosws/install/robot:/opt/ros/humble /usr/bin/cmake --install /home/hars22/rosws/build/mobilebot_controller
[1.342s] INFO:colcon.colcon_core.shell:Creating environment hook '/home/hars22/rosws/install/mobilebot_controller/share/mobilebot_controller/hook/cmake_prefix_path.sh'
[1.342s] Level 1:colcon.colcon_core.environment:checking '/home/hars22/rosws/install/mobilebot_controller/bin'
[1.342s] Level 1:colcon.colcon_core.environment:checking '/home/hars22/rosws/install/mobilebot_controller/lib/pkgconfig/mobilebot_controller.pc'
[1.343s] Level 1:colcon.colcon_core.environment:checking '/home/hars22/rosws/install/mobilebot_controller/lib/python3.10/site-packages'
[1.343s] Level 1:colcon.colcon_core.environment:checking '/home/hars22/rosws/install/mobilebot_controller/bin'
[1.343s] INFO:colcon.colcon_core.shell:Creating package script '/home/hars22/rosws/install/mobilebot_controller/share/mobilebot_controller/package.ps1'
[1.349s] INFO:colcon.colcon_core.shell:Creating package descriptor '/home/hars22/rosws/install/mobilebot_controller/share/mobilebot_controller/package.dsv'
[1.351s] INFO:colcon.colcon_core.shell:Creating package script '/home/hars22/rosws/install/mobilebot_controller/share/mobilebot_controller/package.sh'
[1.357s] INFO:colcon.colcon_core.shell:Creating package script '/home/hars22/rosws/install/mobilebot_controller/share/mobilebot_controller/package.bash'
[1.358s] INFO:colcon.colcon_core.shell:Creating package script '/home/hars22/rosws/install/mobilebot_controller/share/mobilebot_controller/package.zsh'
[1.358s] Level 1:colcon.colcon_core.environment:create_file_with_runtime_dependencies(/home/hars22/rosws/install/mobilebot_controller/share/colcon-core/packages/mobilebot_controller)
[1.359s] Level 1:colcon.colcon_core.environment:create_environment_scripts_only(mobilebot_controller)
[1.359s] Level 1:colcon.colcon_core.environment:checking '/home/hars22/rosws/install/mobilebot_controller' for CMake module files
[1.360s] Level 1:colcon.colcon_core.environment:checking '/home/hars22/rosws/install/mobilebot_controller' for CMake config files
[1.360s] Level 1:colcon.colcon_core.shell:create_environment_hook('mobilebot_controller', 'cmake_prefix_path')
[1.360s] INFO:colcon.colcon_core.shell:Creating environment hook '/home/hars22/rosws/install/mobilebot_controller/share/mobilebot_controller/hook/cmake_prefix_path.ps1'
[1.361s] INFO:colcon.colcon_core.shell:Creating environment descriptor '/home/hars22/rosws/install/mobilebot_controller/share/mobilebot_controller/hook/cmake_prefix_path.dsv'
[1.361s] INFO:colcon.colcon_core.shell:Creating environment hook '/home/hars22/rosws/install/mobilebot_controller/share/mobilebot_controller/hook/cmake_prefix_path.sh'
[1.362s] Level 1:colcon.colcon_core.environment:checking '/home/hars22/rosws/install/mobilebot_controller/bin'
[1.362s] Level 1:colcon.colcon_core.environment:checking '/home/hars22/rosws/install/mobilebot_controller/lib/pkgconfig/mobilebot_controller.pc'
[1.362s] Level 1:colcon.colcon_core.environment:checking '/home/hars22/rosws/install/mobilebot_controller/lib/python3.10/site-packages'
[1.362s] Level 1:colcon.colcon_core.environment:checking '/home/hars22/rosws/install/mobilebot_controller/bin'
[1.363s] INFO:colcon.colcon_core.shell:Creating package script '/home/hars22/rosws/install/mobilebot_controller/share/mobilebot_controller/package.ps1'
[1.363s] INFO:colcon.colcon_core.shell:Creating package descriptor '/home/hars22/rosws/install/mobilebot_controller/share/mobilebot_controller/package.dsv'
[1.364s] INFO:colcon.colcon_core.shell:Creating package script '/home/hars22/rosws/install/mobilebot_controller/share/mobilebot_controller/package.sh'
[1.365s] INFO:colcon.colcon_core.shell:Creating package script '/home/hars22/rosws/install/mobilebot_controller/share/mobilebot_controller/package.bash'
[1.368s] INFO:colcon.colcon_core.shell:Creating package script '/home/hars22/rosws/install/mobilebot_controller/share/mobilebot_controller/package.zsh'
[1.369s] Level 1:colcon.colcon_core.environment:create_file_with_runtime_dependencies(/home/hars22/rosws/install/mobilebot_controller/share/colcon-core/packages/mobilebot_controller)
[1.373s] DEBUG:colcon.colcon_core.event_handler.log_command:Invoking command in '/home/hars22/rosws/build/robot_description': CMAKE_PREFIX_PATH=${CMAKE_PREFIX_PATH}:/home/hars22/rosws/install/robot:/opt/ros/humble /usr/bin/cmake --build /home/hars22/rosws/build/robot_description -- -j4 -l4
[1.417s] DEBUG:colcon.colcon_core.event_handler.log_command:Invoked command in '/home/hars22/rosws/build/robot_description' returned '0': CMAKE_PREFIX_PATH=${CMAKE_PREFIX_PATH}:/home/hars22/rosws/install/robot:/opt/ros/humble /usr/bin/cmake --build /home/hars22/rosws/build/robot_description -- -j4 -l4
[1.419s] DEBUG:colcon.colcon_core.event_handler.log_command:Invoking command in '/home/hars22/rosws/build/robot_description': CMAKE_PREFIX_PATH=${CMAKE_PREFIX_PATH}:/home/hars22/rosws/install/robot:/opt/ros/humble /usr/bin/cmake --install /home/hars22/rosws/build/robot_description
[1.432s] Level 1:colcon.colcon_core.environment:create_environment_scripts_only(robot_description)
[1.432s] Level 1:colcon.colcon_core.environment:checking '/home/hars22/rosws/install/robot_description' for CMake module files
[1.432s] DEBUG:colcon.colcon_core.event_handler.log_command:Invoked command in '/home/hars22/rosws/build/robot_description' returned '0': CMAKE_PREFIX_PATH=${CMAKE_PREFIX_PATH}:/home/hars22/rosws/install/robot:/opt/ros/humble /usr/bin/cmake --install /home/hars22/rosws/build/robot_description
[1.432s] Level 1:colcon.colcon_core.environment:checking '/home/hars22/rosws/install/robot_description' for CMake config files
[1.433s] Level 1:colcon.colcon_core.shell:create_environment_hook('robot_description', 'cmake_prefix_path')
[1.433s] INFO:colcon.colcon_core.shell:Creating environment hook '/home/hars22/rosws/install/robot_description/share/robot_description/hook/cmake_prefix_path.ps1'
[1.433s] INFO:colcon.colcon_core.shell:Creating environment descriptor '/home/hars22/rosws/install/robot_description/share/robot_description/hook/cmake_prefix_path.dsv'
[1.433s] INFO:colcon.colcon_core.shell:Creating environment hook '/home/hars22/rosws/install/robot_description/share/robot_description/hook/cmake_prefix_path.sh'
[1.434s] Level 1:colcon.colcon_core.environment:checking '/home/hars22/rosws/install/robot_description/bin'
[1.434s] Level 1:colcon.colcon_core.environment:checking '/home/hars22/rosws/install/robot_description/lib/pkgconfig/robot_description.pc'
[1.434s] Level 1:colcon.colcon_core.environment:checking '/home/hars22/rosws/install/robot_description/lib/python3.10/site-packages'
[1.434s] Level 1:colcon.colcon_core.environment:checking '/home/hars22/rosws/install/robot_description/bin'
[1.435s] INFO:colcon.colcon_core.shell:Creating package script '/home/hars22/rosws/install/robot_description/share/robot_description/package.ps1'
[1.435s] INFO:colcon.colcon_core.shell:Creating package descriptor '/home/hars22/rosws/install/robot_description/share/robot_description/package.dsv'
[1.435s] INFO:colcon.colcon_core.shell:Creating package script '/home/hars22/rosws/install/robot_description/share/robot_description/package.sh'
[1.436s] INFO:colcon.colcon_core.shell:Creating package script '/home/hars22/rosws/install/robot_description/share/robot_description/package.bash'
[1.436s] INFO:colcon.colcon_core.shell:Creating package script '/home/hars22/rosws/install/robot_description/share/robot_description/package.zsh'
[1.436s] Level 1:colcon.colcon_core.environment:create_file_with_runtime_dependencies(/home/hars22/rosws/install/robot_description/share/colcon-core/packages/robot_description)
[1.437s] Level 1:colcon.colcon_core.environment:create_environment_scripts_only(robot_description)
[1.438s] Level 1:colcon.colcon_core.environment:checking '/home/hars22/rosws/install/robot_description' for CMake module files
[1.438s] Level 1:colcon.colcon_core.environment:checking '/home/hars22/rosws/install/robot_description' for CMake config files
[1.438s] Level 1:colcon.colcon_core.shell:create_environment_hook('robot_description', 'cmake_prefix_path')
[1.438s] INFO:colcon.colcon_core.shell:Creating environment hook '/home/hars22/rosws/install/robot_description/share/robot_description/hook/cmake_prefix_path.ps1'
[1.439s] INFO:colcon.colcon_core.shell:Creating environment descriptor '/home/hars22/rosws/install/robot_description/share/robot_description/hook/cmake_prefix_path.dsv'
[1.439s] INFO:colcon.colcon_core.shell:Creating environment hook '/home/hars22/rosws/install/robot_description/share/robot_description/hook/cmake_prefix_path.sh'
[1.440s] Level 1:colcon.colcon_core.environment:checking '/home/hars22/rosws/install/robot_description/bin'
[1.440s] Level 1:colcon.colcon_core.environment:checking '/home/hars22/rosws/install/robot_description/lib/pkgconfig/robot_description.pc'
[1.440s] Level 1:colcon.colcon_core.environment:checking '/home/hars22/rosws/install/robot_description/lib/python3.10/site-packages'
[1.440s] Level 1:colcon.colcon_core.environment:checking '/home/hars22/rosws/install/robot_description/bin'
[1.440s] INFO:colcon.colcon_core.shell:Creating package script '/home/hars22/rosws/install/robot_description/share/robot_description/package.ps1'
[1.441s] INFO:colcon.colcon_core.shell:Creating package descriptor '/home/hars22/rosws/install/robot_description/share/robot_description/package.dsv'
[1.441s] INFO:colcon.colcon_core.shell:Creating package script '/home/hars22/rosws/install/robot_description/share/robot_description/package.sh'
[1.441s] INFO:colcon.colcon_core.shell:Creating package script '/home/hars22/rosws/install/robot_description/share/robot_description/package.bash'
[1.441s] INFO:colcon.colcon_core.shell:Creating package script '/home/hars22/rosws/install/robot_description/share/robot_description/package.zsh'
[1.442s] Level 1:colcon.colcon_core.environment:create_file_with_runtime_dependencies(/home/hars22/rosws/install/robot_description/share/colcon-core/packages/robot_description)
[2.077s] DEBUG:colcon.colcon_core.event_handler.log_command:Invoking command in '/home/hars22/rosws/src/robot': PYTHONPATH=/home/hars22/rosws/build/robot/prefix_override:/usr/lib/python3/dist-packages/colcon_core/task/python/colcon_distutils_commands:/home/hars22/rosws/install/robot/lib/python3.10/site-packages:${PYTHONPATH} /usr/bin/python3 -W ignore:setup.py install is deprecated -W ignore:easy_install command is deprecated setup.py egg_info --egg-base ../../build/robot build --build-base /home/hars22/rosws/build/robot/build install --record /home/hars22/rosws/build/robot/install.log --single-version-externally-managed install_data
[2.389s] Level 1:colcon.colcon_core.environment:checking '/home/hars22/rosws/install/robot' for CMake module files
[2.389s] DEBUG:colcon.colcon_core.event_handler.log_command:Invoked command in '/home/hars22/rosws/src/robot' returned '0': PYTHONPATH=/home/hars22/rosws/build/robot/prefix_override:/usr/lib/python3/dist-packages/colcon_core/task/python/colcon_distutils_commands:/home/hars22/rosws/install/robot/lib/python3.10/site-packages:${PYTHONPATH} /usr/bin/python3 -W ignore:setup.py install is deprecated -W ignore:easy_install command is deprecated setup.py egg_info --egg-base ../../build/robot build --build-base /home/hars22/rosws/build/robot/build install --record /home/hars22/rosws/build/robot/install.log --single-version-externally-managed install_data
[2.390s] Level 1:colcon.colcon_core.environment:checking '/home/hars22/rosws/install/robot' for CMake config files
[2.390s] Level 1:colcon.colcon_core.environment:checking '/home/hars22/rosws/install/robot/lib'
[2.391s] Level 1:colcon.colcon_core.environment:checking '/home/hars22/rosws/install/robot/bin'
[2.391s] Level 1:colcon.colcon_core.environment:checking '/home/hars22/rosws/install/robot/lib/pkgconfig/robot.pc'
[2.391s] Level 1:colcon.colcon_core.environment:checking '/home/hars22/rosws/install/robot/lib/python3.10/site-packages'
[2.391s] Level 1:colcon.colcon_core.shell:create_environment_hook('robot', 'pythonpath')
[2.391s] INFO:colcon.colcon_core.shell:Creating environment hook '/home/hars22/rosws/install/robot/share/robot/hook/pythonpath.ps1'
[2.392s] INFO:colcon.colcon_core.shell:Creating environment descriptor '/home/hars22/rosws/install/robot/share/robot/hook/pythonpath.dsv'
[2.392s] INFO:colcon.colcon_core.shell:Creating environment hook '/home/hars22/rosws/install/robot/share/robot/hook/pythonpath.sh'
[2.392s] Level 1:colcon.colcon_core.environment:checking '/home/hars22/rosws/install/robot/bin'
[2.392s] Level 1:colcon.colcon_core.environment:create_environment_scripts_only(robot)
[2.393s] INFO:colcon.colcon_core.shell:Creating package script '/home/hars22/rosws/install/robot/share/robot/package.ps1'
[2.393s] INFO:colcon.colcon_core.shell:Creating package descriptor '/home/hars22/rosws/install/robot/share/robot/package.dsv'
[2.393s] INFO:colcon.colcon_core.shell:Creating package script '/home/hars22/rosws/install/robot/share/robot/package.sh'
[2.393s] INFO:colcon.colcon_core.shell:Creating package script '/home/hars22/rosws/install/robot/share/robot/package.bash'
[2.394s] INFO:colcon.colcon_core.shell:Creating package script '/home/hars22/rosws/install/robot/share/robot/package.zsh'
[2.394s] Level 1:colcon.colcon_core.environment:create_file_with_runtime_dependencies(/home/hars22/rosws/install/robot/share/colcon-core/packages/robot)
[2.394s] DEBUG:colcon.colcon_parallel_executor.executor.parallel:closing loop
[2.395s] DEBUG:colcon.colcon_parallel_executor.executor.parallel:loop closed
[2.395s] DEBUG:colcon.colcon_parallel_executor.executor.parallel:run_until_complete finished with '0'
[2.395s] DEBUG:colcon.colcon_core.event_reactor:joining thread
[2.407s] INFO:colcon.colcon_core.plugin_system:Skipping extension 'colcon_notification.desktop_notification.terminal_notifier': Not used on non-Darwin systems
[2.407s] INFO:colcon.colcon_core.plugin_system:Skipping extension 'colcon_notification.desktop_notification.win32': Not used on non-Windows systems
[2.407s] INFO:colcon.colcon_notification.desktop_notification:Sending desktop notification using 'notify2'
[2.471s] DEBUG:colcon.colcon_core.event_reactor:joined thread
[2.471s] INFO:colcon.colcon_core.shell:Creating prefix script '/home/hars22/rosws/install/local_setup.ps1'
[2.472s] INFO:colcon.colcon_core.shell:Creating prefix util module '/home/hars22/rosws/install/_local_setup_util_ps1.py'
[2.473s] INFO:colcon.colcon_core.shell:Creating prefix chain script '/home/hars22/rosws/install/setup.ps1'
[2.475s] INFO:colcon.colcon_core.shell:Creating prefix script '/home/hars22/rosws/install/local_setup.sh'
[2.475s] INFO:colcon.colcon_core.shell:Creating prefix util module '/home/hars22/rosws/install/_local_setup_util_sh.py'
[2.476s] INFO:colcon.colcon_core.shell:Creating prefix chain script '/home/hars22/rosws/install/setup.sh'
[2.477s] INFO:colcon.colcon_core.shell:Creating prefix script '/home/hars22/rosws/install/local_setup.bash'
[2.477s] INFO:colcon.colcon_core.shell:Creating prefix chain script '/home/hars22/rosws/install/setup.bash'
[2.478s] INFO:colcon.colcon_core.shell:Creating prefix script '/home/hars22/rosws/install/local_setup.zsh'
[2.479s] INFO:colcon.colcon_core.shell:Creating prefix chain script '/home/hars22/rosws/install/setup.zsh'
