[0.083s] Invoking command in '/home/hars22/rosws/build/mobilebot': CMAKE_PREFIX_PATH=${CMAKE_PREFIX_PATH}:/home/hars22/rosws/install/robot:/opt/ros/humble /usr/bin/cmake /home/hars22/rosws/src/mobilebot -DCMAKE_INSTALL_PREFIX=/home/hars22/rosws/install/mobilebot
[0.301s] -- The C compiler identification is GNU 11.4.0
[0.423s] -- The CXX compiler identification is GNU 11.4.0
[0.446s] -- Detecting C compiler ABI info
[0.848s] -- Detecting C compiler ABI info - done
[0.862s] -- Check for working C compiler: /usr/bin/cc - skipped
[0.863s] -- Detecting C compile features
[0.863s] -- Detecting C compile features - done
[0.877s] -- Detecting CXX compiler ABI info
[1.421s] -- Detecting CXX compiler ABI info - done
[1.432s] -- Check for working CXX compiler: /usr/bin/c++ - skipped
[1.432s] -- Detecting CXX compile features
[1.432s] -- Detecting CXX compile features - done
[1.434s] -- Found ament_cmake: 1.3.12 (/opt/ros/humble/share/ament_cmake/cmake)
[1.705s] -- Found Python3: /usr/bin/python3 (found version "3.10.12") found components: Interpreter 
[1.820s] -- Found ament_lint_auto: 0.12.14 (/opt/ros/humble/share/ament_lint_auto/cmake)
[1.942s] -- Added test 'flake8' to check Python code syntax and style conventions
[1.943s] -- Added test 'lint_cmake' to check CMake code style
[1.944s] -- Added test 'pep257' to check Python code against some of the docstring style conventions in PEP 257
[1.946s] -- Added test 'xmllint' to check XML markup files
[1.947s] -- Configuring done
[1.951s] -- Generating done
[1.953s] -- Build files have been written to: /home/hars22/rosws/build/mobilebot
[1.971s] Invoked command in '/home/hars22/rosws/build/mobilebot' returned '0': CMAKE_PREFIX_PATH=${CMAKE_PREFIX_PATH}:/home/hars22/rosws/install/robot:/opt/ros/humble /usr/bin/cmake /home/hars22/rosws/src/mobilebot -DCMAKE_INSTALL_PREFIX=/home/hars22/rosws/install/mobilebot
[1.978s] Invoking command in '/home/hars22/rosws/build/mobilebot': CMAKE_PREFIX_PATH=${CMAKE_PREFIX_PATH}:/home/hars22/rosws/install/robot:/opt/ros/humble /usr/bin/cmake --build /home/hars22/rosws/build/mobilebot -- -j4 -l4
[2.010s] Invoked command in '/home/hars22/rosws/build/mobilebot' returned '0': CMAKE_PREFIX_PATH=${CMAKE_PREFIX_PATH}:/home/hars22/rosws/install/robot:/opt/ros/humble /usr/bin/cmake --build /home/hars22/rosws/build/mobilebot -- -j4 -l4
[2.012s] Invoking command in '/home/hars22/rosws/build/mobilebot': CMAKE_PREFIX_PATH=${CMAKE_PREFIX_PATH}:/home/hars22/rosws/install/robot:/opt/ros/humble /usr/bin/cmake --install /home/hars22/rosws/build/mobilebot
[2.028s] -- Install configuration: ""
[2.028s] -- Installing: /home/hars22/rosws/install/mobilebot/share/mobilebot/meshes
[2.030s] -- Installing: /home/hars22/rosws/install/mobilebot/share/mobilebot/meshes/Base.stl
[2.054s] -- Installing: /home/hars22/rosws/install/mobilebot/share/mobilebot/meshes/Gripper.mtl
[2.056s] -- Installing: /home/hars22/rosws/install/mobilebot/share/mobilebot/meshes/Link.obj
[2.063s] -- Installing: /home/hars22/rosws/install/mobilebot/share/mobilebot/meshes/Gripper.obj
[2.067s] -- Installing: /home/hars22/rosws/install/mobilebot/share/mobilebot/meshes/Shoulder.obj
[2.069s] -- Installing: /home/hars22/rosws/install/mobilebot/share/mobilebot/meshes/Wrist.stl
[2.070s] -- Installing: /home/hars22/rosws/install/mobilebot/share/mobilebot/meshes/Shoulder.mtl
[2.071s] -- Installing: /home/hars22/rosws/install/mobilebot/share/mobilebot/meshes/Base.obj
[2.074s] -- Installing: /home/hars22/rosws/install/mobilebot/share/mobilebot/meshes/body.obj
[2.076s] -- Installing: /home/hars22/rosws/install/mobilebot/share/mobilebot/meshes/wheel_right_side.stl
[2.077s] -- Installing: /home/hars22/rosws/install/mobilebot/share/mobilebot/meshes/Link.stl
[2.079s] -- Installing: /home/hars22/rosws/install/mobilebot/share/mobilebot/meshes/wheel_left_side.stl
[2.080s] -- Installing: /home/hars22/rosws/install/mobilebot/share/mobilebot/meshes/Gripper.stl
[2.081s] -- Installing: /home/hars22/rosws/install/mobilebot/share/mobilebot/meshes/wheel_right_side.obj
[2.085s] -- Installing: /home/hars22/rosws/install/mobilebot/share/mobilebot/meshes/Wrist.obj
[2.085s] -- Installing: /home/hars22/rosws/install/mobilebot/share/mobilebot/meshes/wheel_left_side.mtl
[2.086s] -- Installing: /home/hars22/rosws/install/mobilebot/share/mobilebot/meshes/wheel_right_side.mtl
[2.086s] -- Installing: /home/hars22/rosws/install/mobilebot/share/mobilebot/meshes/Elbow.mtl
[2.087s] -- Installing: /home/hars22/rosws/install/mobilebot/share/mobilebot/meshes/body.stl
[2.088s] -- Installing: /home/hars22/rosws/install/mobilebot/share/mobilebot/meshes/body.mtl
[2.089s] -- Installing: /home/hars22/rosws/install/mobilebot/share/mobilebot/meshes/Elbow.stl
[2.090s] -- Installing: /home/hars22/rosws/install/mobilebot/share/mobilebot/meshes/Elbow.obj
[2.091s] -- Installing: /home/hars22/rosws/install/mobilebot/share/mobilebot/meshes/Wrist.mtl
[2.091s] -- Installing: /home/hars22/rosws/install/mobilebot/share/mobilebot/meshes/wheel_left_side.obj
[2.093s] -- Installing: /home/hars22/rosws/install/mobilebot/share/mobilebot/meshes/Base.mtl
[2.094s] -- Installing: /home/hars22/rosws/install/mobilebot/share/mobilebot/meshes/Shoulder.stl
[2.094s] -- Installing: /home/hars22/rosws/install/mobilebot/share/mobilebot/meshes/Link.mtl
[2.095s] -- Installing: /home/hars22/rosws/install/mobilebot/share/mobilebot/worlds
[2.095s] -- Installing: /home/hars22/rosws/install/mobilebot/share/mobilebot/worlds/my_world.world
[2.096s] -- Installing: /home/hars22/rosws/install/mobilebot/share/mobilebot/rviz
[2.096s] -- Installing: /home/hars22/rosws/install/mobilebot/share/mobilebot/rviz/view_robot.rviz
[2.097s] -- Installing: /home/hars22/rosws/install/mobilebot/share/mobilebot/urdf
[2.097s] -- Installing: /home/hars22/rosws/install/mobilebot/share/mobilebot/urdf/joints.xacro
[2.097s] -- Installing: /home/hars22/rosws/install/mobilebot/share/mobilebot/urdf/ros2_control.xacro
[2.097s] -- Installing: /home/hars22/rosws/install/mobilebot/share/mobilebot/urdf/links.xacro
[2.098s] -- Installing: /home/hars22/rosws/install/mobilebot/share/mobilebot/urdf/gazebo.xacro
[2.099s] -- Installing: /home/hars22/rosws/install/mobilebot/share/mobilebot/urdf/transmission.xacro
[2.100s] -- Installing: /home/hars22/rosws/install/mobilebot/share/mobilebot/urdf/robot.urdf.xacro
[2.101s] -- Installing: /home/hars22/rosws/install/mobilebot/share/mobilebot/launch
[2.101s] -- Installing: /home/hars22/rosws/install/mobilebot/share/mobilebot/launch/gazebo.launch.py
[2.102s] -- Installing: /home/hars22/rosws/install/mobilebot/share/mobilebot/launch/rviz.launch.py
[2.103s] -- Installing: /home/hars22/rosws/install/mobilebot/share/ament_index/resource_index/package_run_dependencies/mobilebot
[2.103s] -- Installing: /home/hars22/rosws/install/mobilebot/share/ament_index/resource_index/parent_prefix_path/mobilebot
[2.104s] -- Installing: /home/hars22/rosws/install/mobilebot/share/mobilebot/environment/ament_prefix_path.sh
[2.104s] -- Installing: /home/hars22/rosws/install/mobilebot/share/mobilebot/environment/ament_prefix_path.dsv
[2.104s] -- Installing: /home/hars22/rosws/install/mobilebot/share/mobilebot/environment/path.sh
[2.105s] -- Installing: /home/hars22/rosws/install/mobilebot/share/mobilebot/environment/path.dsv
[2.105s] -- Installing: /home/hars22/rosws/install/mobilebot/share/mobilebot/local_setup.bash
[2.106s] -- Installing: /home/hars22/rosws/install/mobilebot/share/mobilebot/local_setup.sh
[2.106s] -- Installing: /home/hars22/rosws/install/mobilebot/share/mobilebot/local_setup.zsh
[2.107s] -- Installing: /home/hars22/rosws/install/mobilebot/share/mobilebot/local_setup.dsv
[2.107s] -- Installing: /home/hars22/rosws/install/mobilebot/share/mobilebot/package.dsv
[2.107s] -- Installing: /home/hars22/rosws/install/mobilebot/share/ament_index/resource_index/packages/mobilebot
[2.108s] -- Installing: /home/hars22/rosws/install/mobilebot/share/mobilebot/cmake/mobilebotConfig.cmake
[2.108s] -- Installing: /home/hars22/rosws/install/mobilebot/share/mobilebot/cmake/mobilebotConfig-version.cmake
[2.109s] -- Installing: /home/hars22/rosws/install/mobilebot/share/mobilebot/package.xml
[2.111s] Invoked command in '/home/hars22/rosws/build/mobilebot' returned '0': CMAKE_PREFIX_PATH=${CMAKE_PREFIX_PATH}:/home/hars22/rosws/install/robot:/opt/ros/humble /usr/bin/cmake --install /home/hars22/rosws/build/mobilebot
