[0.211s] DEBUG:colcon:Command line arguments: ['/usr/bin/colcon', 'build']
[0.211s] DEBUG:colcon:Parsed command line arguments: Namespace(log_base=None, log_level=None, verb_name='build', build_base='build', install_base='install', merge_install=False, symlink_install=False, test_result_base=None, continue_on_error=False, executor='parallel', parallel_workers=4, event_handlers=None, ignore_user_meta=False, metas=['./colcon.meta'], base_paths=['.'], packages_ignore=None, packages_ignore_regex=None, paths=None, packages_up_to=None, packages_up_to_regex=None, packages_above=None, packages_above_and_dependencies=None, packages_above_depth=None, packages_select_by_dep=None, packages_skip_by_dep=None, packages_skip_up_to=None, packages_select_build_failed=False, packages_skip_build_finished=False, packages_select_test_failures=False, packages_skip_test_passed=False, packages_select=None, packages_skip=None, packages_select_regex=None, packages_skip_regex=None, packages_start=None, packages_end=None, allow_overriding=[], cmake_args=None, cmake_target=None, cmake_target_skip_unavailable=False, cmake_clean_cache=False, cmake_clean_first=False, cmake_force_configure=False, ament_cmake_args=None, catkin_cmake_args=None, catkin_skip_building_tests=False, verb_parser=<colcon_defaults.argument_parser.defaults.DefaultArgumentsDecorator object at 0xffffa1285ae0>, verb_extension=<colcon_core.verb.build.BuildVerb object at 0xffffa1285570>, main=<bound method BuildVerb.main of <colcon_core.verb.build.BuildVerb object at 0xffffa1285570>>)
[0.453s] Level 1:colcon.colcon_core.package_discovery:discover_packages(colcon_meta) check parameters
[0.453s] Level 1:colcon.colcon_core.package_discovery:discover_packages(recursive) check parameters
[0.453s] Level 1:colcon.colcon_core.package_discovery:discover_packages(ignore) check parameters
[0.453s] Level 1:colcon.colcon_core.package_discovery:discover_packages(path) check parameters
[0.453s] Level 1:colcon.colcon_core.package_discovery:discover_packages(colcon_meta) discover
[0.453s] Level 1:colcon.colcon_core.package_discovery:discover_packages(recursive) discover
[0.453s] INFO:colcon.colcon_core.package_discovery:Crawling recursively for packages in '/home/hars22/rosws'
[0.453s] Level 1:colcon.colcon_core.package_identification:_identify(.) by extensions ['ignore', 'ignore_ament_install']
[0.453s] Level 1:colcon.colcon_core.package_identification:_identify(.) by extension 'ignore'
[0.454s] Level 1:colcon.colcon_core.package_identification:_identify(.) by extension 'ignore_ament_install'
[0.454s] Level 1:colcon.colcon_core.package_identification:_identify(.) by extensions ['colcon_pkg']
[0.454s] Level 1:colcon.colcon_core.package_identification:_identify(.) by extension 'colcon_pkg'
[0.454s] Level 1:colcon.colcon_core.package_identification:_identify(.) by extensions ['colcon_meta']
[0.454s] Level 1:colcon.colcon_core.package_identification:_identify(.) by extension 'colcon_meta'
[0.454s] Level 1:colcon.colcon_core.package_identification:_identify(.) by extensions ['ros']
[0.454s] Level 1:colcon.colcon_core.package_identification:_identify(.) by extension 'ros'
[0.464s] Level 1:colcon.colcon_core.package_identification:_identify(.) by extensions ['cmake', 'python']
[0.464s] Level 1:colcon.colcon_core.package_identification:_identify(.) by extension 'cmake'
[0.464s] Level 1:colcon.colcon_core.package_identification:_identify(.) by extension 'python'
[0.464s] Level 1:colcon.colcon_core.package_identification:_identify(.) by extensions ['python_setup_py']
[0.464s] Level 1:colcon.colcon_core.package_identification:_identify(.) by extension 'python_setup_py'
[0.464s] Level 1:colcon.colcon_core.package_identification:_identify(build) by extensions ['ignore', 'ignore_ament_install']
[0.464s] Level 1:colcon.colcon_core.package_identification:_identify(build) by extension 'ignore'
[0.464s] Level 1:colcon.colcon_core.package_identification:_identify(build) ignored
[0.464s] Level 1:colcon.colcon_core.package_identification:_identify(install) by extensions ['ignore', 'ignore_ament_install']
[0.464s] Level 1:colcon.colcon_core.package_identification:_identify(install) by extension 'ignore'
[0.464s] Level 1:colcon.colcon_core.package_identification:_identify(install) ignored
[0.465s] Level 1:colcon.colcon_core.package_identification:_identify(log) by extensions ['ignore', 'ignore_ament_install']
[0.465s] Level 1:colcon.colcon_core.package_identification:_identify(log) by extension 'ignore'
[0.465s] Level 1:colcon.colcon_core.package_identification:_identify(log) ignored
[0.465s] Level 1:colcon.colcon_core.package_identification:_identify(src) by extensions ['ignore', 'ignore_ament_install']
[0.465s] Level 1:colcon.colcon_core.package_identification:_identify(src) by extension 'ignore'
[0.465s] Level 1:colcon.colcon_core.package_identification:_identify(src) by extension 'ignore_ament_install'
[0.465s] Level 1:colcon.colcon_core.package_identification:_identify(src) by extensions ['colcon_pkg']
[0.465s] Level 1:colcon.colcon_core.package_identification:_identify(src) by extension 'colcon_pkg'
[0.465s] Level 1:colcon.colcon_core.package_identification:_identify(src) by extensions ['colcon_meta']
[0.465s] Level 1:colcon.colcon_core.package_identification:_identify(src) by extension 'colcon_meta'
[0.465s] Level 1:colcon.colcon_core.package_identification:_identify(src) by extensions ['ros']
[0.465s] Level 1:colcon.colcon_core.package_identification:_identify(src) by extension 'ros'
[0.465s] Level 1:colcon.colcon_core.package_identification:_identify(src) by extensions ['cmake', 'python']
[0.465s] Level 1:colcon.colcon_core.package_identification:_identify(src) by extension 'cmake'
[0.465s] Level 1:colcon.colcon_core.package_identification:_identify(src) by extension 'python'
[0.465s] Level 1:colcon.colcon_core.package_identification:_identify(src) by extensions ['python_setup_py']
[0.465s] Level 1:colcon.colcon_core.package_identification:_identify(src) by extension 'python_setup_py'
[0.465s] Level 1:colcon.colcon_core.package_identification:_identify(src/mobilebot) by extensions ['ignore', 'ignore_ament_install']
[0.465s] Level 1:colcon.colcon_core.package_identification:_identify(src/mobilebot) by extension 'ignore'
[0.465s] Level 1:colcon.colcon_core.package_identification:_identify(src/mobilebot) by extension 'ignore_ament_install'
[0.465s] Level 1:colcon.colcon_core.package_identification:_identify(src/mobilebot) by extensions ['colcon_pkg']
[0.465s] Level 1:colcon.colcon_core.package_identification:_identify(src/mobilebot) by extension 'colcon_pkg'
[0.465s] Level 1:colcon.colcon_core.package_identification:_identify(src/mobilebot) by extensions ['colcon_meta']
[0.465s] Level 1:colcon.colcon_core.package_identification:_identify(src/mobilebot) by extension 'colcon_meta'
[0.465s] Level 1:colcon.colcon_core.package_identification:_identify(src/mobilebot) by extensions ['ros']
[0.465s] Level 1:colcon.colcon_core.package_identification:_identify(src/mobilebot) by extension 'ros'
[0.468s] DEBUG:colcon.colcon_core.package_identification:Package 'src/mobilebot' with type 'ros.ament_cmake' and name 'mobilebot'
[0.468s] Level 1:colcon.colcon_core.package_identification:_identify(src/mobilebot_controller) by extensions ['ignore', 'ignore_ament_install']
[0.468s] Level 1:colcon.colcon_core.package_identification:_identify(src/mobilebot_controller) by extension 'ignore'
[0.468s] Level 1:colcon.colcon_core.package_identification:_identify(src/mobilebot_controller) by extension 'ignore_ament_install'
[0.468s] Level 1:colcon.colcon_core.package_identification:_identify(src/mobilebot_controller) by extensions ['colcon_pkg']
[0.468s] Level 1:colcon.colcon_core.package_identification:_identify(src/mobilebot_controller) by extension 'colcon_pkg'
[0.468s] Level 1:colcon.colcon_core.package_identification:_identify(src/mobilebot_controller) by extensions ['colcon_meta']
[0.468s] Level 1:colcon.colcon_core.package_identification:_identify(src/mobilebot_controller) by extension 'colcon_meta'
[0.468s] Level 1:colcon.colcon_core.package_identification:_identify(src/mobilebot_controller) by extensions ['ros']
[0.468s] Level 1:colcon.colcon_core.package_identification:_identify(src/mobilebot_controller) by extension 'ros'
[0.468s] DEBUG:colcon.colcon_core.package_identification:Package 'src/mobilebot_controller' with type 'ros.ament_cmake' and name 'mobilebot_controller'
[0.469s] Level 1:colcon.colcon_core.package_identification:_identify(src/robot) by extensions ['ignore', 'ignore_ament_install']
[0.469s] Level 1:colcon.colcon_core.package_identification:_identify(src/robot) by extension 'ignore'
[0.469s] Level 1:colcon.colcon_core.package_identification:_identify(src/robot) by extension 'ignore_ament_install'
[0.469s] Level 1:colcon.colcon_core.package_identification:_identify(src/robot) by extensions ['colcon_pkg']
[0.469s] Level 1:colcon.colcon_core.package_identification:_identify(src/robot) by extension 'colcon_pkg'
[0.469s] Level 1:colcon.colcon_core.package_identification:_identify(src/robot) by extensions ['colcon_meta']
[0.469s] Level 1:colcon.colcon_core.package_identification:_identify(src/robot) by extension 'colcon_meta'
[0.469s] Level 1:colcon.colcon_core.package_identification:_identify(src/robot) by extensions ['ros']
[0.469s] Level 1:colcon.colcon_core.package_identification:_identify(src/robot) by extension 'ros'
[0.469s] DEBUG:colcon.colcon_core.package_identification:Package 'src/robot' with type 'ros.ament_python' and name 'robot'
[0.469s] Level 1:colcon.colcon_core.package_identification:_identify(src/robot_description) by extensions ['ignore', 'ignore_ament_install']
[0.469s] Level 1:colcon.colcon_core.package_identification:_identify(src/robot_description) by extension 'ignore'
[0.469s] Level 1:colcon.colcon_core.package_identification:_identify(src/robot_description) by extension 'ignore_ament_install'
[0.469s] Level 1:colcon.colcon_core.package_identification:_identify(src/robot_description) by extensions ['colcon_pkg']
[0.469s] Level 1:colcon.colcon_core.package_identification:_identify(src/robot_description) by extension 'colcon_pkg'
[0.469s] Level 1:colcon.colcon_core.package_identification:_identify(src/robot_description) by extensions ['colcon_meta']
[0.469s] Level 1:colcon.colcon_core.package_identification:_identify(src/robot_description) by extension 'colcon_meta'
[0.469s] Level 1:colcon.colcon_core.package_identification:_identify(src/robot_description) by extensions ['ros']
[0.470s] Level 1:colcon.colcon_core.package_identification:_identify(src/robot_description) by extension 'ros'
[0.470s] DEBUG:colcon.colcon_core.package_identification:Package 'src/robot_description' with type 'ros.ament_cmake' and name 'robot_description'
[0.470s] Level 1:colcon.colcon_core.package_identification:_identify(world_meshes) by extensions ['ignore', 'ignore_ament_install']
[0.470s] Level 1:colcon.colcon_core.package_identification:_identify(world_meshes) by extension 'ignore'
[0.470s] Level 1:colcon.colcon_core.package_identification:_identify(world_meshes) by extension 'ignore_ament_install'
[0.470s] Level 1:colcon.colcon_core.package_identification:_identify(world_meshes) by extensions ['colcon_pkg']
[0.470s] Level 1:colcon.colcon_core.package_identification:_identify(world_meshes) by extension 'colcon_pkg'
[0.470s] Level 1:colcon.colcon_core.package_identification:_identify(world_meshes) by extensions ['colcon_meta']
[0.470s] Level 1:colcon.colcon_core.package_identification:_identify(world_meshes) by extension 'colcon_meta'
[0.470s] Level 1:colcon.colcon_core.package_identification:_identify(world_meshes) by extensions ['ros']
[0.470s] Level 1:colcon.colcon_core.package_identification:_identify(world_meshes) by extension 'ros'
[0.470s] Level 1:colcon.colcon_core.package_identification:_identify(world_meshes) by extensions ['cmake', 'python']
[0.470s] Level 1:colcon.colcon_core.package_identification:_identify(world_meshes) by extension 'cmake'
[0.470s] Level 1:colcon.colcon_core.package_identification:_identify(world_meshes) by extension 'python'
[0.470s] Level 1:colcon.colcon_core.package_identification:_identify(world_meshes) by extensions ['python_setup_py']
[0.470s] Level 1:colcon.colcon_core.package_identification:_identify(world_meshes) by extension 'python_setup_py'
[0.470s] Level 1:colcon.colcon_core.package_identification:_identify(world_meshes/construction_barrel) by extensions ['ignore', 'ignore_ament_install']
[0.470s] Level 1:colcon.colcon_core.package_identification:_identify(world_meshes/construction_barrel) by extension 'ignore'
[0.471s] Level 1:colcon.colcon_core.package_identification:_identify(world_meshes/construction_barrel) by extension 'ignore_ament_install'
[0.471s] Level 1:colcon.colcon_core.package_identification:_identify(world_meshes/construction_barrel) by extensions ['colcon_pkg']
[0.471s] Level 1:colcon.colcon_core.package_identification:_identify(world_meshes/construction_barrel) by extension 'colcon_pkg'
[0.471s] Level 1:colcon.colcon_core.package_identification:_identify(world_meshes/construction_barrel) by extensions ['colcon_meta']
[0.471s] Level 1:colcon.colcon_core.package_identification:_identify(world_meshes/construction_barrel) by extension 'colcon_meta'
[0.471s] Level 1:colcon.colcon_core.package_identification:_identify(world_meshes/construction_barrel) by extensions ['ros']
[0.471s] Level 1:colcon.colcon_core.package_identification:_identify(world_meshes/construction_barrel) by extension 'ros'
[0.471s] Level 1:colcon.colcon_core.package_identification:_identify(world_meshes/construction_barrel) by extensions ['cmake', 'python']
[0.471s] Level 1:colcon.colcon_core.package_identification:_identify(world_meshes/construction_barrel) by extension 'cmake'
[0.471s] Level 1:colcon.colcon_core.package_identification:_identify(world_meshes/construction_barrel) by extension 'python'
[0.471s] Level 1:colcon.colcon_core.package_identification:_identify(world_meshes/construction_barrel) by extensions ['python_setup_py']
[0.471s] Level 1:colcon.colcon_core.package_identification:_identify(world_meshes/construction_barrel) by extension 'python_setup_py'
[0.471s] Level 1:colcon.colcon_core.package_identification:_identify(world_meshes/construction_barrel/materials) by extensions ['ignore', 'ignore_ament_install']
[0.471s] Level 1:colcon.colcon_core.package_identification:_identify(world_meshes/construction_barrel/materials) by extension 'ignore'
[0.471s] Level 1:colcon.colcon_core.package_identification:_identify(world_meshes/construction_barrel/materials) by extension 'ignore_ament_install'
[0.471s] Level 1:colcon.colcon_core.package_identification:_identify(world_meshes/construction_barrel/materials) by extensions ['colcon_pkg']
[0.471s] Level 1:colcon.colcon_core.package_identification:_identify(world_meshes/construction_barrel/materials) by extension 'colcon_pkg'
[0.471s] Level 1:colcon.colcon_core.package_identification:_identify(world_meshes/construction_barrel/materials) by extensions ['colcon_meta']
[0.471s] Level 1:colcon.colcon_core.package_identification:_identify(world_meshes/construction_barrel/materials) by extension 'colcon_meta'
[0.471s] Level 1:colcon.colcon_core.package_identification:_identify(world_meshes/construction_barrel/materials) by extensions ['ros']
[0.471s] Level 1:colcon.colcon_core.package_identification:_identify(world_meshes/construction_barrel/materials) by extension 'ros'
[0.471s] Level 1:colcon.colcon_core.package_identification:_identify(world_meshes/construction_barrel/materials) by extensions ['cmake', 'python']
[0.471s] Level 1:colcon.colcon_core.package_identification:_identify(world_meshes/construction_barrel/materials) by extension 'cmake'
[0.471s] Level 1:colcon.colcon_core.package_identification:_identify(world_meshes/construction_barrel/materials) by extension 'python'
[0.471s] Level 1:colcon.colcon_core.package_identification:_identify(world_meshes/construction_barrel/materials) by extensions ['python_setup_py']
[0.471s] Level 1:colcon.colcon_core.package_identification:_identify(world_meshes/construction_barrel/materials) by extension 'python_setup_py'
[0.471s] Level 1:colcon.colcon_core.package_identification:_identify(world_meshes/construction_barrel/materials/textures) by extensions ['ignore', 'ignore_ament_install']
[0.471s] Level 1:colcon.colcon_core.package_identification:_identify(world_meshes/construction_barrel/materials/textures) by extension 'ignore'
[0.471s] Level 1:colcon.colcon_core.package_identification:_identify(world_meshes/construction_barrel/materials/textures) by extension 'ignore_ament_install'
[0.471s] Level 1:colcon.colcon_core.package_identification:_identify(world_meshes/construction_barrel/materials/textures) by extensions ['colcon_pkg']
[0.471s] Level 1:colcon.colcon_core.package_identification:_identify(world_meshes/construction_barrel/materials/textures) by extension 'colcon_pkg'
[0.471s] Level 1:colcon.colcon_core.package_identification:_identify(world_meshes/construction_barrel/materials/textures) by extensions ['colcon_meta']
[0.471s] Level 1:colcon.colcon_core.package_identification:_identify(world_meshes/construction_barrel/materials/textures) by extension 'colcon_meta'
[0.471s] Level 1:colcon.colcon_core.package_identification:_identify(world_meshes/construction_barrel/materials/textures) by extensions ['ros']
[0.471s] Level 1:colcon.colcon_core.package_identification:_identify(world_meshes/construction_barrel/materials/textures) by extension 'ros'
[0.471s] Level 1:colcon.colcon_core.package_identification:_identify(world_meshes/construction_barrel/materials/textures) by extensions ['cmake', 'python']
[0.471s] Level 1:colcon.colcon_core.package_identification:_identify(world_meshes/construction_barrel/materials/textures) by extension 'cmake'
[0.471s] Level 1:colcon.colcon_core.package_identification:_identify(world_meshes/construction_barrel/materials/textures) by extension 'python'
[0.472s] Level 1:colcon.colcon_core.package_identification:_identify(world_meshes/construction_barrel/materials/textures) by extensions ['python_setup_py']
[0.472s] Level 1:colcon.colcon_core.package_identification:_identify(world_meshes/construction_barrel/materials/textures) by extension 'python_setup_py'
[0.472s] Level 1:colcon.colcon_core.package_identification:_identify(world_meshes/construction_barrel/meshes) by extensions ['ignore', 'ignore_ament_install']
[0.472s] Level 1:colcon.colcon_core.package_identification:_identify(world_meshes/construction_barrel/meshes) by extension 'ignore'
[0.472s] Level 1:colcon.colcon_core.package_identification:_identify(world_meshes/construction_barrel/meshes) by extension 'ignore_ament_install'
[0.472s] Level 1:colcon.colcon_core.package_identification:_identify(world_meshes/construction_barrel/meshes) by extensions ['colcon_pkg']
[0.472s] Level 1:colcon.colcon_core.package_identification:_identify(world_meshes/construction_barrel/meshes) by extension 'colcon_pkg'
[0.472s] Level 1:colcon.colcon_core.package_identification:_identify(world_meshes/construction_barrel/meshes) by extensions ['colcon_meta']
[0.472s] Level 1:colcon.colcon_core.package_identification:_identify(world_meshes/construction_barrel/meshes) by extension 'colcon_meta'
[0.472s] Level 1:colcon.colcon_core.package_identification:_identify(world_meshes/construction_barrel/meshes) by extensions ['ros']
[0.472s] Level 1:colcon.colcon_core.package_identification:_identify(world_meshes/construction_barrel/meshes) by extension 'ros'
[0.472s] Level 1:colcon.colcon_core.package_identification:_identify(world_meshes/construction_barrel/meshes) by extensions ['cmake', 'python']
[0.472s] Level 1:colcon.colcon_core.package_identification:_identify(world_meshes/construction_barrel/meshes) by extension 'cmake'
[0.472s] Level 1:colcon.colcon_core.package_identification:_identify(world_meshes/construction_barrel/meshes) by extension 'python'
[0.472s] Level 1:colcon.colcon_core.package_identification:_identify(world_meshes/construction_barrel/meshes) by extensions ['python_setup_py']
[0.472s] Level 1:colcon.colcon_core.package_identification:_identify(world_meshes/construction_barrel/meshes) by extension 'python_setup_py'
[0.472s] Level 1:colcon.colcon_core.package_identification:_identify(world_meshes/construction_barrel/thumbnails) by extensions ['ignore', 'ignore_ament_install']
[0.472s] Level 1:colcon.colcon_core.package_identification:_identify(world_meshes/construction_barrel/thumbnails) by extension 'ignore'
[0.472s] Level 1:colcon.colcon_core.package_identification:_identify(world_meshes/construction_barrel/thumbnails) by extension 'ignore_ament_install'
[0.472s] Level 1:colcon.colcon_core.package_identification:_identify(world_meshes/construction_barrel/thumbnails) by extensions ['colcon_pkg']
[0.472s] Level 1:colcon.colcon_core.package_identification:_identify(world_meshes/construction_barrel/thumbnails) by extension 'colcon_pkg'
[0.472s] Level 1:colcon.colcon_core.package_identification:_identify(world_meshes/construction_barrel/thumbnails) by extensions ['colcon_meta']
[0.472s] Level 1:colcon.colcon_core.package_identification:_identify(world_meshes/construction_barrel/thumbnails) by extension 'colcon_meta'
[0.472s] Level 1:colcon.colcon_core.package_identification:_identify(world_meshes/construction_barrel/thumbnails) by extensions ['ros']
[0.472s] Level 1:colcon.colcon_core.package_identification:_identify(world_meshes/construction_barrel/thumbnails) by extension 'ros'
[0.472s] Level 1:colcon.colcon_core.package_identification:_identify(world_meshes/construction_barrel/thumbnails) by extensions ['cmake', 'python']
[0.472s] Level 1:colcon.colcon_core.package_identification:_identify(world_meshes/construction_barrel/thumbnails) by extension 'cmake'
[0.472s] Level 1:colcon.colcon_core.package_identification:_identify(world_meshes/construction_barrel/thumbnails) by extension 'python'
[0.472s] Level 1:colcon.colcon_core.package_identification:_identify(world_meshes/construction_barrel/thumbnails) by extensions ['python_setup_py']
[0.472s] Level 1:colcon.colcon_core.package_identification:_identify(world_meshes/construction_barrel/thumbnails) by extension 'python_setup_py'
[0.472s] Level 1:colcon.colcon_core.package_identification:_identify(world_meshes/construction_cone) by extensions ['ignore', 'ignore_ament_install']
[0.472s] Level 1:colcon.colcon_core.package_identification:_identify(world_meshes/construction_cone) by extension 'ignore'
[0.472s] Level 1:colcon.colcon_core.package_identification:_identify(world_meshes/construction_cone) by extension 'ignore_ament_install'
[0.473s] Level 1:colcon.colcon_core.package_identification:_identify(world_meshes/construction_cone) by extensions ['colcon_pkg']
[0.473s] Level 1:colcon.colcon_core.package_identification:_identify(world_meshes/construction_cone) by extension 'colcon_pkg'
[0.473s] Level 1:colcon.colcon_core.package_identification:_identify(world_meshes/construction_cone) by extensions ['colcon_meta']
[0.473s] Level 1:colcon.colcon_core.package_identification:_identify(world_meshes/construction_cone) by extension 'colcon_meta'
[0.473s] Level 1:colcon.colcon_core.package_identification:_identify(world_meshes/construction_cone) by extensions ['ros']
[0.473s] Level 1:colcon.colcon_core.package_identification:_identify(world_meshes/construction_cone) by extension 'ros'
[0.473s] Level 1:colcon.colcon_core.package_identification:_identify(world_meshes/construction_cone) by extensions ['cmake', 'python']
[0.473s] Level 1:colcon.colcon_core.package_identification:_identify(world_meshes/construction_cone) by extension 'cmake'
[0.473s] Level 1:colcon.colcon_core.package_identification:_identify(world_meshes/construction_cone) by extension 'python'
[0.473s] Level 1:colcon.colcon_core.package_identification:_identify(world_meshes/construction_cone) by extensions ['python_setup_py']
[0.473s] Level 1:colcon.colcon_core.package_identification:_identify(world_meshes/construction_cone) by extension 'python_setup_py'
[0.473s] Level 1:colcon.colcon_core.package_identification:_identify(world_meshes/construction_cone/materials) by extensions ['ignore', 'ignore_ament_install']
[0.473s] Level 1:colcon.colcon_core.package_identification:_identify(world_meshes/construction_cone/materials) by extension 'ignore'
[0.473s] Level 1:colcon.colcon_core.package_identification:_identify(world_meshes/construction_cone/materials) by extension 'ignore_ament_install'
[0.473s] Level 1:colcon.colcon_core.package_identification:_identify(world_meshes/construction_cone/materials) by extensions ['colcon_pkg']
[0.473s] Level 1:colcon.colcon_core.package_identification:_identify(world_meshes/construction_cone/materials) by extension 'colcon_pkg'
[0.473s] Level 1:colcon.colcon_core.package_identification:_identify(world_meshes/construction_cone/materials) by extensions ['colcon_meta']
[0.473s] Level 1:colcon.colcon_core.package_identification:_identify(world_meshes/construction_cone/materials) by extension 'colcon_meta'
[0.473s] Level 1:colcon.colcon_core.package_identification:_identify(world_meshes/construction_cone/materials) by extensions ['ros']
[0.473s] Level 1:colcon.colcon_core.package_identification:_identify(world_meshes/construction_cone/materials) by extension 'ros'
[0.473s] Level 1:colcon.colcon_core.package_identification:_identify(world_meshes/construction_cone/materials) by extensions ['cmake', 'python']
[0.473s] Level 1:colcon.colcon_core.package_identification:_identify(world_meshes/construction_cone/materials) by extension 'cmake'
[0.473s] Level 1:colcon.colcon_core.package_identification:_identify(world_meshes/construction_cone/materials) by extension 'python'
[0.473s] Level 1:colcon.colcon_core.package_identification:_identify(world_meshes/construction_cone/materials) by extensions ['python_setup_py']
[0.473s] Level 1:colcon.colcon_core.package_identification:_identify(world_meshes/construction_cone/materials) by extension 'python_setup_py'
[0.473s] Level 1:colcon.colcon_core.package_identification:_identify(world_meshes/construction_cone/materials/textures) by extensions ['ignore', 'ignore_ament_install']
[0.473s] Level 1:colcon.colcon_core.package_identification:_identify(world_meshes/construction_cone/materials/textures) by extension 'ignore'
[0.473s] Level 1:colcon.colcon_core.package_identification:_identify(world_meshes/construction_cone/materials/textures) by extension 'ignore_ament_install'
[0.473s] Level 1:colcon.colcon_core.package_identification:_identify(world_meshes/construction_cone/materials/textures) by extensions ['colcon_pkg']
[0.473s] Level 1:colcon.colcon_core.package_identification:_identify(world_meshes/construction_cone/materials/textures) by extension 'colcon_pkg'
[0.473s] Level 1:colcon.colcon_core.package_identification:_identify(world_meshes/construction_cone/materials/textures) by extensions ['colcon_meta']
[0.473s] Level 1:colcon.colcon_core.package_identification:_identify(world_meshes/construction_cone/materials/textures) by extension 'colcon_meta'
[0.473s] Level 1:colcon.colcon_core.package_identification:_identify(world_meshes/construction_cone/materials/textures) by extensions ['ros']
[0.473s] Level 1:colcon.colcon_core.package_identification:_identify(world_meshes/construction_cone/materials/textures) by extension 'ros'
[0.473s] Level 1:colcon.colcon_core.package_identification:_identify(world_meshes/construction_cone/materials/textures) by extensions ['cmake', 'python']
[0.473s] Level 1:colcon.colcon_core.package_identification:_identify(world_meshes/construction_cone/materials/textures) by extension 'cmake'
[0.474s] Level 1:colcon.colcon_core.package_identification:_identify(world_meshes/construction_cone/materials/textures) by extension 'python'
[0.474s] Level 1:colcon.colcon_core.package_identification:_identify(world_meshes/construction_cone/materials/textures) by extensions ['python_setup_py']
[0.474s] Level 1:colcon.colcon_core.package_identification:_identify(world_meshes/construction_cone/materials/textures) by extension 'python_setup_py'
[0.474s] Level 1:colcon.colcon_core.package_identification:_identify(world_meshes/construction_cone/meshes) by extensions ['ignore', 'ignore_ament_install']
[0.474s] Level 1:colcon.colcon_core.package_identification:_identify(world_meshes/construction_cone/meshes) by extension 'ignore'
[0.474s] Level 1:colcon.colcon_core.package_identification:_identify(world_meshes/construction_cone/meshes) by extension 'ignore_ament_install'
[0.474s] Level 1:colcon.colcon_core.package_identification:_identify(world_meshes/construction_cone/meshes) by extensions ['colcon_pkg']
[0.474s] Level 1:colcon.colcon_core.package_identification:_identify(world_meshes/construction_cone/meshes) by extension 'colcon_pkg'
[0.474s] Level 1:colcon.colcon_core.package_identification:_identify(world_meshes/construction_cone/meshes) by extensions ['colcon_meta']
[0.474s] Level 1:colcon.colcon_core.package_identification:_identify(world_meshes/construction_cone/meshes) by extension 'colcon_meta'
[0.474s] Level 1:colcon.colcon_core.package_identification:_identify(world_meshes/construction_cone/meshes) by extensions ['ros']
[0.474s] Level 1:colcon.colcon_core.package_identification:_identify(world_meshes/construction_cone/meshes) by extension 'ros'
[0.474s] Level 1:colcon.colcon_core.package_identification:_identify(world_meshes/construction_cone/meshes) by extensions ['cmake', 'python']
[0.474s] Level 1:colcon.colcon_core.package_identification:_identify(world_meshes/construction_cone/meshes) by extension 'cmake'
[0.474s] Level 1:colcon.colcon_core.package_identification:_identify(world_meshes/construction_cone/meshes) by extension 'python'
[0.474s] Level 1:colcon.colcon_core.package_identification:_identify(world_meshes/construction_cone/meshes) by extensions ['python_setup_py']
[0.474s] Level 1:colcon.colcon_core.package_identification:_identify(world_meshes/construction_cone/meshes) by extension 'python_setup_py'
[0.474s] Level 1:colcon.colcon_core.package_identification:_identify(world_meshes/construction_cone/thumbnails) by extensions ['ignore', 'ignore_ament_install']
[0.474s] Level 1:colcon.colcon_core.package_identification:_identify(world_meshes/construction_cone/thumbnails) by extension 'ignore'
[0.474s] Level 1:colcon.colcon_core.package_identification:_identify(world_meshes/construction_cone/thumbnails) by extension 'ignore_ament_install'
[0.474s] Level 1:colcon.colcon_core.package_identification:_identify(world_meshes/construction_cone/thumbnails) by extensions ['colcon_pkg']
[0.474s] Level 1:colcon.colcon_core.package_identification:_identify(world_meshes/construction_cone/thumbnails) by extension 'colcon_pkg'
[0.474s] Level 1:colcon.colcon_core.package_identification:_identify(world_meshes/construction_cone/thumbnails) by extensions ['colcon_meta']
[0.474s] Level 1:colcon.colcon_core.package_identification:_identify(world_meshes/construction_cone/thumbnails) by extension 'colcon_meta'
[0.474s] Level 1:colcon.colcon_core.package_identification:_identify(world_meshes/construction_cone/thumbnails) by extensions ['ros']
[0.474s] Level 1:colcon.colcon_core.package_identification:_identify(world_meshes/construction_cone/thumbnails) by extension 'ros'
[0.474s] Level 1:colcon.colcon_core.package_identification:_identify(world_meshes/construction_cone/thumbnails) by extensions ['cmake', 'python']
[0.474s] Level 1:colcon.colcon_core.package_identification:_identify(world_meshes/construction_cone/thumbnails) by extension 'cmake'
[0.474s] Level 1:colcon.colcon_core.package_identification:_identify(world_meshes/construction_cone/thumbnails) by extension 'python'
[0.474s] Level 1:colcon.colcon_core.package_identification:_identify(world_meshes/construction_cone/thumbnails) by extensions ['python_setup_py']
[0.474s] Level 1:colcon.colcon_core.package_identification:_identify(world_meshes/construction_cone/thumbnails) by extension 'python_setup_py'
[0.474s] Level 1:colcon.colcon_core.package_discovery:discover_packages(recursive) using defaults
[0.474s] Level 1:colcon.colcon_core.package_discovery:discover_packages(ignore) discover
[0.474s] Level 1:colcon.colcon_core.package_discovery:discover_packages(ignore) using defaults
[0.474s] Level 1:colcon.colcon_core.package_discovery:discover_packages(path) discover
[0.474s] Level 1:colcon.colcon_core.package_discovery:discover_packages(path) using defaults
[0.507s] Level 1:colcon.colcon_core.package_discovery:discover_packages(prefix_path) check parameters
[0.507s] Level 1:colcon.colcon_core.package_discovery:discover_packages(prefix_path) discover
[0.513s] DEBUG:colcon.colcon_installed_package_information.package_discovery:Found 8 installed packages in /home/hars22/rosws/install
[0.516s] DEBUG:colcon.colcon_installed_package_information.package_discovery:Found 433 installed packages in /opt/ros/humble
[0.519s] Level 1:colcon.colcon_core.package_discovery:discover_packages(prefix_path) using defaults
[0.633s] Level 5:colcon.colcon_core.verb:set package 'mobilebot' build argument 'cmake_args' from command line to 'None'
[0.633s] Level 5:colcon.colcon_core.verb:set package 'mobilebot' build argument 'cmake_target' from command line to 'None'
[0.633s] Level 5:colcon.colcon_core.verb:set package 'mobilebot' build argument 'cmake_target_skip_unavailable' from command line to 'False'
[0.633s] Level 5:colcon.colcon_core.verb:set package 'mobilebot' build argument 'cmake_clean_cache' from command line to 'False'
[0.633s] Level 5:colcon.colcon_core.verb:set package 'mobilebot' build argument 'cmake_clean_first' from command line to 'False'
[0.633s] Level 5:colcon.colcon_core.verb:set package 'mobilebot' build argument 'cmake_force_configure' from command line to 'False'
[0.633s] Level 5:colcon.colcon_core.verb:set package 'mobilebot' build argument 'ament_cmake_args' from command line to 'None'
[0.633s] Level 5:colcon.colcon_core.verb:set package 'mobilebot' build argument 'catkin_cmake_args' from command line to 'None'
[0.634s] Level 5:colcon.colcon_core.verb:set package 'mobilebot' build argument 'catkin_skip_building_tests' from command line to 'False'
[0.634s] DEBUG:colcon.colcon_core.verb:Building package 'mobilebot' with the following arguments: {'ament_cmake_args': None, 'build_base': '/home/hars22/rosws/build/mobilebot', 'catkin_cmake_args': None, 'catkin_skip_building_tests': False, 'cmake_args': None, 'cmake_clean_cache': False, 'cmake_clean_first': False, 'cmake_force_configure': False, 'cmake_target': None, 'cmake_target_skip_unavailable': False, 'install_base': '/home/hars22/rosws/install/mobilebot', 'merge_install': False, 'path': '/home/hars22/rosws/src/mobilebot', 'symlink_install': False, 'test_result_base': None}
[0.634s] Level 5:colcon.colcon_core.verb:set package 'mobilebot_controller' build argument 'cmake_args' from command line to 'None'
[0.634s] Level 5:colcon.colcon_core.verb:set package 'mobilebot_controller' build argument 'cmake_target' from command line to 'None'
[0.634s] Level 5:colcon.colcon_core.verb:set package 'mobilebot_controller' build argument 'cmake_target_skip_unavailable' from command line to 'False'
[0.634s] Level 5:colcon.colcon_core.verb:set package 'mobilebot_controller' build argument 'cmake_clean_cache' from command line to 'False'
[0.634s] Level 5:colcon.colcon_core.verb:set package 'mobilebot_controller' build argument 'cmake_clean_first' from command line to 'False'
[0.634s] Level 5:colcon.colcon_core.verb:set package 'mobilebot_controller' build argument 'cmake_force_configure' from command line to 'False'
[0.634s] Level 5:colcon.colcon_core.verb:set package 'mobilebot_controller' build argument 'ament_cmake_args' from command line to 'None'
[0.634s] Level 5:colcon.colcon_core.verb:set package 'mobilebot_controller' build argument 'catkin_cmake_args' from command line to 'None'
[0.634s] Level 5:colcon.colcon_core.verb:set package 'mobilebot_controller' build argument 'catkin_skip_building_tests' from command line to 'False'
[0.634s] DEBUG:colcon.colcon_core.verb:Building package 'mobilebot_controller' with the following arguments: {'ament_cmake_args': None, 'build_base': '/home/hars22/rosws/build/mobilebot_controller', 'catkin_cmake_args': None, 'catkin_skip_building_tests': False, 'cmake_args': None, 'cmake_clean_cache': False, 'cmake_clean_first': False, 'cmake_force_configure': False, 'cmake_target': None, 'cmake_target_skip_unavailable': False, 'install_base': '/home/hars22/rosws/install/mobilebot_controller', 'merge_install': False, 'path': '/home/hars22/rosws/src/mobilebot_controller', 'symlink_install': False, 'test_result_base': None}
[0.635s] Level 5:colcon.colcon_core.verb:set package 'robot' build argument 'cmake_args' from command line to 'None'
[0.635s] Level 5:colcon.colcon_core.verb:set package 'robot' build argument 'cmake_target' from command line to 'None'
[0.635s] Level 5:colcon.colcon_core.verb:set package 'robot' build argument 'cmake_target_skip_unavailable' from command line to 'False'
[0.635s] Level 5:colcon.colcon_core.verb:set package 'robot' build argument 'cmake_clean_cache' from command line to 'False'
[0.635s] Level 5:colcon.colcon_core.verb:set package 'robot' build argument 'cmake_clean_first' from command line to 'False'
[0.635s] Level 5:colcon.colcon_core.verb:set package 'robot' build argument 'cmake_force_configure' from command line to 'False'
[0.635s] Level 5:colcon.colcon_core.verb:set package 'robot' build argument 'ament_cmake_args' from command line to 'None'
[0.635s] Level 5:colcon.colcon_core.verb:set package 'robot' build argument 'catkin_cmake_args' from command line to 'None'
[0.635s] Level 5:colcon.colcon_core.verb:set package 'robot' build argument 'catkin_skip_building_tests' from command line to 'False'
[0.635s] DEBUG:colcon.colcon_core.verb:Building package 'robot' with the following arguments: {'ament_cmake_args': None, 'build_base': '/home/hars22/rosws/build/robot', 'catkin_cmake_args': None, 'catkin_skip_building_tests': False, 'cmake_args': None, 'cmake_clean_cache': False, 'cmake_clean_first': False, 'cmake_force_configure': False, 'cmake_target': None, 'cmake_target_skip_unavailable': False, 'install_base': '/home/hars22/rosws/install/robot', 'merge_install': False, 'path': '/home/hars22/rosws/src/robot', 'symlink_install': False, 'test_result_base': None}
[0.635s] Level 5:colcon.colcon_core.verb:set package 'robot_description' build argument 'cmake_args' from command line to 'None'
[0.635s] Level 5:colcon.colcon_core.verb:set package 'robot_description' build argument 'cmake_target' from command line to 'None'
[0.635s] Level 5:colcon.colcon_core.verb:set package 'robot_description' build argument 'cmake_target_skip_unavailable' from command line to 'False'
[0.635s] Level 5:colcon.colcon_core.verb:set package 'robot_description' build argument 'cmake_clean_cache' from command line to 'False'
[0.635s] Level 5:colcon.colcon_core.verb:set package 'robot_description' build argument 'cmake_clean_first' from command line to 'False'
[0.636s] Level 5:colcon.colcon_core.verb:set package 'robot_description' build argument 'cmake_force_configure' from command line to 'False'
[0.636s] Level 5:colcon.colcon_core.verb:set package 'robot_description' build argument 'ament_cmake_args' from command line to 'None'
[0.636s] Level 5:colcon.colcon_core.verb:set package 'robot_description' build argument 'catkin_cmake_args' from command line to 'None'
[0.636s] Level 5:colcon.colcon_core.verb:set package 'robot_description' build argument 'catkin_skip_building_tests' from command line to 'False'
[0.636s] DEBUG:colcon.colcon_core.verb:Building package 'robot_description' with the following arguments: {'ament_cmake_args': None, 'build_base': '/home/hars22/rosws/build/robot_description', 'catkin_cmake_args': None, 'catkin_skip_building_tests': False, 'cmake_args': None, 'cmake_clean_cache': False, 'cmake_clean_first': False, 'cmake_force_configure': False, 'cmake_target': None, 'cmake_target_skip_unavailable': False, 'install_base': '/home/hars22/rosws/install/robot_description', 'merge_install': False, 'path': '/home/hars22/rosws/src/robot_description', 'symlink_install': False, 'test_result_base': None}
[0.636s] INFO:colcon.colcon_core.executor:Executing jobs using 'parallel' executor
[0.637s] DEBUG:colcon.colcon_parallel_executor.executor.parallel:run_until_complete
[0.637s] INFO:colcon.colcon_ros.task.ament_cmake.build:Building ROS package in '/home/hars22/rosws/src/mobilebot' with build type 'ament_cmake'
[0.638s] INFO:colcon.colcon_cmake.task.cmake.build:Building CMake package in '/home/hars22/rosws/src/mobilebot'
[0.642s] INFO:colcon.colcon_core.plugin_system:Skipping extension 'colcon_core.shell.bat': Not used on non-Windows systems
[0.642s] INFO:colcon.colcon_core.shell:Skip shell extension 'powershell' for command environment: Not usable outside of PowerShell
[0.642s] DEBUG:colcon.colcon_core.shell:Skip shell extension 'dsv' for command environment
[0.646s] INFO:colcon.colcon_ros.task.ament_cmake.build:Building ROS package in '/home/hars22/rosws/src/mobilebot_controller' with build type 'ament_cmake'
[0.646s] INFO:colcon.colcon_cmake.task.cmake.build:Building CMake package in '/home/hars22/rosws/src/mobilebot_controller'
[0.646s] INFO:colcon.colcon_core.shell:Skip shell extension 'powershell' for command environment: Not usable outside of PowerShell
[0.646s] DEBUG:colcon.colcon_core.shell:Skip shell extension 'dsv' for command environment
[0.651s] INFO:colcon.colcon_ros.task.ament_python.build:Building ROS package in '/home/hars22/rosws/src/robot' with build type 'ament_python'
[0.651s] Level 1:colcon.colcon_core.shell:create_environment_hook('robot', 'ament_prefix_path')
[0.651s] INFO:colcon.colcon_core.shell:Creating environment hook '/home/hars22/rosws/install/robot/share/robot/hook/ament_prefix_path.ps1'
[0.653s] INFO:colcon.colcon_core.shell:Creating environment descriptor '/home/hars22/rosws/install/robot/share/robot/hook/ament_prefix_path.dsv'
[0.654s] INFO:colcon.colcon_core.shell:Creating environment hook '/home/hars22/rosws/install/robot/share/robot/hook/ament_prefix_path.sh'
[0.655s] INFO:colcon.colcon_core.shell:Skip shell extension 'powershell' for command environment: Not usable outside of PowerShell
[0.655s] DEBUG:colcon.colcon_core.shell:Skip shell extension 'dsv' for command environment
[0.658s] INFO:colcon.colcon_ros.task.ament_cmake.build:Building ROS package in '/home/hars22/rosws/src/robot_description' with build type 'ament_cmake'
[0.658s] INFO:colcon.colcon_cmake.task.cmake.build:Building CMake package in '/home/hars22/rosws/src/robot_description'
[0.658s] INFO:colcon.colcon_core.shell:Skip shell extension 'powershell' for command environment: Not usable outside of PowerShell
[0.658s] DEBUG:colcon.colcon_core.shell:Skip shell extension 'dsv' for command environment
[0.667s] DEBUG:colcon.colcon_core.event_handler.log_command:Invoking command in '/home/hars22/rosws/build/mobilebot': CMAKE_PREFIX_PATH=${CMAKE_PREFIX_PATH}:/home/hars22/rosws/install/robot:/opt/ros/humble /usr/bin/cmake --build /home/hars22/rosws/build/mobilebot -- -j4 -l4
[0.672s] DEBUG:colcon.colcon_core.event_handler.log_command:Invoking command in '/home/hars22/rosws/build/mobilebot_controller': CMAKE_PREFIX_PATH=${CMAKE_PREFIX_PATH}:/home/hars22/rosws/install/robot:/opt/ros/humble /usr/bin/cmake --build /home/hars22/rosws/build/mobilebot_controller -- -j4 -l4
[0.973s] INFO:colcon.colcon_core.task.python.build:Building Python package in '/home/hars22/rosws/src/robot'
[0.974s] INFO:colcon.colcon_core.shell:Skip shell extension 'powershell' for command environment: Not usable outside of PowerShell
[0.974s] DEBUG:colcon.colcon_core.shell:Skip shell extension 'dsv' for command environment
[0.988s] DEBUG:colcon.colcon_core.event_handler.log_command:Invoking command in '/home/hars22/rosws/build/robot_description': CMAKE_PREFIX_PATH=${CMAKE_PREFIX_PATH}:/home/hars22/rosws/install/robot:/opt/ros/humble /usr/bin/cmake --build /home/hars22/rosws/build/robot_description -- -j4 -l4
[0.993s] DEBUG:colcon.colcon_core.event_handler.log_command:Invoked command in '/home/hars22/rosws/build/mobilebot' returned '0': CMAKE_PREFIX_PATH=${CMAKE_PREFIX_PATH}:/home/hars22/rosws/install/robot:/opt/ros/humble /usr/bin/cmake --build /home/hars22/rosws/build/mobilebot -- -j4 -l4
[1.001s] DEBUG:colcon.colcon_core.event_handler.log_command:Invoking command in '/home/hars22/rosws/build/mobilebot': CMAKE_PREFIX_PATH=${CMAKE_PREFIX_PATH}:/home/hars22/rosws/install/robot:/opt/ros/humble /usr/bin/cmake --install /home/hars22/rosws/build/mobilebot
[1.002s] DEBUG:colcon.colcon_core.event_handler.log_command:Invoked command in '/home/hars22/rosws/build/mobilebot_controller' returned '0': CMAKE_PREFIX_PATH=${CMAKE_PREFIX_PATH}:/home/hars22/rosws/install/robot:/opt/ros/humble /usr/bin/cmake --build /home/hars22/rosws/build/mobilebot_controller -- -j4 -l4
[1.004s] DEBUG:colcon.colcon_core.event_handler.log_command:Invoking command in '/home/hars22/rosws/build/mobilebot_controller': CMAKE_PREFIX_PATH=${CMAKE_PREFIX_PATH}:/home/hars22/rosws/install/robot:/opt/ros/humble /usr/bin/cmake --install /home/hars22/rosws/build/mobilebot_controller
[1.018s] DEBUG:colcon.colcon_core.event_handler.log_command:Invoked command in '/home/hars22/rosws/build/robot_description' returned '0': CMAKE_PREFIX_PATH=${CMAKE_PREFIX_PATH}:/home/hars22/rosws/install/robot:/opt/ros/humble /usr/bin/cmake --build /home/hars22/rosws/build/robot_description -- -j4 -l4
[1.024s] DEBUG:colcon.colcon_core.event_handler.log_command:Invoking command in '/home/hars22/rosws/build/robot_description': CMAKE_PREFIX_PATH=${CMAKE_PREFIX_PATH}:/home/hars22/rosws/install/robot:/opt/ros/humble /usr/bin/cmake --install /home/hars22/rosws/build/robot_description
[1.025s] Level 1:colcon.colcon_core.environment:create_environment_scripts_only(mobilebot_controller)
[1.025s] DEBUG:colcon.colcon_core.event_handler.log_command:Invoked command in '/home/hars22/rosws/build/mobilebot_controller' returned '0': CMAKE_PREFIX_PATH=${CMAKE_PREFIX_PATH}:/home/hars22/rosws/install/robot:/opt/ros/humble /usr/bin/cmake --install /home/hars22/rosws/build/mobilebot_controller
[1.027s] Level 1:colcon.colcon_core.environment:checking '/home/hars22/rosws/install/mobilebot_controller' for CMake module files
[1.028s] Level 1:colcon.colcon_core.environment:checking '/home/hars22/rosws/install/mobilebot_controller' for CMake config files
[1.028s] Level 1:colcon.colcon_core.shell:create_environment_hook('mobilebot_controller', 'cmake_prefix_path')
[1.028s] INFO:colcon.colcon_core.shell:Creating environment hook '/home/hars22/rosws/install/mobilebot_controller/share/mobilebot_controller/hook/cmake_prefix_path.ps1'
[1.028s] INFO:colcon.colcon_core.shell:Creating environment descriptor '/home/hars22/rosws/install/mobilebot_controller/share/mobilebot_controller/hook/cmake_prefix_path.dsv'
[1.028s] INFO:colcon.colcon_core.shell:Creating environment hook '/home/hars22/rosws/install/mobilebot_controller/share/mobilebot_controller/hook/cmake_prefix_path.sh'
[1.029s] Level 1:colcon.colcon_core.environment:checking '/home/hars22/rosws/install/mobilebot_controller/bin'
[1.029s] Level 1:colcon.colcon_core.environment:checking '/home/hars22/rosws/install/mobilebot_controller/lib/pkgconfig/mobilebot_controller.pc'
[1.029s] Level 1:colcon.colcon_core.environment:checking '/home/hars22/rosws/install/mobilebot_controller/lib/python3.10/site-packages'
[1.029s] Level 1:colcon.colcon_core.environment:checking '/home/hars22/rosws/install/mobilebot_controller/bin'
[1.029s] INFO:colcon.colcon_core.shell:Creating package script '/home/hars22/rosws/install/mobilebot_controller/share/mobilebot_controller/package.ps1'
[1.030s] INFO:colcon.colcon_core.shell:Creating package descriptor '/home/hars22/rosws/install/mobilebot_controller/share/mobilebot_controller/package.dsv'
[1.030s] INFO:colcon.colcon_core.shell:Creating package script '/home/hars22/rosws/install/mobilebot_controller/share/mobilebot_controller/package.sh'
[1.031s] INFO:colcon.colcon_core.shell:Creating package script '/home/hars22/rosws/install/mobilebot_controller/share/mobilebot_controller/package.bash'
[1.031s] INFO:colcon.colcon_core.shell:Creating package script '/home/hars22/rosws/install/mobilebot_controller/share/mobilebot_controller/package.zsh'
[1.032s] Level 1:colcon.colcon_core.environment:create_file_with_runtime_dependencies(/home/hars22/rosws/install/mobilebot_controller/share/colcon-core/packages/mobilebot_controller)
[1.033s] Level 1:colcon.colcon_core.environment:create_environment_scripts_only(mobilebot_controller)
[1.033s] Level 1:colcon.colcon_core.environment:checking '/home/hars22/rosws/install/mobilebot_controller' for CMake module files
[1.033s] Level 1:colcon.colcon_core.environment:checking '/home/hars22/rosws/install/mobilebot_controller' for CMake config files
[1.033s] Level 1:colcon.colcon_core.shell:create_environment_hook('mobilebot_controller', 'cmake_prefix_path')
[1.033s] INFO:colcon.colcon_core.shell:Creating environment hook '/home/hars22/rosws/install/mobilebot_controller/share/mobilebot_controller/hook/cmake_prefix_path.ps1'
[1.034s] INFO:colcon.colcon_core.shell:Creating environment descriptor '/home/hars22/rosws/install/mobilebot_controller/share/mobilebot_controller/hook/cmake_prefix_path.dsv'
[1.034s] INFO:colcon.colcon_core.shell:Creating environment hook '/home/hars22/rosws/install/mobilebot_controller/share/mobilebot_controller/hook/cmake_prefix_path.sh'
[1.034s] Level 1:colcon.colcon_core.environment:checking '/home/hars22/rosws/install/mobilebot_controller/bin'
[1.034s] Level 1:colcon.colcon_core.environment:checking '/home/hars22/rosws/install/mobilebot_controller/lib/pkgconfig/mobilebot_controller.pc'
[1.035s] Level 1:colcon.colcon_core.environment:checking '/home/hars22/rosws/install/mobilebot_controller/lib/python3.10/site-packages'
[1.035s] Level 1:colcon.colcon_core.environment:checking '/home/hars22/rosws/install/mobilebot_controller/bin'
[1.035s] INFO:colcon.colcon_core.shell:Creating package script '/home/hars22/rosws/install/mobilebot_controller/share/mobilebot_controller/package.ps1'
[1.036s] INFO:colcon.colcon_core.shell:Creating package descriptor '/home/hars22/rosws/install/mobilebot_controller/share/mobilebot_controller/package.dsv'
[1.036s] INFO:colcon.colcon_core.shell:Creating package script '/home/hars22/rosws/install/mobilebot_controller/share/mobilebot_controller/package.sh'
[1.036s] INFO:colcon.colcon_core.shell:Creating package script '/home/hars22/rosws/install/mobilebot_controller/share/mobilebot_controller/package.bash'
[1.037s] INFO:colcon.colcon_core.shell:Creating package script '/home/hars22/rosws/install/mobilebot_controller/share/mobilebot_controller/package.zsh'
[1.037s] Level 1:colcon.colcon_core.environment:create_file_with_runtime_dependencies(/home/hars22/rosws/install/mobilebot_controller/share/colcon-core/packages/mobilebot_controller)
[1.037s] Level 1:colcon.colcon_core.environment:create_environment_scripts_only(mobilebot)
[1.038s] DEBUG:colcon.colcon_core.event_handler.log_command:Invoked command in '/home/hars22/rosws/build/mobilebot' returned '0': CMAKE_PREFIX_PATH=${CMAKE_PREFIX_PATH}:/home/hars22/rosws/install/robot:/opt/ros/humble /usr/bin/cmake --install /home/hars22/rosws/build/mobilebot
[1.038s] Level 1:colcon.colcon_core.environment:checking '/home/hars22/rosws/install/mobilebot' for CMake module files
[1.038s] Level 1:colcon.colcon_core.environment:checking '/home/hars22/rosws/install/mobilebot' for CMake config files
[1.038s] Level 1:colcon.colcon_core.shell:create_environment_hook('mobilebot', 'cmake_prefix_path')
[1.038s] INFO:colcon.colcon_core.shell:Creating environment hook '/home/hars22/rosws/install/mobilebot/share/mobilebot/hook/cmake_prefix_path.ps1'
[1.039s] INFO:colcon.colcon_core.shell:Creating environment descriptor '/home/hars22/rosws/install/mobilebot/share/mobilebot/hook/cmake_prefix_path.dsv'
[1.039s] INFO:colcon.colcon_core.shell:Creating environment hook '/home/hars22/rosws/install/mobilebot/share/mobilebot/hook/cmake_prefix_path.sh'
[1.039s] Level 1:colcon.colcon_core.environment:checking '/home/hars22/rosws/install/mobilebot/bin'
[1.039s] Level 1:colcon.colcon_core.environment:checking '/home/hars22/rosws/install/mobilebot/lib/pkgconfig/mobilebot.pc'
[1.039s] Level 1:colcon.colcon_core.environment:checking '/home/hars22/rosws/install/mobilebot/lib/python3.10/site-packages'
[1.039s] Level 1:colcon.colcon_core.environment:checking '/home/hars22/rosws/install/mobilebot/bin'
[1.039s] INFO:colcon.colcon_core.shell:Creating package script '/home/hars22/rosws/install/mobilebot/share/mobilebot/package.ps1'
[1.040s] INFO:colcon.colcon_core.shell:Creating package descriptor '/home/hars22/rosws/install/mobilebot/share/mobilebot/package.dsv'
[1.040s] INFO:colcon.colcon_core.shell:Creating package script '/home/hars22/rosws/install/mobilebot/share/mobilebot/package.sh'
[1.040s] INFO:colcon.colcon_core.shell:Creating package script '/home/hars22/rosws/install/mobilebot/share/mobilebot/package.bash'
[1.040s] INFO:colcon.colcon_core.shell:Creating package script '/home/hars22/rosws/install/mobilebot/share/mobilebot/package.zsh'
[1.041s] Level 1:colcon.colcon_core.environment:create_file_with_runtime_dependencies(/home/hars22/rosws/install/mobilebot/share/colcon-core/packages/mobilebot)
[1.041s] Level 1:colcon.colcon_core.environment:create_environment_scripts_only(mobilebot)
[1.041s] Level 1:colcon.colcon_core.environment:checking '/home/hars22/rosws/install/mobilebot' for CMake module files
[1.041s] Level 1:colcon.colcon_core.environment:checking '/home/hars22/rosws/install/mobilebot' for CMake config files
[1.041s] Level 1:colcon.colcon_core.shell:create_environment_hook('mobilebot', 'cmake_prefix_path')
[1.042s] INFO:colcon.colcon_core.shell:Creating environment hook '/home/hars22/rosws/install/mobilebot/share/mobilebot/hook/cmake_prefix_path.ps1'
[1.042s] INFO:colcon.colcon_core.shell:Creating environment descriptor '/home/hars22/rosws/install/mobilebot/share/mobilebot/hook/cmake_prefix_path.dsv'
[1.042s] INFO:colcon.colcon_core.shell:Creating environment hook '/home/hars22/rosws/install/mobilebot/share/mobilebot/hook/cmake_prefix_path.sh'
[1.042s] Level 1:colcon.colcon_core.environment:checking '/home/hars22/rosws/install/mobilebot/bin'
[1.042s] Level 1:colcon.colcon_core.environment:checking '/home/hars22/rosws/install/mobilebot/lib/pkgconfig/mobilebot.pc'
[1.042s] Level 1:colcon.colcon_core.environment:checking '/home/hars22/rosws/install/mobilebot/lib/python3.10/site-packages'
[1.043s] Level 1:colcon.colcon_core.environment:checking '/home/hars22/rosws/install/mobilebot/bin'
[1.043s] INFO:colcon.colcon_core.shell:Creating package script '/home/hars22/rosws/install/mobilebot/share/mobilebot/package.ps1'
[1.043s] INFO:colcon.colcon_core.shell:Creating package descriptor '/home/hars22/rosws/install/mobilebot/share/mobilebot/package.dsv'
[1.044s] INFO:colcon.colcon_core.shell:Creating package script '/home/hars22/rosws/install/mobilebot/share/mobilebot/package.sh'
[1.044s] INFO:colcon.colcon_core.shell:Creating package script '/home/hars22/rosws/install/mobilebot/share/mobilebot/package.bash'
[1.044s] INFO:colcon.colcon_core.shell:Creating package script '/home/hars22/rosws/install/mobilebot/share/mobilebot/package.zsh'
[1.044s] Level 1:colcon.colcon_core.environment:create_file_with_runtime_dependencies(/home/hars22/rosws/install/mobilebot/share/colcon-core/packages/mobilebot)
[1.045s] Level 1:colcon.colcon_core.environment:create_environment_scripts_only(robot_description)
[1.045s] DEBUG:colcon.colcon_core.event_handler.log_command:Invoked command in '/home/hars22/rosws/build/robot_description' returned '0': CMAKE_PREFIX_PATH=${CMAKE_PREFIX_PATH}:/home/hars22/rosws/install/robot:/opt/ros/humble /usr/bin/cmake --install /home/hars22/rosws/build/robot_description
[1.045s] Level 1:colcon.colcon_core.environment:checking '/home/hars22/rosws/install/robot_description' for CMake module files
[1.046s] Level 1:colcon.colcon_core.environment:checking '/home/hars22/rosws/install/robot_description' for CMake config files
[1.046s] Level 1:colcon.colcon_core.shell:create_environment_hook('robot_description', 'cmake_prefix_path')
[1.046s] INFO:colcon.colcon_core.shell:Creating environment hook '/home/hars22/rosws/install/robot_description/share/robot_description/hook/cmake_prefix_path.ps1'
[1.046s] INFO:colcon.colcon_core.shell:Creating environment descriptor '/home/hars22/rosws/install/robot_description/share/robot_description/hook/cmake_prefix_path.dsv'
[1.046s] INFO:colcon.colcon_core.shell:Creating environment hook '/home/hars22/rosws/install/robot_description/share/robot_description/hook/cmake_prefix_path.sh'
[1.047s] Level 1:colcon.colcon_core.environment:checking '/home/hars22/rosws/install/robot_description/bin'
[1.047s] Level 1:colcon.colcon_core.environment:checking '/home/hars22/rosws/install/robot_description/lib/pkgconfig/robot_description.pc'
[1.047s] Level 1:colcon.colcon_core.environment:checking '/home/hars22/rosws/install/robot_description/lib/python3.10/site-packages'
[1.047s] Level 1:colcon.colcon_core.environment:checking '/home/hars22/rosws/install/robot_description/bin'
[1.047s] INFO:colcon.colcon_core.shell:Creating package script '/home/hars22/rosws/install/robot_description/share/robot_description/package.ps1'
[1.047s] INFO:colcon.colcon_core.shell:Creating package descriptor '/home/hars22/rosws/install/robot_description/share/robot_description/package.dsv'
[1.048s] INFO:colcon.colcon_core.shell:Creating package script '/home/hars22/rosws/install/robot_description/share/robot_description/package.sh'
[1.048s] INFO:colcon.colcon_core.shell:Creating package script '/home/hars22/rosws/install/robot_description/share/robot_description/package.bash'
[1.048s] INFO:colcon.colcon_core.shell:Creating package script '/home/hars22/rosws/install/robot_description/share/robot_description/package.zsh'
[1.050s] Level 1:colcon.colcon_core.environment:create_file_with_runtime_dependencies(/home/hars22/rosws/install/robot_description/share/colcon-core/packages/robot_description)
[1.051s] Level 1:colcon.colcon_core.environment:create_environment_scripts_only(robot_description)
[1.051s] Level 1:colcon.colcon_core.environment:checking '/home/hars22/rosws/install/robot_description' for CMake module files
[1.051s] Level 1:colcon.colcon_core.environment:checking '/home/hars22/rosws/install/robot_description' for CMake config files
[1.051s] Level 1:colcon.colcon_core.shell:create_environment_hook('robot_description', 'cmake_prefix_path')
[1.051s] INFO:colcon.colcon_core.shell:Creating environment hook '/home/hars22/rosws/install/robot_description/share/robot_description/hook/cmake_prefix_path.ps1'
[1.052s] INFO:colcon.colcon_core.shell:Creating environment descriptor '/home/hars22/rosws/install/robot_description/share/robot_description/hook/cmake_prefix_path.dsv'
[1.052s] INFO:colcon.colcon_core.shell:Creating environment hook '/home/hars22/rosws/install/robot_description/share/robot_description/hook/cmake_prefix_path.sh'
[1.052s] Level 1:colcon.colcon_core.environment:checking '/home/hars22/rosws/install/robot_description/bin'
[1.052s] Level 1:colcon.colcon_core.environment:checking '/home/hars22/rosws/install/robot_description/lib/pkgconfig/robot_description.pc'
[1.052s] Level 1:colcon.colcon_core.environment:checking '/home/hars22/rosws/install/robot_description/lib/python3.10/site-packages'
[1.052s] Level 1:colcon.colcon_core.environment:checking '/home/hars22/rosws/install/robot_description/bin'
[1.053s] INFO:colcon.colcon_core.shell:Creating package script '/home/hars22/rosws/install/robot_description/share/robot_description/package.ps1'
[1.053s] INFO:colcon.colcon_core.shell:Creating package descriptor '/home/hars22/rosws/install/robot_description/share/robot_description/package.dsv'
[1.053s] INFO:colcon.colcon_core.shell:Creating package script '/home/hars22/rosws/install/robot_description/share/robot_description/package.sh'
[1.053s] INFO:colcon.colcon_core.shell:Creating package script '/home/hars22/rosws/install/robot_description/share/robot_description/package.bash'
[1.054s] INFO:colcon.colcon_core.shell:Creating package script '/home/hars22/rosws/install/robot_description/share/robot_description/package.zsh'
[1.054s] Level 1:colcon.colcon_core.environment:create_file_with_runtime_dependencies(/home/hars22/rosws/install/robot_description/share/colcon-core/packages/robot_description)
[1.382s] DEBUG:colcon.colcon_core.event_handler.log_command:Invoking command in '/home/hars22/rosws/src/robot': PYTHONPATH=/home/hars22/rosws/build/robot/prefix_override:/usr/lib/python3/dist-packages/colcon_core/task/python/colcon_distutils_commands:/home/hars22/rosws/install/robot/lib/python3.10/site-packages:${PYTHONPATH} /usr/bin/python3 -W ignore:setup.py install is deprecated -W ignore:easy_install command is deprecated setup.py egg_info --egg-base ../../build/robot build --build-base /home/hars22/rosws/build/robot/build install --record /home/hars22/rosws/build/robot/install.log --single-version-externally-managed install_data
[1.559s] Level 1:colcon.colcon_core.environment:checking '/home/hars22/rosws/install/robot' for CMake module files
[1.559s] DEBUG:colcon.colcon_core.event_handler.log_command:Invoked command in '/home/hars22/rosws/src/robot' returned '0': PYTHONPATH=/home/hars22/rosws/build/robot/prefix_override:/usr/lib/python3/dist-packages/colcon_core/task/python/colcon_distutils_commands:/home/hars22/rosws/install/robot/lib/python3.10/site-packages:${PYTHONPATH} /usr/bin/python3 -W ignore:setup.py install is deprecated -W ignore:easy_install command is deprecated setup.py egg_info --egg-base ../../build/robot build --build-base /home/hars22/rosws/build/robot/build install --record /home/hars22/rosws/build/robot/install.log --single-version-externally-managed install_data
[1.559s] Level 1:colcon.colcon_core.environment:checking '/home/hars22/rosws/install/robot' for CMake config files
[1.560s] Level 1:colcon.colcon_core.environment:checking '/home/hars22/rosws/install/robot/lib'
[1.560s] Level 1:colcon.colcon_core.environment:checking '/home/hars22/rosws/install/robot/bin'
[1.560s] Level 1:colcon.colcon_core.environment:checking '/home/hars22/rosws/install/robot/lib/pkgconfig/robot.pc'
[1.560s] Level 1:colcon.colcon_core.environment:checking '/home/hars22/rosws/install/robot/lib/python3.10/site-packages'
[1.560s] Level 1:colcon.colcon_core.shell:create_environment_hook('robot', 'pythonpath')
[1.560s] INFO:colcon.colcon_core.shell:Creating environment hook '/home/hars22/rosws/install/robot/share/robot/hook/pythonpath.ps1'
[1.561s] INFO:colcon.colcon_core.shell:Creating environment descriptor '/home/hars22/rosws/install/robot/share/robot/hook/pythonpath.dsv'
[1.561s] INFO:colcon.colcon_core.shell:Creating environment hook '/home/hars22/rosws/install/robot/share/robot/hook/pythonpath.sh'
[1.561s] Level 1:colcon.colcon_core.environment:checking '/home/hars22/rosws/install/robot/bin'
[1.561s] Level 1:colcon.colcon_core.environment:create_environment_scripts_only(robot)
[1.561s] INFO:colcon.colcon_core.shell:Creating package script '/home/hars22/rosws/install/robot/share/robot/package.ps1'
[1.561s] INFO:colcon.colcon_core.shell:Creating package descriptor '/home/hars22/rosws/install/robot/share/robot/package.dsv'
[1.562s] INFO:colcon.colcon_core.shell:Creating package script '/home/hars22/rosws/install/robot/share/robot/package.sh'
[1.562s] INFO:colcon.colcon_core.shell:Creating package script '/home/hars22/rosws/install/robot/share/robot/package.bash'
[1.562s] INFO:colcon.colcon_core.shell:Creating package script '/home/hars22/rosws/install/robot/share/robot/package.zsh'
[1.562s] Level 1:colcon.colcon_core.environment:create_file_with_runtime_dependencies(/home/hars22/rosws/install/robot/share/colcon-core/packages/robot)
[1.562s] DEBUG:colcon.colcon_parallel_executor.executor.parallel:closing loop
[1.563s] DEBUG:colcon.colcon_parallel_executor.executor.parallel:loop closed
[1.563s] DEBUG:colcon.colcon_parallel_executor.executor.parallel:run_until_complete finished with '0'
[1.563s] DEBUG:colcon.colcon_core.event_reactor:joining thread
[1.570s] INFO:colcon.colcon_core.plugin_system:Skipping extension 'colcon_notification.desktop_notification.terminal_notifier': Not used on non-Darwin systems
[1.570s] INFO:colcon.colcon_core.plugin_system:Skipping extension 'colcon_notification.desktop_notification.win32': Not used on non-Windows systems
[1.570s] INFO:colcon.colcon_notification.desktop_notification:Sending desktop notification using 'notify2'
[1.620s] DEBUG:colcon.colcon_core.event_reactor:joined thread
[1.621s] INFO:colcon.colcon_core.shell:Creating prefix script '/home/hars22/rosws/install/local_setup.ps1'
[1.622s] INFO:colcon.colcon_core.shell:Creating prefix util module '/home/hars22/rosws/install/_local_setup_util_ps1.py'
[1.624s] INFO:colcon.colcon_core.shell:Creating prefix chain script '/home/hars22/rosws/install/setup.ps1'
[1.625s] INFO:colcon.colcon_core.shell:Creating prefix script '/home/hars22/rosws/install/local_setup.sh'
[1.626s] INFO:colcon.colcon_core.shell:Creating prefix util module '/home/hars22/rosws/install/_local_setup_util_sh.py'
[1.626s] INFO:colcon.colcon_core.shell:Creating prefix chain script '/home/hars22/rosws/install/setup.sh'
[1.628s] INFO:colcon.colcon_core.shell:Creating prefix script '/home/hars22/rosws/install/local_setup.bash'
[1.628s] INFO:colcon.colcon_core.shell:Creating prefix chain script '/home/hars22/rosws/install/setup.bash'
[1.630s] INFO:colcon.colcon_core.shell:Creating prefix script '/home/hars22/rosws/install/local_setup.zsh'
[1.630s] INFO:colcon.colcon_core.shell:Creating prefix chain script '/home/hars22/rosws/install/setup.zsh'
