[0.116s] DEBUG:colcon:Command line arguments: ['/usr/bin/colcon', 'build']
[0.116s] DEBUG:colcon:Parsed command line arguments: Namespace(log_base=None, log_level=None, verb_name='build', build_base='build', install_base='install', merge_install=False, symlink_install=False, test_result_base=None, continue_on_error=False, executor='parallel', parallel_workers=4, event_handlers=None, ignore_user_meta=False, metas=['./colcon.meta'], base_paths=['.'], packages_ignore=None, packages_ignore_regex=None, paths=None, packages_up_to=None, packages_up_to_regex=None, packages_above=None, packages_above_and_dependencies=None, packages_above_depth=None, packages_select_by_dep=None, packages_skip_by_dep=None, packages_skip_up_to=None, packages_select_build_failed=False, packages_skip_build_finished=False, packages_select_test_failures=False, packages_skip_test_passed=False, packages_select=None, packages_skip=None, packages_select_regex=None, packages_skip_regex=None, packages_start=None, packages_end=None, allow_overriding=[], cmake_args=None, cmake_target=None, cmake_target_skip_unavailable=False, cmake_clean_cache=False, cmake_clean_first=False, cmake_force_configure=False, ament_cmake_args=None, catkin_cmake_args=None, catkin_skip_building_tests=False, verb_parser=<colcon_defaults.argument_parser.defaults.DefaultArgumentsDecorator object at 0xffff922d1030>, verb_extension=<colcon_core.verb.build.BuildVerb object at 0xffff922d0ac0>, main=<bound method BuildVerb.main of <colcon_core.verb.build.BuildVerb object at 0xffff922d0ac0>>)
[0.331s] Level 1:colcon.colcon_core.package_discovery:discover_packages(colcon_meta) check parameters
[0.331s] Level 1:colcon.colcon_core.package_discovery:discover_packages(recursive) check parameters
[0.331s] Level 1:colcon.colcon_core.package_discovery:discover_packages(ignore) check parameters
[0.331s] Level 1:colcon.colcon_core.package_discovery:discover_packages(path) check parameters
[0.331s] Level 1:colcon.colcon_core.package_discovery:discover_packages(colcon_meta) discover
[0.331s] Level 1:colcon.colcon_core.package_discovery:discover_packages(recursive) discover
[0.331s] INFO:colcon.colcon_core.package_discovery:Crawling recursively for packages in '/home/hars22/rosws'
[0.332s] Level 1:colcon.colcon_core.package_identification:_identify(.) by extensions ['ignore', 'ignore_ament_install']
[0.332s] Level 1:colcon.colcon_core.package_identification:_identify(.) by extension 'ignore'
[0.332s] Level 1:colcon.colcon_core.package_identification:_identify(.) by extension 'ignore_ament_install'
[0.332s] Level 1:colcon.colcon_core.package_identification:_identify(.) by extensions ['colcon_pkg']
[0.332s] Level 1:colcon.colcon_core.package_identification:_identify(.) by extension 'colcon_pkg'
[0.332s] Level 1:colcon.colcon_core.package_identification:_identify(.) by extensions ['colcon_meta']
[0.332s] Level 1:colcon.colcon_core.package_identification:_identify(.) by extension 'colcon_meta'
[0.332s] Level 1:colcon.colcon_core.package_identification:_identify(.) by extensions ['ros']
[0.332s] Level 1:colcon.colcon_core.package_identification:_identify(.) by extension 'ros'
[0.342s] Level 1:colcon.colcon_core.package_identification:_identify(.) by extensions ['cmake', 'python']
[0.342s] Level 1:colcon.colcon_core.package_identification:_identify(.) by extension 'cmake'
[0.342s] Level 1:colcon.colcon_core.package_identification:_identify(.) by extension 'python'
[0.342s] Level 1:colcon.colcon_core.package_identification:_identify(.) by extensions ['python_setup_py']
[0.342s] Level 1:colcon.colcon_core.package_identification:_identify(.) by extension 'python_setup_py'
[0.342s] Level 1:colcon.colcon_core.package_identification:_identify(build) by extensions ['ignore', 'ignore_ament_install']
[0.342s] Level 1:colcon.colcon_core.package_identification:_identify(build) by extension 'ignore'
[0.342s] Level 1:colcon.colcon_core.package_identification:_identify(build) ignored
[0.342s] Level 1:colcon.colcon_core.package_identification:_identify(install) by extensions ['ignore', 'ignore_ament_install']
[0.342s] Level 1:colcon.colcon_core.package_identification:_identify(install) by extension 'ignore'
[0.342s] Level 1:colcon.colcon_core.package_identification:_identify(install) ignored
[0.342s] Level 1:colcon.colcon_core.package_identification:_identify(log) by extensions ['ignore', 'ignore_ament_install']
[0.342s] Level 1:colcon.colcon_core.package_identification:_identify(log) by extension 'ignore'
[0.342s] Level 1:colcon.colcon_core.package_identification:_identify(log) ignored
[0.342s] Level 1:colcon.colcon_core.package_identification:_identify(src) by extensions ['ignore', 'ignore_ament_install']
[0.342s] Level 1:colcon.colcon_core.package_identification:_identify(src) by extension 'ignore'
[0.342s] Level 1:colcon.colcon_core.package_identification:_identify(src) by extension 'ignore_ament_install'
[0.342s] Level 1:colcon.colcon_core.package_identification:_identify(src) by extensions ['colcon_pkg']
[0.343s] Level 1:colcon.colcon_core.package_identification:_identify(src) by extension 'colcon_pkg'
[0.343s] Level 1:colcon.colcon_core.package_identification:_identify(src) by extensions ['colcon_meta']
[0.343s] Level 1:colcon.colcon_core.package_identification:_identify(src) by extension 'colcon_meta'
[0.343s] Level 1:colcon.colcon_core.package_identification:_identify(src) by extensions ['ros']
[0.343s] Level 1:colcon.colcon_core.package_identification:_identify(src) by extension 'ros'
[0.343s] Level 1:colcon.colcon_core.package_identification:_identify(src) by extensions ['cmake', 'python']
[0.343s] Level 1:colcon.colcon_core.package_identification:_identify(src) by extension 'cmake'
[0.343s] Level 1:colcon.colcon_core.package_identification:_identify(src) by extension 'python'
[0.343s] Level 1:colcon.colcon_core.package_identification:_identify(src) by extensions ['python_setup_py']
[0.343s] Level 1:colcon.colcon_core.package_identification:_identify(src) by extension 'python_setup_py'
[0.343s] Level 1:colcon.colcon_core.package_identification:_identify(src/mobilebot) by extensions ['ignore', 'ignore_ament_install']
[0.343s] Level 1:colcon.colcon_core.package_identification:_identify(src/mobilebot) by extension 'ignore'
[0.343s] Level 1:colcon.colcon_core.package_identification:_identify(src/mobilebot) by extension 'ignore_ament_install'
[0.343s] Level 1:colcon.colcon_core.package_identification:_identify(src/mobilebot) by extensions ['colcon_pkg']
[0.343s] Level 1:colcon.colcon_core.package_identification:_identify(src/mobilebot) by extension 'colcon_pkg'
[0.343s] Level 1:colcon.colcon_core.package_identification:_identify(src/mobilebot) by extensions ['colcon_meta']
[0.343s] Level 1:colcon.colcon_core.package_identification:_identify(src/mobilebot) by extension 'colcon_meta'
[0.343s] Level 1:colcon.colcon_core.package_identification:_identify(src/mobilebot) by extensions ['ros']
[0.343s] Level 1:colcon.colcon_core.package_identification:_identify(src/mobilebot) by extension 'ros'
[0.345s] DEBUG:colcon.colcon_core.package_identification:Package 'src/mobilebot' with type 'ros.ament_cmake' and name 'mobilebot'
[0.345s] Level 1:colcon.colcon_core.package_identification:_identify(src/mobilebot_controller) by extensions ['ignore', 'ignore_ament_install']
[0.345s] Level 1:colcon.colcon_core.package_identification:_identify(src/mobilebot_controller) by extension 'ignore'
[0.345s] Level 1:colcon.colcon_core.package_identification:_identify(src/mobilebot_controller) by extension 'ignore_ament_install'
[0.345s] Level 1:colcon.colcon_core.package_identification:_identify(src/mobilebot_controller) by extensions ['colcon_pkg']
[0.345s] Level 1:colcon.colcon_core.package_identification:_identify(src/mobilebot_controller) by extension 'colcon_pkg'
[0.345s] Level 1:colcon.colcon_core.package_identification:_identify(src/mobilebot_controller) by extensions ['colcon_meta']
[0.345s] Level 1:colcon.colcon_core.package_identification:_identify(src/mobilebot_controller) by extension 'colcon_meta'
[0.345s] Level 1:colcon.colcon_core.package_identification:_identify(src/mobilebot_controller) by extensions ['ros']
[0.345s] Level 1:colcon.colcon_core.package_identification:_identify(src/mobilebot_controller) by extension 'ros'
[0.345s] DEBUG:colcon.colcon_core.package_identification:Package 'src/mobilebot_controller' with type 'ros.ament_cmake' and name 'mobilebot_controller'
[0.345s] Level 1:colcon.colcon_core.package_identification:_identify(src/robot) by extensions ['ignore', 'ignore_ament_install']
[0.346s] Level 1:colcon.colcon_core.package_identification:_identify(src/robot) by extension 'ignore'
[0.346s] Level 1:colcon.colcon_core.package_identification:_identify(src/robot) by extension 'ignore_ament_install'
[0.346s] Level 1:colcon.colcon_core.package_identification:_identify(src/robot) by extensions ['colcon_pkg']
[0.346s] Level 1:colcon.colcon_core.package_identification:_identify(src/robot) by extension 'colcon_pkg'
[0.346s] Level 1:colcon.colcon_core.package_identification:_identify(src/robot) by extensions ['colcon_meta']
[0.346s] Level 1:colcon.colcon_core.package_identification:_identify(src/robot) by extension 'colcon_meta'
[0.346s] Level 1:colcon.colcon_core.package_identification:_identify(src/robot) by extensions ['ros']
[0.346s] Level 1:colcon.colcon_core.package_identification:_identify(src/robot) by extension 'ros'
[0.346s] DEBUG:colcon.colcon_core.package_identification:Package 'src/robot' with type 'ros.ament_python' and name 'robot'
[0.346s] Level 1:colcon.colcon_core.package_identification:_identify(src/robot_description) by extensions ['ignore', 'ignore_ament_install']
[0.346s] Level 1:colcon.colcon_core.package_identification:_identify(src/robot_description) by extension 'ignore'
[0.346s] Level 1:colcon.colcon_core.package_identification:_identify(src/robot_description) by extension 'ignore_ament_install'
[0.346s] Level 1:colcon.colcon_core.package_identification:_identify(src/robot_description) by extensions ['colcon_pkg']
[0.346s] Level 1:colcon.colcon_core.package_identification:_identify(src/robot_description) by extension 'colcon_pkg'
[0.346s] Level 1:colcon.colcon_core.package_identification:_identify(src/robot_description) by extensions ['colcon_meta']
[0.346s] Level 1:colcon.colcon_core.package_identification:_identify(src/robot_description) by extension 'colcon_meta'
[0.346s] Level 1:colcon.colcon_core.package_identification:_identify(src/robot_description) by extensions ['ros']
[0.346s] Level 1:colcon.colcon_core.package_identification:_identify(src/robot_description) by extension 'ros'
[0.346s] DEBUG:colcon.colcon_core.package_identification:Package 'src/robot_description' with type 'ros.ament_cmake' and name 'robot_description'
[0.347s] Level 1:colcon.colcon_core.package_identification:_identify(world_meshes) by extensions ['ignore', 'ignore_ament_install']
[0.347s] Level 1:colcon.colcon_core.package_identification:_identify(world_meshes) by extension 'ignore'
[0.347s] Level 1:colcon.colcon_core.package_identification:_identify(world_meshes) by extension 'ignore_ament_install'
[0.347s] Level 1:colcon.colcon_core.package_identification:_identify(world_meshes) by extensions ['colcon_pkg']
[0.347s] Level 1:colcon.colcon_core.package_identification:_identify(world_meshes) by extension 'colcon_pkg'
[0.347s] Level 1:colcon.colcon_core.package_identification:_identify(world_meshes) by extensions ['colcon_meta']
[0.347s] Level 1:colcon.colcon_core.package_identification:_identify(world_meshes) by extension 'colcon_meta'
[0.347s] Level 1:colcon.colcon_core.package_identification:_identify(world_meshes) by extensions ['ros']
[0.347s] Level 1:colcon.colcon_core.package_identification:_identify(world_meshes) by extension 'ros'
[0.347s] Level 1:colcon.colcon_core.package_identification:_identify(world_meshes) by extensions ['cmake', 'python']
[0.347s] Level 1:colcon.colcon_core.package_identification:_identify(world_meshes) by extension 'cmake'
[0.347s] Level 1:colcon.colcon_core.package_identification:_identify(world_meshes) by extension 'python'
[0.347s] Level 1:colcon.colcon_core.package_identification:_identify(world_meshes) by extensions ['python_setup_py']
[0.347s] Level 1:colcon.colcon_core.package_identification:_identify(world_meshes) by extension 'python_setup_py'
[0.347s] Level 1:colcon.colcon_core.package_identification:_identify(world_meshes/construction_barrel) by extensions ['ignore', 'ignore_ament_install']
[0.347s] Level 1:colcon.colcon_core.package_identification:_identify(world_meshes/construction_barrel) by extension 'ignore'
[0.347s] Level 1:colcon.colcon_core.package_identification:_identify(world_meshes/construction_barrel) by extension 'ignore_ament_install'
[0.347s] Level 1:colcon.colcon_core.package_identification:_identify(world_meshes/construction_barrel) by extensions ['colcon_pkg']
[0.347s] Level 1:colcon.colcon_core.package_identification:_identify(world_meshes/construction_barrel) by extension 'colcon_pkg'
[0.347s] Level 1:colcon.colcon_core.package_identification:_identify(world_meshes/construction_barrel) by extensions ['colcon_meta']
[0.347s] Level 1:colcon.colcon_core.package_identification:_identify(world_meshes/construction_barrel) by extension 'colcon_meta'
[0.347s] Level 1:colcon.colcon_core.package_identification:_identify(world_meshes/construction_barrel) by extensions ['ros']
[0.347s] Level 1:colcon.colcon_core.package_identification:_identify(world_meshes/construction_barrel) by extension 'ros'
[0.347s] Level 1:colcon.colcon_core.package_identification:_identify(world_meshes/construction_barrel) by extensions ['cmake', 'python']
[0.347s] Level 1:colcon.colcon_core.package_identification:_identify(world_meshes/construction_barrel) by extension 'cmake'
[0.347s] Level 1:colcon.colcon_core.package_identification:_identify(world_meshes/construction_barrel) by extension 'python'
[0.347s] Level 1:colcon.colcon_core.package_identification:_identify(world_meshes/construction_barrel) by extensions ['python_setup_py']
[0.347s] Level 1:colcon.colcon_core.package_identification:_identify(world_meshes/construction_barrel) by extension 'python_setup_py'
[0.347s] Level 1:colcon.colcon_core.package_identification:_identify(world_meshes/construction_barrel/materials) by extensions ['ignore', 'ignore_ament_install']
[0.347s] Level 1:colcon.colcon_core.package_identification:_identify(world_meshes/construction_barrel/materials) by extension 'ignore'
[0.347s] Level 1:colcon.colcon_core.package_identification:_identify(world_meshes/construction_barrel/materials) by extension 'ignore_ament_install'
[0.347s] Level 1:colcon.colcon_core.package_identification:_identify(world_meshes/construction_barrel/materials) by extensions ['colcon_pkg']
[0.347s] Level 1:colcon.colcon_core.package_identification:_identify(world_meshes/construction_barrel/materials) by extension 'colcon_pkg'
[0.347s] Level 1:colcon.colcon_core.package_identification:_identify(world_meshes/construction_barrel/materials) by extensions ['colcon_meta']
[0.347s] Level 1:colcon.colcon_core.package_identification:_identify(world_meshes/construction_barrel/materials) by extension 'colcon_meta'
[0.347s] Level 1:colcon.colcon_core.package_identification:_identify(world_meshes/construction_barrel/materials) by extensions ['ros']
[0.347s] Level 1:colcon.colcon_core.package_identification:_identify(world_meshes/construction_barrel/materials) by extension 'ros'
[0.348s] Level 1:colcon.colcon_core.package_identification:_identify(world_meshes/construction_barrel/materials) by extensions ['cmake', 'python']
[0.348s] Level 1:colcon.colcon_core.package_identification:_identify(world_meshes/construction_barrel/materials) by extension 'cmake'
[0.348s] Level 1:colcon.colcon_core.package_identification:_identify(world_meshes/construction_barrel/materials) by extension 'python'
[0.348s] Level 1:colcon.colcon_core.package_identification:_identify(world_meshes/construction_barrel/materials) by extensions ['python_setup_py']
[0.348s] Level 1:colcon.colcon_core.package_identification:_identify(world_meshes/construction_barrel/materials) by extension 'python_setup_py'
[0.348s] Level 1:colcon.colcon_core.package_identification:_identify(world_meshes/construction_barrel/materials/textures) by extensions ['ignore', 'ignore_ament_install']
[0.348s] Level 1:colcon.colcon_core.package_identification:_identify(world_meshes/construction_barrel/materials/textures) by extension 'ignore'
[0.348s] Level 1:colcon.colcon_core.package_identification:_identify(world_meshes/construction_barrel/materials/textures) by extension 'ignore_ament_install'
[0.348s] Level 1:colcon.colcon_core.package_identification:_identify(world_meshes/construction_barrel/materials/textures) by extensions ['colcon_pkg']
[0.348s] Level 1:colcon.colcon_core.package_identification:_identify(world_meshes/construction_barrel/materials/textures) by extension 'colcon_pkg'
[0.348s] Level 1:colcon.colcon_core.package_identification:_identify(world_meshes/construction_barrel/materials/textures) by extensions ['colcon_meta']
[0.348s] Level 1:colcon.colcon_core.package_identification:_identify(world_meshes/construction_barrel/materials/textures) by extension 'colcon_meta'
[0.348s] Level 1:colcon.colcon_core.package_identification:_identify(world_meshes/construction_barrel/materials/textures) by extensions ['ros']
[0.348s] Level 1:colcon.colcon_core.package_identification:_identify(world_meshes/construction_barrel/materials/textures) by extension 'ros'
[0.348s] Level 1:colcon.colcon_core.package_identification:_identify(world_meshes/construction_barrel/materials/textures) by extensions ['cmake', 'python']
[0.348s] Level 1:colcon.colcon_core.package_identification:_identify(world_meshes/construction_barrel/materials/textures) by extension 'cmake'
[0.348s] Level 1:colcon.colcon_core.package_identification:_identify(world_meshes/construction_barrel/materials/textures) by extension 'python'
[0.348s] Level 1:colcon.colcon_core.package_identification:_identify(world_meshes/construction_barrel/materials/textures) by extensions ['python_setup_py']
[0.348s] Level 1:colcon.colcon_core.package_identification:_identify(world_meshes/construction_barrel/materials/textures) by extension 'python_setup_py'
[0.348s] Level 1:colcon.colcon_core.package_identification:_identify(world_meshes/construction_barrel/meshes) by extensions ['ignore', 'ignore_ament_install']
[0.348s] Level 1:colcon.colcon_core.package_identification:_identify(world_meshes/construction_barrel/meshes) by extension 'ignore'
[0.348s] Level 1:colcon.colcon_core.package_identification:_identify(world_meshes/construction_barrel/meshes) by extension 'ignore_ament_install'
[0.348s] Level 1:colcon.colcon_core.package_identification:_identify(world_meshes/construction_barrel/meshes) by extensions ['colcon_pkg']
[0.348s] Level 1:colcon.colcon_core.package_identification:_identify(world_meshes/construction_barrel/meshes) by extension 'colcon_pkg'
[0.348s] Level 1:colcon.colcon_core.package_identification:_identify(world_meshes/construction_barrel/meshes) by extensions ['colcon_meta']
[0.348s] Level 1:colcon.colcon_core.package_identification:_identify(world_meshes/construction_barrel/meshes) by extension 'colcon_meta'
[0.348s] Level 1:colcon.colcon_core.package_identification:_identify(world_meshes/construction_barrel/meshes) by extensions ['ros']
[0.348s] Level 1:colcon.colcon_core.package_identification:_identify(world_meshes/construction_barrel/meshes) by extension 'ros'
[0.348s] Level 1:colcon.colcon_core.package_identification:_identify(world_meshes/construction_barrel/meshes) by extensions ['cmake', 'python']
[0.348s] Level 1:colcon.colcon_core.package_identification:_identify(world_meshes/construction_barrel/meshes) by extension 'cmake'
[0.348s] Level 1:colcon.colcon_core.package_identification:_identify(world_meshes/construction_barrel/meshes) by extension 'python'
[0.348s] Level 1:colcon.colcon_core.package_identification:_identify(world_meshes/construction_barrel/meshes) by extensions ['python_setup_py']
[0.348s] Level 1:colcon.colcon_core.package_identification:_identify(world_meshes/construction_barrel/meshes) by extension 'python_setup_py'
[0.348s] Level 1:colcon.colcon_core.package_identification:_identify(world_meshes/construction_barrel/thumbnails) by extensions ['ignore', 'ignore_ament_install']
[0.348s] Level 1:colcon.colcon_core.package_identification:_identify(world_meshes/construction_barrel/thumbnails) by extension 'ignore'
[0.348s] Level 1:colcon.colcon_core.package_identification:_identify(world_meshes/construction_barrel/thumbnails) by extension 'ignore_ament_install'
[0.348s] Level 1:colcon.colcon_core.package_identification:_identify(world_meshes/construction_barrel/thumbnails) by extensions ['colcon_pkg']
[0.349s] Level 1:colcon.colcon_core.package_identification:_identify(world_meshes/construction_barrel/thumbnails) by extension 'colcon_pkg'
[0.349s] Level 1:colcon.colcon_core.package_identification:_identify(world_meshes/construction_barrel/thumbnails) by extensions ['colcon_meta']
[0.349s] Level 1:colcon.colcon_core.package_identification:_identify(world_meshes/construction_barrel/thumbnails) by extension 'colcon_meta'
[0.349s] Level 1:colcon.colcon_core.package_identification:_identify(world_meshes/construction_barrel/thumbnails) by extensions ['ros']
[0.349s] Level 1:colcon.colcon_core.package_identification:_identify(world_meshes/construction_barrel/thumbnails) by extension 'ros'
[0.349s] Level 1:colcon.colcon_core.package_identification:_identify(world_meshes/construction_barrel/thumbnails) by extensions ['cmake', 'python']
[0.349s] Level 1:colcon.colcon_core.package_identification:_identify(world_meshes/construction_barrel/thumbnails) by extension 'cmake'
[0.349s] Level 1:colcon.colcon_core.package_identification:_identify(world_meshes/construction_barrel/thumbnails) by extension 'python'
[0.349s] Level 1:colcon.colcon_core.package_identification:_identify(world_meshes/construction_barrel/thumbnails) by extensions ['python_setup_py']
[0.349s] Level 1:colcon.colcon_core.package_identification:_identify(world_meshes/construction_barrel/thumbnails) by extension 'python_setup_py'
[0.349s] Level 1:colcon.colcon_core.package_identification:_identify(world_meshes/construction_cone) by extensions ['ignore', 'ignore_ament_install']
[0.349s] Level 1:colcon.colcon_core.package_identification:_identify(world_meshes/construction_cone) by extension 'ignore'
[0.349s] Level 1:colcon.colcon_core.package_identification:_identify(world_meshes/construction_cone) by extension 'ignore_ament_install'
[0.349s] Level 1:colcon.colcon_core.package_identification:_identify(world_meshes/construction_cone) by extensions ['colcon_pkg']
[0.349s] Level 1:colcon.colcon_core.package_identification:_identify(world_meshes/construction_cone) by extension 'colcon_pkg'
[0.349s] Level 1:colcon.colcon_core.package_identification:_identify(world_meshes/construction_cone) by extensions ['colcon_meta']
[0.349s] Level 1:colcon.colcon_core.package_identification:_identify(world_meshes/construction_cone) by extension 'colcon_meta'
[0.349s] Level 1:colcon.colcon_core.package_identification:_identify(world_meshes/construction_cone) by extensions ['ros']
[0.349s] Level 1:colcon.colcon_core.package_identification:_identify(world_meshes/construction_cone) by extension 'ros'
[0.349s] Level 1:colcon.colcon_core.package_identification:_identify(world_meshes/construction_cone) by extensions ['cmake', 'python']
[0.349s] Level 1:colcon.colcon_core.package_identification:_identify(world_meshes/construction_cone) by extension 'cmake'
[0.349s] Level 1:colcon.colcon_core.package_identification:_identify(world_meshes/construction_cone) by extension 'python'
[0.349s] Level 1:colcon.colcon_core.package_identification:_identify(world_meshes/construction_cone) by extensions ['python_setup_py']
[0.349s] Level 1:colcon.colcon_core.package_identification:_identify(world_meshes/construction_cone) by extension 'python_setup_py'
[0.349s] Level 1:colcon.colcon_core.package_identification:_identify(world_meshes/construction_cone/materials) by extensions ['ignore', 'ignore_ament_install']
[0.349s] Level 1:colcon.colcon_core.package_identification:_identify(world_meshes/construction_cone/materials) by extension 'ignore'
[0.349s] Level 1:colcon.colcon_core.package_identification:_identify(world_meshes/construction_cone/materials) by extension 'ignore_ament_install'
[0.349s] Level 1:colcon.colcon_core.package_identification:_identify(world_meshes/construction_cone/materials) by extensions ['colcon_pkg']
[0.349s] Level 1:colcon.colcon_core.package_identification:_identify(world_meshes/construction_cone/materials) by extension 'colcon_pkg'
[0.349s] Level 1:colcon.colcon_core.package_identification:_identify(world_meshes/construction_cone/materials) by extensions ['colcon_meta']
[0.349s] Level 1:colcon.colcon_core.package_identification:_identify(world_meshes/construction_cone/materials) by extension 'colcon_meta'
[0.349s] Level 1:colcon.colcon_core.package_identification:_identify(world_meshes/construction_cone/materials) by extensions ['ros']
[0.349s] Level 1:colcon.colcon_core.package_identification:_identify(world_meshes/construction_cone/materials) by extension 'ros'
[0.349s] Level 1:colcon.colcon_core.package_identification:_identify(world_meshes/construction_cone/materials) by extensions ['cmake', 'python']
[0.349s] Level 1:colcon.colcon_core.package_identification:_identify(world_meshes/construction_cone/materials) by extension 'cmake'
[0.349s] Level 1:colcon.colcon_core.package_identification:_identify(world_meshes/construction_cone/materials) by extension 'python'
[0.349s] Level 1:colcon.colcon_core.package_identification:_identify(world_meshes/construction_cone/materials) by extensions ['python_setup_py']
[0.349s] Level 1:colcon.colcon_core.package_identification:_identify(world_meshes/construction_cone/materials) by extension 'python_setup_py'
[0.350s] Level 1:colcon.colcon_core.package_identification:_identify(world_meshes/construction_cone/materials/textures) by extensions ['ignore', 'ignore_ament_install']
[0.350s] Level 1:colcon.colcon_core.package_identification:_identify(world_meshes/construction_cone/materials/textures) by extension 'ignore'
[0.350s] Level 1:colcon.colcon_core.package_identification:_identify(world_meshes/construction_cone/materials/textures) by extension 'ignore_ament_install'
[0.350s] Level 1:colcon.colcon_core.package_identification:_identify(world_meshes/construction_cone/materials/textures) by extensions ['colcon_pkg']
[0.350s] Level 1:colcon.colcon_core.package_identification:_identify(world_meshes/construction_cone/materials/textures) by extension 'colcon_pkg'
[0.350s] Level 1:colcon.colcon_core.package_identification:_identify(world_meshes/construction_cone/materials/textures) by extensions ['colcon_meta']
[0.350s] Level 1:colcon.colcon_core.package_identification:_identify(world_meshes/construction_cone/materials/textures) by extension 'colcon_meta'
[0.350s] Level 1:colcon.colcon_core.package_identification:_identify(world_meshes/construction_cone/materials/textures) by extensions ['ros']
[0.350s] Level 1:colcon.colcon_core.package_identification:_identify(world_meshes/construction_cone/materials/textures) by extension 'ros'
[0.350s] Level 1:colcon.colcon_core.package_identification:_identify(world_meshes/construction_cone/materials/textures) by extensions ['cmake', 'python']
[0.350s] Level 1:colcon.colcon_core.package_identification:_identify(world_meshes/construction_cone/materials/textures) by extension 'cmake'
[0.350s] Level 1:colcon.colcon_core.package_identification:_identify(world_meshes/construction_cone/materials/textures) by extension 'python'
[0.350s] Level 1:colcon.colcon_core.package_identification:_identify(world_meshes/construction_cone/materials/textures) by extensions ['python_setup_py']
[0.350s] Level 1:colcon.colcon_core.package_identification:_identify(world_meshes/construction_cone/materials/textures) by extension 'python_setup_py'
[0.350s] Level 1:colcon.colcon_core.package_identification:_identify(world_meshes/construction_cone/meshes) by extensions ['ignore', 'ignore_ament_install']
[0.350s] Level 1:colcon.colcon_core.package_identification:_identify(world_meshes/construction_cone/meshes) by extension 'ignore'
[0.350s] Level 1:colcon.colcon_core.package_identification:_identify(world_meshes/construction_cone/meshes) by extension 'ignore_ament_install'
[0.350s] Level 1:colcon.colcon_core.package_identification:_identify(world_meshes/construction_cone/meshes) by extensions ['colcon_pkg']
[0.350s] Level 1:colcon.colcon_core.package_identification:_identify(world_meshes/construction_cone/meshes) by extension 'colcon_pkg'
[0.350s] Level 1:colcon.colcon_core.package_identification:_identify(world_meshes/construction_cone/meshes) by extensions ['colcon_meta']
[0.350s] Level 1:colcon.colcon_core.package_identification:_identify(world_meshes/construction_cone/meshes) by extension 'colcon_meta'
[0.350s] Level 1:colcon.colcon_core.package_identification:_identify(world_meshes/construction_cone/meshes) by extensions ['ros']
[0.350s] Level 1:colcon.colcon_core.package_identification:_identify(world_meshes/construction_cone/meshes) by extension 'ros'
[0.350s] Level 1:colcon.colcon_core.package_identification:_identify(world_meshes/construction_cone/meshes) by extensions ['cmake', 'python']
[0.350s] Level 1:colcon.colcon_core.package_identification:_identify(world_meshes/construction_cone/meshes) by extension 'cmake'
[0.350s] Level 1:colcon.colcon_core.package_identification:_identify(world_meshes/construction_cone/meshes) by extension 'python'
[0.350s] Level 1:colcon.colcon_core.package_identification:_identify(world_meshes/construction_cone/meshes) by extensions ['python_setup_py']
[0.350s] Level 1:colcon.colcon_core.package_identification:_identify(world_meshes/construction_cone/meshes) by extension 'python_setup_py'
[0.350s] Level 1:colcon.colcon_core.package_identification:_identify(world_meshes/construction_cone/thumbnails) by extensions ['ignore', 'ignore_ament_install']
[0.350s] Level 1:colcon.colcon_core.package_identification:_identify(world_meshes/construction_cone/thumbnails) by extension 'ignore'
[0.350s] Level 1:colcon.colcon_core.package_identification:_identify(world_meshes/construction_cone/thumbnails) by extension 'ignore_ament_install'
[0.350s] Level 1:colcon.colcon_core.package_identification:_identify(world_meshes/construction_cone/thumbnails) by extensions ['colcon_pkg']
[0.350s] Level 1:colcon.colcon_core.package_identification:_identify(world_meshes/construction_cone/thumbnails) by extension 'colcon_pkg'
[0.350s] Level 1:colcon.colcon_core.package_identification:_identify(world_meshes/construction_cone/thumbnails) by extensions ['colcon_meta']
[0.350s] Level 1:colcon.colcon_core.package_identification:_identify(world_meshes/construction_cone/thumbnails) by extension 'colcon_meta'
[0.350s] Level 1:colcon.colcon_core.package_identification:_identify(world_meshes/construction_cone/thumbnails) by extensions ['ros']
[0.350s] Level 1:colcon.colcon_core.package_identification:_identify(world_meshes/construction_cone/thumbnails) by extension 'ros'
[0.350s] Level 1:colcon.colcon_core.package_identification:_identify(world_meshes/construction_cone/thumbnails) by extensions ['cmake', 'python']
[0.350s] Level 1:colcon.colcon_core.package_identification:_identify(world_meshes/construction_cone/thumbnails) by extension 'cmake'
[0.350s] Level 1:colcon.colcon_core.package_identification:_identify(world_meshes/construction_cone/thumbnails) by extension 'python'
[0.350s] Level 1:colcon.colcon_core.package_identification:_identify(world_meshes/construction_cone/thumbnails) by extensions ['python_setup_py']
[0.350s] Level 1:colcon.colcon_core.package_identification:_identify(world_meshes/construction_cone/thumbnails) by extension 'python_setup_py'
[0.350s] Level 1:colcon.colcon_core.package_discovery:discover_packages(recursive) using defaults
[0.350s] Level 1:colcon.colcon_core.package_discovery:discover_packages(ignore) discover
[0.350s] Level 1:colcon.colcon_core.package_discovery:discover_packages(ignore) using defaults
[0.351s] Level 1:colcon.colcon_core.package_discovery:discover_packages(path) discover
[0.351s] Level 1:colcon.colcon_core.package_discovery:discover_packages(path) using defaults
[0.376s] Level 1:colcon.colcon_core.package_discovery:discover_packages(prefix_path) check parameters
[0.376s] Level 1:colcon.colcon_core.package_discovery:discover_packages(prefix_path) discover
[0.378s] DEBUG:colcon.colcon_installed_package_information.package_discovery:Found 8 installed packages in /home/hars22/rosws/install
[0.379s] DEBUG:colcon.colcon_installed_package_information.package_discovery:Found 321 installed packages in /opt/ros/humble
[0.380s] Level 1:colcon.colcon_core.package_discovery:discover_packages(prefix_path) using defaults
[0.452s] Level 5:colcon.colcon_core.verb:set package 'mobilebot' build argument 'cmake_args' from command line to 'None'
[0.452s] Level 5:colcon.colcon_core.verb:set package 'mobilebot' build argument 'cmake_target' from command line to 'None'
[0.452s] Level 5:colcon.colcon_core.verb:set package 'mobilebot' build argument 'cmake_target_skip_unavailable' from command line to 'False'
[0.452s] Level 5:colcon.colcon_core.verb:set package 'mobilebot' build argument 'cmake_clean_cache' from command line to 'False'
[0.452s] Level 5:colcon.colcon_core.verb:set package 'mobilebot' build argument 'cmake_clean_first' from command line to 'False'
[0.452s] Level 5:colcon.colcon_core.verb:set package 'mobilebot' build argument 'cmake_force_configure' from command line to 'False'
[0.452s] Level 5:colcon.colcon_core.verb:set package 'mobilebot' build argument 'ament_cmake_args' from command line to 'None'
[0.452s] Level 5:colcon.colcon_core.verb:set package 'mobilebot' build argument 'catkin_cmake_args' from command line to 'None'
[0.452s] Level 5:colcon.colcon_core.verb:set package 'mobilebot' build argument 'catkin_skip_building_tests' from command line to 'False'
[0.453s] DEBUG:colcon.colcon_core.verb:Building package 'mobilebot' with the following arguments: {'ament_cmake_args': None, 'build_base': '/home/hars22/rosws/build/mobilebot', 'catkin_cmake_args': None, 'catkin_skip_building_tests': False, 'cmake_args': None, 'cmake_clean_cache': False, 'cmake_clean_first': False, 'cmake_force_configure': False, 'cmake_target': None, 'cmake_target_skip_unavailable': False, 'install_base': '/home/hars22/rosws/install/mobilebot', 'merge_install': False, 'path': '/home/hars22/rosws/src/mobilebot', 'symlink_install': False, 'test_result_base': None}
[0.453s] Level 5:colcon.colcon_core.verb:set package 'mobilebot_controller' build argument 'cmake_args' from command line to 'None'
[0.453s] Level 5:colcon.colcon_core.verb:set package 'mobilebot_controller' build argument 'cmake_target' from command line to 'None'
[0.453s] Level 5:colcon.colcon_core.verb:set package 'mobilebot_controller' build argument 'cmake_target_skip_unavailable' from command line to 'False'
[0.453s] Level 5:colcon.colcon_core.verb:set package 'mobilebot_controller' build argument 'cmake_clean_cache' from command line to 'False'
[0.453s] Level 5:colcon.colcon_core.verb:set package 'mobilebot_controller' build argument 'cmake_clean_first' from command line to 'False'
[0.453s] Level 5:colcon.colcon_core.verb:set package 'mobilebot_controller' build argument 'cmake_force_configure' from command line to 'False'
[0.453s] Level 5:colcon.colcon_core.verb:set package 'mobilebot_controller' build argument 'ament_cmake_args' from command line to 'None'
[0.453s] Level 5:colcon.colcon_core.verb:set package 'mobilebot_controller' build argument 'catkin_cmake_args' from command line to 'None'
[0.453s] Level 5:colcon.colcon_core.verb:set package 'mobilebot_controller' build argument 'catkin_skip_building_tests' from command line to 'False'
[0.453s] DEBUG:colcon.colcon_core.verb:Building package 'mobilebot_controller' with the following arguments: {'ament_cmake_args': None, 'build_base': '/home/hars22/rosws/build/mobilebot_controller', 'catkin_cmake_args': None, 'catkin_skip_building_tests': False, 'cmake_args': None, 'cmake_clean_cache': False, 'cmake_clean_first': False, 'cmake_force_configure': False, 'cmake_target': None, 'cmake_target_skip_unavailable': False, 'install_base': '/home/hars22/rosws/install/mobilebot_controller', 'merge_install': False, 'path': '/home/hars22/rosws/src/mobilebot_controller', 'symlink_install': False, 'test_result_base': None}
[0.453s] Level 5:colcon.colcon_core.verb:set package 'robot' build argument 'cmake_args' from command line to 'None'
[0.453s] Level 5:colcon.colcon_core.verb:set package 'robot' build argument 'cmake_target' from command line to 'None'
[0.453s] Level 5:colcon.colcon_core.verb:set package 'robot' build argument 'cmake_target_skip_unavailable' from command line to 'False'
[0.453s] Level 5:colcon.colcon_core.verb:set package 'robot' build argument 'cmake_clean_cache' from command line to 'False'
[0.453s] Level 5:colcon.colcon_core.verb:set package 'robot' build argument 'cmake_clean_first' from command line to 'False'
[0.453s] Level 5:colcon.colcon_core.verb:set package 'robot' build argument 'cmake_force_configure' from command line to 'False'
[0.453s] Level 5:colcon.colcon_core.verb:set package 'robot' build argument 'ament_cmake_args' from command line to 'None'
[0.453s] Level 5:colcon.colcon_core.verb:set package 'robot' build argument 'catkin_cmake_args' from command line to 'None'
[0.453s] Level 5:colcon.colcon_core.verb:set package 'robot' build argument 'catkin_skip_building_tests' from command line to 'False'
[0.453s] DEBUG:colcon.colcon_core.verb:Building package 'robot' with the following arguments: {'ament_cmake_args': None, 'build_base': '/home/hars22/rosws/build/robot', 'catkin_cmake_args': None, 'catkin_skip_building_tests': False, 'cmake_args': None, 'cmake_clean_cache': False, 'cmake_clean_first': False, 'cmake_force_configure': False, 'cmake_target': None, 'cmake_target_skip_unavailable': False, 'install_base': '/home/hars22/rosws/install/robot', 'merge_install': False, 'path': '/home/hars22/rosws/src/robot', 'symlink_install': False, 'test_result_base': None}
[0.453s] Level 5:colcon.colcon_core.verb:set package 'robot_description' build argument 'cmake_args' from command line to 'None'
[0.453s] Level 5:colcon.colcon_core.verb:set package 'robot_description' build argument 'cmake_target' from command line to 'None'
[0.453s] Level 5:colcon.colcon_core.verb:set package 'robot_description' build argument 'cmake_target_skip_unavailable' from command line to 'False'
[0.453s] Level 5:colcon.colcon_core.verb:set package 'robot_description' build argument 'cmake_clean_cache' from command line to 'False'
[0.453s] Level 5:colcon.colcon_core.verb:set package 'robot_description' build argument 'cmake_clean_first' from command line to 'False'
[0.453s] Level 5:colcon.colcon_core.verb:set package 'robot_description' build argument 'cmake_force_configure' from command line to 'False'
[0.453s] Level 5:colcon.colcon_core.verb:set package 'robot_description' build argument 'ament_cmake_args' from command line to 'None'
[0.453s] Level 5:colcon.colcon_core.verb:set package 'robot_description' build argument 'catkin_cmake_args' from command line to 'None'
[0.453s] Level 5:colcon.colcon_core.verb:set package 'robot_description' build argument 'catkin_skip_building_tests' from command line to 'False'
[0.453s] DEBUG:colcon.colcon_core.verb:Building package 'robot_description' with the following arguments: {'ament_cmake_args': None, 'build_base': '/home/hars22/rosws/build/robot_description', 'catkin_cmake_args': None, 'catkin_skip_building_tests': False, 'cmake_args': None, 'cmake_clean_cache': False, 'cmake_clean_first': False, 'cmake_force_configure': False, 'cmake_target': None, 'cmake_target_skip_unavailable': False, 'install_base': '/home/hars22/rosws/install/robot_description', 'merge_install': False, 'path': '/home/hars22/rosws/src/robot_description', 'symlink_install': False, 'test_result_base': None}
[0.453s] INFO:colcon.colcon_core.executor:Executing jobs using 'parallel' executor
[0.457s] DEBUG:colcon.colcon_parallel_executor.executor.parallel:run_until_complete
[0.458s] INFO:colcon.colcon_ros.task.ament_cmake.build:Building ROS package in '/home/hars22/rosws/src/mobilebot' with build type 'ament_cmake'
[0.458s] INFO:colcon.colcon_cmake.task.cmake.build:Building CMake package in '/home/hars22/rosws/src/mobilebot'
[0.464s] INFO:colcon.colcon_core.plugin_system:Skipping extension 'colcon_core.shell.bat': Not used on non-Windows systems
[0.465s] INFO:colcon.colcon_core.shell:Skip shell extension 'powershell' for command environment: Not usable outside of PowerShell
[0.465s] DEBUG:colcon.colcon_core.shell:Skip shell extension 'dsv' for command environment
[0.477s] INFO:colcon.colcon_ros.task.ament_cmake.build:Building ROS package in '/home/hars22/rosws/src/mobilebot_controller' with build type 'ament_cmake'
[0.477s] INFO:colcon.colcon_cmake.task.cmake.build:Building CMake package in '/home/hars22/rosws/src/mobilebot_controller'
[0.478s] INFO:colcon.colcon_core.shell:Skip shell extension 'powershell' for command environment: Not usable outside of PowerShell
[0.478s] DEBUG:colcon.colcon_core.shell:Skip shell extension 'dsv' for command environment
[0.503s] INFO:colcon.colcon_ros.task.ament_python.build:Building ROS package in '/home/hars22/rosws/src/robot' with build type 'ament_python'
[0.504s] Level 1:colcon.colcon_core.shell:create_environment_hook('robot', 'ament_prefix_path')
[0.505s] INFO:colcon.colcon_core.shell:Creating environment hook '/home/hars22/rosws/install/robot/share/robot/hook/ament_prefix_path.ps1'
[0.507s] INFO:colcon.colcon_core.shell:Creating environment descriptor '/home/hars22/rosws/install/robot/share/robot/hook/ament_prefix_path.dsv'
[0.508s] INFO:colcon.colcon_core.shell:Creating environment hook '/home/hars22/rosws/install/robot/share/robot/hook/ament_prefix_path.sh'
[0.510s] INFO:colcon.colcon_core.shell:Skip shell extension 'powershell' for command environment: Not usable outside of PowerShell
[0.511s] DEBUG:colcon.colcon_core.shell:Skip shell extension 'dsv' for command environment
[0.518s] INFO:colcon.colcon_ros.task.ament_cmake.build:Building ROS package in '/home/hars22/rosws/src/robot_description' with build type 'ament_cmake'
[0.518s] INFO:colcon.colcon_cmake.task.cmake.build:Building CMake package in '/home/hars22/rosws/src/robot_description'
[0.518s] INFO:colcon.colcon_core.shell:Skip shell extension 'powershell' for command environment: Not usable outside of PowerShell
[0.519s] DEBUG:colcon.colcon_core.shell:Skip shell extension 'dsv' for command environment
[0.551s] DEBUG:colcon.colcon_core.event_handler.log_command:Invoking command in '/home/hars22/rosws/build/mobilebot': CMAKE_PREFIX_PATH=${CMAKE_PREFIX_PATH}:/home/hars22/rosws/install/robot:/opt/ros/humble /usr/bin/cmake --build /home/hars22/rosws/build/mobilebot -- -j4 -l4
[0.572s] DEBUG:colcon.colcon_core.event_handler.log_command:Invoking command in '/home/hars22/rosws/build/mobilebot_controller': CMAKE_PREFIX_PATH=${CMAKE_PREFIX_PATH}:/home/hars22/rosws/install/robot:/opt/ros/humble /usr/bin/cmake --build /home/hars22/rosws/build/mobilebot_controller -- -j4 -l4
[0.865s] INFO:colcon.colcon_core.task.python.build:Building Python package in '/home/hars22/rosws/src/robot'
[0.865s] INFO:colcon.colcon_core.shell:Skip shell extension 'powershell' for command environment: Not usable outside of PowerShell
[0.865s] DEBUG:colcon.colcon_core.shell:Skip shell extension 'dsv' for command environment
[0.877s] DEBUG:colcon.colcon_core.event_handler.log_command:Invoking command in '/home/hars22/rosws/build/robot_description': CMAKE_PREFIX_PATH=${CMAKE_PREFIX_PATH}:/home/hars22/rosws/install/robot:/opt/ros/humble /usr/bin/cmake --build /home/hars22/rosws/build/robot_description -- -j4 -l4
[0.887s] DEBUG:colcon.colcon_core.event_handler.log_command:Invoked command in '/home/hars22/rosws/build/mobilebot_controller' returned '0': CMAKE_PREFIX_PATH=${CMAKE_PREFIX_PATH}:/home/hars22/rosws/install/robot:/opt/ros/humble /usr/bin/cmake --build /home/hars22/rosws/build/mobilebot_controller -- -j4 -l4
[0.897s] DEBUG:colcon.colcon_core.event_handler.log_command:Invoking command in '/home/hars22/rosws/build/mobilebot_controller': CMAKE_PREFIX_PATH=${CMAKE_PREFIX_PATH}:/home/hars22/rosws/install/robot:/opt/ros/humble /usr/bin/cmake --install /home/hars22/rosws/build/mobilebot_controller
[0.947s] DEBUG:colcon.colcon_core.event_handler.log_command:Invoked command in '/home/hars22/rosws/build/mobilebot' returned '0': CMAKE_PREFIX_PATH=${CMAKE_PREFIX_PATH}:/home/hars22/rosws/install/robot:/opt/ros/humble /usr/bin/cmake --build /home/hars22/rosws/build/mobilebot -- -j4 -l4
[0.948s] DEBUG:colcon.colcon_core.event_handler.log_command:Invoking command in '/home/hars22/rosws/build/mobilebot': CMAKE_PREFIX_PATH=${CMAKE_PREFIX_PATH}:/home/hars22/rosws/install/robot:/opt/ros/humble /usr/bin/cmake --install /home/hars22/rosws/build/mobilebot
[0.979s] DEBUG:colcon.colcon_core.event_handler.log_command:Invoked command in '/home/hars22/rosws/build/robot_description' returned '0': CMAKE_PREFIX_PATH=${CMAKE_PREFIX_PATH}:/home/hars22/rosws/install/robot:/opt/ros/humble /usr/bin/cmake --build /home/hars22/rosws/build/robot_description -- -j4 -l4
[0.994s] DEBUG:colcon.colcon_core.event_handler.log_command:Invoking command in '/home/hars22/rosws/build/robot_description': CMAKE_PREFIX_PATH=${CMAKE_PREFIX_PATH}:/home/hars22/rosws/install/robot:/opt/ros/humble /usr/bin/cmake --install /home/hars22/rosws/build/robot_description
[1.027s] Level 1:colcon.colcon_core.environment:create_environment_scripts_only(mobilebot_controller)
[1.033s] DEBUG:colcon.colcon_core.event_handler.log_command:Invoked command in '/home/hars22/rosws/build/mobilebot_controller' returned '0': CMAKE_PREFIX_PATH=${CMAKE_PREFIX_PATH}:/home/hars22/rosws/install/robot:/opt/ros/humble /usr/bin/cmake --install /home/hars22/rosws/build/mobilebot_controller
[1.039s] Level 1:colcon.colcon_core.environment:checking '/home/hars22/rosws/install/mobilebot_controller' for CMake module files
[1.039s] Level 1:colcon.colcon_core.environment:checking '/home/hars22/rosws/install/mobilebot_controller' for CMake config files
[1.040s] Level 1:colcon.colcon_core.shell:create_environment_hook('mobilebot_controller', 'cmake_prefix_path')
[1.040s] INFO:colcon.colcon_core.shell:Creating environment hook '/home/hars22/rosws/install/mobilebot_controller/share/mobilebot_controller/hook/cmake_prefix_path.ps1'
[1.041s] INFO:colcon.colcon_core.shell:Creating environment descriptor '/home/hars22/rosws/install/mobilebot_controller/share/mobilebot_controller/hook/cmake_prefix_path.dsv'
[1.041s] INFO:colcon.colcon_core.shell:Creating environment hook '/home/hars22/rosws/install/mobilebot_controller/share/mobilebot_controller/hook/cmake_prefix_path.sh'
[1.042s] Level 1:colcon.colcon_core.environment:checking '/home/hars22/rosws/install/mobilebot_controller/bin'
[1.043s] Level 1:colcon.colcon_core.environment:checking '/home/hars22/rosws/install/mobilebot_controller/lib/pkgconfig/mobilebot_controller.pc'
[1.043s] Level 1:colcon.colcon_core.environment:checking '/home/hars22/rosws/install/mobilebot_controller/lib/python3.10/site-packages'
[1.043s] Level 1:colcon.colcon_core.environment:checking '/home/hars22/rosws/install/mobilebot_controller/bin'
[1.043s] INFO:colcon.colcon_core.shell:Creating package script '/home/hars22/rosws/install/mobilebot_controller/share/mobilebot_controller/package.ps1'
[1.044s] INFO:colcon.colcon_core.shell:Creating package descriptor '/home/hars22/rosws/install/mobilebot_controller/share/mobilebot_controller/package.dsv'
[1.045s] INFO:colcon.colcon_core.shell:Creating package script '/home/hars22/rosws/install/mobilebot_controller/share/mobilebot_controller/package.sh'
[1.045s] INFO:colcon.colcon_core.shell:Creating package script '/home/hars22/rosws/install/mobilebot_controller/share/mobilebot_controller/package.bash'
[1.046s] INFO:colcon.colcon_core.shell:Creating package script '/home/hars22/rosws/install/mobilebot_controller/share/mobilebot_controller/package.zsh'
[1.046s] Level 1:colcon.colcon_core.environment:create_file_with_runtime_dependencies(/home/hars22/rosws/install/mobilebot_controller/share/colcon-core/packages/mobilebot_controller)
[1.048s] Level 1:colcon.colcon_core.environment:create_environment_scripts_only(mobilebot_controller)
[1.048s] Level 1:colcon.colcon_core.environment:checking '/home/hars22/rosws/install/mobilebot_controller' for CMake module files
[1.048s] Level 1:colcon.colcon_core.environment:checking '/home/hars22/rosws/install/mobilebot_controller' for CMake config files
[1.049s] Level 1:colcon.colcon_core.shell:create_environment_hook('mobilebot_controller', 'cmake_prefix_path')
[1.049s] INFO:colcon.colcon_core.shell:Creating environment hook '/home/hars22/rosws/install/mobilebot_controller/share/mobilebot_controller/hook/cmake_prefix_path.ps1'
[1.050s] INFO:colcon.colcon_core.shell:Creating environment descriptor '/home/hars22/rosws/install/mobilebot_controller/share/mobilebot_controller/hook/cmake_prefix_path.dsv'
[1.050s] INFO:colcon.colcon_core.shell:Creating environment hook '/home/hars22/rosws/install/mobilebot_controller/share/mobilebot_controller/hook/cmake_prefix_path.sh'
[1.051s] Level 1:colcon.colcon_core.environment:checking '/home/hars22/rosws/install/mobilebot_controller/bin'
[1.051s] Level 1:colcon.colcon_core.environment:checking '/home/hars22/rosws/install/mobilebot_controller/lib/pkgconfig/mobilebot_controller.pc'
[1.051s] Level 1:colcon.colcon_core.environment:checking '/home/hars22/rosws/install/mobilebot_controller/lib/python3.10/site-packages'
[1.052s] Level 1:colcon.colcon_core.environment:checking '/home/hars22/rosws/install/mobilebot_controller/bin'
[1.052s] INFO:colcon.colcon_core.shell:Creating package script '/home/hars22/rosws/install/mobilebot_controller/share/mobilebot_controller/package.ps1'
[1.052s] INFO:colcon.colcon_core.shell:Creating package descriptor '/home/hars22/rosws/install/mobilebot_controller/share/mobilebot_controller/package.dsv'
[1.053s] INFO:colcon.colcon_core.shell:Creating package script '/home/hars22/rosws/install/mobilebot_controller/share/mobilebot_controller/package.sh'
[1.054s] INFO:colcon.colcon_core.shell:Creating package script '/home/hars22/rosws/install/mobilebot_controller/share/mobilebot_controller/package.bash'
[1.054s] INFO:colcon.colcon_core.shell:Creating package script '/home/hars22/rosws/install/mobilebot_controller/share/mobilebot_controller/package.zsh'
[1.055s] Level 1:colcon.colcon_core.environment:create_file_with_runtime_dependencies(/home/hars22/rosws/install/mobilebot_controller/share/colcon-core/packages/mobilebot_controller)
[1.056s] Level 1:colcon.colcon_core.environment:create_environment_scripts_only(mobilebot)
[1.056s] Level 1:colcon.colcon_core.environment:checking '/home/hars22/rosws/install/mobilebot' for CMake module files
[1.058s] Level 1:colcon.colcon_core.environment:checking '/home/hars22/rosws/install/mobilebot' for CMake config files
[1.059s] Level 1:colcon.colcon_core.shell:create_environment_hook('mobilebot', 'cmake_prefix_path')
[1.059s] INFO:colcon.colcon_core.shell:Creating environment hook '/home/hars22/rosws/install/mobilebot/share/mobilebot/hook/cmake_prefix_path.ps1'
[1.061s] INFO:colcon.colcon_core.shell:Creating environment descriptor '/home/hars22/rosws/install/mobilebot/share/mobilebot/hook/cmake_prefix_path.dsv'
[1.062s] DEBUG:colcon.colcon_core.event_handler.log_command:Invoked command in '/home/hars22/rosws/build/mobilebot' returned '0': CMAKE_PREFIX_PATH=${CMAKE_PREFIX_PATH}:/home/hars22/rosws/install/robot:/opt/ros/humble /usr/bin/cmake --install /home/hars22/rosws/build/mobilebot
[1.063s] INFO:colcon.colcon_core.shell:Creating environment hook '/home/hars22/rosws/install/mobilebot/share/mobilebot/hook/cmake_prefix_path.sh'
[1.064s] Level 1:colcon.colcon_core.environment:checking '/home/hars22/rosws/install/mobilebot/bin'
[1.064s] Level 1:colcon.colcon_core.environment:checking '/home/hars22/rosws/install/mobilebot/lib/pkgconfig/mobilebot.pc'
[1.064s] Level 1:colcon.colcon_core.environment:checking '/home/hars22/rosws/install/mobilebot/lib/python3.10/site-packages'
[1.064s] Level 1:colcon.colcon_core.environment:checking '/home/hars22/rosws/install/mobilebot/bin'
[1.065s] INFO:colcon.colcon_core.shell:Creating package script '/home/hars22/rosws/install/mobilebot/share/mobilebot/package.ps1'
[1.065s] INFO:colcon.colcon_core.shell:Creating package descriptor '/home/hars22/rosws/install/mobilebot/share/mobilebot/package.dsv'
[1.066s] INFO:colcon.colcon_core.shell:Creating package script '/home/hars22/rosws/install/mobilebot/share/mobilebot/package.sh'
[1.067s] INFO:colcon.colcon_core.shell:Creating package script '/home/hars22/rosws/install/mobilebot/share/mobilebot/package.bash'
[1.068s] INFO:colcon.colcon_core.shell:Creating package script '/home/hars22/rosws/install/mobilebot/share/mobilebot/package.zsh'
[1.068s] Level 1:colcon.colcon_core.environment:create_file_with_runtime_dependencies(/home/hars22/rosws/install/mobilebot/share/colcon-core/packages/mobilebot)
[1.069s] Level 1:colcon.colcon_core.environment:create_environment_scripts_only(mobilebot)
[1.069s] Level 1:colcon.colcon_core.environment:checking '/home/hars22/rosws/install/mobilebot' for CMake module files
[1.070s] Level 1:colcon.colcon_core.environment:checking '/home/hars22/rosws/install/mobilebot' for CMake config files
[1.070s] Level 1:colcon.colcon_core.shell:create_environment_hook('mobilebot', 'cmake_prefix_path')
[1.070s] INFO:colcon.colcon_core.shell:Creating environment hook '/home/hars22/rosws/install/mobilebot/share/mobilebot/hook/cmake_prefix_path.ps1'
[1.071s] INFO:colcon.colcon_core.shell:Creating environment descriptor '/home/hars22/rosws/install/mobilebot/share/mobilebot/hook/cmake_prefix_path.dsv'
[1.071s] INFO:colcon.colcon_core.shell:Creating environment hook '/home/hars22/rosws/install/mobilebot/share/mobilebot/hook/cmake_prefix_path.sh'
[1.072s] Level 1:colcon.colcon_core.environment:checking '/home/hars22/rosws/install/mobilebot/bin'
[1.072s] Level 1:colcon.colcon_core.environment:checking '/home/hars22/rosws/install/mobilebot/lib/pkgconfig/mobilebot.pc'
[1.072s] Level 1:colcon.colcon_core.environment:checking '/home/hars22/rosws/install/mobilebot/lib/python3.10/site-packages'
[1.073s] Level 1:colcon.colcon_core.environment:checking '/home/hars22/rosws/install/mobilebot/bin'
[1.073s] INFO:colcon.colcon_core.shell:Creating package script '/home/hars22/rosws/install/mobilebot/share/mobilebot/package.ps1'
[1.073s] INFO:colcon.colcon_core.shell:Creating package descriptor '/home/hars22/rosws/install/mobilebot/share/mobilebot/package.dsv'
[1.074s] INFO:colcon.colcon_core.shell:Creating package script '/home/hars22/rosws/install/mobilebot/share/mobilebot/package.sh'
[1.074s] INFO:colcon.colcon_core.shell:Creating package script '/home/hars22/rosws/install/mobilebot/share/mobilebot/package.bash'
[1.075s] INFO:colcon.colcon_core.shell:Creating package script '/home/hars22/rosws/install/mobilebot/share/mobilebot/package.zsh'
[1.075s] Level 1:colcon.colcon_core.environment:create_file_with_runtime_dependencies(/home/hars22/rosws/install/mobilebot/share/colcon-core/packages/mobilebot)
[1.077s] Level 1:colcon.colcon_core.environment:create_environment_scripts_only(robot_description)
[1.077s] Level 1:colcon.colcon_core.environment:checking '/home/hars22/rosws/install/robot_description' for CMake module files
[1.078s] DEBUG:colcon.colcon_core.event_handler.log_command:Invoked command in '/home/hars22/rosws/build/robot_description' returned '0': CMAKE_PREFIX_PATH=${CMAKE_PREFIX_PATH}:/home/hars22/rosws/install/robot:/opt/ros/humble /usr/bin/cmake --install /home/hars22/rosws/build/robot_description
[1.078s] Level 1:colcon.colcon_core.environment:checking '/home/hars22/rosws/install/robot_description' for CMake config files
[1.078s] Level 1:colcon.colcon_core.shell:create_environment_hook('robot_description', 'cmake_prefix_path')
[1.079s] INFO:colcon.colcon_core.shell:Creating environment hook '/home/hars22/rosws/install/robot_description/share/robot_description/hook/cmake_prefix_path.ps1'
[1.079s] INFO:colcon.colcon_core.shell:Creating environment descriptor '/home/hars22/rosws/install/robot_description/share/robot_description/hook/cmake_prefix_path.dsv'
[1.080s] INFO:colcon.colcon_core.shell:Creating environment hook '/home/hars22/rosws/install/robot_description/share/robot_description/hook/cmake_prefix_path.sh'
[1.080s] Level 1:colcon.colcon_core.environment:checking '/home/hars22/rosws/install/robot_description/bin'
[1.080s] Level 1:colcon.colcon_core.environment:checking '/home/hars22/rosws/install/robot_description/lib/pkgconfig/robot_description.pc'
[1.081s] Level 1:colcon.colcon_core.environment:checking '/home/hars22/rosws/install/robot_description/lib/python3.10/site-packages'
[1.081s] Level 1:colcon.colcon_core.environment:checking '/home/hars22/rosws/install/robot_description/bin'
[1.081s] INFO:colcon.colcon_core.shell:Creating package script '/home/hars22/rosws/install/robot_description/share/robot_description/package.ps1'
[1.082s] INFO:colcon.colcon_core.shell:Creating package descriptor '/home/hars22/rosws/install/robot_description/share/robot_description/package.dsv'
[1.082s] INFO:colcon.colcon_core.shell:Creating package script '/home/hars22/rosws/install/robot_description/share/robot_description/package.sh'
[1.083s] INFO:colcon.colcon_core.shell:Creating package script '/home/hars22/rosws/install/robot_description/share/robot_description/package.bash'
[1.083s] INFO:colcon.colcon_core.shell:Creating package script '/home/hars22/rosws/install/robot_description/share/robot_description/package.zsh'
[1.083s] Level 1:colcon.colcon_core.environment:create_file_with_runtime_dependencies(/home/hars22/rosws/install/robot_description/share/colcon-core/packages/robot_description)
[1.084s] Level 1:colcon.colcon_core.environment:create_environment_scripts_only(robot_description)
[1.084s] Level 1:colcon.colcon_core.environment:checking '/home/hars22/rosws/install/robot_description' for CMake module files
[1.085s] Level 1:colcon.colcon_core.environment:checking '/home/hars22/rosws/install/robot_description' for CMake config files
[1.085s] Level 1:colcon.colcon_core.shell:create_environment_hook('robot_description', 'cmake_prefix_path')
[1.085s] INFO:colcon.colcon_core.shell:Creating environment hook '/home/hars22/rosws/install/robot_description/share/robot_description/hook/cmake_prefix_path.ps1'
[1.086s] INFO:colcon.colcon_core.shell:Creating environment descriptor '/home/hars22/rosws/install/robot_description/share/robot_description/hook/cmake_prefix_path.dsv'
[1.086s] INFO:colcon.colcon_core.shell:Creating environment hook '/home/hars22/rosws/install/robot_description/share/robot_description/hook/cmake_prefix_path.sh'
[1.087s] Level 1:colcon.colcon_core.environment:checking '/home/hars22/rosws/install/robot_description/bin'
[1.087s] Level 1:colcon.colcon_core.environment:checking '/home/hars22/rosws/install/robot_description/lib/pkgconfig/robot_description.pc'
[1.087s] Level 1:colcon.colcon_core.environment:checking '/home/hars22/rosws/install/robot_description/lib/python3.10/site-packages'
[1.087s] Level 1:colcon.colcon_core.environment:checking '/home/hars22/rosws/install/robot_description/bin'
[1.088s] INFO:colcon.colcon_core.shell:Creating package script '/home/hars22/rosws/install/robot_description/share/robot_description/package.ps1'
[1.088s] INFO:colcon.colcon_core.shell:Creating package descriptor '/home/hars22/rosws/install/robot_description/share/robot_description/package.dsv'
[1.089s] INFO:colcon.colcon_core.shell:Creating package script '/home/hars22/rosws/install/robot_description/share/robot_description/package.sh'
[1.089s] INFO:colcon.colcon_core.shell:Creating package script '/home/hars22/rosws/install/robot_description/share/robot_description/package.bash'
[1.090s] INFO:colcon.colcon_core.shell:Creating package script '/home/hars22/rosws/install/robot_description/share/robot_description/package.zsh'
[1.090s] Level 1:colcon.colcon_core.environment:create_file_with_runtime_dependencies(/home/hars22/rosws/install/robot_description/share/colcon-core/packages/robot_description)
[1.378s] DEBUG:colcon.colcon_core.event_handler.log_command:Invoking command in '/home/hars22/rosws/src/robot': PYTHONPATH=/home/hars22/rosws/build/robot/prefix_override:/usr/lib/python3/dist-packages/colcon_core/task/python/colcon_distutils_commands:/home/hars22/rosws/install/robot/lib/python3.10/site-packages:${PYTHONPATH} /usr/bin/python3 -W ignore:setup.py install is deprecated -W ignore:easy_install command is deprecated setup.py egg_info --egg-base ../../build/robot build --build-base /home/hars22/rosws/build/robot/build install --record /home/hars22/rosws/build/robot/install.log --single-version-externally-managed install_data
[1.583s] Level 1:colcon.colcon_core.environment:checking '/home/hars22/rosws/install/robot' for CMake module files
[1.583s] DEBUG:colcon.colcon_core.event_handler.log_command:Invoked command in '/home/hars22/rosws/src/robot' returned '0': PYTHONPATH=/home/hars22/rosws/build/robot/prefix_override:/usr/lib/python3/dist-packages/colcon_core/task/python/colcon_distutils_commands:/home/hars22/rosws/install/robot/lib/python3.10/site-packages:${PYTHONPATH} /usr/bin/python3 -W ignore:setup.py install is deprecated -W ignore:easy_install command is deprecated setup.py egg_info --egg-base ../../build/robot build --build-base /home/hars22/rosws/build/robot/build install --record /home/hars22/rosws/build/robot/install.log --single-version-externally-managed install_data
[1.584s] Level 1:colcon.colcon_core.environment:checking '/home/hars22/rosws/install/robot' for CMake config files
[1.584s] Level 1:colcon.colcon_core.environment:checking '/home/hars22/rosws/install/robot/lib'
[1.584s] Level 1:colcon.colcon_core.environment:checking '/home/hars22/rosws/install/robot/bin'
[1.584s] Level 1:colcon.colcon_core.environment:checking '/home/hars22/rosws/install/robot/lib/pkgconfig/robot.pc'
[1.584s] Level 1:colcon.colcon_core.environment:checking '/home/hars22/rosws/install/robot/lib/python3.10/site-packages'
[1.584s] Level 1:colcon.colcon_core.shell:create_environment_hook('robot', 'pythonpath')
[1.584s] INFO:colcon.colcon_core.shell:Creating environment hook '/home/hars22/rosws/install/robot/share/robot/hook/pythonpath.ps1'
[1.585s] INFO:colcon.colcon_core.shell:Creating environment descriptor '/home/hars22/rosws/install/robot/share/robot/hook/pythonpath.dsv'
[1.585s] INFO:colcon.colcon_core.shell:Creating environment hook '/home/hars22/rosws/install/robot/share/robot/hook/pythonpath.sh'
[1.585s] Level 1:colcon.colcon_core.environment:checking '/home/hars22/rosws/install/robot/bin'
[1.585s] Level 1:colcon.colcon_core.environment:create_environment_scripts_only(robot)
[1.586s] INFO:colcon.colcon_core.shell:Creating package script '/home/hars22/rosws/install/robot/share/robot/package.ps1'
[1.586s] INFO:colcon.colcon_core.shell:Creating package descriptor '/home/hars22/rosws/install/robot/share/robot/package.dsv'
[1.586s] INFO:colcon.colcon_core.shell:Creating package script '/home/hars22/rosws/install/robot/share/robot/package.sh'
[1.586s] INFO:colcon.colcon_core.shell:Creating package script '/home/hars22/rosws/install/robot/share/robot/package.bash'
[1.586s] INFO:colcon.colcon_core.shell:Creating package script '/home/hars22/rosws/install/robot/share/robot/package.zsh'
[1.587s] Level 1:colcon.colcon_core.environment:create_file_with_runtime_dependencies(/home/hars22/rosws/install/robot/share/colcon-core/packages/robot)
[1.587s] DEBUG:colcon.colcon_parallel_executor.executor.parallel:closing loop
[1.587s] DEBUG:colcon.colcon_parallel_executor.executor.parallel:loop closed
[1.587s] DEBUG:colcon.colcon_parallel_executor.executor.parallel:run_until_complete finished with '0'
[1.587s] DEBUG:colcon.colcon_core.event_reactor:joining thread
[1.594s] INFO:colcon.colcon_core.plugin_system:Skipping extension 'colcon_notification.desktop_notification.terminal_notifier': Not used on non-Darwin systems
[1.594s] INFO:colcon.colcon_core.plugin_system:Skipping extension 'colcon_notification.desktop_notification.win32': Not used on non-Windows systems
[1.594s] INFO:colcon.colcon_notification.desktop_notification:Sending desktop notification using 'notify2'
[1.626s] DEBUG:colcon.colcon_core.event_reactor:joined thread
[1.627s] INFO:colcon.colcon_core.shell:Creating prefix script '/home/hars22/rosws/install/local_setup.ps1'
[1.629s] INFO:colcon.colcon_core.shell:Creating prefix util module '/home/hars22/rosws/install/_local_setup_util_ps1.py'
[1.630s] INFO:colcon.colcon_core.shell:Creating prefix chain script '/home/hars22/rosws/install/setup.ps1'
[1.632s] INFO:colcon.colcon_core.shell:Creating prefix script '/home/hars22/rosws/install/local_setup.sh'
[1.633s] INFO:colcon.colcon_core.shell:Creating prefix util module '/home/hars22/rosws/install/_local_setup_util_sh.py'
[1.634s] INFO:colcon.colcon_core.shell:Creating prefix chain script '/home/hars22/rosws/install/setup.sh'
[1.637s] INFO:colcon.colcon_core.shell:Creating prefix script '/home/hars22/rosws/install/local_setup.bash'
[1.638s] INFO:colcon.colcon_core.shell:Creating prefix chain script '/home/hars22/rosws/install/setup.bash'
[1.640s] INFO:colcon.colcon_core.shell:Creating prefix script '/home/hars22/rosws/install/local_setup.zsh'
[1.641s] INFO:colcon.colcon_core.shell:Creating prefix chain script '/home/hars22/rosws/install/setup.zsh'
