[0.123s] DEBUG:colcon:Command line arguments: ['/usr/bin/colcon', 'build']
[0.124s] DEBUG:colcon:Parsed command line arguments: Namespace(log_base=None, log_level=None, verb_name='build', build_base='build', install_base='install', merge_install=False, symlink_install=False, test_result_base=None, continue_on_error=False, executor='parallel', parallel_workers=4, event_handlers=None, ignore_user_meta=False, metas=['./colcon.meta'], base_paths=['.'], packages_ignore=None, packages_ignore_regex=None, paths=None, packages_up_to=None, packages_up_to_regex=None, packages_above=None, packages_above_and_dependencies=None, packages_above_depth=None, packages_select_by_dep=None, packages_skip_by_dep=None, packages_skip_up_to=None, packages_select_build_failed=False, packages_skip_build_finished=False, packages_select_test_failures=False, packages_skip_test_passed=False, packages_select=None, packages_skip=None, packages_select_regex=None, packages_skip_regex=None, packages_start=None, packages_end=None, allow_overriding=[], cmake_args=None, cmake_target=None, cmake_target_skip_unavailable=False, cmake_clean_cache=False, cmake_clean_first=False, cmake_force_configure=False, ament_cmake_args=None, catkin_cmake_args=None, catkin_skip_building_tests=False, verb_parser=<colcon_defaults.argument_parser.defaults.DefaultArgumentsDecorator object at 0xffff803d1030>, verb_extension=<colcon_core.verb.build.BuildVerb object at 0xffff803d0ac0>, main=<bound method BuildVerb.main of <colcon_core.verb.build.BuildVerb object at 0xffff803d0ac0>>)
[0.372s] Level 1:colcon.colcon_core.package_discovery:discover_packages(colcon_meta) check parameters
[0.372s] Level 1:colcon.colcon_core.package_discovery:discover_packages(recursive) check parameters
[0.372s] Level 1:colcon.colcon_core.package_discovery:discover_packages(ignore) check parameters
[0.372s] Level 1:colcon.colcon_core.package_discovery:discover_packages(path) check parameters
[0.372s] Level 1:colcon.colcon_core.package_discovery:discover_packages(colcon_meta) discover
[0.372s] Level 1:colcon.colcon_core.package_discovery:discover_packages(recursive) discover
[0.372s] INFO:colcon.colcon_core.package_discovery:Crawling recursively for packages in '/home/hars22/rosws'
[0.372s] Level 1:colcon.colcon_core.package_identification:_identify(.) by extensions ['ignore', 'ignore_ament_install']
[0.373s] Level 1:colcon.colcon_core.package_identification:_identify(.) by extension 'ignore'
[0.373s] Level 1:colcon.colcon_core.package_identification:_identify(.) by extension 'ignore_ament_install'
[0.373s] Level 1:colcon.colcon_core.package_identification:_identify(.) by extensions ['colcon_pkg']
[0.373s] Level 1:colcon.colcon_core.package_identification:_identify(.) by extension 'colcon_pkg'
[0.373s] Level 1:colcon.colcon_core.package_identification:_identify(.) by extensions ['colcon_meta']
[0.373s] Level 1:colcon.colcon_core.package_identification:_identify(.) by extension 'colcon_meta'
[0.373s] Level 1:colcon.colcon_core.package_identification:_identify(.) by extensions ['ros']
[0.373s] Level 1:colcon.colcon_core.package_identification:_identify(.) by extension 'ros'
[0.382s] Level 1:colcon.colcon_core.package_identification:_identify(.) by extensions ['cmake', 'python']
[0.382s] Level 1:colcon.colcon_core.package_identification:_identify(.) by extension 'cmake'
[0.382s] Level 1:colcon.colcon_core.package_identification:_identify(.) by extension 'python'
[0.382s] Level 1:colcon.colcon_core.package_identification:_identify(.) by extensions ['python_setup_py']
[0.382s] Level 1:colcon.colcon_core.package_identification:_identify(.) by extension 'python_setup_py'
[0.383s] Level 1:colcon.colcon_core.package_identification:_identify(build) by extensions ['ignore', 'ignore_ament_install']
[0.383s] Level 1:colcon.colcon_core.package_identification:_identify(build) by extension 'ignore'
[0.383s] Level 1:colcon.colcon_core.package_identification:_identify(build) ignored
[0.383s] Level 1:colcon.colcon_core.package_identification:_identify(install) by extensions ['ignore', 'ignore_ament_install']
[0.383s] Level 1:colcon.colcon_core.package_identification:_identify(install) by extension 'ignore'
[0.383s] Level 1:colcon.colcon_core.package_identification:_identify(install) ignored
[0.383s] Level 1:colcon.colcon_core.package_identification:_identify(log) by extensions ['ignore', 'ignore_ament_install']
[0.383s] Level 1:colcon.colcon_core.package_identification:_identify(log) by extension 'ignore'
[0.383s] Level 1:colcon.colcon_core.package_identification:_identify(log) ignored
[0.383s] Level 1:colcon.colcon_core.package_identification:_identify(src) by extensions ['ignore', 'ignore_ament_install']
[0.383s] Level 1:colcon.colcon_core.package_identification:_identify(src) by extension 'ignore'
[0.384s] Level 1:colcon.colcon_core.package_identification:_identify(src) by extension 'ignore_ament_install'
[0.384s] Level 1:colcon.colcon_core.package_identification:_identify(src) by extensions ['colcon_pkg']
[0.384s] Level 1:colcon.colcon_core.package_identification:_identify(src) by extension 'colcon_pkg'
[0.384s] Level 1:colcon.colcon_core.package_identification:_identify(src) by extensions ['colcon_meta']
[0.384s] Level 1:colcon.colcon_core.package_identification:_identify(src) by extension 'colcon_meta'
[0.384s] Level 1:colcon.colcon_core.package_identification:_identify(src) by extensions ['ros']
[0.384s] Level 1:colcon.colcon_core.package_identification:_identify(src) by extension 'ros'
[0.384s] Level 1:colcon.colcon_core.package_identification:_identify(src) by extensions ['cmake', 'python']
[0.384s] Level 1:colcon.colcon_core.package_identification:_identify(src) by extension 'cmake'
[0.384s] Level 1:colcon.colcon_core.package_identification:_identify(src) by extension 'python'
[0.384s] Level 1:colcon.colcon_core.package_identification:_identify(src) by extensions ['python_setup_py']
[0.384s] Level 1:colcon.colcon_core.package_identification:_identify(src) by extension 'python_setup_py'
[0.384s] Level 1:colcon.colcon_core.package_identification:_identify(src/mobilebot) by extensions ['ignore', 'ignore_ament_install']
[0.384s] Level 1:colcon.colcon_core.package_identification:_identify(src/mobilebot) by extension 'ignore'
[0.385s] Level 1:colcon.colcon_core.package_identification:_identify(src/mobilebot) by extension 'ignore_ament_install'
[0.385s] Level 1:colcon.colcon_core.package_identification:_identify(src/mobilebot) by extensions ['colcon_pkg']
[0.385s] Level 1:colcon.colcon_core.package_identification:_identify(src/mobilebot) by extension 'colcon_pkg'
[0.385s] Level 1:colcon.colcon_core.package_identification:_identify(src/mobilebot) by extensions ['colcon_meta']
[0.385s] Level 1:colcon.colcon_core.package_identification:_identify(src/mobilebot) by extension 'colcon_meta'
[0.385s] Level 1:colcon.colcon_core.package_identification:_identify(src/mobilebot) by extensions ['ros']
[0.385s] Level 1:colcon.colcon_core.package_identification:_identify(src/mobilebot) by extension 'ros'
[0.387s] DEBUG:colcon.colcon_core.package_identification:Package 'src/mobilebot' with type 'ros.ament_cmake' and name 'mobilebot'
[0.387s] Level 1:colcon.colcon_core.package_identification:_identify(src/mobilebot_controller) by extensions ['ignore', 'ignore_ament_install']
[0.387s] Level 1:colcon.colcon_core.package_identification:_identify(src/mobilebot_controller) by extension 'ignore'
[0.388s] Level 1:colcon.colcon_core.package_identification:_identify(src/mobilebot_controller) by extension 'ignore_ament_install'
[0.388s] Level 1:colcon.colcon_core.package_identification:_identify(src/mobilebot_controller) by extensions ['colcon_pkg']
[0.388s] Level 1:colcon.colcon_core.package_identification:_identify(src/mobilebot_controller) by extension 'colcon_pkg'
[0.388s] Level 1:colcon.colcon_core.package_identification:_identify(src/mobilebot_controller) by extensions ['colcon_meta']
[0.388s] Level 1:colcon.colcon_core.package_identification:_identify(src/mobilebot_controller) by extension 'colcon_meta'
[0.388s] Level 1:colcon.colcon_core.package_identification:_identify(src/mobilebot_controller) by extensions ['ros']
[0.388s] Level 1:colcon.colcon_core.package_identification:_identify(src/mobilebot_controller) by extension 'ros'
[0.389s] DEBUG:colcon.colcon_core.package_identification:Package 'src/mobilebot_controller' with type 'ros.ament_cmake' and name 'mobilebot_controller'
[0.389s] Level 1:colcon.colcon_core.package_identification:_identify(src/robot) by extensions ['ignore', 'ignore_ament_install']
[0.389s] Level 1:colcon.colcon_core.package_identification:_identify(src/robot) by extension 'ignore'
[0.390s] Level 1:colcon.colcon_core.package_identification:_identify(src/robot) by extension 'ignore_ament_install'
[0.390s] Level 1:colcon.colcon_core.package_identification:_identify(src/robot) by extensions ['colcon_pkg']
[0.390s] Level 1:colcon.colcon_core.package_identification:_identify(src/robot) by extension 'colcon_pkg'
[0.390s] Level 1:colcon.colcon_core.package_identification:_identify(src/robot) by extensions ['colcon_meta']
[0.390s] Level 1:colcon.colcon_core.package_identification:_identify(src/robot) by extension 'colcon_meta'
[0.390s] Level 1:colcon.colcon_core.package_identification:_identify(src/robot) by extensions ['ros']
[0.390s] Level 1:colcon.colcon_core.package_identification:_identify(src/robot) by extension 'ros'
[0.391s] DEBUG:colcon.colcon_core.package_identification:Package 'src/robot' with type 'ros.ament_python' and name 'robot'
[0.391s] Level 1:colcon.colcon_core.package_identification:_identify(src/robot_description) by extensions ['ignore', 'ignore_ament_install']
[0.391s] Level 1:colcon.colcon_core.package_identification:_identify(src/robot_description) by extension 'ignore'
[0.391s] Level 1:colcon.colcon_core.package_identification:_identify(src/robot_description) by extension 'ignore_ament_install'
[0.391s] Level 1:colcon.colcon_core.package_identification:_identify(src/robot_description) by extensions ['colcon_pkg']
[0.391s] Level 1:colcon.colcon_core.package_identification:_identify(src/robot_description) by extension 'colcon_pkg'
[0.391s] Level 1:colcon.colcon_core.package_identification:_identify(src/robot_description) by extensions ['colcon_meta']
[0.391s] Level 1:colcon.colcon_core.package_identification:_identify(src/robot_description) by extension 'colcon_meta'
[0.391s] Level 1:colcon.colcon_core.package_identification:_identify(src/robot_description) by extensions ['ros']
[0.391s] Level 1:colcon.colcon_core.package_identification:_identify(src/robot_description) by extension 'ros'
[0.392s] DEBUG:colcon.colcon_core.package_identification:Package 'src/robot_description' with type 'ros.ament_cmake' and name 'robot_description'
[0.392s] Level 1:colcon.colcon_core.package_identification:_identify(world_meshes) by extensions ['ignore', 'ignore_ament_install']
[0.392s] Level 1:colcon.colcon_core.package_identification:_identify(world_meshes) by extension 'ignore'
[0.392s] Level 1:colcon.colcon_core.package_identification:_identify(world_meshes) by extension 'ignore_ament_install'
[0.392s] Level 1:colcon.colcon_core.package_identification:_identify(world_meshes) by extensions ['colcon_pkg']
[0.392s] Level 1:colcon.colcon_core.package_identification:_identify(world_meshes) by extension 'colcon_pkg'
[0.392s] Level 1:colcon.colcon_core.package_identification:_identify(world_meshes) by extensions ['colcon_meta']
[0.392s] Level 1:colcon.colcon_core.package_identification:_identify(world_meshes) by extension 'colcon_meta'
[0.392s] Level 1:colcon.colcon_core.package_identification:_identify(world_meshes) by extensions ['ros']
[0.393s] Level 1:colcon.colcon_core.package_identification:_identify(world_meshes) by extension 'ros'
[0.393s] Level 1:colcon.colcon_core.package_identification:_identify(world_meshes) by extensions ['cmake', 'python']
[0.393s] Level 1:colcon.colcon_core.package_identification:_identify(world_meshes) by extension 'cmake'
[0.393s] Level 1:colcon.colcon_core.package_identification:_identify(world_meshes) by extension 'python'
[0.393s] Level 1:colcon.colcon_core.package_identification:_identify(world_meshes) by extensions ['python_setup_py']
[0.393s] Level 1:colcon.colcon_core.package_identification:_identify(world_meshes) by extension 'python_setup_py'
[0.393s] Level 1:colcon.colcon_core.package_identification:_identify(world_meshes/construction_barrel) by extensions ['ignore', 'ignore_ament_install']
[0.393s] Level 1:colcon.colcon_core.package_identification:_identify(world_meshes/construction_barrel) by extension 'ignore'
[0.393s] Level 1:colcon.colcon_core.package_identification:_identify(world_meshes/construction_barrel) by extension 'ignore_ament_install'
[0.393s] Level 1:colcon.colcon_core.package_identification:_identify(world_meshes/construction_barrel) by extensions ['colcon_pkg']
[0.393s] Level 1:colcon.colcon_core.package_identification:_identify(world_meshes/construction_barrel) by extension 'colcon_pkg'
[0.393s] Level 1:colcon.colcon_core.package_identification:_identify(world_meshes/construction_barrel) by extensions ['colcon_meta']
[0.393s] Level 1:colcon.colcon_core.package_identification:_identify(world_meshes/construction_barrel) by extension 'colcon_meta'
[0.393s] Level 1:colcon.colcon_core.package_identification:_identify(world_meshes/construction_barrel) by extensions ['ros']
[0.393s] Level 1:colcon.colcon_core.package_identification:_identify(world_meshes/construction_barrel) by extension 'ros'
[0.393s] Level 1:colcon.colcon_core.package_identification:_identify(world_meshes/construction_barrel) by extensions ['cmake', 'python']
[0.394s] Level 1:colcon.colcon_core.package_identification:_identify(world_meshes/construction_barrel) by extension 'cmake'
[0.394s] Level 1:colcon.colcon_core.package_identification:_identify(world_meshes/construction_barrel) by extension 'python'
[0.394s] Level 1:colcon.colcon_core.package_identification:_identify(world_meshes/construction_barrel) by extensions ['python_setup_py']
[0.394s] Level 1:colcon.colcon_core.package_identification:_identify(world_meshes/construction_barrel) by extension 'python_setup_py'
[0.394s] Level 1:colcon.colcon_core.package_identification:_identify(world_meshes/construction_barrel/materials) by extensions ['ignore', 'ignore_ament_install']
[0.394s] Level 1:colcon.colcon_core.package_identification:_identify(world_meshes/construction_barrel/materials) by extension 'ignore'
[0.394s] Level 1:colcon.colcon_core.package_identification:_identify(world_meshes/construction_barrel/materials) by extension 'ignore_ament_install'
[0.394s] Level 1:colcon.colcon_core.package_identification:_identify(world_meshes/construction_barrel/materials) by extensions ['colcon_pkg']
[0.394s] Level 1:colcon.colcon_core.package_identification:_identify(world_meshes/construction_barrel/materials) by extension 'colcon_pkg'
[0.394s] Level 1:colcon.colcon_core.package_identification:_identify(world_meshes/construction_barrel/materials) by extensions ['colcon_meta']
[0.394s] Level 1:colcon.colcon_core.package_identification:_identify(world_meshes/construction_barrel/materials) by extension 'colcon_meta'
[0.394s] Level 1:colcon.colcon_core.package_identification:_identify(world_meshes/construction_barrel/materials) by extensions ['ros']
[0.394s] Level 1:colcon.colcon_core.package_identification:_identify(world_meshes/construction_barrel/materials) by extension 'ros'
[0.394s] Level 1:colcon.colcon_core.package_identification:_identify(world_meshes/construction_barrel/materials) by extensions ['cmake', 'python']
[0.394s] Level 1:colcon.colcon_core.package_identification:_identify(world_meshes/construction_barrel/materials) by extension 'cmake'
[0.394s] Level 1:colcon.colcon_core.package_identification:_identify(world_meshes/construction_barrel/materials) by extension 'python'
[0.395s] Level 1:colcon.colcon_core.package_identification:_identify(world_meshes/construction_barrel/materials) by extensions ['python_setup_py']
[0.395s] Level 1:colcon.colcon_core.package_identification:_identify(world_meshes/construction_barrel/materials) by extension 'python_setup_py'
[0.395s] Level 1:colcon.colcon_core.package_identification:_identify(world_meshes/construction_barrel/materials/textures) by extensions ['ignore', 'ignore_ament_install']
[0.395s] Level 1:colcon.colcon_core.package_identification:_identify(world_meshes/construction_barrel/materials/textures) by extension 'ignore'
[0.395s] Level 1:colcon.colcon_core.package_identification:_identify(world_meshes/construction_barrel/materials/textures) by extension 'ignore_ament_install'
[0.395s] Level 1:colcon.colcon_core.package_identification:_identify(world_meshes/construction_barrel/materials/textures) by extensions ['colcon_pkg']
[0.395s] Level 1:colcon.colcon_core.package_identification:_identify(world_meshes/construction_barrel/materials/textures) by extension 'colcon_pkg'
[0.395s] Level 1:colcon.colcon_core.package_identification:_identify(world_meshes/construction_barrel/materials/textures) by extensions ['colcon_meta']
[0.395s] Level 1:colcon.colcon_core.package_identification:_identify(world_meshes/construction_barrel/materials/textures) by extension 'colcon_meta'
[0.395s] Level 1:colcon.colcon_core.package_identification:_identify(world_meshes/construction_barrel/materials/textures) by extensions ['ros']
[0.395s] Level 1:colcon.colcon_core.package_identification:_identify(world_meshes/construction_barrel/materials/textures) by extension 'ros'
[0.395s] Level 1:colcon.colcon_core.package_identification:_identify(world_meshes/construction_barrel/materials/textures) by extensions ['cmake', 'python']
[0.395s] Level 1:colcon.colcon_core.package_identification:_identify(world_meshes/construction_barrel/materials/textures) by extension 'cmake'
[0.395s] Level 1:colcon.colcon_core.package_identification:_identify(world_meshes/construction_barrel/materials/textures) by extension 'python'
[0.395s] Level 1:colcon.colcon_core.package_identification:_identify(world_meshes/construction_barrel/materials/textures) by extensions ['python_setup_py']
[0.396s] Level 1:colcon.colcon_core.package_identification:_identify(world_meshes/construction_barrel/materials/textures) by extension 'python_setup_py'
[0.396s] Level 1:colcon.colcon_core.package_identification:_identify(world_meshes/construction_barrel/meshes) by extensions ['ignore', 'ignore_ament_install']
[0.396s] Level 1:colcon.colcon_core.package_identification:_identify(world_meshes/construction_barrel/meshes) by extension 'ignore'
[0.396s] Level 1:colcon.colcon_core.package_identification:_identify(world_meshes/construction_barrel/meshes) by extension 'ignore_ament_install'
[0.396s] Level 1:colcon.colcon_core.package_identification:_identify(world_meshes/construction_barrel/meshes) by extensions ['colcon_pkg']
[0.396s] Level 1:colcon.colcon_core.package_identification:_identify(world_meshes/construction_barrel/meshes) by extension 'colcon_pkg'
[0.396s] Level 1:colcon.colcon_core.package_identification:_identify(world_meshes/construction_barrel/meshes) by extensions ['colcon_meta']
[0.396s] Level 1:colcon.colcon_core.package_identification:_identify(world_meshes/construction_barrel/meshes) by extension 'colcon_meta'
[0.396s] Level 1:colcon.colcon_core.package_identification:_identify(world_meshes/construction_barrel/meshes) by extensions ['ros']
[0.396s] Level 1:colcon.colcon_core.package_identification:_identify(world_meshes/construction_barrel/meshes) by extension 'ros'
[0.396s] Level 1:colcon.colcon_core.package_identification:_identify(world_meshes/construction_barrel/meshes) by extensions ['cmake', 'python']
[0.396s] Level 1:colcon.colcon_core.package_identification:_identify(world_meshes/construction_barrel/meshes) by extension 'cmake'
[0.396s] Level 1:colcon.colcon_core.package_identification:_identify(world_meshes/construction_barrel/meshes) by extension 'python'
[0.396s] Level 1:colcon.colcon_core.package_identification:_identify(world_meshes/construction_barrel/meshes) by extensions ['python_setup_py']
[0.396s] Level 1:colcon.colcon_core.package_identification:_identify(world_meshes/construction_barrel/meshes) by extension 'python_setup_py'
[0.397s] Level 1:colcon.colcon_core.package_identification:_identify(world_meshes/construction_barrel/thumbnails) by extensions ['ignore', 'ignore_ament_install']
[0.397s] Level 1:colcon.colcon_core.package_identification:_identify(world_meshes/construction_barrel/thumbnails) by extension 'ignore'
[0.397s] Level 1:colcon.colcon_core.package_identification:_identify(world_meshes/construction_barrel/thumbnails) by extension 'ignore_ament_install'
[0.397s] Level 1:colcon.colcon_core.package_identification:_identify(world_meshes/construction_barrel/thumbnails) by extensions ['colcon_pkg']
[0.397s] Level 1:colcon.colcon_core.package_identification:_identify(world_meshes/construction_barrel/thumbnails) by extension 'colcon_pkg'
[0.397s] Level 1:colcon.colcon_core.package_identification:_identify(world_meshes/construction_barrel/thumbnails) by extensions ['colcon_meta']
[0.397s] Level 1:colcon.colcon_core.package_identification:_identify(world_meshes/construction_barrel/thumbnails) by extension 'colcon_meta'
[0.397s] Level 1:colcon.colcon_core.package_identification:_identify(world_meshes/construction_barrel/thumbnails) by extensions ['ros']
[0.397s] Level 1:colcon.colcon_core.package_identification:_identify(world_meshes/construction_barrel/thumbnails) by extension 'ros'
[0.397s] Level 1:colcon.colcon_core.package_identification:_identify(world_meshes/construction_barrel/thumbnails) by extensions ['cmake', 'python']
[0.397s] Level 1:colcon.colcon_core.package_identification:_identify(world_meshes/construction_barrel/thumbnails) by extension 'cmake'
[0.397s] Level 1:colcon.colcon_core.package_identification:_identify(world_meshes/construction_barrel/thumbnails) by extension 'python'
[0.397s] Level 1:colcon.colcon_core.package_identification:_identify(world_meshes/construction_barrel/thumbnails) by extensions ['python_setup_py']
[0.397s] Level 1:colcon.colcon_core.package_identification:_identify(world_meshes/construction_barrel/thumbnails) by extension 'python_setup_py'
[0.397s] Level 1:colcon.colcon_core.package_identification:_identify(world_meshes/construction_cone) by extensions ['ignore', 'ignore_ament_install']
[0.398s] Level 1:colcon.colcon_core.package_identification:_identify(world_meshes/construction_cone) by extension 'ignore'
[0.398s] Level 1:colcon.colcon_core.package_identification:_identify(world_meshes/construction_cone) by extension 'ignore_ament_install'
[0.398s] Level 1:colcon.colcon_core.package_identification:_identify(world_meshes/construction_cone) by extensions ['colcon_pkg']
[0.398s] Level 1:colcon.colcon_core.package_identification:_identify(world_meshes/construction_cone) by extension 'colcon_pkg'
[0.398s] Level 1:colcon.colcon_core.package_identification:_identify(world_meshes/construction_cone) by extensions ['colcon_meta']
[0.398s] Level 1:colcon.colcon_core.package_identification:_identify(world_meshes/construction_cone) by extension 'colcon_meta'
[0.398s] Level 1:colcon.colcon_core.package_identification:_identify(world_meshes/construction_cone) by extensions ['ros']
[0.398s] Level 1:colcon.colcon_core.package_identification:_identify(world_meshes/construction_cone) by extension 'ros'
[0.398s] Level 1:colcon.colcon_core.package_identification:_identify(world_meshes/construction_cone) by extensions ['cmake', 'python']
[0.398s] Level 1:colcon.colcon_core.package_identification:_identify(world_meshes/construction_cone) by extension 'cmake'
[0.398s] Level 1:colcon.colcon_core.package_identification:_identify(world_meshes/construction_cone) by extension 'python'
[0.398s] Level 1:colcon.colcon_core.package_identification:_identify(world_meshes/construction_cone) by extensions ['python_setup_py']
[0.398s] Level 1:colcon.colcon_core.package_identification:_identify(world_meshes/construction_cone) by extension 'python_setup_py'
[0.398s] Level 1:colcon.colcon_core.package_identification:_identify(world_meshes/construction_cone/materials) by extensions ['ignore', 'ignore_ament_install']
[0.399s] Level 1:colcon.colcon_core.package_identification:_identify(world_meshes/construction_cone/materials) by extension 'ignore'
[0.399s] Level 1:colcon.colcon_core.package_identification:_identify(world_meshes/construction_cone/materials) by extension 'ignore_ament_install'
[0.399s] Level 1:colcon.colcon_core.package_identification:_identify(world_meshes/construction_cone/materials) by extensions ['colcon_pkg']
[0.399s] Level 1:colcon.colcon_core.package_identification:_identify(world_meshes/construction_cone/materials) by extension 'colcon_pkg'
[0.399s] Level 1:colcon.colcon_core.package_identification:_identify(world_meshes/construction_cone/materials) by extensions ['colcon_meta']
[0.399s] Level 1:colcon.colcon_core.package_identification:_identify(world_meshes/construction_cone/materials) by extension 'colcon_meta'
[0.399s] Level 1:colcon.colcon_core.package_identification:_identify(world_meshes/construction_cone/materials) by extensions ['ros']
[0.399s] Level 1:colcon.colcon_core.package_identification:_identify(world_meshes/construction_cone/materials) by extension 'ros'
[0.399s] Level 1:colcon.colcon_core.package_identification:_identify(world_meshes/construction_cone/materials) by extensions ['cmake', 'python']
[0.399s] Level 1:colcon.colcon_core.package_identification:_identify(world_meshes/construction_cone/materials) by extension 'cmake'
[0.399s] Level 1:colcon.colcon_core.package_identification:_identify(world_meshes/construction_cone/materials) by extension 'python'
[0.399s] Level 1:colcon.colcon_core.package_identification:_identify(world_meshes/construction_cone/materials) by extensions ['python_setup_py']
[0.399s] Level 1:colcon.colcon_core.package_identification:_identify(world_meshes/construction_cone/materials) by extension 'python_setup_py'
[0.399s] Level 1:colcon.colcon_core.package_identification:_identify(world_meshes/construction_cone/materials/textures) by extensions ['ignore', 'ignore_ament_install']
[0.399s] Level 1:colcon.colcon_core.package_identification:_identify(world_meshes/construction_cone/materials/textures) by extension 'ignore'
[0.400s] Level 1:colcon.colcon_core.package_identification:_identify(world_meshes/construction_cone/materials/textures) by extension 'ignore_ament_install'
[0.400s] Level 1:colcon.colcon_core.package_identification:_identify(world_meshes/construction_cone/materials/textures) by extensions ['colcon_pkg']
[0.400s] Level 1:colcon.colcon_core.package_identification:_identify(world_meshes/construction_cone/materials/textures) by extension 'colcon_pkg'
[0.400s] Level 1:colcon.colcon_core.package_identification:_identify(world_meshes/construction_cone/materials/textures) by extensions ['colcon_meta']
[0.400s] Level 1:colcon.colcon_core.package_identification:_identify(world_meshes/construction_cone/materials/textures) by extension 'colcon_meta'
[0.400s] Level 1:colcon.colcon_core.package_identification:_identify(world_meshes/construction_cone/materials/textures) by extensions ['ros']
[0.400s] Level 1:colcon.colcon_core.package_identification:_identify(world_meshes/construction_cone/materials/textures) by extension 'ros'
[0.400s] Level 1:colcon.colcon_core.package_identification:_identify(world_meshes/construction_cone/materials/textures) by extensions ['cmake', 'python']
[0.400s] Level 1:colcon.colcon_core.package_identification:_identify(world_meshes/construction_cone/materials/textures) by extension 'cmake'
[0.400s] Level 1:colcon.colcon_core.package_identification:_identify(world_meshes/construction_cone/materials/textures) by extension 'python'
[0.400s] Level 1:colcon.colcon_core.package_identification:_identify(world_meshes/construction_cone/materials/textures) by extensions ['python_setup_py']
[0.400s] Level 1:colcon.colcon_core.package_identification:_identify(world_meshes/construction_cone/materials/textures) by extension 'python_setup_py'
[0.400s] Level 1:colcon.colcon_core.package_identification:_identify(world_meshes/construction_cone/meshes) by extensions ['ignore', 'ignore_ament_install']
[0.400s] Level 1:colcon.colcon_core.package_identification:_identify(world_meshes/construction_cone/meshes) by extension 'ignore'
[0.400s] Level 1:colcon.colcon_core.package_identification:_identify(world_meshes/construction_cone/meshes) by extension 'ignore_ament_install'
[0.400s] Level 1:colcon.colcon_core.package_identification:_identify(world_meshes/construction_cone/meshes) by extensions ['colcon_pkg']
[0.401s] Level 1:colcon.colcon_core.package_identification:_identify(world_meshes/construction_cone/meshes) by extension 'colcon_pkg'
[0.401s] Level 1:colcon.colcon_core.package_identification:_identify(world_meshes/construction_cone/meshes) by extensions ['colcon_meta']
[0.401s] Level 1:colcon.colcon_core.package_identification:_identify(world_meshes/construction_cone/meshes) by extension 'colcon_meta'
[0.401s] Level 1:colcon.colcon_core.package_identification:_identify(world_meshes/construction_cone/meshes) by extensions ['ros']
[0.401s] Level 1:colcon.colcon_core.package_identification:_identify(world_meshes/construction_cone/meshes) by extension 'ros'
[0.401s] Level 1:colcon.colcon_core.package_identification:_identify(world_meshes/construction_cone/meshes) by extensions ['cmake', 'python']
[0.401s] Level 1:colcon.colcon_core.package_identification:_identify(world_meshes/construction_cone/meshes) by extension 'cmake'
[0.401s] Level 1:colcon.colcon_core.package_identification:_identify(world_meshes/construction_cone/meshes) by extension 'python'
[0.401s] Level 1:colcon.colcon_core.package_identification:_identify(world_meshes/construction_cone/meshes) by extensions ['python_setup_py']
[0.401s] Level 1:colcon.colcon_core.package_identification:_identify(world_meshes/construction_cone/meshes) by extension 'python_setup_py'
[0.401s] Level 1:colcon.colcon_core.package_identification:_identify(world_meshes/construction_cone/thumbnails) by extensions ['ignore', 'ignore_ament_install']
[0.401s] Level 1:colcon.colcon_core.package_identification:_identify(world_meshes/construction_cone/thumbnails) by extension 'ignore'
[0.401s] Level 1:colcon.colcon_core.package_identification:_identify(world_meshes/construction_cone/thumbnails) by extension 'ignore_ament_install'
[0.401s] Level 1:colcon.colcon_core.package_identification:_identify(world_meshes/construction_cone/thumbnails) by extensions ['colcon_pkg']
[0.401s] Level 1:colcon.colcon_core.package_identification:_identify(world_meshes/construction_cone/thumbnails) by extension 'colcon_pkg'
[0.401s] Level 1:colcon.colcon_core.package_identification:_identify(world_meshes/construction_cone/thumbnails) by extensions ['colcon_meta']
[0.402s] Level 1:colcon.colcon_core.package_identification:_identify(world_meshes/construction_cone/thumbnails) by extension 'colcon_meta'
[0.402s] Level 1:colcon.colcon_core.package_identification:_identify(world_meshes/construction_cone/thumbnails) by extensions ['ros']
[0.402s] Level 1:colcon.colcon_core.package_identification:_identify(world_meshes/construction_cone/thumbnails) by extension 'ros'
[0.402s] Level 1:colcon.colcon_core.package_identification:_identify(world_meshes/construction_cone/thumbnails) by extensions ['cmake', 'python']
[0.402s] Level 1:colcon.colcon_core.package_identification:_identify(world_meshes/construction_cone/thumbnails) by extension 'cmake'
[0.402s] Level 1:colcon.colcon_core.package_identification:_identify(world_meshes/construction_cone/thumbnails) by extension 'python'
[0.402s] Level 1:colcon.colcon_core.package_identification:_identify(world_meshes/construction_cone/thumbnails) by extensions ['python_setup_py']
[0.402s] Level 1:colcon.colcon_core.package_identification:_identify(world_meshes/construction_cone/thumbnails) by extension 'python_setup_py'
[0.402s] Level 1:colcon.colcon_core.package_discovery:discover_packages(recursive) using defaults
[0.402s] Level 1:colcon.colcon_core.package_discovery:discover_packages(ignore) discover
[0.402s] Level 1:colcon.colcon_core.package_discovery:discover_packages(ignore) using defaults
[0.402s] Level 1:colcon.colcon_core.package_discovery:discover_packages(path) discover
[0.402s] Level 1:colcon.colcon_core.package_discovery:discover_packages(path) using defaults
[0.434s] Level 1:colcon.colcon_core.package_discovery:discover_packages(prefix_path) check parameters
[0.435s] Level 1:colcon.colcon_core.package_discovery:discover_packages(prefix_path) discover
[0.439s] DEBUG:colcon.colcon_installed_package_information.package_discovery:Found 8 installed packages in /home/hars22/rosws/install
[0.441s] DEBUG:colcon.colcon_installed_package_information.package_discovery:Found 321 installed packages in /opt/ros/humble
[0.444s] Level 1:colcon.colcon_core.package_discovery:discover_packages(prefix_path) using defaults
[0.482s] Level 5:colcon.colcon_core.verb:set package 'mobilebot' build argument 'cmake_args' from command line to 'None'
[0.482s] Level 5:colcon.colcon_core.verb:set package 'mobilebot' build argument 'cmake_target' from command line to 'None'
[0.482s] Level 5:colcon.colcon_core.verb:set package 'mobilebot' build argument 'cmake_target_skip_unavailable' from command line to 'False'
[0.482s] Level 5:colcon.colcon_core.verb:set package 'mobilebot' build argument 'cmake_clean_cache' from command line to 'False'
[0.482s] Level 5:colcon.colcon_core.verb:set package 'mobilebot' build argument 'cmake_clean_first' from command line to 'False'
[0.482s] Level 5:colcon.colcon_core.verb:set package 'mobilebot' build argument 'cmake_force_configure' from command line to 'False'
[0.482s] Level 5:colcon.colcon_core.verb:set package 'mobilebot' build argument 'ament_cmake_args' from command line to 'None'
[0.482s] Level 5:colcon.colcon_core.verb:set package 'mobilebot' build argument 'catkin_cmake_args' from command line to 'None'
[0.482s] Level 5:colcon.colcon_core.verb:set package 'mobilebot' build argument 'catkin_skip_building_tests' from command line to 'False'
[0.482s] DEBUG:colcon.colcon_core.verb:Building package 'mobilebot' with the following arguments: {'ament_cmake_args': None, 'build_base': '/home/hars22/rosws/build/mobilebot', 'catkin_cmake_args': None, 'catkin_skip_building_tests': False, 'cmake_args': None, 'cmake_clean_cache': False, 'cmake_clean_first': False, 'cmake_force_configure': False, 'cmake_target': None, 'cmake_target_skip_unavailable': False, 'install_base': '/home/hars22/rosws/install/mobilebot', 'merge_install': False, 'path': '/home/hars22/rosws/src/mobilebot', 'symlink_install': False, 'test_result_base': None}
[0.482s] Level 5:colcon.colcon_core.verb:set package 'mobilebot_controller' build argument 'cmake_args' from command line to 'None'
[0.482s] Level 5:colcon.colcon_core.verb:set package 'mobilebot_controller' build argument 'cmake_target' from command line to 'None'
[0.482s] Level 5:colcon.colcon_core.verb:set package 'mobilebot_controller' build argument 'cmake_target_skip_unavailable' from command line to 'False'
[0.482s] Level 5:colcon.colcon_core.verb:set package 'mobilebot_controller' build argument 'cmake_clean_cache' from command line to 'False'
[0.482s] Level 5:colcon.colcon_core.verb:set package 'mobilebot_controller' build argument 'cmake_clean_first' from command line to 'False'
[0.482s] Level 5:colcon.colcon_core.verb:set package 'mobilebot_controller' build argument 'cmake_force_configure' from command line to 'False'
[0.482s] Level 5:colcon.colcon_core.verb:set package 'mobilebot_controller' build argument 'ament_cmake_args' from command line to 'None'
[0.483s] Level 5:colcon.colcon_core.verb:set package 'mobilebot_controller' build argument 'catkin_cmake_args' from command line to 'None'
[0.483s] Level 5:colcon.colcon_core.verb:set package 'mobilebot_controller' build argument 'catkin_skip_building_tests' from command line to 'False'
[0.483s] DEBUG:colcon.colcon_core.verb:Building package 'mobilebot_controller' with the following arguments: {'ament_cmake_args': None, 'build_base': '/home/hars22/rosws/build/mobilebot_controller', 'catkin_cmake_args': None, 'catkin_skip_building_tests': False, 'cmake_args': None, 'cmake_clean_cache': False, 'cmake_clean_first': False, 'cmake_force_configure': False, 'cmake_target': None, 'cmake_target_skip_unavailable': False, 'install_base': '/home/hars22/rosws/install/mobilebot_controller', 'merge_install': False, 'path': '/home/hars22/rosws/src/mobilebot_controller', 'symlink_install': False, 'test_result_base': None}
[0.483s] Level 5:colcon.colcon_core.verb:set package 'robot' build argument 'cmake_args' from command line to 'None'
[0.483s] Level 5:colcon.colcon_core.verb:set package 'robot' build argument 'cmake_target' from command line to 'None'
[0.483s] Level 5:colcon.colcon_core.verb:set package 'robot' build argument 'cmake_target_skip_unavailable' from command line to 'False'
[0.483s] Level 5:colcon.colcon_core.verb:set package 'robot' build argument 'cmake_clean_cache' from command line to 'False'
[0.483s] Level 5:colcon.colcon_core.verb:set package 'robot' build argument 'cmake_clean_first' from command line to 'False'
[0.483s] Level 5:colcon.colcon_core.verb:set package 'robot' build argument 'cmake_force_configure' from command line to 'False'
[0.483s] Level 5:colcon.colcon_core.verb:set package 'robot' build argument 'ament_cmake_args' from command line to 'None'
[0.483s] Level 5:colcon.colcon_core.verb:set package 'robot' build argument 'catkin_cmake_args' from command line to 'None'
[0.483s] Level 5:colcon.colcon_core.verb:set package 'robot' build argument 'catkin_skip_building_tests' from command line to 'False'
[0.483s] DEBUG:colcon.colcon_core.verb:Building package 'robot' with the following arguments: {'ament_cmake_args': None, 'build_base': '/home/hars22/rosws/build/robot', 'catkin_cmake_args': None, 'catkin_skip_building_tests': False, 'cmake_args': None, 'cmake_clean_cache': False, 'cmake_clean_first': False, 'cmake_force_configure': False, 'cmake_target': None, 'cmake_target_skip_unavailable': False, 'install_base': '/home/hars22/rosws/install/robot', 'merge_install': False, 'path': '/home/hars22/rosws/src/robot', 'symlink_install': False, 'test_result_base': None}
[0.483s] Level 5:colcon.colcon_core.verb:set package 'robot_description' build argument 'cmake_args' from command line to 'None'
[0.483s] Level 5:colcon.colcon_core.verb:set package 'robot_description' build argument 'cmake_target' from command line to 'None'
[0.483s] Level 5:colcon.colcon_core.verb:set package 'robot_description' build argument 'cmake_target_skip_unavailable' from command line to 'False'
[0.483s] Level 5:colcon.colcon_core.verb:set package 'robot_description' build argument 'cmake_clean_cache' from command line to 'False'
[0.483s] Level 5:colcon.colcon_core.verb:set package 'robot_description' build argument 'cmake_clean_first' from command line to 'False'
[0.483s] Level 5:colcon.colcon_core.verb:set package 'robot_description' build argument 'cmake_force_configure' from command line to 'False'
[0.483s] Level 5:colcon.colcon_core.verb:set package 'robot_description' build argument 'ament_cmake_args' from command line to 'None'
[0.483s] Level 5:colcon.colcon_core.verb:set package 'robot_description' build argument 'catkin_cmake_args' from command line to 'None'
[0.483s] Level 5:colcon.colcon_core.verb:set package 'robot_description' build argument 'catkin_skip_building_tests' from command line to 'False'
[0.483s] DEBUG:colcon.colcon_core.verb:Building package 'robot_description' with the following arguments: {'ament_cmake_args': None, 'build_base': '/home/hars22/rosws/build/robot_description', 'catkin_cmake_args': None, 'catkin_skip_building_tests': False, 'cmake_args': None, 'cmake_clean_cache': False, 'cmake_clean_first': False, 'cmake_force_configure': False, 'cmake_target': None, 'cmake_target_skip_unavailable': False, 'install_base': '/home/hars22/rosws/install/robot_description', 'merge_install': False, 'path': '/home/hars22/rosws/src/robot_description', 'symlink_install': False, 'test_result_base': None}
[0.483s] INFO:colcon.colcon_core.executor:Executing jobs using 'parallel' executor
[0.484s] DEBUG:colcon.colcon_parallel_executor.executor.parallel:run_until_complete
[0.484s] INFO:colcon.colcon_ros.task.ament_cmake.build:Building ROS package in '/home/hars22/rosws/src/mobilebot' with build type 'ament_cmake'
[0.484s] INFO:colcon.colcon_cmake.task.cmake.build:Building CMake package in '/home/hars22/rosws/src/mobilebot'
[0.489s] INFO:colcon.colcon_core.plugin_system:Skipping extension 'colcon_core.shell.bat': Not used on non-Windows systems
[0.489s] INFO:colcon.colcon_core.shell:Skip shell extension 'powershell' for command environment: Not usable outside of PowerShell
[0.489s] DEBUG:colcon.colcon_core.shell:Skip shell extension 'dsv' for command environment
[0.492s] INFO:colcon.colcon_ros.task.ament_cmake.build:Building ROS package in '/home/hars22/rosws/src/mobilebot_controller' with build type 'ament_cmake'
[0.492s] INFO:colcon.colcon_cmake.task.cmake.build:Building CMake package in '/home/hars22/rosws/src/mobilebot_controller'
[0.493s] INFO:colcon.colcon_core.shell:Skip shell extension 'powershell' for command environment: Not usable outside of PowerShell
[0.493s] DEBUG:colcon.colcon_core.shell:Skip shell extension 'dsv' for command environment
[0.495s] INFO:colcon.colcon_ros.task.ament_python.build:Building ROS package in '/home/hars22/rosws/src/robot' with build type 'ament_python'
[0.495s] Level 1:colcon.colcon_core.shell:create_environment_hook('robot', 'ament_prefix_path')
[0.495s] INFO:colcon.colcon_core.shell:Creating environment hook '/home/hars22/rosws/install/robot/share/robot/hook/ament_prefix_path.ps1'
[0.496s] INFO:colcon.colcon_core.shell:Creating environment descriptor '/home/hars22/rosws/install/robot/share/robot/hook/ament_prefix_path.dsv'
[0.497s] INFO:colcon.colcon_core.shell:Creating environment hook '/home/hars22/rosws/install/robot/share/robot/hook/ament_prefix_path.sh'
[0.497s] INFO:colcon.colcon_core.shell:Skip shell extension 'powershell' for command environment: Not usable outside of PowerShell
[0.497s] DEBUG:colcon.colcon_core.shell:Skip shell extension 'dsv' for command environment
[0.499s] INFO:colcon.colcon_ros.task.ament_cmake.build:Building ROS package in '/home/hars22/rosws/src/robot_description' with build type 'ament_cmake'
[0.499s] INFO:colcon.colcon_cmake.task.cmake.build:Building CMake package in '/home/hars22/rosws/src/robot_description'
[0.499s] INFO:colcon.colcon_core.shell:Skip shell extension 'powershell' for command environment: Not usable outside of PowerShell
[0.499s] DEBUG:colcon.colcon_core.shell:Skip shell extension 'dsv' for command environment
[0.509s] DEBUG:colcon.colcon_core.event_handler.log_command:Invoking command in '/home/hars22/rosws/build/mobilebot': CMAKE_PREFIX_PATH=${CMAKE_PREFIX_PATH}:/home/hars22/rosws/install/robot:/opt/ros/humble /usr/bin/cmake --build /home/hars22/rosws/build/mobilebot -- -j4 -l4
[0.514s] DEBUG:colcon.colcon_core.event_handler.log_command:Invoking command in '/home/hars22/rosws/build/mobilebot_controller': CMAKE_PREFIX_PATH=${CMAKE_PREFIX_PATH}:/home/hars22/rosws/install/robot:/opt/ros/humble /usr/bin/cmake --build /home/hars22/rosws/build/mobilebot_controller -- -j4 -l4
[0.769s] INFO:colcon.colcon_core.task.python.build:Building Python package in '/home/hars22/rosws/src/robot'
[0.769s] INFO:colcon.colcon_core.shell:Skip shell extension 'powershell' for command environment: Not usable outside of PowerShell
[0.769s] DEBUG:colcon.colcon_core.shell:Skip shell extension 'dsv' for command environment
[0.777s] DEBUG:colcon.colcon_core.event_handler.log_command:Invoking command in '/home/hars22/rosws/build/robot_description': CMAKE_PREFIX_PATH=${CMAKE_PREFIX_PATH}:/home/hars22/rosws/install/robot:/opt/ros/humble /usr/bin/cmake --build /home/hars22/rosws/build/robot_description -- -j4 -l4
[0.779s] DEBUG:colcon.colcon_core.event_handler.log_command:Invoked command in '/home/hars22/rosws/build/mobilebot_controller' returned '0': CMAKE_PREFIX_PATH=${CMAKE_PREFIX_PATH}:/home/hars22/rosws/install/robot:/opt/ros/humble /usr/bin/cmake --build /home/hars22/rosws/build/mobilebot_controller -- -j4 -l4
[0.790s] DEBUG:colcon.colcon_core.event_handler.log_command:Invoking command in '/home/hars22/rosws/build/mobilebot_controller': CMAKE_PREFIX_PATH=${CMAKE_PREFIX_PATH}:/home/hars22/rosws/install/robot:/opt/ros/humble /usr/bin/cmake --install /home/hars22/rosws/build/mobilebot_controller
[0.790s] DEBUG:colcon.colcon_core.event_handler.log_command:Invoked command in '/home/hars22/rosws/build/mobilebot' returned '0': CMAKE_PREFIX_PATH=${CMAKE_PREFIX_PATH}:/home/hars22/rosws/install/robot:/opt/ros/humble /usr/bin/cmake --build /home/hars22/rosws/build/mobilebot -- -j4 -l4
[0.794s] DEBUG:colcon.colcon_core.event_handler.log_command:Invoking command in '/home/hars22/rosws/build/mobilebot': CMAKE_PREFIX_PATH=${CMAKE_PREFIX_PATH}:/home/hars22/rosws/install/robot:/opt/ros/humble /usr/bin/cmake --install /home/hars22/rosws/build/mobilebot
[0.811s] DEBUG:colcon.colcon_core.event_handler.log_command:Invoked command in '/home/hars22/rosws/build/robot_description' returned '0': CMAKE_PREFIX_PATH=${CMAKE_PREFIX_PATH}:/home/hars22/rosws/install/robot:/opt/ros/humble /usr/bin/cmake --build /home/hars22/rosws/build/robot_description -- -j4 -l4
[0.811s] DEBUG:colcon.colcon_core.event_handler.log_command:Invoking command in '/home/hars22/rosws/build/robot_description': CMAKE_PREFIX_PATH=${CMAKE_PREFIX_PATH}:/home/hars22/rosws/install/robot:/opt/ros/humble /usr/bin/cmake --install /home/hars22/rosws/build/robot_description
[0.823s] Level 1:colcon.colcon_core.environment:create_environment_scripts_only(mobilebot_controller)
[0.823s] DEBUG:colcon.colcon_core.event_handler.log_command:Invoked command in '/home/hars22/rosws/build/mobilebot_controller' returned '0': CMAKE_PREFIX_PATH=${CMAKE_PREFIX_PATH}:/home/hars22/rosws/install/robot:/opt/ros/humble /usr/bin/cmake --install /home/hars22/rosws/build/mobilebot_controller
[0.829s] Level 1:colcon.colcon_core.environment:checking '/home/hars22/rosws/install/mobilebot_controller' for CMake module files
[0.830s] Level 1:colcon.colcon_core.environment:checking '/home/hars22/rosws/install/mobilebot_controller' for CMake config files
[0.830s] Level 1:colcon.colcon_core.shell:create_environment_hook('mobilebot_controller', 'cmake_prefix_path')
[0.830s] INFO:colcon.colcon_core.shell:Creating environment hook '/home/hars22/rosws/install/mobilebot_controller/share/mobilebot_controller/hook/cmake_prefix_path.ps1'
[0.831s] INFO:colcon.colcon_core.shell:Creating environment descriptor '/home/hars22/rosws/install/mobilebot_controller/share/mobilebot_controller/hook/cmake_prefix_path.dsv'
[0.832s] INFO:colcon.colcon_core.shell:Creating environment hook '/home/hars22/rosws/install/mobilebot_controller/share/mobilebot_controller/hook/cmake_prefix_path.sh'
[0.833s] Level 1:colcon.colcon_core.environment:checking '/home/hars22/rosws/install/mobilebot_controller/bin'
[0.833s] Level 1:colcon.colcon_core.environment:checking '/home/hars22/rosws/install/mobilebot_controller/lib/pkgconfig/mobilebot_controller.pc'
[0.834s] Level 1:colcon.colcon_core.environment:checking '/home/hars22/rosws/install/mobilebot_controller/lib/python3.10/site-packages'
[0.834s] Level 1:colcon.colcon_core.environment:checking '/home/hars22/rosws/install/mobilebot_controller/bin'
[0.834s] INFO:colcon.colcon_core.shell:Creating package script '/home/hars22/rosws/install/mobilebot_controller/share/mobilebot_controller/package.ps1'
[0.836s] INFO:colcon.colcon_core.shell:Creating package descriptor '/home/hars22/rosws/install/mobilebot_controller/share/mobilebot_controller/package.dsv'
[0.838s] INFO:colcon.colcon_core.shell:Creating package script '/home/hars22/rosws/install/mobilebot_controller/share/mobilebot_controller/package.sh'
[0.839s] INFO:colcon.colcon_core.shell:Creating package script '/home/hars22/rosws/install/mobilebot_controller/share/mobilebot_controller/package.bash'
[0.839s] INFO:colcon.colcon_core.shell:Creating package script '/home/hars22/rosws/install/mobilebot_controller/share/mobilebot_controller/package.zsh'
[0.840s] Level 1:colcon.colcon_core.environment:create_file_with_runtime_dependencies(/home/hars22/rosws/install/mobilebot_controller/share/colcon-core/packages/mobilebot_controller)
[0.840s] Level 1:colcon.colcon_core.environment:create_environment_scripts_only(mobilebot_controller)
[0.841s] Level 1:colcon.colcon_core.environment:checking '/home/hars22/rosws/install/mobilebot_controller' for CMake module files
[0.841s] Level 1:colcon.colcon_core.environment:checking '/home/hars22/rosws/install/mobilebot_controller' for CMake config files
[0.841s] Level 1:colcon.colcon_core.shell:create_environment_hook('mobilebot_controller', 'cmake_prefix_path')
[0.841s] INFO:colcon.colcon_core.shell:Creating environment hook '/home/hars22/rosws/install/mobilebot_controller/share/mobilebot_controller/hook/cmake_prefix_path.ps1'
[0.841s] INFO:colcon.colcon_core.shell:Creating environment descriptor '/home/hars22/rosws/install/mobilebot_controller/share/mobilebot_controller/hook/cmake_prefix_path.dsv'
[0.843s] INFO:colcon.colcon_core.shell:Creating environment hook '/home/hars22/rosws/install/mobilebot_controller/share/mobilebot_controller/hook/cmake_prefix_path.sh'
[0.843s] Level 1:colcon.colcon_core.environment:checking '/home/hars22/rosws/install/mobilebot_controller/bin'
[0.844s] Level 1:colcon.colcon_core.environment:checking '/home/hars22/rosws/install/mobilebot_controller/lib/pkgconfig/mobilebot_controller.pc'
[0.844s] Level 1:colcon.colcon_core.environment:checking '/home/hars22/rosws/install/mobilebot_controller/lib/python3.10/site-packages'
[0.844s] Level 1:colcon.colcon_core.environment:checking '/home/hars22/rosws/install/mobilebot_controller/bin'
[0.844s] INFO:colcon.colcon_core.shell:Creating package script '/home/hars22/rosws/install/mobilebot_controller/share/mobilebot_controller/package.ps1'
[0.845s] INFO:colcon.colcon_core.shell:Creating package descriptor '/home/hars22/rosws/install/mobilebot_controller/share/mobilebot_controller/package.dsv'
[0.845s] INFO:colcon.colcon_core.shell:Creating package script '/home/hars22/rosws/install/mobilebot_controller/share/mobilebot_controller/package.sh'
[0.845s] INFO:colcon.colcon_core.shell:Creating package script '/home/hars22/rosws/install/mobilebot_controller/share/mobilebot_controller/package.bash'
[0.846s] INFO:colcon.colcon_core.shell:Creating package script '/home/hars22/rosws/install/mobilebot_controller/share/mobilebot_controller/package.zsh'
[0.846s] Level 1:colcon.colcon_core.environment:create_file_with_runtime_dependencies(/home/hars22/rosws/install/mobilebot_controller/share/colcon-core/packages/mobilebot_controller)
[0.847s] Level 1:colcon.colcon_core.environment:create_environment_scripts_only(mobilebot)
[0.847s] Level 1:colcon.colcon_core.environment:checking '/home/hars22/rosws/install/mobilebot' for CMake module files
[0.848s] DEBUG:colcon.colcon_core.event_handler.log_command:Invoked command in '/home/hars22/rosws/build/mobilebot' returned '0': CMAKE_PREFIX_PATH=${CMAKE_PREFIX_PATH}:/home/hars22/rosws/install/robot:/opt/ros/humble /usr/bin/cmake --install /home/hars22/rosws/build/mobilebot
[0.848s] Level 1:colcon.colcon_core.environment:checking '/home/hars22/rosws/install/mobilebot' for CMake config files
[0.848s] Level 1:colcon.colcon_core.shell:create_environment_hook('mobilebot', 'cmake_prefix_path')
[0.848s] INFO:colcon.colcon_core.shell:Creating environment hook '/home/hars22/rosws/install/mobilebot/share/mobilebot/hook/cmake_prefix_path.ps1'
[0.849s] INFO:colcon.colcon_core.shell:Creating environment descriptor '/home/hars22/rosws/install/mobilebot/share/mobilebot/hook/cmake_prefix_path.dsv'
[0.849s] INFO:colcon.colcon_core.shell:Creating environment hook '/home/hars22/rosws/install/mobilebot/share/mobilebot/hook/cmake_prefix_path.sh'
[0.849s] Level 1:colcon.colcon_core.environment:checking '/home/hars22/rosws/install/mobilebot/bin'
[0.849s] Level 1:colcon.colcon_core.environment:checking '/home/hars22/rosws/install/mobilebot/lib/pkgconfig/mobilebot.pc'
[0.849s] Level 1:colcon.colcon_core.environment:checking '/home/hars22/rosws/install/mobilebot/lib/python3.10/site-packages'
[0.849s] Level 1:colcon.colcon_core.environment:checking '/home/hars22/rosws/install/mobilebot/bin'
[0.849s] INFO:colcon.colcon_core.shell:Creating package script '/home/hars22/rosws/install/mobilebot/share/mobilebot/package.ps1'
[0.850s] INFO:colcon.colcon_core.shell:Creating package descriptor '/home/hars22/rosws/install/mobilebot/share/mobilebot/package.dsv'
[0.850s] INFO:colcon.colcon_core.shell:Creating package script '/home/hars22/rosws/install/mobilebot/share/mobilebot/package.sh'
[0.850s] INFO:colcon.colcon_core.shell:Creating package script '/home/hars22/rosws/install/mobilebot/share/mobilebot/package.bash'
[0.850s] INFO:colcon.colcon_core.shell:Creating package script '/home/hars22/rosws/install/mobilebot/share/mobilebot/package.zsh'
[0.850s] Level 1:colcon.colcon_core.environment:create_file_with_runtime_dependencies(/home/hars22/rosws/install/mobilebot/share/colcon-core/packages/mobilebot)
[0.851s] Level 1:colcon.colcon_core.environment:create_environment_scripts_only(mobilebot)
[0.851s] Level 1:colcon.colcon_core.environment:checking '/home/hars22/rosws/install/mobilebot' for CMake module files
[0.851s] Level 1:colcon.colcon_core.environment:checking '/home/hars22/rosws/install/mobilebot' for CMake config files
[0.851s] Level 1:colcon.colcon_core.shell:create_environment_hook('mobilebot', 'cmake_prefix_path')
[0.851s] INFO:colcon.colcon_core.shell:Creating environment hook '/home/hars22/rosws/install/mobilebot/share/mobilebot/hook/cmake_prefix_path.ps1'
[0.851s] INFO:colcon.colcon_core.shell:Creating environment descriptor '/home/hars22/rosws/install/mobilebot/share/mobilebot/hook/cmake_prefix_path.dsv'
[0.852s] INFO:colcon.colcon_core.shell:Creating environment hook '/home/hars22/rosws/install/mobilebot/share/mobilebot/hook/cmake_prefix_path.sh'
[0.852s] Level 1:colcon.colcon_core.environment:checking '/home/hars22/rosws/install/mobilebot/bin'
[0.852s] Level 1:colcon.colcon_core.environment:checking '/home/hars22/rosws/install/mobilebot/lib/pkgconfig/mobilebot.pc'
[0.852s] Level 1:colcon.colcon_core.environment:checking '/home/hars22/rosws/install/mobilebot/lib/python3.10/site-packages'
[0.852s] Level 1:colcon.colcon_core.environment:checking '/home/hars22/rosws/install/mobilebot/bin'
[0.852s] INFO:colcon.colcon_core.shell:Creating package script '/home/hars22/rosws/install/mobilebot/share/mobilebot/package.ps1'
[0.853s] INFO:colcon.colcon_core.shell:Creating package descriptor '/home/hars22/rosws/install/mobilebot/share/mobilebot/package.dsv'
[0.853s] INFO:colcon.colcon_core.shell:Creating package script '/home/hars22/rosws/install/mobilebot/share/mobilebot/package.sh'
[0.853s] INFO:colcon.colcon_core.shell:Creating package script '/home/hars22/rosws/install/mobilebot/share/mobilebot/package.bash'
[0.853s] INFO:colcon.colcon_core.shell:Creating package script '/home/hars22/rosws/install/mobilebot/share/mobilebot/package.zsh'
[0.854s] Level 1:colcon.colcon_core.environment:create_file_with_runtime_dependencies(/home/hars22/rosws/install/mobilebot/share/colcon-core/packages/mobilebot)
[0.854s] Level 1:colcon.colcon_core.environment:create_environment_scripts_only(robot_description)
[0.854s] Level 1:colcon.colcon_core.environment:checking '/home/hars22/rosws/install/robot_description' for CMake module files
[0.855s] DEBUG:colcon.colcon_core.event_handler.log_command:Invoked command in '/home/hars22/rosws/build/robot_description' returned '0': CMAKE_PREFIX_PATH=${CMAKE_PREFIX_PATH}:/home/hars22/rosws/install/robot:/opt/ros/humble /usr/bin/cmake --install /home/hars22/rosws/build/robot_description
[0.855s] Level 1:colcon.colcon_core.environment:checking '/home/hars22/rosws/install/robot_description' for CMake config files
[0.855s] Level 1:colcon.colcon_core.shell:create_environment_hook('robot_description', 'cmake_prefix_path')
[0.855s] INFO:colcon.colcon_core.shell:Creating environment hook '/home/hars22/rosws/install/robot_description/share/robot_description/hook/cmake_prefix_path.ps1'
[0.856s] INFO:colcon.colcon_core.shell:Creating environment descriptor '/home/hars22/rosws/install/robot_description/share/robot_description/hook/cmake_prefix_path.dsv'
[0.856s] INFO:colcon.colcon_core.shell:Creating environment hook '/home/hars22/rosws/install/robot_description/share/robot_description/hook/cmake_prefix_path.sh'
[0.856s] Level 1:colcon.colcon_core.environment:checking '/home/hars22/rosws/install/robot_description/bin'
[0.856s] Level 1:colcon.colcon_core.environment:checking '/home/hars22/rosws/install/robot_description/lib/pkgconfig/robot_description.pc'
[0.856s] Level 1:colcon.colcon_core.environment:checking '/home/hars22/rosws/install/robot_description/lib/python3.10/site-packages'
[0.856s] Level 1:colcon.colcon_core.environment:checking '/home/hars22/rosws/install/robot_description/bin'
[0.857s] INFO:colcon.colcon_core.shell:Creating package script '/home/hars22/rosws/install/robot_description/share/robot_description/package.ps1'
[0.857s] INFO:colcon.colcon_core.shell:Creating package descriptor '/home/hars22/rosws/install/robot_description/share/robot_description/package.dsv'
[0.857s] INFO:colcon.colcon_core.shell:Creating package script '/home/hars22/rosws/install/robot_description/share/robot_description/package.sh'
[0.858s] INFO:colcon.colcon_core.shell:Creating package script '/home/hars22/rosws/install/robot_description/share/robot_description/package.bash'
[0.859s] INFO:colcon.colcon_core.shell:Creating package script '/home/hars22/rosws/install/robot_description/share/robot_description/package.zsh'
[0.859s] Level 1:colcon.colcon_core.environment:create_file_with_runtime_dependencies(/home/hars22/rosws/install/robot_description/share/colcon-core/packages/robot_description)
[0.859s] Level 1:colcon.colcon_core.environment:create_environment_scripts_only(robot_description)
[0.859s] Level 1:colcon.colcon_core.environment:checking '/home/hars22/rosws/install/robot_description' for CMake module files
[0.860s] Level 1:colcon.colcon_core.environment:checking '/home/hars22/rosws/install/robot_description' for CMake config files
[0.860s] Level 1:colcon.colcon_core.shell:create_environment_hook('robot_description', 'cmake_prefix_path')
[0.860s] INFO:colcon.colcon_core.shell:Creating environment hook '/home/hars22/rosws/install/robot_description/share/robot_description/hook/cmake_prefix_path.ps1'
[0.861s] INFO:colcon.colcon_core.shell:Creating environment descriptor '/home/hars22/rosws/install/robot_description/share/robot_description/hook/cmake_prefix_path.dsv'
[0.861s] INFO:colcon.colcon_core.shell:Creating environment hook '/home/hars22/rosws/install/robot_description/share/robot_description/hook/cmake_prefix_path.sh'
[0.861s] Level 1:colcon.colcon_core.environment:checking '/home/hars22/rosws/install/robot_description/bin'
[0.861s] Level 1:colcon.colcon_core.environment:checking '/home/hars22/rosws/install/robot_description/lib/pkgconfig/robot_description.pc'
[0.861s] Level 1:colcon.colcon_core.environment:checking '/home/hars22/rosws/install/robot_description/lib/python3.10/site-packages'
[0.862s] Level 1:colcon.colcon_core.environment:checking '/home/hars22/rosws/install/robot_description/bin'
[0.862s] INFO:colcon.colcon_core.shell:Creating package script '/home/hars22/rosws/install/robot_description/share/robot_description/package.ps1'
[0.862s] INFO:colcon.colcon_core.shell:Creating package descriptor '/home/hars22/rosws/install/robot_description/share/robot_description/package.dsv'
[0.862s] INFO:colcon.colcon_core.shell:Creating package script '/home/hars22/rosws/install/robot_description/share/robot_description/package.sh'
[0.863s] INFO:colcon.colcon_core.shell:Creating package script '/home/hars22/rosws/install/robot_description/share/robot_description/package.bash'
[0.863s] INFO:colcon.colcon_core.shell:Creating package script '/home/hars22/rosws/install/robot_description/share/robot_description/package.zsh'
[0.863s] Level 1:colcon.colcon_core.environment:create_file_with_runtime_dependencies(/home/hars22/rosws/install/robot_description/share/colcon-core/packages/robot_description)
[1.369s] DEBUG:colcon.colcon_core.event_handler.log_command:Invoking command in '/home/hars22/rosws/src/robot': PYTHONPATH=/home/hars22/rosws/build/robot/prefix_override:/usr/lib/python3/dist-packages/colcon_core/task/python/colcon_distutils_commands:/home/hars22/rosws/install/robot/lib/python3.10/site-packages:${PYTHONPATH} /usr/bin/python3 -W ignore:setup.py install is deprecated -W ignore:easy_install command is deprecated setup.py egg_info --egg-base ../../build/robot build --build-base /home/hars22/rosws/build/robot/build install --record /home/hars22/rosws/build/robot/install.log --single-version-externally-managed install_data
[1.545s] Level 1:colcon.colcon_core.environment:checking '/home/hars22/rosws/install/robot' for CMake module files
[1.546s] DEBUG:colcon.colcon_core.event_handler.log_command:Invoked command in '/home/hars22/rosws/src/robot' returned '0': PYTHONPATH=/home/hars22/rosws/build/robot/prefix_override:/usr/lib/python3/dist-packages/colcon_core/task/python/colcon_distutils_commands:/home/hars22/rosws/install/robot/lib/python3.10/site-packages:${PYTHONPATH} /usr/bin/python3 -W ignore:setup.py install is deprecated -W ignore:easy_install command is deprecated setup.py egg_info --egg-base ../../build/robot build --build-base /home/hars22/rosws/build/robot/build install --record /home/hars22/rosws/build/robot/install.log --single-version-externally-managed install_data
[1.546s] Level 1:colcon.colcon_core.environment:checking '/home/hars22/rosws/install/robot' for CMake config files
[1.547s] Level 1:colcon.colcon_core.environment:checking '/home/hars22/rosws/install/robot/lib'
[1.547s] Level 1:colcon.colcon_core.environment:checking '/home/hars22/rosws/install/robot/bin'
[1.547s] Level 1:colcon.colcon_core.environment:checking '/home/hars22/rosws/install/robot/lib/pkgconfig/robot.pc'
[1.547s] Level 1:colcon.colcon_core.environment:checking '/home/hars22/rosws/install/robot/lib/python3.10/site-packages'
[1.547s] Level 1:colcon.colcon_core.shell:create_environment_hook('robot', 'pythonpath')
[1.547s] INFO:colcon.colcon_core.shell:Creating environment hook '/home/hars22/rosws/install/robot/share/robot/hook/pythonpath.ps1'
[1.548s] INFO:colcon.colcon_core.shell:Creating environment descriptor '/home/hars22/rosws/install/robot/share/robot/hook/pythonpath.dsv'
[1.549s] INFO:colcon.colcon_core.shell:Creating environment hook '/home/hars22/rosws/install/robot/share/robot/hook/pythonpath.sh'
[1.550s] Level 1:colcon.colcon_core.environment:checking '/home/hars22/rosws/install/robot/bin'
[1.550s] Level 1:colcon.colcon_core.environment:create_environment_scripts_only(robot)
[1.550s] INFO:colcon.colcon_core.shell:Creating package script '/home/hars22/rosws/install/robot/share/robot/package.ps1'
[1.551s] INFO:colcon.colcon_core.shell:Creating package descriptor '/home/hars22/rosws/install/robot/share/robot/package.dsv'
[1.551s] INFO:colcon.colcon_core.shell:Creating package script '/home/hars22/rosws/install/robot/share/robot/package.sh'
[1.551s] INFO:colcon.colcon_core.shell:Creating package script '/home/hars22/rosws/install/robot/share/robot/package.bash'
[1.552s] INFO:colcon.colcon_core.shell:Creating package script '/home/hars22/rosws/install/robot/share/robot/package.zsh'
[1.552s] Level 1:colcon.colcon_core.environment:create_file_with_runtime_dependencies(/home/hars22/rosws/install/robot/share/colcon-core/packages/robot)
[1.552s] DEBUG:colcon.colcon_parallel_executor.executor.parallel:closing loop
[1.553s] DEBUG:colcon.colcon_parallel_executor.executor.parallel:loop closed
[1.553s] DEBUG:colcon.colcon_parallel_executor.executor.parallel:run_until_complete finished with '0'
[1.553s] DEBUG:colcon.colcon_core.event_reactor:joining thread
[1.561s] INFO:colcon.colcon_core.plugin_system:Skipping extension 'colcon_notification.desktop_notification.terminal_notifier': Not used on non-Darwin systems
[1.561s] INFO:colcon.colcon_core.plugin_system:Skipping extension 'colcon_notification.desktop_notification.win32': Not used on non-Windows systems
[1.561s] INFO:colcon.colcon_notification.desktop_notification:Sending desktop notification using 'notify2'
[1.609s] DEBUG:colcon.colcon_core.event_reactor:joined thread
[1.609s] INFO:colcon.colcon_core.shell:Creating prefix script '/home/hars22/rosws/install/local_setup.ps1'
[1.612s] INFO:colcon.colcon_core.shell:Creating prefix util module '/home/hars22/rosws/install/_local_setup_util_ps1.py'
[1.613s] INFO:colcon.colcon_core.shell:Creating prefix chain script '/home/hars22/rosws/install/setup.ps1'
[1.614s] INFO:colcon.colcon_core.shell:Creating prefix script '/home/hars22/rosws/install/local_setup.sh'
[1.615s] INFO:colcon.colcon_core.shell:Creating prefix util module '/home/hars22/rosws/install/_local_setup_util_sh.py'
[1.615s] INFO:colcon.colcon_core.shell:Creating prefix chain script '/home/hars22/rosws/install/setup.sh'
[1.617s] INFO:colcon.colcon_core.shell:Creating prefix script '/home/hars22/rosws/install/local_setup.bash'
[1.617s] INFO:colcon.colcon_core.shell:Creating prefix chain script '/home/hars22/rosws/install/setup.bash'
[1.619s] INFO:colcon.colcon_core.shell:Creating prefix script '/home/hars22/rosws/install/local_setup.zsh'
[1.620s] INFO:colcon.colcon_core.shell:Creating prefix chain script '/home/hars22/rosws/install/setup.zsh'
