-- The C compiler identification is GNU 11.4.0
-- The CXX compiler identification is GNU 11.4.0
-- Detecting C compiler ABI info
-- Detecting C compiler ABI info - done
-- Check for working C compiler: /usr/bin/cc - skipped
-- Detecting C compile features
-- Detecting C compile features - done
-- Detecting CXX compiler ABI info
-- Detecting CXX compiler ABI info - done
-- Check for working CXX compiler: /usr/bin/c++ - skipped
-- Detecting CXX compile features
-- Detecting CXX compile features - done
-- Found ament_cmake: 1.3.12 (/opt/ros/humble/share/ament_cmake/cmake)
-- Found Python3: /usr/bin/python3 (found version "3.10.12") found components: Interpreter 
-- Found ament_lint_auto: 0.12.14 (/opt/ros/humble/share/ament_lint_auto/cmake)
-- Added test 'lint_cmake' to check CMake code style
-- Added test 'xmllint' to check XML markup files
-- Configuring done
-- Generating done
-- Build files have been written to: /home/hars22/rosws/build/diffdrive_bot
-- Install configuration: ""
-- Installing: /home/hars22/rosws/install/diffdrive_bot/share/ament_index/resource_index/package_run_dependencies/diffdrive_bot
-- Installing: /home/hars22/rosws/install/diffdrive_bot/share/ament_index/resource_index/parent_prefix_path/diffdrive_bot
-- Installing: /home/hars22/rosws/install/diffdrive_bot/share/diffdrive_bot/environment/ament_prefix_path.sh
-- Installing: /home/hars22/rosws/install/diffdrive_bot/share/diffdrive_bot/environment/ament_prefix_path.dsv
-- Installing: /home/hars22/rosws/install/diffdrive_bot/share/diffdrive_bot/environment/path.sh
-- Installing: /home/hars22/rosws/install/diffdrive_bot/share/diffdrive_bot/environment/path.dsv
-- Installing: /home/hars22/rosws/install/diffdrive_bot/share/diffdrive_bot/local_setup.bash
-- Installing: /home/hars22/rosws/install/diffdrive_bot/share/diffdrive_bot/local_setup.sh
-- Installing: /home/hars22/rosws/install/diffdrive_bot/share/diffdrive_bot/local_setup.zsh
-- Installing: /home/hars22/rosws/install/diffdrive_bot/share/diffdrive_bot/local_setup.dsv
-- Installing: /home/hars22/rosws/install/diffdrive_bot/share/diffdrive_bot/package.dsv
-- Installing: /home/hars22/rosws/install/diffdrive_bot/share/ament_index/resource_index/packages/diffdrive_bot
-- Installing: /home/hars22/rosws/install/diffdrive_bot/share/diffdrive_bot/cmake/diffdrive_botConfig.cmake
-- Installing: /home/hars22/rosws/install/diffdrive_bot/share/diffdrive_bot/cmake/diffdrive_botConfig-version.cmake
-- Installing: /home/hars22/rosws/install/diffdrive_bot/share/diffdrive_bot/package.xml
