[0.076s] Invoking command in '/home/hars22/rosws/build/diffdrive_bot': CMAKE_PREFIX_PATH=${CMAKE_PREFIX_PATH}:/home/hars22/rosws/install/robot:/opt/ros/humble /usr/bin/cmake /home/hars22/rosws/src/diffdrive_bot -DCMAKE_INSTALL_PREFIX=/home/hars22/rosws/install/diffdrive_bot
[0.288s] -- The C compiler identification is GNU 11.4.0
[0.399s] -- The CXX compiler identification is GNU 11.4.0
[0.405s] -- Detecting C compiler ABI info
[0.682s] -- Detecting C compiler ABI info - done
[0.688s] -- Check for working C compiler: /usr/bin/cc - skipped
[0.698s] -- Detecting C compile features
[0.698s] -- Detecting C compile features - done
[0.704s] -- Detecting CXX compiler ABI info
[1.229s] -- Detecting CXX compiler ABI info - done
[1.251s] -- Check for working CXX compiler: /usr/bin/c++ - skipped
[1.265s] -- Detecting CXX compile features
[1.265s] -- Detecting CXX compile features - done
[1.276s] -- Found ament_cmake: 1.3.12 (/opt/ros/humble/share/ament_cmake/cmake)
[1.611s] -- Found Python3: /usr/bin/python3 (found version "3.10.12") found components: Interpreter 
[1.724s] -- Found ament_lint_auto: 0.12.14 (/opt/ros/humble/share/ament_lint_auto/cmake)
[1.794s] -- Added test 'lint_cmake' to check CMake code style
[1.794s] -- Added test 'xmllint' to check XML markup files
[1.795s] -- Configuring done
[1.799s] -- Generating done
[1.801s] -- Build files have been written to: /home/hars22/rosws/build/diffdrive_bot
[1.807s] Invoked command in '/home/hars22/rosws/build/diffdrive_bot' returned '0': CMAKE_PREFIX_PATH=${CMAKE_PREFIX_PATH}:/home/hars22/rosws/install/robot:/opt/ros/humble /usr/bin/cmake /home/hars22/rosws/src/diffdrive_bot -DCMAKE_INSTALL_PREFIX=/home/hars22/rosws/install/diffdrive_bot
[1.809s] Invoking command in '/home/hars22/rosws/build/diffdrive_bot': CMAKE_PREFIX_PATH=${CMAKE_PREFIX_PATH}:/home/hars22/rosws/install/robot:/opt/ros/humble /usr/bin/cmake --build /home/hars22/rosws/build/diffdrive_bot -- -j4 -l4
[1.889s] Invoked command in '/home/hars22/rosws/build/diffdrive_bot' returned '0': CMAKE_PREFIX_PATH=${CMAKE_PREFIX_PATH}:/home/hars22/rosws/install/robot:/opt/ros/humble /usr/bin/cmake --build /home/hars22/rosws/build/diffdrive_bot -- -j4 -l4
[1.898s] Invoking command in '/home/hars22/rosws/build/diffdrive_bot': CMAKE_PREFIX_PATH=${CMAKE_PREFIX_PATH}:/home/hars22/rosws/install/robot:/opt/ros/humble /usr/bin/cmake --install /home/hars22/rosws/build/diffdrive_bot
[1.903s] -- Install configuration: ""
[1.905s] -- Installing: /home/hars22/rosws/install/diffdrive_bot/share/ament_index/resource_index/package_run_dependencies/diffdrive_bot
[1.906s] -- Installing: /home/hars22/rosws/install/diffdrive_bot/share/ament_index/resource_index/parent_prefix_path/diffdrive_bot
[1.908s] -- Installing: /home/hars22/rosws/install/diffdrive_bot/share/diffdrive_bot/environment/ament_prefix_path.sh
[1.910s] -- Installing: /home/hars22/rosws/install/diffdrive_bot/share/diffdrive_bot/environment/ament_prefix_path.dsv
[1.911s] -- Installing: /home/hars22/rosws/install/diffdrive_bot/share/diffdrive_bot/environment/path.sh
[1.911s] -- Installing: /home/hars22/rosws/install/diffdrive_bot/share/diffdrive_bot/environment/path.dsv
[1.912s] -- Installing: /home/hars22/rosws/install/diffdrive_bot/share/diffdrive_bot/local_setup.bash
[1.913s] -- Installing: /home/hars22/rosws/install/diffdrive_bot/share/diffdrive_bot/local_setup.sh
[1.914s] -- Installing: /home/hars22/rosws/install/diffdrive_bot/share/diffdrive_bot/local_setup.zsh
[1.914s] -- Installing: /home/hars22/rosws/install/diffdrive_bot/share/diffdrive_bot/local_setup.dsv
[1.916s] -- Installing: /home/hars22/rosws/install/diffdrive_bot/share/diffdrive_bot/package.dsv
[1.916s] -- Installing: /home/hars22/rosws/install/diffdrive_bot/share/ament_index/resource_index/packages/diffdrive_bot
[1.917s] -- Installing: /home/hars22/rosws/install/diffdrive_bot/share/diffdrive_bot/cmake/diffdrive_botConfig.cmake
[1.917s] -- Installing: /home/hars22/rosws/install/diffdrive_bot/share/diffdrive_bot/cmake/diffdrive_botConfig-version.cmake
[1.918s] -- Installing: /home/hars22/rosws/install/diffdrive_bot/share/diffdrive_bot/package.xml
[1.928s] Invoked command in '/home/hars22/rosws/build/diffdrive_bot' returned '0': CMAKE_PREFIX_PATH=${CMAKE_PREFIX_PATH}:/home/hars22/rosws/install/robot:/opt/ros/humble /usr/bin/cmake --install /home/hars22/rosws/build/diffdrive_bot
