[0.227s] DEBUG:colcon:Command line arguments: ['/usr/bin/colcon', 'build']
[0.228s] DEBUG:colcon:Parsed command line arguments: Namespace(log_base=None, log_level=None, verb_name='build', build_base='build', install_base='install', merge_install=False, symlink_install=False, test_result_base=None, continue_on_error=False, executor='parallel', parallel_workers=4, event_handlers=None, ignore_user_meta=False, metas=['./colcon.meta'], base_paths=['.'], packages_ignore=None, packages_ignore_regex=None, paths=None, packages_up_to=None, packages_up_to_regex=None, packages_above=None, packages_above_and_dependencies=None, packages_above_depth=None, packages_select_by_dep=None, packages_skip_by_dep=None, packages_skip_up_to=None, packages_select_build_failed=False, packages_skip_build_finished=False, packages_select_test_failures=False, packages_skip_test_passed=False, packages_select=None, packages_skip=None, packages_select_regex=None, packages_skip_regex=None, packages_start=None, packages_end=None, allow_overriding=[], cmake_args=None, cmake_target=None, cmake_target_skip_unavailable=False, cmake_clean_cache=False, cmake_clean_first=False, cmake_force_configure=False, ament_cmake_args=None, catkin_cmake_args=None, catkin_skip_building_tests=False, verb_parser=<colcon_defaults.argument_parser.defaults.DefaultArgumentsDecorator object at 0xffffaf768d30>, verb_extension=<colcon_core.verb.build.BuildVerb object at 0xffffaf7687c0>, main=<bound method BuildVerb.main of <colcon_core.verb.build.BuildVerb object at 0xffffaf7687c0>>)
[0.412s] Level 1:colcon.colcon_core.package_discovery:discover_packages(colcon_meta) check parameters
[0.412s] Level 1:colcon.colcon_core.package_discovery:discover_packages(recursive) check parameters
[0.412s] Level 1:colcon.colcon_core.package_discovery:discover_packages(ignore) check parameters
[0.412s] Level 1:colcon.colcon_core.package_discovery:discover_packages(path) check parameters
[0.412s] Level 1:colcon.colcon_core.package_discovery:discover_packages(colcon_meta) discover
[0.413s] Level 1:colcon.colcon_core.package_discovery:discover_packages(recursive) discover
[0.413s] INFO:colcon.colcon_core.package_discovery:Crawling recursively for packages in '/home/hars22/rosws'
[0.413s] Level 1:colcon.colcon_core.package_identification:_identify(.) by extensions ['ignore', 'ignore_ament_install']
[0.413s] Level 1:colcon.colcon_core.package_identification:_identify(.) by extension 'ignore'
[0.413s] Level 1:colcon.colcon_core.package_identification:_identify(.) by extension 'ignore_ament_install'
[0.413s] Level 1:colcon.colcon_core.package_identification:_identify(.) by extensions ['colcon_pkg']
[0.413s] Level 1:colcon.colcon_core.package_identification:_identify(.) by extension 'colcon_pkg'
[0.413s] Level 1:colcon.colcon_core.package_identification:_identify(.) by extensions ['colcon_meta']
[0.413s] Level 1:colcon.colcon_core.package_identification:_identify(.) by extension 'colcon_meta'
[0.413s] Level 1:colcon.colcon_core.package_identification:_identify(.) by extensions ['ros']
[0.413s] Level 1:colcon.colcon_core.package_identification:_identify(.) by extension 'ros'
[0.430s] Level 1:colcon.colcon_core.package_identification:_identify(.) by extensions ['cmake', 'python']
[0.430s] Level 1:colcon.colcon_core.package_identification:_identify(.) by extension 'cmake'
[0.430s] Level 1:colcon.colcon_core.package_identification:_identify(.) by extension 'python'
[0.430s] Level 1:colcon.colcon_core.package_identification:_identify(.) by extensions ['python_setup_py']
[0.430s] Level 1:colcon.colcon_core.package_identification:_identify(.) by extension 'python_setup_py'
[0.430s] Level 1:colcon.colcon_core.package_identification:_identify(build) by extensions ['ignore', 'ignore_ament_install']
[0.430s] Level 1:colcon.colcon_core.package_identification:_identify(build) by extension 'ignore'
[0.430s] Level 1:colcon.colcon_core.package_identification:_identify(build) ignored
[0.430s] Level 1:colcon.colcon_core.package_identification:_identify(install) by extensions ['ignore', 'ignore_ament_install']
[0.430s] Level 1:colcon.colcon_core.package_identification:_identify(install) by extension 'ignore'
[0.430s] Level 1:colcon.colcon_core.package_identification:_identify(install) ignored
[0.431s] Level 1:colcon.colcon_core.package_identification:_identify(log) by extensions ['ignore', 'ignore_ament_install']
[0.431s] Level 1:colcon.colcon_core.package_identification:_identify(log) by extension 'ignore'
[0.431s] Level 1:colcon.colcon_core.package_identification:_identify(log) ignored
[0.431s] Level 1:colcon.colcon_core.package_identification:_identify(src) by extensions ['ignore', 'ignore_ament_install']
[0.431s] Level 1:colcon.colcon_core.package_identification:_identify(src) by extension 'ignore'
[0.431s] Level 1:colcon.colcon_core.package_identification:_identify(src) by extension 'ignore_ament_install'
[0.431s] Level 1:colcon.colcon_core.package_identification:_identify(src) by extensions ['colcon_pkg']
[0.431s] Level 1:colcon.colcon_core.package_identification:_identify(src) by extension 'colcon_pkg'
[0.431s] Level 1:colcon.colcon_core.package_identification:_identify(src) by extensions ['colcon_meta']
[0.431s] Level 1:colcon.colcon_core.package_identification:_identify(src) by extension 'colcon_meta'
[0.431s] Level 1:colcon.colcon_core.package_identification:_identify(src) by extensions ['ros']
[0.431s] Level 1:colcon.colcon_core.package_identification:_identify(src) by extension 'ros'
[0.431s] Level 1:colcon.colcon_core.package_identification:_identify(src) by extensions ['cmake', 'python']
[0.431s] Level 1:colcon.colcon_core.package_identification:_identify(src) by extension 'cmake'
[0.431s] Level 1:colcon.colcon_core.package_identification:_identify(src) by extension 'python'
[0.431s] Level 1:colcon.colcon_core.package_identification:_identify(src) by extensions ['python_setup_py']
[0.431s] Level 1:colcon.colcon_core.package_identification:_identify(src) by extension 'python_setup_py'
[0.432s] Level 1:colcon.colcon_core.package_identification:_identify(src/mobilebot) by extensions ['ignore', 'ignore_ament_install']
[0.432s] Level 1:colcon.colcon_core.package_identification:_identify(src/mobilebot) by extension 'ignore'
[0.432s] Level 1:colcon.colcon_core.package_identification:_identify(src/mobilebot) by extension 'ignore_ament_install'
[0.432s] Level 1:colcon.colcon_core.package_identification:_identify(src/mobilebot) by extensions ['colcon_pkg']
[0.432s] Level 1:colcon.colcon_core.package_identification:_identify(src/mobilebot) by extension 'colcon_pkg'
[0.432s] Level 1:colcon.colcon_core.package_identification:_identify(src/mobilebot) by extensions ['colcon_meta']
[0.432s] Level 1:colcon.colcon_core.package_identification:_identify(src/mobilebot) by extension 'colcon_meta'
[0.432s] Level 1:colcon.colcon_core.package_identification:_identify(src/mobilebot) by extensions ['ros']
[0.432s] Level 1:colcon.colcon_core.package_identification:_identify(src/mobilebot) by extension 'ros'
[0.436s] DEBUG:colcon.colcon_core.package_identification:Package 'src/mobilebot' with type 'ros.ament_cmake' and name 'mobilebot'
[0.437s] Level 1:colcon.colcon_core.package_identification:_identify(src/mobilebot_controller) by extensions ['ignore', 'ignore_ament_install']
[0.437s] Level 1:colcon.colcon_core.package_identification:_identify(src/mobilebot_controller) by extension 'ignore'
[0.437s] Level 1:colcon.colcon_core.package_identification:_identify(src/mobilebot_controller) by extension 'ignore_ament_install'
[0.437s] Level 1:colcon.colcon_core.package_identification:_identify(src/mobilebot_controller) by extensions ['colcon_pkg']
[0.437s] Level 1:colcon.colcon_core.package_identification:_identify(src/mobilebot_controller) by extension 'colcon_pkg'
[0.437s] Level 1:colcon.colcon_core.package_identification:_identify(src/mobilebot_controller) by extensions ['colcon_meta']
[0.437s] Level 1:colcon.colcon_core.package_identification:_identify(src/mobilebot_controller) by extension 'colcon_meta'
[0.437s] Level 1:colcon.colcon_core.package_identification:_identify(src/mobilebot_controller) by extensions ['ros']
[0.437s] Level 1:colcon.colcon_core.package_identification:_identify(src/mobilebot_controller) by extension 'ros'
[0.438s] DEBUG:colcon.colcon_core.package_identification:Package 'src/mobilebot_controller' with type 'ros.ament_cmake' and name 'mobilebot_controller'
[0.438s] Level 1:colcon.colcon_core.package_identification:_identify(src/robot) by extensions ['ignore', 'ignore_ament_install']
[0.438s] Level 1:colcon.colcon_core.package_identification:_identify(src/robot) by extension 'ignore'
[0.438s] Level 1:colcon.colcon_core.package_identification:_identify(src/robot) by extension 'ignore_ament_install'
[0.438s] Level 1:colcon.colcon_core.package_identification:_identify(src/robot) by extensions ['colcon_pkg']
[0.438s] Level 1:colcon.colcon_core.package_identification:_identify(src/robot) by extension 'colcon_pkg'
[0.438s] Level 1:colcon.colcon_core.package_identification:_identify(src/robot) by extensions ['colcon_meta']
[0.438s] Level 1:colcon.colcon_core.package_identification:_identify(src/robot) by extension 'colcon_meta'
[0.438s] Level 1:colcon.colcon_core.package_identification:_identify(src/robot) by extensions ['ros']
[0.438s] Level 1:colcon.colcon_core.package_identification:_identify(src/robot) by extension 'ros'
[0.439s] DEBUG:colcon.colcon_core.package_identification:Package 'src/robot' with type 'ros.ament_python' and name 'robot'
[0.440s] Level 1:colcon.colcon_core.package_identification:_identify(src/robot_description) by extensions ['ignore', 'ignore_ament_install']
[0.440s] Level 1:colcon.colcon_core.package_identification:_identify(src/robot_description) by extension 'ignore'
[0.440s] Level 1:colcon.colcon_core.package_identification:_identify(src/robot_description) by extension 'ignore_ament_install'
[0.440s] Level 1:colcon.colcon_core.package_identification:_identify(src/robot_description) by extensions ['colcon_pkg']
[0.440s] Level 1:colcon.colcon_core.package_identification:_identify(src/robot_description) by extension 'colcon_pkg'
[0.441s] Level 1:colcon.colcon_core.package_identification:_identify(src/robot_description) by extensions ['colcon_meta']
[0.441s] Level 1:colcon.colcon_core.package_identification:_identify(src/robot_description) by extension 'colcon_meta'
[0.441s] Level 1:colcon.colcon_core.package_identification:_identify(src/robot_description) by extensions ['ros']
[0.441s] Level 1:colcon.colcon_core.package_identification:_identify(src/robot_description) by extension 'ros'
[0.441s] DEBUG:colcon.colcon_core.package_identification:Package 'src/robot_description' with type 'ros.ament_cmake' and name 'robot_description'
[0.443s] Level 1:colcon.colcon_core.package_identification:_identify(world_meshes) by extensions ['ignore', 'ignore_ament_install']
[0.443s] Level 1:colcon.colcon_core.package_identification:_identify(world_meshes) by extension 'ignore'
[0.443s] Level 1:colcon.colcon_core.package_identification:_identify(world_meshes) by extension 'ignore_ament_install'
[0.443s] Level 1:colcon.colcon_core.package_identification:_identify(world_meshes) by extensions ['colcon_pkg']
[0.443s] Level 1:colcon.colcon_core.package_identification:_identify(world_meshes) by extension 'colcon_pkg'
[0.443s] Level 1:colcon.colcon_core.package_identification:_identify(world_meshes) by extensions ['colcon_meta']
[0.443s] Level 1:colcon.colcon_core.package_identification:_identify(world_meshes) by extension 'colcon_meta'
[0.443s] Level 1:colcon.colcon_core.package_identification:_identify(world_meshes) by extensions ['ros']
[0.443s] Level 1:colcon.colcon_core.package_identification:_identify(world_meshes) by extension 'ros'
[0.443s] Level 1:colcon.colcon_core.package_identification:_identify(world_meshes) by extensions ['cmake', 'python']
[0.443s] Level 1:colcon.colcon_core.package_identification:_identify(world_meshes) by extension 'cmake'
[0.443s] Level 1:colcon.colcon_core.package_identification:_identify(world_meshes) by extension 'python'
[0.443s] Level 1:colcon.colcon_core.package_identification:_identify(world_meshes) by extensions ['python_setup_py']
[0.443s] Level 1:colcon.colcon_core.package_identification:_identify(world_meshes) by extension 'python_setup_py'
[0.443s] Level 1:colcon.colcon_core.package_identification:_identify(world_meshes/construction_barrel) by extensions ['ignore', 'ignore_ament_install']
[0.444s] Level 1:colcon.colcon_core.package_identification:_identify(world_meshes/construction_barrel) by extension 'ignore'
[0.444s] Level 1:colcon.colcon_core.package_identification:_identify(world_meshes/construction_barrel) by extension 'ignore_ament_install'
[0.444s] Level 1:colcon.colcon_core.package_identification:_identify(world_meshes/construction_barrel) by extensions ['colcon_pkg']
[0.444s] Level 1:colcon.colcon_core.package_identification:_identify(world_meshes/construction_barrel) by extension 'colcon_pkg'
[0.444s] Level 1:colcon.colcon_core.package_identification:_identify(world_meshes/construction_barrel) by extensions ['colcon_meta']
[0.444s] Level 1:colcon.colcon_core.package_identification:_identify(world_meshes/construction_barrel) by extension 'colcon_meta'
[0.444s] Level 1:colcon.colcon_core.package_identification:_identify(world_meshes/construction_barrel) by extensions ['ros']
[0.444s] Level 1:colcon.colcon_core.package_identification:_identify(world_meshes/construction_barrel) by extension 'ros'
[0.444s] Level 1:colcon.colcon_core.package_identification:_identify(world_meshes/construction_barrel) by extensions ['cmake', 'python']
[0.444s] Level 1:colcon.colcon_core.package_identification:_identify(world_meshes/construction_barrel) by extension 'cmake'
[0.444s] Level 1:colcon.colcon_core.package_identification:_identify(world_meshes/construction_barrel) by extension 'python'
[0.444s] Level 1:colcon.colcon_core.package_identification:_identify(world_meshes/construction_barrel) by extensions ['python_setup_py']
[0.444s] Level 1:colcon.colcon_core.package_identification:_identify(world_meshes/construction_barrel) by extension 'python_setup_py'
[0.444s] Level 1:colcon.colcon_core.package_identification:_identify(world_meshes/construction_barrel/materials) by extensions ['ignore', 'ignore_ament_install']
[0.444s] Level 1:colcon.colcon_core.package_identification:_identify(world_meshes/construction_barrel/materials) by extension 'ignore'
[0.444s] Level 1:colcon.colcon_core.package_identification:_identify(world_meshes/construction_barrel/materials) by extension 'ignore_ament_install'
[0.444s] Level 1:colcon.colcon_core.package_identification:_identify(world_meshes/construction_barrel/materials) by extensions ['colcon_pkg']
[0.444s] Level 1:colcon.colcon_core.package_identification:_identify(world_meshes/construction_barrel/materials) by extension 'colcon_pkg'
[0.444s] Level 1:colcon.colcon_core.package_identification:_identify(world_meshes/construction_barrel/materials) by extensions ['colcon_meta']
[0.444s] Level 1:colcon.colcon_core.package_identification:_identify(world_meshes/construction_barrel/materials) by extension 'colcon_meta'
[0.444s] Level 1:colcon.colcon_core.package_identification:_identify(world_meshes/construction_barrel/materials) by extensions ['ros']
[0.444s] Level 1:colcon.colcon_core.package_identification:_identify(world_meshes/construction_barrel/materials) by extension 'ros'
[0.444s] Level 1:colcon.colcon_core.package_identification:_identify(world_meshes/construction_barrel/materials) by extensions ['cmake', 'python']
[0.444s] Level 1:colcon.colcon_core.package_identification:_identify(world_meshes/construction_barrel/materials) by extension 'cmake'
[0.444s] Level 1:colcon.colcon_core.package_identification:_identify(world_meshes/construction_barrel/materials) by extension 'python'
[0.445s] Level 1:colcon.colcon_core.package_identification:_identify(world_meshes/construction_barrel/materials) by extensions ['python_setup_py']
[0.445s] Level 1:colcon.colcon_core.package_identification:_identify(world_meshes/construction_barrel/materials) by extension 'python_setup_py'
[0.445s] Level 1:colcon.colcon_core.package_identification:_identify(world_meshes/construction_barrel/materials/textures) by extensions ['ignore', 'ignore_ament_install']
[0.445s] Level 1:colcon.colcon_core.package_identification:_identify(world_meshes/construction_barrel/materials/textures) by extension 'ignore'
[0.445s] Level 1:colcon.colcon_core.package_identification:_identify(world_meshes/construction_barrel/materials/textures) by extension 'ignore_ament_install'
[0.445s] Level 1:colcon.colcon_core.package_identification:_identify(world_meshes/construction_barrel/materials/textures) by extensions ['colcon_pkg']
[0.445s] Level 1:colcon.colcon_core.package_identification:_identify(world_meshes/construction_barrel/materials/textures) by extension 'colcon_pkg'
[0.445s] Level 1:colcon.colcon_core.package_identification:_identify(world_meshes/construction_barrel/materials/textures) by extensions ['colcon_meta']
[0.445s] Level 1:colcon.colcon_core.package_identification:_identify(world_meshes/construction_barrel/materials/textures) by extension 'colcon_meta'
[0.445s] Level 1:colcon.colcon_core.package_identification:_identify(world_meshes/construction_barrel/materials/textures) by extensions ['ros']
[0.445s] Level 1:colcon.colcon_core.package_identification:_identify(world_meshes/construction_barrel/materials/textures) by extension 'ros'
[0.445s] Level 1:colcon.colcon_core.package_identification:_identify(world_meshes/construction_barrel/materials/textures) by extensions ['cmake', 'python']
[0.445s] Level 1:colcon.colcon_core.package_identification:_identify(world_meshes/construction_barrel/materials/textures) by extension 'cmake'
[0.445s] Level 1:colcon.colcon_core.package_identification:_identify(world_meshes/construction_barrel/materials/textures) by extension 'python'
[0.445s] Level 1:colcon.colcon_core.package_identification:_identify(world_meshes/construction_barrel/materials/textures) by extensions ['python_setup_py']
[0.445s] Level 1:colcon.colcon_core.package_identification:_identify(world_meshes/construction_barrel/materials/textures) by extension 'python_setup_py'
[0.445s] Level 1:colcon.colcon_core.package_identification:_identify(world_meshes/construction_barrel/meshes) by extensions ['ignore', 'ignore_ament_install']
[0.445s] Level 1:colcon.colcon_core.package_identification:_identify(world_meshes/construction_barrel/meshes) by extension 'ignore'
[0.445s] Level 1:colcon.colcon_core.package_identification:_identify(world_meshes/construction_barrel/meshes) by extension 'ignore_ament_install'
[0.445s] Level 1:colcon.colcon_core.package_identification:_identify(world_meshes/construction_barrel/meshes) by extensions ['colcon_pkg']
[0.445s] Level 1:colcon.colcon_core.package_identification:_identify(world_meshes/construction_barrel/meshes) by extension 'colcon_pkg'
[0.445s] Level 1:colcon.colcon_core.package_identification:_identify(world_meshes/construction_barrel/meshes) by extensions ['colcon_meta']
[0.445s] Level 1:colcon.colcon_core.package_identification:_identify(world_meshes/construction_barrel/meshes) by extension 'colcon_meta'
[0.445s] Level 1:colcon.colcon_core.package_identification:_identify(world_meshes/construction_barrel/meshes) by extensions ['ros']
[0.445s] Level 1:colcon.colcon_core.package_identification:_identify(world_meshes/construction_barrel/meshes) by extension 'ros'
[0.445s] Level 1:colcon.colcon_core.package_identification:_identify(world_meshes/construction_barrel/meshes) by extensions ['cmake', 'python']
[0.445s] Level 1:colcon.colcon_core.package_identification:_identify(world_meshes/construction_barrel/meshes) by extension 'cmake'
[0.445s] Level 1:colcon.colcon_core.package_identification:_identify(world_meshes/construction_barrel/meshes) by extension 'python'
[0.445s] Level 1:colcon.colcon_core.package_identification:_identify(world_meshes/construction_barrel/meshes) by extensions ['python_setup_py']
[0.445s] Level 1:colcon.colcon_core.package_identification:_identify(world_meshes/construction_barrel/meshes) by extension 'python_setup_py'
[0.446s] Level 1:colcon.colcon_core.package_identification:_identify(world_meshes/construction_barrel/thumbnails) by extensions ['ignore', 'ignore_ament_install']
[0.446s] Level 1:colcon.colcon_core.package_identification:_identify(world_meshes/construction_barrel/thumbnails) by extension 'ignore'
[0.446s] Level 1:colcon.colcon_core.package_identification:_identify(world_meshes/construction_barrel/thumbnails) by extension 'ignore_ament_install'
[0.446s] Level 1:colcon.colcon_core.package_identification:_identify(world_meshes/construction_barrel/thumbnails) by extensions ['colcon_pkg']
[0.446s] Level 1:colcon.colcon_core.package_identification:_identify(world_meshes/construction_barrel/thumbnails) by extension 'colcon_pkg'
[0.446s] Level 1:colcon.colcon_core.package_identification:_identify(world_meshes/construction_barrel/thumbnails) by extensions ['colcon_meta']
[0.446s] Level 1:colcon.colcon_core.package_identification:_identify(world_meshes/construction_barrel/thumbnails) by extension 'colcon_meta'
[0.446s] Level 1:colcon.colcon_core.package_identification:_identify(world_meshes/construction_barrel/thumbnails) by extensions ['ros']
[0.446s] Level 1:colcon.colcon_core.package_identification:_identify(world_meshes/construction_barrel/thumbnails) by extension 'ros'
[0.446s] Level 1:colcon.colcon_core.package_identification:_identify(world_meshes/construction_barrel/thumbnails) by extensions ['cmake', 'python']
[0.446s] Level 1:colcon.colcon_core.package_identification:_identify(world_meshes/construction_barrel/thumbnails) by extension 'cmake'
[0.446s] Level 1:colcon.colcon_core.package_identification:_identify(world_meshes/construction_barrel/thumbnails) by extension 'python'
[0.446s] Level 1:colcon.colcon_core.package_identification:_identify(world_meshes/construction_barrel/thumbnails) by extensions ['python_setup_py']
[0.446s] Level 1:colcon.colcon_core.package_identification:_identify(world_meshes/construction_barrel/thumbnails) by extension 'python_setup_py'
[0.446s] Level 1:colcon.colcon_core.package_identification:_identify(world_meshes/construction_cone) by extensions ['ignore', 'ignore_ament_install']
[0.446s] Level 1:colcon.colcon_core.package_identification:_identify(world_meshes/construction_cone) by extension 'ignore'
[0.447s] Level 1:colcon.colcon_core.package_identification:_identify(world_meshes/construction_cone) by extension 'ignore_ament_install'
[0.447s] Level 1:colcon.colcon_core.package_identification:_identify(world_meshes/construction_cone) by extensions ['colcon_pkg']
[0.447s] Level 1:colcon.colcon_core.package_identification:_identify(world_meshes/construction_cone) by extension 'colcon_pkg'
[0.447s] Level 1:colcon.colcon_core.package_identification:_identify(world_meshes/construction_cone) by extensions ['colcon_meta']
[0.447s] Level 1:colcon.colcon_core.package_identification:_identify(world_meshes/construction_cone) by extension 'colcon_meta'
[0.447s] Level 1:colcon.colcon_core.package_identification:_identify(world_meshes/construction_cone) by extensions ['ros']
[0.447s] Level 1:colcon.colcon_core.package_identification:_identify(world_meshes/construction_cone) by extension 'ros'
[0.447s] Level 1:colcon.colcon_core.package_identification:_identify(world_meshes/construction_cone) by extensions ['cmake', 'python']
[0.447s] Level 1:colcon.colcon_core.package_identification:_identify(world_meshes/construction_cone) by extension 'cmake'
[0.447s] Level 1:colcon.colcon_core.package_identification:_identify(world_meshes/construction_cone) by extension 'python'
[0.447s] Level 1:colcon.colcon_core.package_identification:_identify(world_meshes/construction_cone) by extensions ['python_setup_py']
[0.447s] Level 1:colcon.colcon_core.package_identification:_identify(world_meshes/construction_cone) by extension 'python_setup_py'
[0.447s] Level 1:colcon.colcon_core.package_identification:_identify(world_meshes/construction_cone/materials) by extensions ['ignore', 'ignore_ament_install']
[0.447s] Level 1:colcon.colcon_core.package_identification:_identify(world_meshes/construction_cone/materials) by extension 'ignore'
[0.447s] Level 1:colcon.colcon_core.package_identification:_identify(world_meshes/construction_cone/materials) by extension 'ignore_ament_install'
[0.447s] Level 1:colcon.colcon_core.package_identification:_identify(world_meshes/construction_cone/materials) by extensions ['colcon_pkg']
[0.447s] Level 1:colcon.colcon_core.package_identification:_identify(world_meshes/construction_cone/materials) by extension 'colcon_pkg'
[0.447s] Level 1:colcon.colcon_core.package_identification:_identify(world_meshes/construction_cone/materials) by extensions ['colcon_meta']
[0.447s] Level 1:colcon.colcon_core.package_identification:_identify(world_meshes/construction_cone/materials) by extension 'colcon_meta'
[0.447s] Level 1:colcon.colcon_core.package_identification:_identify(world_meshes/construction_cone/materials) by extensions ['ros']
[0.447s] Level 1:colcon.colcon_core.package_identification:_identify(world_meshes/construction_cone/materials) by extension 'ros'
[0.447s] Level 1:colcon.colcon_core.package_identification:_identify(world_meshes/construction_cone/materials) by extensions ['cmake', 'python']
[0.447s] Level 1:colcon.colcon_core.package_identification:_identify(world_meshes/construction_cone/materials) by extension 'cmake'
[0.447s] Level 1:colcon.colcon_core.package_identification:_identify(world_meshes/construction_cone/materials) by extension 'python'
[0.447s] Level 1:colcon.colcon_core.package_identification:_identify(world_meshes/construction_cone/materials) by extensions ['python_setup_py']
[0.447s] Level 1:colcon.colcon_core.package_identification:_identify(world_meshes/construction_cone/materials) by extension 'python_setup_py'
[0.447s] Level 1:colcon.colcon_core.package_identification:_identify(world_meshes/construction_cone/materials/textures) by extensions ['ignore', 'ignore_ament_install']
[0.447s] Level 1:colcon.colcon_core.package_identification:_identify(world_meshes/construction_cone/materials/textures) by extension 'ignore'
[0.447s] Level 1:colcon.colcon_core.package_identification:_identify(world_meshes/construction_cone/materials/textures) by extension 'ignore_ament_install'
[0.447s] Level 1:colcon.colcon_core.package_identification:_identify(world_meshes/construction_cone/materials/textures) by extensions ['colcon_pkg']
[0.447s] Level 1:colcon.colcon_core.package_identification:_identify(world_meshes/construction_cone/materials/textures) by extension 'colcon_pkg'
[0.447s] Level 1:colcon.colcon_core.package_identification:_identify(world_meshes/construction_cone/materials/textures) by extensions ['colcon_meta']
[0.447s] Level 1:colcon.colcon_core.package_identification:_identify(world_meshes/construction_cone/materials/textures) by extension 'colcon_meta'
[0.447s] Level 1:colcon.colcon_core.package_identification:_identify(world_meshes/construction_cone/materials/textures) by extensions ['ros']
[0.447s] Level 1:colcon.colcon_core.package_identification:_identify(world_meshes/construction_cone/materials/textures) by extension 'ros'
[0.448s] Level 1:colcon.colcon_core.package_identification:_identify(world_meshes/construction_cone/materials/textures) by extensions ['cmake', 'python']
[0.448s] Level 1:colcon.colcon_core.package_identification:_identify(world_meshes/construction_cone/materials/textures) by extension 'cmake'
[0.448s] Level 1:colcon.colcon_core.package_identification:_identify(world_meshes/construction_cone/materials/textures) by extension 'python'
[0.448s] Level 1:colcon.colcon_core.package_identification:_identify(world_meshes/construction_cone/materials/textures) by extensions ['python_setup_py']
[0.448s] Level 1:colcon.colcon_core.package_identification:_identify(world_meshes/construction_cone/materials/textures) by extension 'python_setup_py'
[0.448s] Level 1:colcon.colcon_core.package_identification:_identify(world_meshes/construction_cone/meshes) by extensions ['ignore', 'ignore_ament_install']
[0.448s] Level 1:colcon.colcon_core.package_identification:_identify(world_meshes/construction_cone/meshes) by extension 'ignore'
[0.448s] Level 1:colcon.colcon_core.package_identification:_identify(world_meshes/construction_cone/meshes) by extension 'ignore_ament_install'
[0.448s] Level 1:colcon.colcon_core.package_identification:_identify(world_meshes/construction_cone/meshes) by extensions ['colcon_pkg']
[0.448s] Level 1:colcon.colcon_core.package_identification:_identify(world_meshes/construction_cone/meshes) by extension 'colcon_pkg'
[0.448s] Level 1:colcon.colcon_core.package_identification:_identify(world_meshes/construction_cone/meshes) by extensions ['colcon_meta']
[0.448s] Level 1:colcon.colcon_core.package_identification:_identify(world_meshes/construction_cone/meshes) by extension 'colcon_meta'
[0.448s] Level 1:colcon.colcon_core.package_identification:_identify(world_meshes/construction_cone/meshes) by extensions ['ros']
[0.448s] Level 1:colcon.colcon_core.package_identification:_identify(world_meshes/construction_cone/meshes) by extension 'ros'
[0.448s] Level 1:colcon.colcon_core.package_identification:_identify(world_meshes/construction_cone/meshes) by extensions ['cmake', 'python']
[0.448s] Level 1:colcon.colcon_core.package_identification:_identify(world_meshes/construction_cone/meshes) by extension 'cmake'
[0.448s] Level 1:colcon.colcon_core.package_identification:_identify(world_meshes/construction_cone/meshes) by extension 'python'
[0.448s] Level 1:colcon.colcon_core.package_identification:_identify(world_meshes/construction_cone/meshes) by extensions ['python_setup_py']
[0.448s] Level 1:colcon.colcon_core.package_identification:_identify(world_meshes/construction_cone/meshes) by extension 'python_setup_py'
[0.448s] Level 1:colcon.colcon_core.package_identification:_identify(world_meshes/construction_cone/thumbnails) by extensions ['ignore', 'ignore_ament_install']
[0.448s] Level 1:colcon.colcon_core.package_identification:_identify(world_meshes/construction_cone/thumbnails) by extension 'ignore'
[0.448s] Level 1:colcon.colcon_core.package_identification:_identify(world_meshes/construction_cone/thumbnails) by extension 'ignore_ament_install'
[0.448s] Level 1:colcon.colcon_core.package_identification:_identify(world_meshes/construction_cone/thumbnails) by extensions ['colcon_pkg']
[0.448s] Level 1:colcon.colcon_core.package_identification:_identify(world_meshes/construction_cone/thumbnails) by extension 'colcon_pkg'
[0.448s] Level 1:colcon.colcon_core.package_identification:_identify(world_meshes/construction_cone/thumbnails) by extensions ['colcon_meta']
[0.448s] Level 1:colcon.colcon_core.package_identification:_identify(world_meshes/construction_cone/thumbnails) by extension 'colcon_meta'
[0.448s] Level 1:colcon.colcon_core.package_identification:_identify(world_meshes/construction_cone/thumbnails) by extensions ['ros']
[0.448s] Level 1:colcon.colcon_core.package_identification:_identify(world_meshes/construction_cone/thumbnails) by extension 'ros'
[0.448s] Level 1:colcon.colcon_core.package_identification:_identify(world_meshes/construction_cone/thumbnails) by extensions ['cmake', 'python']
[0.448s] Level 1:colcon.colcon_core.package_identification:_identify(world_meshes/construction_cone/thumbnails) by extension 'cmake'
[0.448s] Level 1:colcon.colcon_core.package_identification:_identify(world_meshes/construction_cone/thumbnails) by extension 'python'
[0.448s] Level 1:colcon.colcon_core.package_identification:_identify(world_meshes/construction_cone/thumbnails) by extensions ['python_setup_py']
[0.448s] Level 1:colcon.colcon_core.package_identification:_identify(world_meshes/construction_cone/thumbnails) by extension 'python_setup_py'
[0.448s] Level 1:colcon.colcon_core.package_discovery:discover_packages(recursive) using defaults
[0.448s] Level 1:colcon.colcon_core.package_discovery:discover_packages(ignore) discover
[0.449s] Level 1:colcon.colcon_core.package_discovery:discover_packages(ignore) using defaults
[0.449s] Level 1:colcon.colcon_core.package_discovery:discover_packages(path) discover
[0.449s] Level 1:colcon.colcon_core.package_discovery:discover_packages(path) using defaults
[0.476s] Level 1:colcon.colcon_core.package_discovery:discover_packages(prefix_path) check parameters
[0.477s] Level 1:colcon.colcon_core.package_discovery:discover_packages(prefix_path) discover
[0.479s] DEBUG:colcon.colcon_installed_package_information.package_discovery:Found 433 installed packages in /opt/ros/humble
[0.480s] Level 1:colcon.colcon_core.package_discovery:discover_packages(prefix_path) using defaults
[0.514s] Level 5:colcon.colcon_core.verb:set package 'mobilebot' build argument 'cmake_args' from command line to 'None'
[0.514s] Level 5:colcon.colcon_core.verb:set package 'mobilebot' build argument 'cmake_target' from command line to 'None'
[0.514s] Level 5:colcon.colcon_core.verb:set package 'mobilebot' build argument 'cmake_target_skip_unavailable' from command line to 'False'
[0.514s] Level 5:colcon.colcon_core.verb:set package 'mobilebot' build argument 'cmake_clean_cache' from command line to 'False'
[0.514s] Level 5:colcon.colcon_core.verb:set package 'mobilebot' build argument 'cmake_clean_first' from command line to 'False'
[0.514s] Level 5:colcon.colcon_core.verb:set package 'mobilebot' build argument 'cmake_force_configure' from command line to 'False'
[0.514s] Level 5:colcon.colcon_core.verb:set package 'mobilebot' build argument 'ament_cmake_args' from command line to 'None'
[0.514s] Level 5:colcon.colcon_core.verb:set package 'mobilebot' build argument 'catkin_cmake_args' from command line to 'None'
[0.514s] Level 5:colcon.colcon_core.verb:set package 'mobilebot' build argument 'catkin_skip_building_tests' from command line to 'False'
[0.514s] DEBUG:colcon.colcon_core.verb:Building package 'mobilebot' with the following arguments: {'ament_cmake_args': None, 'build_base': '/home/hars22/rosws/build/mobilebot', 'catkin_cmake_args': None, 'catkin_skip_building_tests': False, 'cmake_args': None, 'cmake_clean_cache': False, 'cmake_clean_first': False, 'cmake_force_configure': False, 'cmake_target': None, 'cmake_target_skip_unavailable': False, 'install_base': '/home/hars22/rosws/install/mobilebot', 'merge_install': False, 'path': '/home/hars22/rosws/src/mobilebot', 'symlink_install': False, 'test_result_base': None}
[0.515s] Level 5:colcon.colcon_core.verb:set package 'mobilebot_controller' build argument 'cmake_args' from command line to 'None'
[0.515s] Level 5:colcon.colcon_core.verb:set package 'mobilebot_controller' build argument 'cmake_target' from command line to 'None'
[0.515s] Level 5:colcon.colcon_core.verb:set package 'mobilebot_controller' build argument 'cmake_target_skip_unavailable' from command line to 'False'
[0.515s] Level 5:colcon.colcon_core.verb:set package 'mobilebot_controller' build argument 'cmake_clean_cache' from command line to 'False'
[0.515s] Level 5:colcon.colcon_core.verb:set package 'mobilebot_controller' build argument 'cmake_clean_first' from command line to 'False'
[0.515s] Level 5:colcon.colcon_core.verb:set package 'mobilebot_controller' build argument 'cmake_force_configure' from command line to 'False'
[0.515s] Level 5:colcon.colcon_core.verb:set package 'mobilebot_controller' build argument 'ament_cmake_args' from command line to 'None'
[0.515s] Level 5:colcon.colcon_core.verb:set package 'mobilebot_controller' build argument 'catkin_cmake_args' from command line to 'None'
[0.515s] Level 5:colcon.colcon_core.verb:set package 'mobilebot_controller' build argument 'catkin_skip_building_tests' from command line to 'False'
[0.515s] DEBUG:colcon.colcon_core.verb:Building package 'mobilebot_controller' with the following arguments: {'ament_cmake_args': None, 'build_base': '/home/hars22/rosws/build/mobilebot_controller', 'catkin_cmake_args': None, 'catkin_skip_building_tests': False, 'cmake_args': None, 'cmake_clean_cache': False, 'cmake_clean_first': False, 'cmake_force_configure': False, 'cmake_target': None, 'cmake_target_skip_unavailable': False, 'install_base': '/home/hars22/rosws/install/mobilebot_controller', 'merge_install': False, 'path': '/home/hars22/rosws/src/mobilebot_controller', 'symlink_install': False, 'test_result_base': None}
[0.515s] Level 5:colcon.colcon_core.verb:set package 'robot' build argument 'cmake_args' from command line to 'None'
[0.515s] Level 5:colcon.colcon_core.verb:set package 'robot' build argument 'cmake_target' from command line to 'None'
[0.515s] Level 5:colcon.colcon_core.verb:set package 'robot' build argument 'cmake_target_skip_unavailable' from command line to 'False'
[0.515s] Level 5:colcon.colcon_core.verb:set package 'robot' build argument 'cmake_clean_cache' from command line to 'False'
[0.515s] Level 5:colcon.colcon_core.verb:set package 'robot' build argument 'cmake_clean_first' from command line to 'False'
[0.515s] Level 5:colcon.colcon_core.verb:set package 'robot' build argument 'cmake_force_configure' from command line to 'False'
[0.515s] Level 5:colcon.colcon_core.verb:set package 'robot' build argument 'ament_cmake_args' from command line to 'None'
[0.515s] Level 5:colcon.colcon_core.verb:set package 'robot' build argument 'catkin_cmake_args' from command line to 'None'
[0.515s] Level 5:colcon.colcon_core.verb:set package 'robot' build argument 'catkin_skip_building_tests' from command line to 'False'
[0.515s] DEBUG:colcon.colcon_core.verb:Building package 'robot' with the following arguments: {'ament_cmake_args': None, 'build_base': '/home/hars22/rosws/build/robot', 'catkin_cmake_args': None, 'catkin_skip_building_tests': False, 'cmake_args': None, 'cmake_clean_cache': False, 'cmake_clean_first': False, 'cmake_force_configure': False, 'cmake_target': None, 'cmake_target_skip_unavailable': False, 'install_base': '/home/hars22/rosws/install/robot', 'merge_install': False, 'path': '/home/hars22/rosws/src/robot', 'symlink_install': False, 'test_result_base': None}
[0.515s] Level 5:colcon.colcon_core.verb:set package 'robot_description' build argument 'cmake_args' from command line to 'None'
[0.515s] Level 5:colcon.colcon_core.verb:set package 'robot_description' build argument 'cmake_target' from command line to 'None'
[0.515s] Level 5:colcon.colcon_core.verb:set package 'robot_description' build argument 'cmake_target_skip_unavailable' from command line to 'False'
[0.515s] Level 5:colcon.colcon_core.verb:set package 'robot_description' build argument 'cmake_clean_cache' from command line to 'False'
[0.515s] Level 5:colcon.colcon_core.verb:set package 'robot_description' build argument 'cmake_clean_first' from command line to 'False'
[0.515s] Level 5:colcon.colcon_core.verb:set package 'robot_description' build argument 'cmake_force_configure' from command line to 'False'
[0.515s] Level 5:colcon.colcon_core.verb:set package 'robot_description' build argument 'ament_cmake_args' from command line to 'None'
[0.515s] Level 5:colcon.colcon_core.verb:set package 'robot_description' build argument 'catkin_cmake_args' from command line to 'None'
[0.515s] Level 5:colcon.colcon_core.verb:set package 'robot_description' build argument 'catkin_skip_building_tests' from command line to 'False'
[0.515s] DEBUG:colcon.colcon_core.verb:Building package 'robot_description' with the following arguments: {'ament_cmake_args': None, 'build_base': '/home/hars22/rosws/build/robot_description', 'catkin_cmake_args': None, 'catkin_skip_building_tests': False, 'cmake_args': None, 'cmake_clean_cache': False, 'cmake_clean_first': False, 'cmake_force_configure': False, 'cmake_target': None, 'cmake_target_skip_unavailable': False, 'install_base': '/home/hars22/rosws/install/robot_description', 'merge_install': False, 'path': '/home/hars22/rosws/src/robot_description', 'symlink_install': False, 'test_result_base': None}
[0.515s] INFO:colcon.colcon_core.executor:Executing jobs using 'parallel' executor
[0.516s] DEBUG:colcon.colcon_parallel_executor.executor.parallel:run_until_complete
[0.516s] INFO:colcon.colcon_ros.task.ament_cmake.build:Building ROS package in '/home/hars22/rosws/src/mobilebot' with build type 'ament_cmake'
[0.516s] INFO:colcon.colcon_cmake.task.cmake.build:Building CMake package in '/home/hars22/rosws/src/mobilebot'
[0.519s] INFO:colcon.colcon_core.plugin_system:Skipping extension 'colcon_core.shell.bat': Not used on non-Windows systems
[0.519s] INFO:colcon.colcon_core.shell:Skip shell extension 'powershell' for command environment: Not usable outside of PowerShell
[0.519s] DEBUG:colcon.colcon_core.shell:Skip shell extension 'dsv' for command environment
[0.522s] INFO:colcon.colcon_ros.task.ament_cmake.build:Building ROS package in '/home/hars22/rosws/src/mobilebot_controller' with build type 'ament_cmake'
[0.522s] INFO:colcon.colcon_cmake.task.cmake.build:Building CMake package in '/home/hars22/rosws/src/mobilebot_controller'
[0.522s] INFO:colcon.colcon_core.shell:Skip shell extension 'powershell' for command environment: Not usable outside of PowerShell
[0.522s] DEBUG:colcon.colcon_core.shell:Skip shell extension 'dsv' for command environment
[0.524s] INFO:colcon.colcon_ros.task.ament_python.build:Building ROS package in '/home/hars22/rosws/src/robot' with build type 'ament_python'
[0.524s] Level 1:colcon.colcon_core.shell:create_environment_hook('robot', 'ament_prefix_path')
[0.524s] INFO:colcon.colcon_core.shell:Creating environment hook '/home/hars22/rosws/install/robot/share/robot/hook/ament_prefix_path.ps1'
[0.526s] INFO:colcon.colcon_core.shell:Creating environment descriptor '/home/hars22/rosws/install/robot/share/robot/hook/ament_prefix_path.dsv'
[0.526s] INFO:colcon.colcon_core.shell:Creating environment hook '/home/hars22/rosws/install/robot/share/robot/hook/ament_prefix_path.sh'
[0.527s] INFO:colcon.colcon_core.shell:Skip shell extension 'powershell' for command environment: Not usable outside of PowerShell
[0.527s] DEBUG:colcon.colcon_core.shell:Skip shell extension 'dsv' for command environment
[0.529s] INFO:colcon.colcon_ros.task.ament_cmake.build:Building ROS package in '/home/hars22/rosws/src/robot_description' with build type 'ament_cmake'
[0.529s] INFO:colcon.colcon_cmake.task.cmake.build:Building CMake package in '/home/hars22/rosws/src/robot_description'
[0.529s] INFO:colcon.colcon_core.shell:Skip shell extension 'powershell' for command environment: Not usable outside of PowerShell
[0.529s] DEBUG:colcon.colcon_core.shell:Skip shell extension 'dsv' for command environment
[0.536s] DEBUG:colcon.colcon_core.event_handler.log_command:Invoking command in '/home/hars22/rosws/build/mobilebot': CMAKE_PREFIX_PATH=/opt/ros/humble /usr/bin/cmake --build /home/hars22/rosws/build/mobilebot -- -j4 -l4
[0.541s] DEBUG:colcon.colcon_core.event_handler.log_command:Invoking command in '/home/hars22/rosws/build/mobilebot_controller': CMAKE_PREFIX_PATH=/opt/ros/humble /usr/bin/cmake --build /home/hars22/rosws/build/mobilebot_controller -- -j4 -l4
[0.723s] INFO:colcon.colcon_core.task.python.build:Building Python package in '/home/hars22/rosws/src/robot'
[0.723s] INFO:colcon.colcon_core.shell:Skip shell extension 'powershell' for command environment: Not usable outside of PowerShell
[0.723s] DEBUG:colcon.colcon_core.shell:Skip shell extension 'dsv' for command environment
[0.731s] DEBUG:colcon.colcon_core.event_handler.log_command:Invoking command in '/home/hars22/rosws/build/robot_description': CMAKE_PREFIX_PATH=/opt/ros/humble /usr/bin/cmake --build /home/hars22/rosws/build/robot_description -- -j4 -l4
[0.732s] DEBUG:colcon.colcon_core.event_handler.log_command:Invoked command in '/home/hars22/rosws/build/mobilebot_controller' returned '0': CMAKE_PREFIX_PATH=/opt/ros/humble /usr/bin/cmake --build /home/hars22/rosws/build/mobilebot_controller -- -j4 -l4
[0.738s] DEBUG:colcon.colcon_core.event_handler.log_command:Invoking command in '/home/hars22/rosws/build/mobilebot_controller': CMAKE_PREFIX_PATH=/opt/ros/humble /usr/bin/cmake --install /home/hars22/rosws/build/mobilebot_controller
[0.739s] DEBUG:colcon.colcon_core.event_handler.log_command:Invoked command in '/home/hars22/rosws/build/mobilebot' returned '0': CMAKE_PREFIX_PATH=/opt/ros/humble /usr/bin/cmake --build /home/hars22/rosws/build/mobilebot -- -j4 -l4
[0.741s] DEBUG:colcon.colcon_core.event_handler.log_command:Invoking command in '/home/hars22/rosws/build/mobilebot': CMAKE_PREFIX_PATH=/opt/ros/humble /usr/bin/cmake --install /home/hars22/rosws/build/mobilebot
[0.762s] DEBUG:colcon.colcon_core.event_handler.log_command:Invoked command in '/home/hars22/rosws/build/robot_description' returned '0': CMAKE_PREFIX_PATH=/opt/ros/humble /usr/bin/cmake --build /home/hars22/rosws/build/robot_description -- -j4 -l4
[0.764s] DEBUG:colcon.colcon_core.event_handler.log_command:Invoking command in '/home/hars22/rosws/build/robot_description': CMAKE_PREFIX_PATH=/opt/ros/humble /usr/bin/cmake --install /home/hars22/rosws/build/robot_description
[0.766s] Level 1:colcon.colcon_core.environment:create_environment_scripts_only(mobilebot_controller)
[0.766s] DEBUG:colcon.colcon_core.event_handler.log_command:Invoked command in '/home/hars22/rosws/build/mobilebot_controller' returned '0': CMAKE_PREFIX_PATH=/opt/ros/humble /usr/bin/cmake --install /home/hars22/rosws/build/mobilebot_controller
[0.770s] Level 1:colcon.colcon_core.environment:checking '/home/hars22/rosws/install/mobilebot_controller' for CMake module files
[0.771s] Level 1:colcon.colcon_core.environment:checking '/home/hars22/rosws/install/mobilebot_controller' for CMake config files
[0.772s] Level 1:colcon.colcon_core.shell:create_environment_hook('mobilebot_controller', 'cmake_prefix_path')
[0.773s] INFO:colcon.colcon_core.shell:Creating environment hook '/home/hars22/rosws/install/mobilebot_controller/share/mobilebot_controller/hook/cmake_prefix_path.ps1'
[0.773s] INFO:colcon.colcon_core.shell:Creating environment descriptor '/home/hars22/rosws/install/mobilebot_controller/share/mobilebot_controller/hook/cmake_prefix_path.dsv'
[0.774s] INFO:colcon.colcon_core.shell:Creating environment hook '/home/hars22/rosws/install/mobilebot_controller/share/mobilebot_controller/hook/cmake_prefix_path.sh'
[0.774s] Level 1:colcon.colcon_core.environment:checking '/home/hars22/rosws/install/mobilebot_controller/bin'
[0.774s] Level 1:colcon.colcon_core.environment:checking '/home/hars22/rosws/install/mobilebot_controller/lib/pkgconfig/mobilebot_controller.pc'
[0.774s] Level 1:colcon.colcon_core.environment:checking '/home/hars22/rosws/install/mobilebot_controller/lib/python3.10/site-packages'
[0.775s] Level 1:colcon.colcon_core.environment:checking '/home/hars22/rosws/install/mobilebot_controller/bin'
[0.775s] INFO:colcon.colcon_core.shell:Creating package script '/home/hars22/rosws/install/mobilebot_controller/share/mobilebot_controller/package.ps1'
[0.776s] INFO:colcon.colcon_core.shell:Creating package descriptor '/home/hars22/rosws/install/mobilebot_controller/share/mobilebot_controller/package.dsv'
[0.777s] INFO:colcon.colcon_core.shell:Creating package script '/home/hars22/rosws/install/mobilebot_controller/share/mobilebot_controller/package.sh'
[0.778s] INFO:colcon.colcon_core.shell:Creating package script '/home/hars22/rosws/install/mobilebot_controller/share/mobilebot_controller/package.bash'
[0.778s] INFO:colcon.colcon_core.shell:Creating package script '/home/hars22/rosws/install/mobilebot_controller/share/mobilebot_controller/package.zsh'
[0.779s] Level 1:colcon.colcon_core.environment:create_file_with_runtime_dependencies(/home/hars22/rosws/install/mobilebot_controller/share/colcon-core/packages/mobilebot_controller)
[0.780s] Level 1:colcon.colcon_core.environment:create_environment_scripts_only(mobilebot_controller)
[0.780s] Level 1:colcon.colcon_core.environment:checking '/home/hars22/rosws/install/mobilebot_controller' for CMake module files
[0.780s] Level 1:colcon.colcon_core.environment:checking '/home/hars22/rosws/install/mobilebot_controller' for CMake config files
[0.780s] Level 1:colcon.colcon_core.shell:create_environment_hook('mobilebot_controller', 'cmake_prefix_path')
[0.780s] INFO:colcon.colcon_core.shell:Creating environment hook '/home/hars22/rosws/install/mobilebot_controller/share/mobilebot_controller/hook/cmake_prefix_path.ps1'
[0.780s] INFO:colcon.colcon_core.shell:Creating environment descriptor '/home/hars22/rosws/install/mobilebot_controller/share/mobilebot_controller/hook/cmake_prefix_path.dsv'
[0.781s] INFO:colcon.colcon_core.shell:Creating environment hook '/home/hars22/rosws/install/mobilebot_controller/share/mobilebot_controller/hook/cmake_prefix_path.sh'
[0.781s] Level 1:colcon.colcon_core.environment:checking '/home/hars22/rosws/install/mobilebot_controller/bin'
[0.781s] Level 1:colcon.colcon_core.environment:checking '/home/hars22/rosws/install/mobilebot_controller/lib/pkgconfig/mobilebot_controller.pc'
[0.781s] Level 1:colcon.colcon_core.environment:checking '/home/hars22/rosws/install/mobilebot_controller/lib/python3.10/site-packages'
[0.781s] Level 1:colcon.colcon_core.environment:checking '/home/hars22/rosws/install/mobilebot_controller/bin'
[0.781s] INFO:colcon.colcon_core.shell:Creating package script '/home/hars22/rosws/install/mobilebot_controller/share/mobilebot_controller/package.ps1'
[0.781s] INFO:colcon.colcon_core.shell:Creating package descriptor '/home/hars22/rosws/install/mobilebot_controller/share/mobilebot_controller/package.dsv'
[0.782s] INFO:colcon.colcon_core.shell:Creating package script '/home/hars22/rosws/install/mobilebot_controller/share/mobilebot_controller/package.sh'
[0.782s] INFO:colcon.colcon_core.shell:Creating package script '/home/hars22/rosws/install/mobilebot_controller/share/mobilebot_controller/package.bash'
[0.782s] INFO:colcon.colcon_core.shell:Creating package script '/home/hars22/rosws/install/mobilebot_controller/share/mobilebot_controller/package.zsh'
[0.782s] Level 1:colcon.colcon_core.environment:create_file_with_runtime_dependencies(/home/hars22/rosws/install/mobilebot_controller/share/colcon-core/packages/mobilebot_controller)
[0.783s] Level 1:colcon.colcon_core.environment:create_environment_scripts_only(mobilebot)
[0.783s] Level 1:colcon.colcon_core.environment:checking '/home/hars22/rosws/install/mobilebot' for CMake module files
[0.784s] DEBUG:colcon.colcon_core.event_handler.log_command:Invoked command in '/home/hars22/rosws/build/mobilebot' returned '0': CMAKE_PREFIX_PATH=/opt/ros/humble /usr/bin/cmake --install /home/hars22/rosws/build/mobilebot
[0.784s] Level 1:colcon.colcon_core.environment:checking '/home/hars22/rosws/install/mobilebot' for CMake config files
[0.784s] Level 1:colcon.colcon_core.shell:create_environment_hook('mobilebot', 'cmake_prefix_path')
[0.784s] INFO:colcon.colcon_core.shell:Creating environment hook '/home/hars22/rosws/install/mobilebot/share/mobilebot/hook/cmake_prefix_path.ps1'
[0.785s] INFO:colcon.colcon_core.shell:Creating environment descriptor '/home/hars22/rosws/install/mobilebot/share/mobilebot/hook/cmake_prefix_path.dsv'
[0.785s] INFO:colcon.colcon_core.shell:Creating environment hook '/home/hars22/rosws/install/mobilebot/share/mobilebot/hook/cmake_prefix_path.sh'
[0.785s] Level 1:colcon.colcon_core.environment:checking '/home/hars22/rosws/install/mobilebot/bin'
[0.785s] Level 1:colcon.colcon_core.environment:checking '/home/hars22/rosws/install/mobilebot/lib/pkgconfig/mobilebot.pc'
[0.785s] Level 1:colcon.colcon_core.environment:checking '/home/hars22/rosws/install/mobilebot/lib/python3.10/site-packages'
[0.786s] Level 1:colcon.colcon_core.environment:checking '/home/hars22/rosws/install/mobilebot/bin'
[0.786s] INFO:colcon.colcon_core.shell:Creating package script '/home/hars22/rosws/install/mobilebot/share/mobilebot/package.ps1'
[0.786s] INFO:colcon.colcon_core.shell:Creating package descriptor '/home/hars22/rosws/install/mobilebot/share/mobilebot/package.dsv'
[0.786s] INFO:colcon.colcon_core.shell:Creating package script '/home/hars22/rosws/install/mobilebot/share/mobilebot/package.sh'
[0.786s] INFO:colcon.colcon_core.shell:Creating package script '/home/hars22/rosws/install/mobilebot/share/mobilebot/package.bash'
[0.786s] INFO:colcon.colcon_core.shell:Creating package script '/home/hars22/rosws/install/mobilebot/share/mobilebot/package.zsh'
[0.787s] Level 1:colcon.colcon_core.environment:create_file_with_runtime_dependencies(/home/hars22/rosws/install/mobilebot/share/colcon-core/packages/mobilebot)
[0.787s] Level 1:colcon.colcon_core.environment:create_environment_scripts_only(mobilebot)
[0.787s] Level 1:colcon.colcon_core.environment:checking '/home/hars22/rosws/install/mobilebot' for CMake module files
[0.787s] Level 1:colcon.colcon_core.environment:checking '/home/hars22/rosws/install/mobilebot' for CMake config files
[0.787s] Level 1:colcon.colcon_core.shell:create_environment_hook('mobilebot', 'cmake_prefix_path')
[0.787s] INFO:colcon.colcon_core.shell:Creating environment hook '/home/hars22/rosws/install/mobilebot/share/mobilebot/hook/cmake_prefix_path.ps1'
[0.787s] INFO:colcon.colcon_core.shell:Creating environment descriptor '/home/hars22/rosws/install/mobilebot/share/mobilebot/hook/cmake_prefix_path.dsv'
[0.788s] INFO:colcon.colcon_core.shell:Creating environment hook '/home/hars22/rosws/install/mobilebot/share/mobilebot/hook/cmake_prefix_path.sh'
[0.788s] Level 1:colcon.colcon_core.environment:checking '/home/hars22/rosws/install/mobilebot/bin'
[0.788s] Level 1:colcon.colcon_core.environment:checking '/home/hars22/rosws/install/mobilebot/lib/pkgconfig/mobilebot.pc'
[0.788s] Level 1:colcon.colcon_core.environment:checking '/home/hars22/rosws/install/mobilebot/lib/python3.10/site-packages'
[0.788s] Level 1:colcon.colcon_core.environment:checking '/home/hars22/rosws/install/mobilebot/bin'
[0.788s] INFO:colcon.colcon_core.shell:Creating package script '/home/hars22/rosws/install/mobilebot/share/mobilebot/package.ps1'
[0.788s] INFO:colcon.colcon_core.shell:Creating package descriptor '/home/hars22/rosws/install/mobilebot/share/mobilebot/package.dsv'
[0.789s] INFO:colcon.colcon_core.shell:Creating package script '/home/hars22/rosws/install/mobilebot/share/mobilebot/package.sh'
[0.789s] INFO:colcon.colcon_core.shell:Creating package script '/home/hars22/rosws/install/mobilebot/share/mobilebot/package.bash'
[0.789s] INFO:colcon.colcon_core.shell:Creating package script '/home/hars22/rosws/install/mobilebot/share/mobilebot/package.zsh'
[0.789s] Level 1:colcon.colcon_core.environment:create_file_with_runtime_dependencies(/home/hars22/rosws/install/mobilebot/share/colcon-core/packages/mobilebot)
[0.790s] Level 1:colcon.colcon_core.environment:create_environment_scripts_only(robot_description)
[0.790s] Level 1:colcon.colcon_core.environment:checking '/home/hars22/rosws/install/robot_description' for CMake module files
[0.790s] DEBUG:colcon.colcon_core.event_handler.log_command:Invoked command in '/home/hars22/rosws/build/robot_description' returned '0': CMAKE_PREFIX_PATH=/opt/ros/humble /usr/bin/cmake --install /home/hars22/rosws/build/robot_description
[0.790s] Level 1:colcon.colcon_core.environment:checking '/home/hars22/rosws/install/robot_description' for CMake config files
[0.791s] Level 1:colcon.colcon_core.shell:create_environment_hook('robot_description', 'cmake_prefix_path')
[0.791s] INFO:colcon.colcon_core.shell:Creating environment hook '/home/hars22/rosws/install/robot_description/share/robot_description/hook/cmake_prefix_path.ps1'
[0.791s] INFO:colcon.colcon_core.shell:Creating environment descriptor '/home/hars22/rosws/install/robot_description/share/robot_description/hook/cmake_prefix_path.dsv'
[0.791s] INFO:colcon.colcon_core.shell:Creating environment hook '/home/hars22/rosws/install/robot_description/share/robot_description/hook/cmake_prefix_path.sh'
[0.791s] Level 1:colcon.colcon_core.environment:checking '/home/hars22/rosws/install/robot_description/bin'
[0.791s] Level 1:colcon.colcon_core.environment:checking '/home/hars22/rosws/install/robot_description/lib/pkgconfig/robot_description.pc'
[0.792s] Level 1:colcon.colcon_core.environment:checking '/home/hars22/rosws/install/robot_description/lib/python3.10/site-packages'
[0.792s] Level 1:colcon.colcon_core.environment:checking '/home/hars22/rosws/install/robot_description/bin'
[0.792s] INFO:colcon.colcon_core.shell:Creating package script '/home/hars22/rosws/install/robot_description/share/robot_description/package.ps1'
[0.792s] INFO:colcon.colcon_core.shell:Creating package descriptor '/home/hars22/rosws/install/robot_description/share/robot_description/package.dsv'
[0.792s] INFO:colcon.colcon_core.shell:Creating package script '/home/hars22/rosws/install/robot_description/share/robot_description/package.sh'
[0.792s] INFO:colcon.colcon_core.shell:Creating package script '/home/hars22/rosws/install/robot_description/share/robot_description/package.bash'
[0.793s] INFO:colcon.colcon_core.shell:Creating package script '/home/hars22/rosws/install/robot_description/share/robot_description/package.zsh'
[0.793s] Level 1:colcon.colcon_core.environment:create_file_with_runtime_dependencies(/home/hars22/rosws/install/robot_description/share/colcon-core/packages/robot_description)
[0.793s] Level 1:colcon.colcon_core.environment:create_environment_scripts_only(robot_description)
[0.793s] Level 1:colcon.colcon_core.environment:checking '/home/hars22/rosws/install/robot_description' for CMake module files
[0.793s] Level 1:colcon.colcon_core.environment:checking '/home/hars22/rosws/install/robot_description' for CMake config files
[0.794s] Level 1:colcon.colcon_core.shell:create_environment_hook('robot_description', 'cmake_prefix_path')
[0.794s] INFO:colcon.colcon_core.shell:Creating environment hook '/home/hars22/rosws/install/robot_description/share/robot_description/hook/cmake_prefix_path.ps1'
[0.794s] INFO:colcon.colcon_core.shell:Creating environment descriptor '/home/hars22/rosws/install/robot_description/share/robot_description/hook/cmake_prefix_path.dsv'
[0.794s] INFO:colcon.colcon_core.shell:Creating environment hook '/home/hars22/rosws/install/robot_description/share/robot_description/hook/cmake_prefix_path.sh'
[0.794s] Level 1:colcon.colcon_core.environment:checking '/home/hars22/rosws/install/robot_description/bin'
[0.794s] Level 1:colcon.colcon_core.environment:checking '/home/hars22/rosws/install/robot_description/lib/pkgconfig/robot_description.pc'
[0.794s] Level 1:colcon.colcon_core.environment:checking '/home/hars22/rosws/install/robot_description/lib/python3.10/site-packages'
[0.794s] Level 1:colcon.colcon_core.environment:checking '/home/hars22/rosws/install/robot_description/bin'
[0.795s] INFO:colcon.colcon_core.shell:Creating package script '/home/hars22/rosws/install/robot_description/share/robot_description/package.ps1'
[0.795s] INFO:colcon.colcon_core.shell:Creating package descriptor '/home/hars22/rosws/install/robot_description/share/robot_description/package.dsv'
[0.795s] INFO:colcon.colcon_core.shell:Creating package script '/home/hars22/rosws/install/robot_description/share/robot_description/package.sh'
[0.795s] INFO:colcon.colcon_core.shell:Creating package script '/home/hars22/rosws/install/robot_description/share/robot_description/package.bash'
[0.795s] INFO:colcon.colcon_core.shell:Creating package script '/home/hars22/rosws/install/robot_description/share/robot_description/package.zsh'
[0.795s] Level 1:colcon.colcon_core.environment:create_file_with_runtime_dependencies(/home/hars22/rosws/install/robot_description/share/colcon-core/packages/robot_description)
[1.027s] DEBUG:colcon.colcon_core.event_handler.log_command:Invoking command in '/home/hars22/rosws/src/robot': PYTHONPATH=/home/hars22/rosws/build/robot/prefix_override:/usr/lib/python3/dist-packages/colcon_core/task/python/colcon_distutils_commands:/home/hars22/rosws/install/robot/lib/python3.10/site-packages:${PYTHONPATH} /usr/bin/python3 -W ignore:setup.py install is deprecated -W ignore:easy_install command is deprecated setup.py egg_info --egg-base ../../build/robot build --build-base /home/hars22/rosws/build/robot/build install --record /home/hars22/rosws/build/robot/install.log --single-version-externally-managed install_data
[1.194s] Level 1:colcon.colcon_core.environment:checking '/home/hars22/rosws/install/robot' for CMake module files
[1.194s] DEBUG:colcon.colcon_core.event_handler.log_command:Invoked command in '/home/hars22/rosws/src/robot' returned '0': PYTHONPATH=/home/hars22/rosws/build/robot/prefix_override:/usr/lib/python3/dist-packages/colcon_core/task/python/colcon_distutils_commands:/home/hars22/rosws/install/robot/lib/python3.10/site-packages:${PYTHONPATH} /usr/bin/python3 -W ignore:setup.py install is deprecated -W ignore:easy_install command is deprecated setup.py egg_info --egg-base ../../build/robot build --build-base /home/hars22/rosws/build/robot/build install --record /home/hars22/rosws/build/robot/install.log --single-version-externally-managed install_data
[1.194s] Level 1:colcon.colcon_core.environment:checking '/home/hars22/rosws/install/robot' for CMake config files
[1.195s] Level 1:colcon.colcon_core.environment:checking '/home/hars22/rosws/install/robot/lib'
[1.195s] Level 1:colcon.colcon_core.environment:checking '/home/hars22/rosws/install/robot/bin'
[1.195s] Level 1:colcon.colcon_core.environment:checking '/home/hars22/rosws/install/robot/lib/pkgconfig/robot.pc'
[1.195s] Level 1:colcon.colcon_core.environment:checking '/home/hars22/rosws/install/robot/lib/python3.10/site-packages'
[1.195s] Level 1:colcon.colcon_core.shell:create_environment_hook('robot', 'pythonpath')
[1.196s] INFO:colcon.colcon_core.shell:Creating environment hook '/home/hars22/rosws/install/robot/share/robot/hook/pythonpath.ps1'
[1.196s] INFO:colcon.colcon_core.shell:Creating environment descriptor '/home/hars22/rosws/install/robot/share/robot/hook/pythonpath.dsv'
[1.196s] INFO:colcon.colcon_core.shell:Creating environment hook '/home/hars22/rosws/install/robot/share/robot/hook/pythonpath.sh'
[1.196s] Level 1:colcon.colcon_core.environment:checking '/home/hars22/rosws/install/robot/bin'
[1.197s] Level 1:colcon.colcon_core.environment:create_environment_scripts_only(robot)
[1.197s] INFO:colcon.colcon_core.shell:Creating package script '/home/hars22/rosws/install/robot/share/robot/package.ps1'
[1.197s] INFO:colcon.colcon_core.shell:Creating package descriptor '/home/hars22/rosws/install/robot/share/robot/package.dsv'
[1.197s] INFO:colcon.colcon_core.shell:Creating package script '/home/hars22/rosws/install/robot/share/robot/package.sh'
[1.197s] INFO:colcon.colcon_core.shell:Creating package script '/home/hars22/rosws/install/robot/share/robot/package.bash'
[1.198s] INFO:colcon.colcon_core.shell:Creating package script '/home/hars22/rosws/install/robot/share/robot/package.zsh'
[1.198s] Level 1:colcon.colcon_core.environment:create_file_with_runtime_dependencies(/home/hars22/rosws/install/robot/share/colcon-core/packages/robot)
[1.198s] DEBUG:colcon.colcon_parallel_executor.executor.parallel:closing loop
[1.198s] DEBUG:colcon.colcon_parallel_executor.executor.parallel:loop closed
[1.198s] DEBUG:colcon.colcon_parallel_executor.executor.parallel:run_until_complete finished with '0'
[1.198s] DEBUG:colcon.colcon_core.event_reactor:joining thread
[1.203s] INFO:colcon.colcon_core.plugin_system:Skipping extension 'colcon_notification.desktop_notification.terminal_notifier': Not used on non-Darwin systems
[1.203s] INFO:colcon.colcon_core.plugin_system:Skipping extension 'colcon_notification.desktop_notification.win32': Not used on non-Windows systems
[1.204s] INFO:colcon.colcon_notification.desktop_notification:Sending desktop notification using 'notify2'
[1.330s] DEBUG:colcon.colcon_core.event_reactor:joined thread
[1.330s] INFO:colcon.colcon_core.shell:Creating prefix script '/home/hars22/rosws/install/local_setup.ps1'
[1.331s] INFO:colcon.colcon_core.shell:Creating prefix util module '/home/hars22/rosws/install/_local_setup_util_ps1.py'
[1.332s] INFO:colcon.colcon_core.shell:Creating prefix chain script '/home/hars22/rosws/install/setup.ps1'
[1.333s] INFO:colcon.colcon_core.shell:Creating prefix script '/home/hars22/rosws/install/local_setup.sh'
[1.333s] INFO:colcon.colcon_core.shell:Creating prefix util module '/home/hars22/rosws/install/_local_setup_util_sh.py'
[1.333s] INFO:colcon.colcon_core.shell:Creating prefix chain script '/home/hars22/rosws/install/setup.sh'
[1.334s] INFO:colcon.colcon_core.shell:Creating prefix script '/home/hars22/rosws/install/local_setup.bash'
[1.335s] INFO:colcon.colcon_core.shell:Creating prefix chain script '/home/hars22/rosws/install/setup.bash'
[1.335s] INFO:colcon.colcon_core.shell:Creating prefix script '/home/hars22/rosws/install/local_setup.zsh'
[1.336s] INFO:colcon.colcon_core.shell:Creating prefix chain script '/home/hars22/rosws/install/setup.zsh'
