[0.021s] Invoking command in '/home/hars22/rosws/build/mobilebot_controller': CMAKE_PREFIX_PATH=/opt/ros/humble /usr/bin/cmake --build /home/hars22/rosws/build/mobilebot_controller -- -j4 -l4
[0.362s] Invoked command in '/home/hars22/rosws/build/mobilebot_controller' returned '0': CMAKE_PREFIX_PATH=/opt/ros/humble /usr/bin/cmake --build /home/hars22/rosws/build/mobilebot_controller -- -j4 -l4
[0.367s] Invoking command in '/home/hars22/rosws/build/mobilebot_controller': CMAKE_PREFIX_PATH=/opt/ros/humble /usr/bin/cmake --install /home/hars22/rosws/build/mobilebot_controller
[0.403s] -- Install configuration: ""
[0.406s] -- Up-to-date: /home/hars22/rosws/install/mobilebot_controller/share/mobilebot_controller/config
[0.406s] -- Up-to-date: /home/hars22/rosws/install/mobilebot_controller/share/mobilebot_controller/config/mobilebot_controller.yaml
[0.407s] -- Up-to-date: /home/hars22/rosws/install/mobilebot_controller/share/mobilebot_controller/config/manipulator_controller.yaml
[0.407s] -- Up-to-date: /home/hars22/rosws/install/mobilebot_controller/share/mobilebot_controller/config
[0.407s] -- Up-to-date: /home/hars22/rosws/install/mobilebot_controller/share/mobilebot_controller/config/chat_controller.launch.py
[0.407s] -- Up-to-date: /home/hars22/rosws/install/mobilebot_controller/share/mobilebot_controller/config/controller.launch.py
[0.407s] -- Up-to-date: /home/hars22/rosws/install/mobilebot_controller/share/ament_index/resource_index/package_run_dependencies/mobilebot_controller
[0.407s] -- Up-to-date: /home/hars22/rosws/install/mobilebot_controller/share/ament_index/resource_index/parent_prefix_path/mobilebot_controller
[0.407s] -- Up-to-date: /home/hars22/rosws/install/mobilebot_controller/share/mobilebot_controller/environment/ament_prefix_path.sh
[0.407s] -- Up-to-date: /home/hars22/rosws/install/mobilebot_controller/share/mobilebot_controller/environment/ament_prefix_path.dsv
[0.409s] -- Up-to-date: /home/hars22/rosws/install/mobilebot_controller/share/mobilebot_controller/environment/path.sh
[0.409s] -- Up-to-date: /home/hars22/rosws/install/mobilebot_controller/share/mobilebot_controller/environment/path.dsv
[0.409s] -- Up-to-date: /home/hars22/rosws/install/mobilebot_controller/share/mobilebot_controller/local_setup.bash
[0.409s] -- Up-to-date: /home/hars22/rosws/install/mobilebot_controller/share/mobilebot_controller/local_setup.sh
[0.409s] -- Up-to-date: /home/hars22/rosws/install/mobilebot_controller/share/mobilebot_controller/local_setup.zsh
[0.409s] -- Up-to-date: /home/hars22/rosws/install/mobilebot_controller/share/mobilebot_controller/local_setup.dsv
[0.409s] -- Installing: /home/hars22/rosws/install/mobilebot_controller/share/mobilebot_controller/package.dsv
[0.409s] -- Up-to-date: /home/hars22/rosws/install/mobilebot_controller/share/ament_index/resource_index/packages/mobilebot_controller
[0.410s] -- Up-to-date: /home/hars22/rosws/install/mobilebot_controller/share/mobilebot_controller/cmake/mobilebot_controllerConfig.cmake
[0.410s] -- Up-to-date: /home/hars22/rosws/install/mobilebot_controller/share/mobilebot_controller/cmake/mobilebot_controllerConfig-version.cmake
[0.411s] -- Up-to-date: /home/hars22/rosws/install/mobilebot_controller/share/mobilebot_controller/package.xml
[0.424s] Invoked command in '/home/hars22/rosws/build/mobilebot_controller' returned '0': CMAKE_PREFIX_PATH=/opt/ros/humble /usr/bin/cmake --install /home/hars22/rosws/build/mobilebot_controller
