[0.562s] Invoking command in '/home/hars22/rosws/src/robot': PYTHONPATH=/home/hars22/rosws/build/robot/prefix_override:/usr/lib/python3/dist-packages/colcon_core/task/python/colcon_distutils_commands:/home/hars22/rosws/install/robot/lib/python3.10/site-packages:${PYTHONPATH} /usr/bin/python3 -W ignore:setup.py install is deprecated -W ignore:easy_install command is deprecated setup.py egg_info --egg-base ../../build/robot build --build-base /home/hars22/rosws/build/robot/build install --record /home/hars22/rosws/build/robot/install.log --single-version-externally-managed install_data
[0.708s] running egg_info
[0.709s] writing ../../build/robot/robot.egg-info/PKG-INFO
[0.709s] writing dependency_links to ../../build/robot/robot.egg-info/dependency_links.txt
[0.709s] writing entry points to ../../build/robot/robot.egg-info/entry_points.txt
[0.709s] writing requirements to ../../build/robot/robot.egg-info/requires.txt
[0.709s] writing top-level names to ../../build/robot/robot.egg-info/top_level.txt
[0.710s] reading manifest file '../../build/robot/robot.egg-info/SOURCES.txt'
[0.710s] writing manifest file '../../build/robot/robot.egg-info/SOURCES.txt'
[0.710s] running build
[0.711s] running build_py
[0.711s] running install
[0.711s] running install_lib
[0.711s] running install_data
[0.712s] running install_egg_info
[0.712s] removing '/home/hars22/rosws/install/robot/lib/python3.10/site-packages/robot-0.0.0-py3.10.egg-info' (and everything under it)
[0.713s] Copying ../../build/robot/robot.egg-info to /home/hars22/rosws/install/robot/lib/python3.10/site-packages/robot-0.0.0-py3.10.egg-info
[0.713s] running install_scripts
[0.725s] writing list of installed files to '/home/hars22/rosws/build/robot/install.log'
[0.746s] Invoked command in '/home/hars22/rosws/src/robot' returned '0': PYTHONPATH=/home/hars22/rosws/build/robot/prefix_override:/usr/lib/python3/dist-packages/colcon_core/task/python/colcon_distutils_commands:/home/hars22/rosws/install/robot/lib/python3.10/site-packages:${PYTHONPATH} /usr/bin/python3 -W ignore:setup.py install is deprecated -W ignore:easy_install command is deprecated setup.py egg_info --egg-base ../../build/robot build --build-base /home/hars22/rosws/build/robot/build install --record /home/hars22/rosws/build/robot/install.log --single-version-externally-managed install_data
