-- Install configuration: ""
-- Up-to-date: /home/hars22/rosws/install/mobilebot_controller/share/mobilebot_controller/config
-- Up-to-date: /home/hars22/rosws/install/mobilebot_controller/share/mobilebot_controller/config/mobilebot_controller.yaml
-- Up-to-date: /home/hars22/rosws/install/mobilebot_controller/share/mobilebot_controller/config/manipulator_controller.yaml
-- Up-to-date: /home/hars22/rosws/install/mobilebot_controller/share/mobilebot_controller/config
-- Up-to-date: /home/hars22/rosws/install/mobilebot_controller/share/mobilebot_controller/config/chat_controller.launch.py
-- Up-to-date: /home/hars22/rosws/install/mobilebot_controller/share/mobilebot_controller/config/controller.launch.py
-- Up-to-date: /home/hars22/rosws/install/mobilebot_controller/share/ament_index/resource_index/package_run_dependencies/mobilebot_controller
-- Up-to-date: /home/hars22/rosws/install/mobilebot_controller/share/ament_index/resource_index/parent_prefix_path/mobilebot_controller
-- Up-to-date: /home/hars22/rosws/install/mobilebot_controller/share/mobilebot_controller/environment/ament_prefix_path.sh
-- Up-to-date: /home/hars22/rosws/install/mobilebot_controller/share/mobilebot_controller/environment/ament_prefix_path.dsv
-- Up-to-date: /home/hars22/rosws/install/mobilebot_controller/share/mobilebot_controller/environment/path.sh
-- Up-to-date: /home/hars22/rosws/install/mobilebot_controller/share/mobilebot_controller/environment/path.dsv
-- Up-to-date: /home/hars22/rosws/install/mobilebot_controller/share/mobilebot_controller/local_setup.bash
-- Up-to-date: /home/hars22/rosws/install/mobilebot_controller/share/mobilebot_controller/local_setup.sh
-- Up-to-date: /home/hars22/rosws/install/mobilebot_controller/share/mobilebot_controller/local_setup.zsh
-- Up-to-date: /home/hars22/rosws/install/mobilebot_controller/share/mobilebot_controller/local_setup.dsv
-- Up-to-date: /home/hars22/rosws/install/mobilebot_controller/share/mobilebot_controller/package.dsv
-- Up-to-date: /home/hars22/rosws/install/mobilebot_controller/share/ament_index/resource_index/packages/mobilebot_controller
-- Up-to-date: /home/hars22/rosws/install/mobilebot_controller/share/mobilebot_controller/cmake/mobilebot_controllerConfig.cmake
-- Up-to-date: /home/hars22/rosws/install/mobilebot_controller/share/mobilebot_controller/cmake/mobilebot_controllerConfig-version.cmake
-- Up-to-date: /home/hars22/rosws/install/mobilebot_controller/share/mobilebot_controller/package.xml
