[0.008s] Invoking command in '/home/hars22/rosws/build/robot_description': CMAKE_PREFIX_PATH=${CMAKE_PREFIX_PATH}:/home/hars22/rosws/install/robot:/opt/ros/humble /usr/bin/cmake /home/hars22/rosws/src/robot_description -DCMAKE_INSTALL_PREFIX=/home/hars22/rosws/install/robot_description
[0.152s] -- The C compiler identification is GNU 11.4.0
[0.235s] -- The CXX compiler identification is GNU 11.4.0
[0.246s] -- Detecting C compiler ABI info
[0.305s] -- Detecting C compiler ABI info - done
[0.310s] -- Check for working C compiler: /usr/bin/cc - skipped
[0.311s] -- Detecting C compile features
[0.311s] -- Detecting C compile features - done
[0.313s] -- Detecting CXX compiler ABI info
[0.370s] -- Detecting CXX compiler ABI info - done
[0.377s] -- Check for working CXX compiler: /usr/bin/c++ - skipped
[0.377s] -- Detecting CXX compile features
[0.377s] -- Detecting CXX compile features - done
[0.379s] -- Found ament_cmake: 1.3.12 (/opt/ros/humble/share/ament_cmake/cmake)
[0.587s] -- Found Python3: /usr/bin/python3 (found version "3.10.12") found components: Interpreter 
[0.848s] -- Found ament_lint_auto: 0.12.14 (/opt/ros/humble/share/ament_lint_auto/cmake)
[1.004s] -- Added test 'flake8' to check Python code syntax and style conventions
[1.004s] -- Added test 'lint_cmake' to check CMake code style
[1.005s] -- Added test 'pep257' to check Python code against some of the docstring style conventions in PEP 257
[1.006s] -- Added test 'xmllint' to check XML markup files
[1.009s] -- Configuring done
[1.014s] -- Generating done
[1.021s] -- Build files have been written to: /home/hars22/rosws/build/robot_description
[1.033s] Invoked command in '/home/hars22/rosws/build/robot_description' returned '0': CMAKE_PREFIX_PATH=${CMAKE_PREFIX_PATH}:/home/hars22/rosws/install/robot:/opt/ros/humble /usr/bin/cmake /home/hars22/rosws/src/robot_description -DCMAKE_INSTALL_PREFIX=/home/hars22/rosws/install/robot_description
[1.035s] Invoking command in '/home/hars22/rosws/build/robot_description': CMAKE_PREFIX_PATH=${CMAKE_PREFIX_PATH}:/home/hars22/rosws/install/robot:/opt/ros/humble /usr/bin/cmake --build /home/hars22/rosws/build/robot_description -- -j4 -l4
[1.070s] Invoked command in '/home/hars22/rosws/build/robot_description' returned '0': CMAKE_PREFIX_PATH=${CMAKE_PREFIX_PATH}:/home/hars22/rosws/install/robot:/opt/ros/humble /usr/bin/cmake --build /home/hars22/rosws/build/robot_description -- -j4 -l4
[1.071s] Invoking command in '/home/hars22/rosws/build/robot_description': CMAKE_PREFIX_PATH=${CMAKE_PREFIX_PATH}:/home/hars22/rosws/install/robot:/opt/ros/humble /usr/bin/cmake --install /home/hars22/rosws/build/robot_description
[1.076s] -- Install configuration: ""
[1.076s] -- Installing: /home/hars22/rosws/install/robot_description/share/robot_description/meshes
[1.076s] -- Installing: /home/hars22/rosws/install/robot_description/share/robot_description/meshes/Base.stl
[1.079s] -- Installing: /home/hars22/rosws/install/robot_description/share/robot_description/meshes/Wrist.stl
[1.081s] -- Installing: /home/hars22/rosws/install/robot_description/share/robot_description/meshes/body.obj
[1.082s] -- Installing: /home/hars22/rosws/install/robot_description/share/robot_description/meshes/wheel_right_side.stl
[1.083s] -- Installing: /home/hars22/rosws/install/robot_description/share/robot_description/meshes/Link.stl
[1.084s] -- Installing: /home/hars22/rosws/install/robot_description/share/robot_description/meshes/wheel_left_side.stl
[1.085s] -- Installing: /home/hars22/rosws/install/robot_description/share/robot_description/meshes/Gripper.stl
[1.086s] -- Installing: /home/hars22/rosws/install/robot_description/share/robot_description/meshes/body.stl
[1.087s] -- Installing: /home/hars22/rosws/install/robot_description/share/robot_description/meshes/Elbow.stl
[1.093s] -- Installing: /home/hars22/rosws/install/robot_description/share/robot_description/meshes/Shoulder.stl
[1.097s] -- Installing: /home/hars22/rosws/install/robot_description/share/robot_description/urdf
[1.098s] -- Installing: /home/hars22/rosws/install/robot_description/share/robot_description/urdf/joints.xacro
[1.099s] -- Installing: /home/hars22/rosws/install/robot_description/share/robot_description/urdf/ros2_control.xacro
[1.106s] -- Installing: /home/hars22/rosws/install/robot_description/share/robot_description/urdf/links.xacro
[1.113s] -- Installing: /home/hars22/rosws/install/robot_description/share/robot_description/urdf/gazebo.xacro
[1.122s] -- Installing: /home/hars22/rosws/install/robot_description/share/robot_description/urdf/transmission.xacro
[1.131s] -- Installing: /home/hars22/rosws/install/robot_description/share/robot_description/urdf/robot.urdf.xacro
[1.137s] -- Installing: /home/hars22/rosws/install/robot_description/share/robot_description/launch
[1.141s] -- Installing: /home/hars22/rosws/install/robot_description/share/robot_description/launch/gazebo.launch.py
[1.153s] -- Installing: /home/hars22/rosws/install/robot_description/share/robot_description/launch/rviz.launch.py
[1.153s] -- Installing: /home/hars22/rosws/install/robot_description/share/robot_description/worlds
[1.154s] -- Installing: /home/hars22/rosws/install/robot_description/share/robot_description/worlds/hospital.world
[1.154s] -- Installing: /home/hars22/rosws/install/robot_description/share/robot_description/worlds/agriculture.world
[1.154s] -- Installing: /home/hars22/rosws/install/robot_description/share/robot_description/worlds/empty.sdf
[1.155s] -- Installing: /home/hars22/rosws/install/robot_description/share/robot_description/rviz
[1.155s] -- Installing: /home/hars22/rosws/install/robot_description/share/ament_index/resource_index/package_run_dependencies/robot_description
[1.155s] -- Installing: /home/hars22/rosws/install/robot_description/share/ament_index/resource_index/parent_prefix_path/robot_description
[1.156s] -- Installing: /home/hars22/rosws/install/robot_description/share/robot_description/environment/ament_prefix_path.sh
[1.157s] -- Installing: /home/hars22/rosws/install/robot_description/share/robot_description/environment/ament_prefix_path.dsv
[1.157s] -- Installing: /home/hars22/rosws/install/robot_description/share/robot_description/environment/path.sh
[1.180s] -- Installing: /home/hars22/rosws/install/robot_description/share/robot_description/environment/path.dsv
[1.180s] -- Installing: /home/hars22/rosws/install/robot_description/share/robot_description/local_setup.bash
[1.180s] -- Installing: /home/hars22/rosws/install/robot_description/share/robot_description/local_setup.sh
[1.180s] -- Installing: /home/hars22/rosws/install/robot_description/share/robot_description/local_setup.zsh
[1.180s] -- Installing: /home/hars22/rosws/install/robot_description/share/robot_description/local_setup.dsv
[1.180s] -- Installing: /home/hars22/rosws/install/robot_description/share/robot_description/package.dsv
[1.181s] -- Installing: /home/hars22/rosws/install/robot_description/share/ament_index/resource_index/packages/robot_description
[1.183s] -- Installing: /home/hars22/rosws/install/robot_description/share/robot_description/cmake/robot_descriptionConfig.cmake
[1.183s] -- Installing: /home/hars22/rosws/install/robot_description/share/robot_description/cmake/robot_descriptionConfig-version.cmake
[1.183s] -- Installing: /home/hars22/rosws/install/robot_description/share/robot_description/package.xml
[1.188s] Invoked command in '/home/hars22/rosws/build/robot_description' returned '0': CMAKE_PREFIX_PATH=${CMAKE_PREFIX_PATH}:/home/hars22/rosws/install/robot:/opt/ros/humble /usr/bin/cmake --install /home/hars22/rosws/build/robot_description
